A!NET_NAME_SORT!NET_NAME!NET_PHYSICAL_TYPE!NET_SPACING_TYPE!ELECTRICAL_CONSTRAINT_SET!NET_DIFFERENTIAL_PAIR!NET_STUB_LENGTH!NET_MAX_VIA_COUNT!NET_MIN_LINE_WIDTH!NET_MAX_PARALLEL!NO_TEST!
J!//ppfs6.physics.ox.ac.uk/CEG/Central Electronics/Projects/Hastingsp/DUNE/upenn-dune-gib/gps_interface_boardv53ph.brd!Tue Nov 26 09:34:40 2024!-19685.04!-19685.04!19685.04!19685.04!0.01!mils!GPS_INTERFACE_BOARD!100.200000 mil!23!UP TO DATE!
S!N 00764211!N764211!!!!!!!!!!
S!N 00764207!N764207!!!!!!!!!!
S!N 00812455!N812455!!!!!!!!!!
S!N 00755066!N755066!!!!!!!!!!
S!FB_2V5_ 00000002!FB_2V5_2!!!!!!!!!!
S!FB_2V5_ 00000001!FB_2V5_1!!!!!!!!!!
S!FMC.ACLK_FROM_SFP_P!FMC.ACLK_FROM_SFP_P!!!100R_DIFF!FMC.ACLK_FROM_SFP!!!!!!
S!FMC.RECOV_ACLK_DATA_P!FMC.RECOV_ACLK_DATA_P!!!100R_DIFF!FMC.RECOV_ACLK_DATA!!!!!!
S!FMC.RECOV_ACLK_DATA_N!FMC.RECOV_ACLK_DATA_N!!!100R_DIFF!FMC.RECOV_ACLK_DATA!!!!!!
S!FMC.RECOV_ACLK_CLK_P!FMC.RECOV_ACLK_CLK_P!!!100R_DIFF!FMC.RECOV_ACLK_CLK!!!!!!
S!FMC.RECOV_ACLK_CLK_N!FMC.RECOV_ACLK_CLK_N!!!100R_DIFF!FMC.RECOV_ACLK_CLK!!!!!!
S!FMC.ACLK_FROM_SFP_N!FMC.ACLK_FROM_SFP_N!!!100R_DIFF!FMC.ACLK_FROM_SFP!!!!!!
S!FMC.ACLK_SFP_TX_DIS!FMC.ACLK_SFP_TX_DIS!!!100R_DIFF!!!!!!!
S!FMC.ACLK_TO_SFP_P!FMC.ACLK_TO_SFP_P!!!100R_DIFF!FMC.ACLK_TO_SFP!!!!!!
S!FMC.ACLK_SFP_SCL!FMC.ACLK_SFP_SCL!!!100R_DIFF!!!!!!!
S!FMC.GPS_CLK_COPY_P!FMC.GPS_CLK_COPY_P!!!100R_DIFF!FMC.GPS_CLK_COPY!!!!!!
S!FMC.ACLK_TO_SFP_N!FMC.ACLK_TO_SFP_N!!!100R_DIFF!FMC.ACLK_TO_SFP!!!!!!
S!FMC.ACLK_SFP_SDA!FMC.ACLK_SFP_SDA!!!100R_DIFF!!!!!!!
S!FMC.GPS_CLK_COPY_N!FMC.GPS_CLK_COPY_N!!!100R_DIFF!FMC.GPS_CLK_COPY!!!!!!
S!12V_FANS!12V_FANS!!!!!!!!!!
S!12V_IN!12V_IN!!!!!!!!!!
S!N 00001454!N01454!!!!!!!!!!
S!SQUELCH!SQUELCH!!!!!!!!!!
S!FMC.PG_1V 00000008!FMC.PG_1V8!!!100R_DIFF!!!!!!!
S!N 00361011!N361011!!!!!!!!!!
S!MOD_ABS_SFP INTERFACE_ACLK SFP!MOD_ABS_SFP INTERFACE_ACLK SFP!!!!!!!!!!
S!VCCR_SFP INTERFACE_ACLK SFP!VCCR_SFP INTERFACE_ACLK SFP!!!!!!!!!!
S!VREF!VREF!!!!!!!!!!
S!N 00361502!N361502!!!!!!!!!!
S!N 00361490!N361490!!!!!!!!!!
S!N 00361478!N361478!!!!!!!!!!
S!THRADJ!THRADJ!!!!!!!!!!
S!N136741_SFP INTERFACE_ACLK SFP!N136741_SFP INTERFACE_ACLK SFP!!!!!!!!!!
S!N 00222361!N222361!!!!!!!!!!
S!FMC.AUXOUT3_P!FMC.AUXOUT3_P!!!100R_DIFF!FMC.AUXOUT3!!!!!!
S!FMC.AUXOUT1_N!FMC.AUXOUT1_N!!!100R_DIFF!FMC.AUXOUT1!!!!!!
S!CDR_ADDR!CDR_ADDR!!!!!!!!!!
S!FMC.AUXOUT3_N!FMC.AUXOUT3_N!!!100R_DIFF!FMC.AUXOUT3!!!!!!
S!FMC.AUXOUT0_P!FMC.AUXOUT0_P!!!100R_DIFF!FMC.AUXOUT0!!!!!!
S!FMC.AUXOUT2_N!FMC.AUXOUT2_N!!!100R_DIFF!FMC.AUXOUT2!!!!!!
S!N 00222469!N222469!!!!!!!!!!
S!FMC.AUXOUT2_P!FMC.AUXOUT2_P!!!100R_DIFF!FMC.AUXOUT2!!!!!!
S!VCCT_SFP INTERFACE_ACLK SFP!VCCT_SFP INTERFACE_ACLK SFP!!!!!!!!!!
S!FMC.AUXOUT0_N!FMC.AUXOUT0_N!!!100R_DIFF!FMC.AUXOUT0!!!!!!
S!FMC.AUXOUT1_P!FMC.AUXOUT1_P!!!100R_DIFF!FMC.AUXOUT1!!!!!!
S!N141568_SFP INTERFACE_ACLK SFP!N141568_SFP INTERFACE_ACLK SFP!!!!!!!!!!
S!CLK_FROM_FPGA_N!CLK_FROM_FPGA_N!!!100R_DIFF!CLK_FROM_FPGA!!!!!!
S!CLK_FROM_FPGA_P!CLK_FROM_FPGA_P!!!100R_DIFF!CLK_FROM_FPGA!!!!!!
S!N210584_SFP INTERFACE_ACLK SFP!N210584_SFP INTERFACE_ACLK SFP!!!!!!!!!!
S!N 00222457!N222457!!!!!!!!!!
S!N 00001450!N01450!!!!!!!!!!
S!RS_SFP INTERFACE_ACLK SFP!RS_SFP INTERFACE_ACLK SFP!!!!!!!!!!
S!N 00727253!N727253!!!!!!!!!!
S!FMC.CLK_FROM_FPGA_P!FMC.CLK_FROM_FPGA_P!!!100R_DIFF!FMC.CLK_FROM_FPGA!!!!!!
S!FMC.CLK_FROM_FPGA_N!FMC.CLK_FROM_FPGA_N!!!100R_DIFF!FMC.CLK_FROM_FPGA!!!!!!
S!N 00717833!N717833!!!100R_DIFF!SFP_RD_OP!!!!!!
S!N 00717829!N717829!!!100R_DIFF!SFP_RD_OP!!!!!!
S!SFP_RD_N!SFP_RD_N!!!100R_DIFF!SFP_RD!!!!!!
S!SFP_RD_P!SFP_RD_P!!!100R_DIFF!SFP_RD!!!!!!
S!ACLK_TO_CDR_N!ACLK_TO_CDR_N!!!100R_DIFF!ACLK_TO_CDR!!!!!!
S!ACLK_TO_CDR_P!ACLK_TO_CDR_P!!!100R_DIFF!ACLK_TO_CDR!!!!!!
S!N 00716600!N716600!!!!!!!!!!
S!FMC.ACLK_REFCLK_P!FMC.ACLK_REFCLK_P!!!100R_DIFF!FMC.ACLK_REFCLK!!!!!!
S!FMC.ACLK_REFCLK_N!FMC.ACLK_REFCLK_N!!!100R_DIFF!FMC.ACLK_REFCLK!!!!!!
S!RECOV_ACLK_CLK_N!RECOV_ACLK_CLK_N!!!100R_DIFF!RECOV_ACLK_CLK!!!!!!
S!RECOV_ACLK_CLK_P!RECOV_ACLK_CLK_P!!!100R_DIFF!RECOV_ACLK_CLK!!!!!!
S!N 00089897!N89897!!!!!!!!!!
S!N 00755912!N755912!!!!!!!!!!
S!N 00755834!N755834!!!!!!!!!!
S!N 00755804!N755804!!!!!!!!!!
S!N 00755152!N755152!!!!!!!!!!
S!N 00755111!N755111!!!!!!!!!!
S!N 00812156!N812156!!!!!!!!!!
S!N 00811210!N811210!!!!!!!!!!
S!N 00808323!N808323!!!!!!!!!!
S!N 00279924!N279924!!!!!!!!!!
S!N 00808585!N808585!!!!!!!!!!
S!N 00808581!N808581!!!!!!!!!!
S!N 00808593!N808593!!!!!!!!!!
S!N 00808589!N808589!!!!!!!!!!
S!N 00808573!N808573!!!!!!!!!!
S!N 00808577!N808577!!!!!!!!!!
S!PGOOD_P5V 00000005!PGOOD_P5V5!!!!!!!!!!
S!N 00804492!N804492!!!!!!!!!!
S!N 00804236!N804236!!!!!!!!!!
S!VP3V 00000005!VP3V5!!!!!!!!!!
S!N 00002604!N02604!!!!!!!!!!
S!I2C_SW_RST*!I2C_SW_RST*!!!!!!!!!!
S!FMC.I2C_EXT_RST*!FMC.I2C_EXT_RST*!!!100R_DIFF!!!!!!!
S!FMC.FPGA_I2C_SW_RST*!FMC.FPGA_I2C_SW_RST*!!!100R_DIFF!!!!!!!
S!FMC.SPARE_RJ45_0_P!FMC.SPARE_RJ45_0_P!!!100R_DIFF!FMC.SPARE_RJ45_0!!!!!!
S!FMC.SPARE_RJ45_1_N!FMC.SPARE_RJ45_1_N!!!100R_DIFF!FMC.SPARE_RJ45_1!!!!!!
S!FMC.SPARE_RJ45_0_N!FMC.SPARE_RJ45_0_N!!!100R_DIFF!FMC.SPARE_RJ45_0!!!!!!
S!FMC.SPARE_RJ45_1_P!FMC.SPARE_RJ45_1_P!!!100R_DIFF!FMC.SPARE_RJ45_1!!!!!!
S!FMC.SPARE_RJ45_LED_ 00000001!FMC.SPARE_RJ45_LED_1!!!100R_DIFF!!!!!!!
S!FMC.SPARE_RJ45_LED_ 00000000!FMC.SPARE_RJ45_LED_0!!!100R_DIFF!!!!!!!
S!N 00325191!N325191!!!!!!!!!!
S!N 00325185!N325185!!!!!!!!!!
S!N 00325181!N325181!!!!!!!!!!
S!N 00325177!N325177!!!!!!!!!!
S!N 00325173!N325173!!!!!!!!!!
S!N 00325169!N325169!!!!!!!!!!
S!LED_ 00000001!LED_1!!!!!!!!!!
S!LED_ 00000000!LED_0!!!!!!!!!!
S!N 00323574!N323574!!!!!!!!!!
S!N 00323578!N323578!!!!!!!!!!
S!N 00323570!N323570!!!!!!!!!!
S!N 00323582!N323582!!!!!!!!!!
S!N 00323562!N323562!!!!!!!!!!
S!N 00323566!N323566!!!!!!!!!!
S!N 00322373!N322373!!!!!!!!!!
S!N 00322369!N322369!!!!!!!!!!
S!N 00322365!N322365!!!!!!!!!!
S!N 00146332!N146332!!!!!!!!!!
S!N 00146446!N146446!!!!!!!!!!
S!N 00146320!N146320!!!!!!!!!!
S!N 00304882!N304882!!!!!!!!!!
S!N 00437768!N437768!!!!!!!!!!
S!N 00437754!N437754!!!!!!!!!!
S!N 00635255!N635255!!!!!!!!!!
S!N 00635295!N635295!!!!!!!!!!
S!N 00665913!N665913!!!!!!!!!!
S!FMC.TEMP_INTR*!FMC.TEMP_INTR*!!!100R_DIFF!!!!!!!
S!TEMP_ADDR!TEMP_ADDR!!!!!!!!!!
S!FMC.SCL 00000000!FMC.SCL0!!!100R_DIFF!!!!!!!
S!FMC.SDA 00000003!FMC.SDA3!!!100R_DIFF!!!!!!!
S!FMC.SCL 00000005!FMC.SCL5!!!100R_DIFF!!!!!!!
S!FMC.SCL 00000004!FMC.SCL4!!!100R_DIFF!!!!!!!
S!FMC.SCL 00000001!FMC.SCL1!!!100R_DIFF!!!!!!!
S!FMC.SDA 00000006!FMC.SDA6!!!100R_DIFF!!!!!!!
S!FMC.SDA 00000002!FMC.SDA2!!!100R_DIFF!!!!!!!
S!FMC.SCL 00000002!FMC.SCL2!!!100R_DIFF!!!!!!!
S!FMC.SCL 00000006!FMC.SCL6!!!100R_DIFF!!!!!!!
S!FMC.SDA 00000001!FMC.SDA1!!!100R_DIFF!!!!!!!
S!FMC.SDA 00000004!FMC.SDA4!!!100R_DIFF!!!!!!!
S!FMC.SDA 00000005!FMC.SDA5!!!100R_DIFF!!!!!!!
S!FMC.SCL 00000003!FMC.SCL3!!!100R_DIFF!!!!!!!
S!FMC.SDA 00000000!FMC.SDA0!!!100R_DIFF!!!!!!!
S!FMC.CLK_GEN_LOL*!FMC.CLK_GEN_LOL*!!!100R_DIFF!!!!!!!
S!FMC.SDA_FPGA!FMC.SDA_FPGA!!!100R_DIFF!!!!!!!
S!FMC.FPGA_IO_VOLTAGE!FMC.FPGA_IO_VOLTAGE!!!100R_DIFF!!!!!!!
S!FMC.SCL_FPGA!FMC.SCL_FPGA!!!100R_DIFF!!!!!!!
S!N 00002878!N02878!!!!!!!!!!
S!N 00576735!N576735!!!!!!!!!!
S!N 00576751!N576751!!!!!!!!!!
S!N 00638733!N638733!!!!!!!!!!
S!N 00638693!N638693!!!!!!!!!!
S!N 00638285!N638285!!!!!!!!!!
S!N 00638123!N638123!!!!!!!!!!
S!N 00638034!N638034!!!!!!!!!!
S!N 00637994!N637994!!!!!!!!!!
S!FMC.FPGA_CLK_GEN_LOL*!FMC.FPGA_CLK_GEN_LOL*!!!100R_DIFF!!!!!!!
S!FMC.FPGA_I2C_EXT_INT0*!FMC.FPGA_I2C_EXT_INT0*!!!100R_DIFF!!!!!!!
S!FMC.FPGA_GPS_CLK_EN*!FMC.FPGA_GPS_CLK_EN*!!!100R_DIFF!!!!!!!
S!FMC.FPGA_CLK_FILTER_B!FMC.FPGA_CLK_FILTER_B!!!100R_DIFF!!!!!!!
S!FMC.I2C_EXT_INT0*!FMC.I2C_EXT_INT0*!!!100R_DIFF!!!!!!!
S!FMC.FPGA_I2C_EXT_RST*!FMC.FPGA_I2C_EXT_RST*!!!100R_DIFF!!!!!!!
S!FMC.I2C_EXT_INT1*!FMC.I2C_EXT_INT1*!!!100R_DIFF!!!!!!!
S!FMC.FPGA_I2C_EXT_INT1*!FMC.FPGA_I2C_EXT_INT1*!!!100R_DIFF!!!!!!!
S!FMC.FPGA_CLK_FILTER_A!FMC.FPGA_CLK_FILTER_A!!!100R_DIFF!!!!!!!
S!FMC.FPGA_CLK_GEN_INTR*!FMC.FPGA_CLK_GEN_INTR*!!!100R_DIFF!!!!!!!
S!FMC.FPGA_CLK_GEN_RST*!FMC.FPGA_CLK_GEN_RST*!!!100R_DIFF!!!!!!!
S!N 00575036!N575036!!!!!!!!!!
S!N 00437368!N437368!!!!!!!!!!
S!LEMO_DIR!LEMO_DIR!!!!!!!!!!
S!N 00575058!N575058!!!!!!!!!!
S!VCC2V 00000005!VCC2V5!!!!!!!!!!
S!SS_2V 00000005!SS_2V5!!!!!!!!!!
S!N 00575080!N575080!!!!!!!!!!
S!N 00339027!N339027!!!!!!!6.5 MIL!!!
S!PG_3V 00000005!PG_3V5!!!!!!!6.5 MIL!!!
S!PG_2V 00000005!PG_2V5!!!!!!!6.5 MIL!!!
S!N 00280018!N280018!!!!!!!6.5 MIL!!!
S!N 00280022!N280022!!!!!!!6.5 MIL!!!
S!PG_3V 00000003!PG_3V3!!!!!!!6.5 MIL!!!
S!N 00246182!N246182!!!!!!!6.5 MIL!!!
S!N 00246142!N246142!!!!!!!6.5 MIL!!!
S!N 00245899!N245899!!!!!!!6.5 MIL!!!
S!N 00245859!N245859!!!!!!!6.5 MIL!!!
S!PG_5V!PG_5V!!!!!!!6.5 MIL!!!
S!N 00245311!N245311!!!!!!!6.5 MIL!!!
S!N 00245271!N245271!!!!!!!6.5 MIL!!!
S!FMC.SPARE_LEMO_ 00000000!FMC.SPARE_LEMO_0!!!100R_DIFF!!!!!!!
S!FMC.SPARE_BNC_ 00000000!FMC.SPARE_BNC_0!!!100R_DIFF!!!!!!!
S!FMC.SPARE_LEMO_ 00000001!FMC.SPARE_LEMO_1!!!100R_DIFF!!!!!!!
S!FMC.SPARE_BNC_ 00000001!FMC.SPARE_BNC_1!!!100R_DIFF!!!!!!!
S!GPS_SYNC_IN!GPS_SYNC_IN!!!!!!!6.5 MIL!!!
S!N04910_SFP INTERFACE_SFP 00000005!N04910_SFP INTERFACE_SFP5!!!!!!!6.5 MIL!!!
S!SPARE_RJ45_CM!SPARE_RJ45_CM!!!!!!!6.5 MIL!!!
S!N04977_SFP INTERFACE_SFP 00000005!N04977_SFP INTERFACE_SFP5!!!!!!!6.5 MIL!!!
S!FMC.GPS_SYNC_OUT_P!FMC.GPS_SYNC_OUT_P!!!100R_DIFF!FMC.GPS_SYNC_OUT!!!!!!
S!FMC.GPS_SYNC_OUT_N!FMC.GPS_SYNC_OUT_N!!!100R_DIFF!FMC.GPS_SYNC_OUT!!!!!!
S!N210584_SFP INTERFACE_SFP 00000004!N210584_SFP INTERFACE_SFP4!!!!!!!6.5 MIL!!!
S!N210584_SFP INTERFACE_SFP 00000002!N210584_SFP INTERFACE_SFP2!!!!!!!6.5 MIL!!!
S!N210584_SFP INTERFACE_SFP 00000001!N210584_SFP INTERFACE_SFP1!!!!!!!6.5 MIL!!!
S!CML_SFP_TD_N_SFP INTERFACE_SFP 00000004!CML_SFP_TD_N_SFP INTERFACE_SFP4!!!100R_DIFF!CML_SFP_TD_SFP INTERFACE_SFP4!!!!!!
S!N210584_SFP INTERFACE_SFP 00000005!N210584_SFP INTERFACE_SFP5!!!!!!!6.5 MIL!!!
S!CML_SFP_TD_N_SFP INTERFACE_SFP 00000002!CML_SFP_TD_N_SFP INTERFACE_SFP2!!!100R_DIFF!CML_SFP_TD_SFP INTERFACE_SFP2!!!!!!
S!N210584_SFP INTERFACE_SFP 00000003!N210584_SFP INTERFACE_SFP3!!!!!!!6.5 MIL!!!
S!CML_SFP_TD_N_SFP INTERFACE_SFP 00000001!CML_SFP_TD_N_SFP INTERFACE_SFP1!!!100R_DIFF!CML_SFP_TD_SFP INTERFACE_SFP1!!!!!!
S!N210584_SFP INTERFACE_SFP 00000006!N210584_SFP INTERFACE_SFP6!!!!!!!6.5 MIL!!!
S!CML_SFP_TD_N_SFP INTERFACE_SFP 00000005!CML_SFP_TD_N_SFP INTERFACE_SFP5!!!100R_DIFF!CML_SFP_TD_SFP INTERFACE_SFP5!!!!!!
S!CML_SFP_TD_N_SFP INTERFACE_SFP 00000003!CML_SFP_TD_N_SFP INTERFACE_SFP3!!!100R_DIFF!CML_SFP_TD_SFP INTERFACE_SFP3!!!!!!
S!N136741_SFP INTERFACE_SFP 00000004!N136741_SFP INTERFACE_SFP4!!!!!!!6.5 MIL!!!
S!CML_SFP_TD_N_SFP INTERFACE_SFP 00000006!CML_SFP_TD_N_SFP INTERFACE_SFP6!!!100R_DIFF!CML_SFP_TD_SFP INTERFACE_SFP6!!!!!!
S!N136741_SFP INTERFACE_SFP 00000002!N136741_SFP INTERFACE_SFP2!!!!!!!6.5 MIL!!!
S!N136741_SFP INTERFACE_SFP 00000001!N136741_SFP INTERFACE_SFP1!!!!!!!6.5 MIL!!!
S!CML_SFP_TD_P_SFP INTERFACE_SFP 00000004!CML_SFP_TD_P_SFP INTERFACE_SFP4!!!100R_DIFF!CML_SFP_TD_SFP INTERFACE_SFP4!!!!!!
S!N136741_SFP INTERFACE_SFP 00000005!N136741_SFP INTERFACE_SFP5!!!!!!!6.5 MIL!!!
S!CML_SFP_TD_P_SFP INTERFACE_SFP 00000002!CML_SFP_TD_P_SFP INTERFACE_SFP2!!!100R_DIFF!CML_SFP_TD_SFP INTERFACE_SFP2!!!!!!
S!N136741_SFP INTERFACE_SFP 00000003!N136741_SFP INTERFACE_SFP3!!!!!!!6.5 MIL!!!
S!CML_SFP_TD_P_SFP INTERFACE_SFP 00000001!CML_SFP_TD_P_SFP INTERFACE_SFP1!!!100R_DIFF!CML_SFP_TD_SFP INTERFACE_SFP1!!!!!!
S!N136741_SFP INTERFACE_SFP 00000006!N136741_SFP INTERFACE_SFP6!!!!!!!6.5 MIL!!!
S!CML_SFP_TD_P_SFP INTERFACE_SFP 00000005!CML_SFP_TD_P_SFP INTERFACE_SFP5!!!100R_DIFF!CML_SFP_TD_SFP INTERFACE_SFP5!!!!!!
S!CML_SFP_TD_P_SFP INTERFACE_SFP 00000003!CML_SFP_TD_P_SFP INTERFACE_SFP3!!!100R_DIFF!CML_SFP_TD_SFP INTERFACE_SFP3!!!!!!
S!CML_SFP_TD_P_SFP INTERFACE_SFP 00000006!CML_SFP_TD_P_SFP INTERFACE_SFP6!!!100R_DIFF!CML_SFP_TD_SFP INTERFACE_SFP6!!!!!!
S!PPS_OUT_N!PPS_OUT_N!!!100R_DIFF!PPS_OUT!!!6.5 MIL!!!
S!SPARE_LEMO_CONN_ 00000001!SPARE_LEMO_CONN_1!!!!!!!6.5 MIL!!!
S!SPARE_LEMO_CONN_ 00000000!SPARE_LEMO_CONN_0!!!!!!!6.5 MIL!!!
S!SPARE_BNC_CONN_ 00000001!SPARE_BNC_CONN_1!!!!!!!6.5 MIL!!!
S!SPARE_BNC_CONN_ 00000000!SPARE_BNC_CONN_0!!!!!!!6.5 MIL!!!
S!BNC_DIR!BNC_DIR!!!!!!!6.5 MIL!!!
S!N 00352214!N352214!!!!!!!6.5 MIL!!!
S!N 00352210!N352210!!!!!!!6.5 MIL!!!
S!SYNC_OUT_N!SYNC_OUT_N!!!100R_DIFF!SYNC_OUT!!!6.5 MIL!!!
S!SYNC_OUT_P!SYNC_OUT_P!!!100R_DIFF!SYNC_OUT!!!6.5 MIL!!!
S!N 00339693!N339693!!!!!!!6.5 MIL!!!
S!N 00339674!N339674!!!!!!!6.5 MIL!!!
S!N 00350593!N350593!!!!!!!6.5 MIL!!!
S!N 00350589!N350589!!!!!!!6.5 MIL!!!
S!SS_5V!SS_5V!!!!!!!6.5 MIL!!!
S!FB_5V!FB_5V!!!!!!!6.5 MIL!!!
S!VCCR_SFP INTERFACE_SFP 00000004!VCCR_SFP INTERFACE_SFP4!!!!!!!6.5 MIL!!!
S!VCCR_SFP INTERFACE_SFP 00000002!VCCR_SFP INTERFACE_SFP2!!!!!!!6.5 MIL!!!
S!VCCR_SFP INTERFACE_SFP 00000001!VCCR_SFP INTERFACE_SFP1!!!!!!!6.5 MIL!!!
S!VCCR_SFP INTERFACE_SFP 00000005!VCCR_SFP INTERFACE_SFP5!!!!!!!6.5 MIL!!!
S!VCCR_SFP INTERFACE_SFP 00000003!VCCR_SFP INTERFACE_SFP3!!!!!!!6.5 MIL!!!
S!VCCR_SFP INTERFACE_SFP 00000006!VCCR_SFP INTERFACE_SFP6!!!!!!!6.5 MIL!!!
S!VCCT_SFP INTERFACE_SFP 00000004!VCCT_SFP INTERFACE_SFP4!!!!!!!6.5 MIL!!!
S!VCCT_SFP INTERFACE_SFP 00000002!VCCT_SFP INTERFACE_SFP2!!!!!!!6.5 MIL!!!
S!VCCT_SFP INTERFACE_SFP 00000001!VCCT_SFP INTERFACE_SFP1!!!!!!!6.5 MIL!!!
S!VCCT_SFP INTERFACE_SFP 00000005!VCCT_SFP INTERFACE_SFP5!!!!!!!6.5 MIL!!!
S!VCCT_SFP INTERFACE_SFP 00000003!VCCT_SFP INTERFACE_SFP3!!!!!!!6.5 MIL!!!
S!VCCT_SFP INTERFACE_SFP 00000006!VCCT_SFP INTERFACE_SFP6!!!!!!!6.5 MIL!!!
S!N 00091105!N91105!!!100R_DIFF!CLK_FDBACK_OUT!!!6.5 MIL!!!
S!N 00091101!N91101!!!100R_DIFF!CLK_FDBACK_OUT!!!6.5 MIL!!!
S!12V_FUSE!12V_FUSE!!!!!!!6.5 MIL!!!
S!VP12V!VP12V!!!!!!!6.5 MIL!!!
S!INTVCC_3V 00000003!INTVCC_3V3!!!!!!!6.5 MIL!!!
S!INTVCC_2V 00000005!INTVCC_2V5!!!!!!!6.5 MIL!!!
S!VP2V 00000005!VP2V5!!!!!!!6.5 MIL!!!
S!INTVCC_5V!INTVCC_5V!!!!!!!6.5 MIL!!!
S!VP5V!VP5V!!!!!!!6.5 MIL!!!
S!SS_3V3_ 00000002!SS_3V3_2!!!!!!!6.5 MIL!!!
S!SS_3V3_ 00000001!SS_3V3_1!!!!!!!6.5 MIL!!!
S!FB_3V3_ 00000002!FB_3V3_2!!!!!!!6.5 MIL!!!
S!FB_3V3_ 00000001!FB_3V3_1!!!!!!!6.5 MIL!!!
S!FMC.RECOV_DATA_N 00000002!FMC.RECOV_DATA_N2!!!100R_DIFF!FMC.RECOV_DATA2!!!!!!
S!FMC.RECOV_DATA_P 00000004!FMC.RECOV_DATA_P4!!!100R_DIFF!FMC.RECOV_DATA4!!!!!!
S!FMC.CLK_GEN_INTR*!FMC.CLK_GEN_INTR*!!!100R_DIFF!!!!!!!
S!FMC.CLK_GEN_RST*!FMC.CLK_GEN_RST*!!!100R_DIFF!!!!!!!
S!FMC.RECOV_DATA_P 00000000!FMC.RECOV_DATA_P0!!!100R_DIFF!FMC.RECOV_DATA0!!!!!!
S!FMC.RECOV_DATA_P 00000003!FMC.RECOV_DATA_P3!!!100R_DIFF!FMC.RECOV_DATA3!!!!!!
S!FMC.RECOV_DATA_P 00000001!FMC.RECOV_DATA_P1!!!100R_DIFF!FMC.RECOV_DATA1!!!!!!
S!FMC.RECOV_DATA_N 00000003!FMC.RECOV_DATA_N3!!!100R_DIFF!FMC.RECOV_DATA3!!!!!!
S!VCC3V 00000003!VCC3V3!!!!!!!6.5 MIL!!!
S!FMC.RECOV_DATA_P 00000005!FMC.RECOV_DATA_P5!!!100R_DIFF!FMC.RECOV_DATA5!!!!!!
S!FMC.RECOV_DATA_N 00000004!FMC.RECOV_DATA_N4!!!100R_DIFF!FMC.RECOV_DATA4!!!!!!
S!A0_5V!A0_5V!!!!!!!6.5 MIL!!!
S!A0_ 00000002!A0_2!!!!!!!6.5 MIL!!!
S!A1_ 00000002!A1_2!!!!!!!6.5 MIL!!!
S!FMC.RECOV_DATA_N 00000001!FMC.RECOV_DATA_N1!!!100R_DIFF!FMC.RECOV_DATA1!!!!!!
S!GPS_CLK10_P!GPS_CLK10_P!!!100R_DIFF!GPS_CLK10!!!!!!
S!GPS_CLK10_N!GPS_CLK10_N!!!100R_DIFF!GPS_CLK10!!!!!!
S!FMC.RECOV_DATA_N 00000000!FMC.RECOV_DATA_N0!!!100R_DIFF!FMC.RECOV_DATA0!!!!!!
S!A1_5V!A1_5V!!!!!!!6.5 MIL!!!
S!FMC.RECOV_DATA_N 00000005!FMC.RECOV_DATA_N5!!!100R_DIFF!FMC.RECOV_DATA5!!!!!!
S!FMC.RECOV_DATA_P 00000002!FMC.RECOV_DATA_P2!!!100R_DIFF!FMC.RECOV_DATA2!!!!!!
S!A1_ 00000001!A1_1!!!!!!!6.5 MIL!!!
S!A0_ 00000001!A0_1!!!!!!!6.5 MIL!!!
S!VCC5V!VCC5V!!!!!!!6.5 MIL!!!
S!N 00185241!N185241!!!!!!!6.5 MIL!!!
S!N 00146225!N146225!!!!!!!6.5 MIL!!!
S!A0_BID!A0_BID!!!!!!!6.5 MIL!!!
S!GND_IN!GND_IN!!!!!!!6.5 MIL!!!
S!A1_BID!A1_BID!!!!!!!6.5 MIL!!!
S!A2_BID!A2_BID!!!!!!!6.5 MIL!!!
S!N 00001590!N01590!!!!!!!6.5 MIL!!!
S!N 00224496!N224496!!!!!!!6.5 MIL!!!
S!N 00224492!N224492!!!!!!!6.5 MIL!!!
S!FMC.PWR_GOOD!FMC.PWR_GOOD!!!100R_DIFF!!!!!!!
S!N 00224468!N224468!!!!!!!6.5 MIL!!!
S!N 00224464!N224464!!!!!!!6.5 MIL!!!
S!N 00224436!N224436!!!!!!!6.5 MIL!!!
S!R_N_SFP INTERFACE_SFP 00000002!R_N_SFP INTERFACE_SFP2!!!100R_DIFF!R_SFP INTERFACE_SFP2!!!!!!
S!N 00224432!N224432!!!!!!!6.5 MIL!!!
S!R_P_SFP INTERFACE_SFP 00000002!R_P_SFP INTERFACE_SFP2!!!100R_DIFF!R_SFP INTERFACE_SFP2!!!!!!
S!MOD_ABS_SFP INTERFACE_SFP 00000002!MOD_ABS_SFP INTERFACE_SFP2!!!!!!!6.5 MIL!!!
S!N04910_SFP INTERFACE_SFP 00000002!N04910_SFP INTERFACE_SFP2!!!!!!!6.5 MIL!!!
S!VCC5V_LFILT!VCC5V_LFILT!!!!!!!6.5 MIL!!!
S!R_N_SFP INTERFACE_SFP 00000003!R_N_SFP INTERFACE_SFP3!!!100R_DIFF!R_SFP INTERFACE_SFP3!!!!!!
S!VCC3V3_LFILT!VCC3V3_LFILT!!!!!!!6.5 MIL!!!
S!N 00224404!N224404!!!!!!!6.5 MIL!!!
S!R_P_SFP INTERFACE_SFP 00000003!R_P_SFP INTERFACE_SFP3!!!100R_DIFF!R_SFP INTERFACE_SFP3!!!!!!
S!N 00224400!N224400!!!!!!!6.5 MIL!!!
S!GPS_GROUP.GPS_CLK_N!GPS_GROUP.GPS_CLK_N!!!100R_DIFF!GPS_GROUP.GPS_CLK!!!!!!
S!MOD_ABS_SFP INTERFACE_SFP 00000003!MOD_ABS_SFP INTERFACE_SFP3!!!!!!!6.5 MIL!!!
S!N04910_SFP INTERFACE_SFP 00000003!N04910_SFP INTERFACE_SFP3!!!!!!!6.5 MIL!!!
S!RS_SFP INTERFACE_SFP 00000002!RS_SFP INTERFACE_SFP2!!!!!!!6.5 MIL!!!
S!GPS_GROUP.GPS_CLK_P!GPS_GROUP.GPS_CLK_P!!!100R_DIFF!GPS_GROUP.GPS_CLK!!!!!!
S!FMC.CLK_FILTER_B!FMC.CLK_FILTER_B!!!100R_DIFF!!!!!!!
S!FMC.CLK_TO_FPGA_P!FMC.CLK_TO_FPGA_P!!!100R_DIFF!FMC.CLK_TO_FPGA!!!!!!
S!R_N_SFP INTERFACE_SFP 00000004!R_N_SFP INTERFACE_SFP4!!!100R_DIFF!R_SFP INTERFACE_SFP4!!!!!!
S!FMC.CLK_FILTER_A!FMC.CLK_FILTER_A!!!100R_DIFF!!!!!!!
S!SFP_TD_P_SFP INTERFACE_SFP 00000002!SFP_TD_P_SFP INTERFACE_SFP2!!!100R_DIFF!SFP_TD_SFP INTERFACE_SFP2!!!!!!
S!R_P_SFP INTERFACE_SFP 00000004!R_P_SFP INTERFACE_SFP4!!!100R_DIFF!R_SFP INTERFACE_SFP4!!!!!!
S!FMC.GPS_CLK_EN*!FMC.GPS_CLK_EN*!!!100R_DIFF!!!!!!!
S!FMC.CLK_TO_FPGA_N!FMC.CLK_TO_FPGA_N!!!100R_DIFF!FMC.CLK_TO_FPGA!!!!!!
S!SFP_TD_N_SFP INTERFACE_SFP 00000002!SFP_TD_N_SFP INTERFACE_SFP2!!!100R_DIFF!SFP_TD_SFP INTERFACE_SFP2!!!!!!
S!N141568_SFP INTERFACE_SFP 00000002!N141568_SFP INTERFACE_SFP2!!!!!!!6.5 MIL!!!
S!MOD_ABS_SFP INTERFACE_SFP 00000004!MOD_ABS_SFP INTERFACE_SFP4!!!!!!!6.5 MIL!!!
S!RS_SFP INTERFACE_SFP 00000003!RS_SFP INTERFACE_SFP3!!!!!!!6.5 MIL!!!
S!N04977_SFP INTERFACE_SFP 00000002!N04977_SFP INTERFACE_SFP2!!!!!!!6.5 MIL!!!
S!CLK_TO_SFP.CLK_TO_SFP_N 00000005!CLK_TO_SFP.CLK_TO_SFP_N5!!!100R_DIFF!CLK_TO_SFP.CLK_TO_SFP5!!!!!!
S!R_N_SFP INTERFACE_SFP 00000005!R_N_SFP INTERFACE_SFP5!!!100R_DIFF!R_SFP INTERFACE_SFP5!!!!!!
S!CLK_TO_SFP.CLK_TO_SFP_P 00000004!CLK_TO_SFP.CLK_TO_SFP_P4!!!100R_DIFF!CLK_TO_SFP.CLK_TO_SFP4!!!!!!
S!SFP_TD_P_SFP INTERFACE_SFP 00000003!SFP_TD_P_SFP INTERFACE_SFP3!!!100R_DIFF!SFP_TD_SFP INTERFACE_SFP3!!!!!!
S!R_P_SFP INTERFACE_SFP 00000005!R_P_SFP INTERFACE_SFP5!!!100R_DIFF!R_SFP INTERFACE_SFP5!!!!!!
S!CLK_TO_SFP.CLK_TO_SFP_N 00000004!CLK_TO_SFP.CLK_TO_SFP_N4!!!100R_DIFF!CLK_TO_SFP.CLK_TO_SFP4!!!!!!
S!SFP_TD_N_SFP INTERFACE_SFP 00000003!SFP_TD_N_SFP INTERFACE_SFP3!!!100R_DIFF!SFP_TD_SFP INTERFACE_SFP3!!!!!!
S!CLK_TO_SFP.CLK_TO_SFP_P 00000005!CLK_TO_SFP.CLK_TO_SFP_P5!!!100R_DIFF!CLK_TO_SFP.CLK_TO_SFP5!!!!!!
S!N 00351234!N351234!!!!!!!6.5 MIL!!!
S!N141568_SFP INTERFACE_SFP 00000003!N141568_SFP INTERFACE_SFP3!!!!!!!6.5 MIL!!!
S!N 00351209!N351209!!!!!!!6.5 MIL!!!
S!MOD_ABS_SFP INTERFACE_SFP 00000005!MOD_ABS_SFP INTERFACE_SFP5!!!!!!!6.5 MIL!!!
S!N04977_SFP INTERFACE_SFP 00000003!N04977_SFP INTERFACE_SFP3!!!!!!!6.5 MIL!!!
S!N04910_SFP INTERFACE_SFP 00000004!N04910_SFP INTERFACE_SFP4!!!!!!!6.5 MIL!!!
S!RS_SFP INTERFACE_SFP 00000004!RS_SFP INTERFACE_SFP4!!!!!!!6.5 MIL!!!
S!VP3V 00000003!VP3V3!!!!!!!6.5 MIL!!!
S!R_N_SFP INTERFACE_SFP 00000006!R_N_SFP INTERFACE_SFP6!!!100R_DIFF!R_SFP INTERFACE_SFP6!!!!!!
S!R_P_SFP INTERFACE_SFP 00000006!R_P_SFP INTERFACE_SFP6!!!100R_DIFF!R_SFP INTERFACE_SFP6!!!!!!
S!SFP_TD_P_SFP INTERFACE_SFP 00000004!SFP_TD_P_SFP INTERFACE_SFP4!!!100R_DIFF!SFP_TD_SFP INTERFACE_SFP4!!!!!!
S!SFP_TD_N_SFP INTERFACE_SFP 00000004!SFP_TD_N_SFP INTERFACE_SFP4!!!100R_DIFF!SFP_TD_SFP INTERFACE_SFP4!!!!!!
S!N141568_SFP INTERFACE_SFP 00000004!N141568_SFP INTERFACE_SFP4!!!!!!!6.5 MIL!!!
S!MOD_ABS_SFP INTERFACE_SFP 00000006!MOD_ABS_SFP INTERFACE_SFP6!!!!!!!6.5 MIL!!!
S!N 00180901!N180901!!!100R_DIFF!CLK_SCOPE_CAP!!!6.5 MIL!!!
S!N04910_SFP INTERFACE_SFP 00000006!N04910_SFP INTERFACE_SFP6!!!!!!!6.5 MIL!!!
S!RS_SFP INTERFACE_SFP 00000005!RS_SFP INTERFACE_SFP5!!!!!!!6.5 MIL!!!
S!SFP_TD_P_SFP INTERFACE_SFP 00000005!SFP_TD_P_SFP INTERFACE_SFP5!!!100R_DIFF!SFP_TD_SFP INTERFACE_SFP5!!!!!!
S!SFP_TD_N_SFP INTERFACE_SFP 00000005!SFP_TD_N_SFP INTERFACE_SFP5!!!100R_DIFF!SFP_TD_SFP INTERFACE_SFP5!!!!!!
S!N 00180853!N180853!!!100R_DIFF!CLK_SCOPE_CAP!!!6.5 MIL!!!
S!N141568_SFP INTERFACE_SFP 00000005!N141568_SFP INTERFACE_SFP5!!!!!!!6.5 MIL!!!
S!RS_SFP INTERFACE_SFP 00000006!RS_SFP INTERFACE_SFP6!!!!!!!6.5 MIL!!!
S!N04977_SFP INTERFACE_SFP 00000004!N04977_SFP INTERFACE_SFP4!!!!!!!6.5 MIL!!!
S!SFP_TD_P_SFP INTERFACE_SFP 00000006!SFP_TD_P_SFP INTERFACE_SFP6!!!100R_DIFF!SFP_TD_SFP INTERFACE_SFP6!!!!!!
S!SFP_TD_N_SFP INTERFACE_SFP 00000006!SFP_TD_N_SFP INTERFACE_SFP6!!!100R_DIFF!SFP_TD_SFP INTERFACE_SFP6!!!!!!
S!N141568_SFP INTERFACE_SFP 00000006!N141568_SFP INTERFACE_SFP6!!!!!!!6.5 MIL!!!
S!N04977_SFP INTERFACE_SFP 00000006!N04977_SFP INTERFACE_SFP6!!!!!!!6.5 MIL!!!
S!CLK_TO_SFP.CLK_TO_SFP_P 00000003!CLK_TO_SFP.CLK_TO_SFP_P3!!!100R_DIFF!CLK_TO_SFP.CLK_TO_SFP3!!!!!!
S!CLK_TO_SFP.CLK_TO_SFP_N 00000003!CLK_TO_SFP.CLK_TO_SFP_N3!!!100R_DIFF!CLK_TO_SFP.CLK_TO_SFP3!!!!!!
S!CLK_FDBACK_N!CLK_FDBACK_N!!!100R_DIFF!CLK_FDBACK!!!!!!
S!CLK_TO_SFP.CLK_TO_SFP_P 00000001!CLK_TO_SFP.CLK_TO_SFP_P1!!!100R_DIFF!CLK_TO_SFP.CLK_TO_SFP1!!!!!!
S!CLK_FDBACK_P!CLK_FDBACK_P!!!100R_DIFF!CLK_FDBACK!!!!!!
S!CLK_TO_SFP.CLK_TO_SFP_N 00000001!CLK_TO_SFP.CLK_TO_SFP_N1!!!100R_DIFF!CLK_TO_SFP.CLK_TO_SFP1!!!!!!
S!CLK_TO_SFP.CLK_TO_SFP_N 00000002!CLK_TO_SFP.CLK_TO_SFP_N2!!!100R_DIFF!CLK_TO_SFP.CLK_TO_SFP2!!!!!!
S!CLK_TO_SFP.CLK_TO_SFP_P 00000000!CLK_TO_SFP.CLK_TO_SFP_P0!!!100R_DIFF!CLK_TO_SFP.CLK_TO_SFP0!!!!!!
S!CLK_TO_SFP.CLK_TO_SFP_N 00000000!CLK_TO_SFP.CLK_TO_SFP_N0!!!100R_DIFF!CLK_TO_SFP.CLK_TO_SFP0!!!!!!
S!CLK_TO_SFP.CLK_TO_SFP_P 00000002!CLK_TO_SFP.CLK_TO_SFP_P2!!!100R_DIFF!CLK_TO_SFP.CLK_TO_SFP2!!!!!!
S!N 00090529!N90529!!!!!!!6.5 MIL!!!
S!N 00140138!N140138!!!!!!!6.5 MIL!!!
S!RT_5V 00000005!RT_5V5!!!!!!!6.5 MIL!!!
S!N 00179442!N179442!!!100R_DIFF!CLK_SCOPE_OUT!!!6.5 MIL!!!
S!N 00090113!N90113!!!!!!!6.5 MIL!!!
S!N 00179430!N179430!!!100R_DIFF!CLK_SCOPE_OUT!!!6.5 MIL!!!
S!N 00090109!N90109!!!!!!!6.5 MIL!!!
S!GPS_IRIGB_IN!GPS_IRIGB_IN!!!!!!!6.5 MIL!!!
S!N 00127138!N127138!!!!!!!6.5 MIL!!!
S!MOD_ABS_SFP INTERFACE_SFP 00000001!MOD_ABS_SFP INTERFACE_SFP1!!!!!!!6.5 MIL!!!
S!PPS_OUT_P!PPS_OUT_P!!!100R_DIFF!PPS_OUT!!!6.5 MIL!!!
S!SFP_TD_N_SFP INTERFACE_SFP 00000001!SFP_TD_N_SFP INTERFACE_SFP1!!!100R_DIFF!SFP_TD_SFP INTERFACE_SFP1!!!!!!
S!GPS_PPS_IN!GPS_PPS_IN!!!!!!!6.5 MIL!!!
S!N 00107878!N107878!!!!!!!6.5 MIL!!!
S!N 00089893!N89893!!!!!!!6.5 MIL!!!
S!N 00089889!N89889!!!!!!!6.5 MIL!!!
S!N 00266420!N266420!!!!!!!6.5 MIL!!!
S!N04910_SFP INTERFACE_SFP 00000001!N04910_SFP INTERFACE_SFP1!!!!!!!6.5 MIL!!!
S!N 00089871!N89871!!!!!!!6.5 MIL!!!
S!N 00266416!N266416!!!!!!!6.5 MIL!!!
S!GPS_CLK_IN!GPS_CLK_IN!!!!!!!6.5 MIL!!!
S!N 00089867!N89867!!!!!!!6.5 MIL!!!
S!N 00000534!N00534!!!!!!!6.5 MIL!!!
S!N 00000638!N00638!!!!!!!6.5 MIL!!!
S!VDD_FILT!VDD_FILT!!!!!!!6.5 MIL!!!
S!FPGA_3V 00000003!FPGA_3V3!!!!!!!6.5 MIL!!!
S!VDDA_FILT!VDDA_FILT!!!!!!!6.5 MIL!!!
S!FPGA_12V!FPGA_12V!!!!!!!6.5 MIL!!!
S!RS_SFP INTERFACE_SFP 00000001!RS_SFP INTERFACE_SFP1!!!!!!!6.5 MIL!!!
S!SFP_TD_P_SFP INTERFACE_SFP 00000001!SFP_TD_P_SFP INTERFACE_SFP1!!!100R_DIFF!SFP_TD_SFP INTERFACE_SFP1!!!!!!
S!A0_3V 00000003!A0_3V3!!!!!!!6.5 MIL!!!
S!N04977_SFP INTERFACE_SFP 00000001!N04977_SFP INTERFACE_SFP1!!!!!!!6.5 MIL!!!
S!R_N_SFP INTERFACE_SFP 00000001!R_N_SFP INTERFACE_SFP1!!!100R_DIFF!R_SFP INTERFACE_SFP1!!!!!!
S!R_P_SFP INTERFACE_SFP 00000001!R_P_SFP INTERFACE_SFP1!!!100R_DIFF!R_SFP INTERFACE_SFP1!!!!!!
S!FMC.GPS_IRIGB!FMC.GPS_IRIGB!!!100R_DIFF!!!!!!!
S!FMC.GPS_PPS_P!FMC.GPS_PPS_P!!!100R_DIFF!FMC.GPS_PPS!!!!!!
S!FMC.GPS_PPS_N!FMC.GPS_PPS_N!!!100R_DIFF!FMC.GPS_PPS!!!!!!
S!FB_5V 00000005!FB_5V5!!!!!!!6.5 MIL!!!
S!VDDO_FILT!VDDO_FILT!!!!!!!6.5 MIL!!!
S!GND_POWER!GND_POWER!!!!!!!6.5 MIL!!!
S!N141568_SFP INTERFACE_SFP 00000001!N141568_SFP INTERFACE_SFP1!!!!!!!6.5 MIL!!!
S!A0_2V 00000005!A0_2V5!!!!!!!6.5 MIL!!!
S!FMC.DATA_TO_FF_N 00000003!FMC.DATA_TO_FF_N3!!!100R_DIFF!FMC.DATA_TO_FF3!!!!!!
S!FMC.SFP_TX_DISABLE 00000002!FMC.SFP_TX_DISABLE2!!!100R_DIFF!!!!!!!
S!FMC.DATA_TO_FF_P 00000003!FMC.DATA_TO_FF_P3!!!100R_DIFF!FMC.DATA_TO_FF3!!!!!!
S!FMC.DATA_TO_FF_N 00000004!FMC.DATA_TO_FF_N4!!!100R_DIFF!FMC.DATA_TO_FF4!!!!!!
S!FMC.DATA_TO_FF_P 00000001!FMC.DATA_TO_FF_P1!!!100R_DIFF!FMC.DATA_TO_FF1!!!!!!
S!FMC.DATA_TO_FF_N 00000005!FMC.DATA_TO_FF_N5!!!100R_DIFF!FMC.DATA_TO_FF5!!!!!!
S!A1_2V 00000005!A1_2V5!!!!!!!6.5 MIL!!!
S!FMC.SFP_TX_DISABLE 00000001!FMC.SFP_TX_DISABLE1!!!100R_DIFF!!!!!!!
S!FMC.DATA_TO_FF_P 00000005!FMC.DATA_TO_FF_P5!!!100R_DIFF!FMC.DATA_TO_FF5!!!!!!
S!FMC.DATA_TO_FF_P 00000002!FMC.DATA_TO_FF_P2!!!100R_DIFF!FMC.DATA_TO_FF2!!!!!!
S!FMC.SFP_TX_DISABLE 00000004!FMC.SFP_TX_DISABLE4!!!100R_DIFF!!!!!!!
S!FMC.DATA_TO_FF_N 00000002!FMC.DATA_TO_FF_N2!!!100R_DIFF!FMC.DATA_TO_FF2!!!!!!
S!FMC.DATA_TO_FF_P 00000004!FMC.DATA_TO_FF_P4!!!100R_DIFF!FMC.DATA_TO_FF4!!!!!!
S!FMC.DATA_TO_FF_N 00000000!FMC.DATA_TO_FF_N0!!!100R_DIFF!FMC.DATA_TO_FF0!!!!!!
S!FMC.SFP_TX_DISABLE 00000005!FMC.SFP_TX_DISABLE5!!!100R_DIFF!!!!!!!
S!FMC.DATA_TO_FF_N 00000001!FMC.DATA_TO_FF_N1!!!100R_DIFF!FMC.DATA_TO_FF1!!!!!!
S!VP5V 00000005!VP5V5!!!!!!!6.5 MIL!!!
S!FMC.DATA_TO_FF_P 00000000!FMC.DATA_TO_FF_P0!!!100R_DIFF!FMC.DATA_TO_FF0!!!!!!
S!FMC.SFP_TX_DISABLE 00000003!FMC.SFP_TX_DISABLE3!!!100R_DIFF!!!!!!!
S!FMC.SFP_TX_DISABLE 00000000!FMC.SFP_TX_DISABLE0!!!100R_DIFF!!!!!!!
