NAME!usage!drillToolSize!holeCounterType!holeCounterDiameter!holeCounterDepth!holeCounterTolerance!holeCounterAngle!drillNonStandard
C100HN130!Through!!nil!0.0!0.0!0.0 0.0!0!nil!
C64!Smd!!nil!0.0!0.0!0.0 0.0!0!nil!
SMD40_28!Smd!!nil!0.0!0.0!0.0 0.0!0!nil!
R250_175!Smd!!nil!0.0!0.0!0.0 0.0!0!nil!
D80_35_PH!Surface_pin!!nil!0.0!0.0!0.0 0.0!0!nil!
S160!Smd!!nil!0.0!0.0!0.0 0.0!0!nil!
R85_25!Smd!!nil!0.0!0.0!0.0 0.0!0!nil!
T_N168_252_M252!Through!!nil!0.0!0.0!0.0 0.0!0!nil!
T_N128_192_M192!Through!!nil!0.0!0.0!0.0 0.0!0!nil!
T_N98_148_M148!Through!!nil!0.0!0.0!0.0 0.0!0!nil!
T_Q98_148_M148!Through!!nil!0.0!0.0!0.0 0.0!0!nil!
H_C333!Through!!nil!0.0!0.0!0.0 0.0!0!nil!
R220_105!Smd!!nil!0.0!0.0!0.0 0.0!0!nil!
R105_100!Smd!!nil!0.0!0.0!0.0 0.0!0!nil!
S230_H180!Through!!nil!0.0!0.0!0.0 0.0!0!nil!
C230_H180!Through!!nil!0.0!0.0!0.0 0.0!0!nil!
C300_H300!Mechanical_hole!!nil!0.0!0.0!0.0 0.0!0!nil!
PAD60CIR35!Through_pin!!nil!0.0!0.0!0.0 0.0!0!nil!
PAD60SQ35!Through_pin!!nil!0.0!0.0!0.0 0.0!0!nil!
S325!Smd!!nil!0.0!0.0!0.0 0.0!0!nil!
R80_25!Smd!!nil!0.0!0.0!0.0 0.0!0!nil!
R85_30!Smd!!nil!0.0!0.0!0.0 0.0!0!nil!
C52_2!Smd!!nil!0.0!0.0!0.0 0.0!0!nil!
T_L100_150_301_M301_150!Through!!nil!0.0!0.0!0.0 0.0!0!nil!
RX21P65Y11P81D0T!Smd!!nil!0.0!0.0!0.0 0.0!0!nil!
RX20P47Y11P81D0TSM!Smd!!nil!0.0!0.0!0.0 0.0!0!nil!
H_C155!Through!!nil!0.0!0.0!0.0 0.0!0!nil!
S_R200_50M200_50P200_50!Smd!!nil!0.0!0.0!0.0 0.0!0!nil!
T_N85_135_M135!Through!!nil!0.0!0.0!0.0 0.0!0!nil!
T_Q105_200_M200!Through!!nil!0.0!0.0!0.0 0.0!0!nil!
T_N95_145_M145!Through!!nil!0.0!0.0!0.0 0.0!0!nil!
T_Q89_139_M139!Through!!nil!0.0!0.0!0.0 0.0!0!nil!
T_N89_139_M139!Through!!nil!0.0!0.0!0.0 0.0!0!nil!
T_N200_301_M301!Through!!nil!0.0!0.0!0.0 0.0!0!nil!
SMD24X22!Smd!!nil!0.0!0.0!0.0 0.0!0!nil!
S_RCT_0-95_X_0-60!Surface_pin!!nil!0.0!0.0!0.0 0.0!0!nil!
SMD50_25!Smd!!nil!0.0!0.0!0.0 0.0!0!nil!
REC1100X400UM!Surface_pin!!nil!0.0!0.0!0.0 0.0!0!nil!
S_R112_135M122_149P79_94!Smd!!nil!0.0!0.0!0.0 0.0!0!nil!
S_R112_133M122_149P79_94!Smd!!nil!0.0!0.0!0.0 0.0!0!nil!
S_R112_135M122_149P79_94_1!Smd!!nil!0.0!0.0!0.0 0.0!0!nil!
S_R37_37M37_37P37_37!Smd!!nil!0.0!0.0!0.0 0.0!0!nil!
S_R70_25M70_25P70_25!Smd!!nil!0.0!0.0!0.0 0.0!0!nil!
TRND1-65D1-00PNP!Through_pin!!nil!0.0!0.0!0.0 0.0!0!nil!
S_RCT_1-55_X_0-60!Surface_pin!!nil!0.0!0.0!0.0 0.0!0!nil!
R60_16!Surface_pin!!nil!0.0!0.0!0.0 0.0!0!nil!
S_RCT_1-45_X_0-45!Smd!!nil!0.0!0.0!0.0 0.0!0!nil!
R150_45!Smd!!nil!0.0!0.0!0.0 0.0!0!nil!
SMT10X28!Surface_pin!!nil!0.0!0.0!0.0 0.0!0!nil!
SMT_65SQ!Surface_pin!!nil!0.0!0.0!0.0 0.0!0!nil!
S145!Smd!!nil!0.0!0.0!0.0 0.0!0!nil!
R50_30!Smd!!nil!0.0!0.0!0.0 0.0!0!nil!
REC055X060MM!Smd!!nil!0.0!0.0!0.0 0.0!0!nil!
REC_0-95MMSQ!Smd!!nil!0.0!0.0!0.0 0.0!0!nil!
SMD25_27!Smd!!nil!0.0!0.0!0.0 0.0!0!nil!
R60_100!Surface_pin!!nil!0.0!0.0!0.0 0.0!0!nil!
S_RCT_0-95_X_0-90!Surface_pin!!nil!0.0!0.0!0.0 0.0!0!nil!
REC13001600UM!Smd!!nil!0.0!0.0!0.0 0.0!0!nil!
70RD_40P!Through_pin!!nil!0.0!0.0!0.0 0.0!0!nil!
70SQ_40P!Through_pin!!nil!0.0!0.0!0.0 0.0!0!nil!
SMD_3R7X2R42!Surface_pin!!nil!0.0!0.0!0.0 0.0!0!nil!
RREC12_20!Surface_pin!!nil!0.0!0.0!0.0 0.0!0!nil!
SQ_80!Surface_pin!!nil!0.0!0.0!0.0 0.0!0!nil!
S530!Smd!!nil!0.0!0.0!0.0 0.0!0!nil!
R80_30!Smd!!nil!0.0!0.0!0.0 0.0!0!nil!
R67_130!Surface_pin!!nil!0.0!0.0!0.0 0.0!0!nil!
R28_10!Surface_pin!!nil!0.0!0.0!0.0 0.0!0!nil!
REC105X108MM!Smd!!nil!0.0!0.0!0.0 0.0!0!nil!
S_1_IRREG!Smd!!nil!0.0!0.0!0.0 0.0!0!nil!
S_2_IRREG!Smd!!nil!0.0!0.0!0.0 0.0!0!nil!
S_3_IRREG!Smd!!nil!0.0!0.0!0.0 0.0!0!nil!
S_4_IRREG!Smd!!nil!0.0!0.0!0.0 0.0!0!nil!
REC1500X2000UM!Smd!!nil!0.0!0.0!0.0 0.0!0!nil!
PAD157RD2-7D!Through!!nil!0.0!0.0!0.0 0.0!0!nil!
VIA36RD0_4D!Through!!nil!0.0!0.0!0.0 0.0!0!nil!
