A!REFDES!PART_NUMBER!PLACE_TAG!ROOM!REUSE_ID!PART_NAME!VALUE!
J!//ppfs6.physics.ox.ac.uk/CEG/Central Electronics/Projects/Hastingsp/DUNE/upenn-dune-gib/gps_interface_boardv53ph.brd!Tue Nov 26 09:34:40 2024!-19685.04!-19685.04!19685.04!19685.04!0.01!mils!GPS_INTERFACE_BOARD!100.200000 mil!23!UP TO DATE!
S!U2!!!!!MAX9371ESA!MAX9371ESA!
S!U3!!!!!MAX9371ESA!MAX9371ESA!
S!Y2!!!!!SiT5021AI-2DE-25E-50_0!SiT5021AI-2DE-25E-50_000000!
S!Y1!!!!!SiT5021AI-2DE-25E-50_0!SiT5021AI-2DE-25E-50_000000!
S!F2!!!!!FUSE!0.75A!
S!IC1!!!!!74AVC2T45_DCT!SN74LVC2T45DCU!
S!IC2!!!!!74AVC2T45_DCT!SN74LVC2T45DCU!
S!U47!!!!!74AVC2T45_DCT!SN74LVC2T45DCU!
S!J100!!!!!U.FL-R-SMT_10_!U.FL-R-SMT_10_!
S!J101!!!!!U.FL-R-SMT_10_!U.FL-R-SMT_10_!
S!J300!!!!!172448-0004!172448-0004!
S!J8!!!!!CON160P_11!ASP-134606-01!
S!P2!!!!!RECEPT 10X2 100 MIL!RECP10X2!
S!R33!!!!!R!1k!
S!U107!!!!!SY58608UMG!SY58608UMG!
S!U102!!!!!TPS74618PQWDRBRQ1!TPS74618PQWDRBRQ1!
S!R258!!!!!R!DNP!
S!R260!!!!!R!DNP!
S!R261!!!!!R!DNP!
S!R2661!!!!!R!DNP!
S!R2663!!!!!R!DNP!
S!R2664!!!!!R!DNP!
S!R2695!!!!!R!DNP!
S!R266!!!!!R!DNP!
S!R55!!!!!R!DNP!
S!R1550!!!!!R!DNP!
S!R2669!!!!!R!DNP!
S!C88!!!!!CAP_NP!22UF!
S!R2640!!!!!R!143K!
S!R2650!!!!!R!280 kOhm!
S!U100!!!!!LTM8029IY_PBF!LTM8029IYPBF!
S!R36!!!!2!R!390 kOhm!
S!R264!!!!!R!49.9!
S!R267!!!!!R!49.9!
S!R268!!!!!R!49.9!
S!R265!!!!!R!ZERO!
S!J27!!!!!3pin-22-23-2031!0022232031!
S!J28!!!!!3pin-22-23-2031!0022232031!
S!J29!!!!!3pin-22-23-2031!0022232031!
S!U16!!!!!GIB_mount_holes_0!GIB_mount_holes!
S!U20!!!!!GIB_mount_holes_0!GIB_mount_holes!
S!U21!!!!!GIB_mount_holes_0!GIB_mount_holes!
S!U54!!!!!GIB_mount_holes_0!GIB_mount_holes!
S!U55!!!!!GIB_mount_holes_0!GIB_mount_holes!
S!U56!!!!!GIB_mount_holes_0!GIB_mount_holes!
S!U57!!!!!GIB_mount_holes_0!GIB_mount_holes!
S!U58!!!!!GIB_mount_holes_0!GIB_mount_holes!
S!U59!!!!!GIB_mount_holes_0!GIB_mount_holes!
S!U60!!!!!GIB_mount_holes_0!GIB_mount_holes!
S!U61!!!!!GIB_mount_holes_0!GIB_mount_holes!
S!U52!!!!!PCA9539_TSSOP_2!TCA9539PWR!
S!U53!!!!!PCA9539_TSSOP_2!TCA9539PWR!
S!U15!!!!!TPS3895A!TPS3895ADRYR!
S!J30!!!ACLK_SFP!!CON20P_SFP-1367073-1!0744410010!
S!J13!!!SFP1!!CON20P_SFP-1367073-1!0744410010!
S!J14!!!SFP2!!CON20P_SFP-1367073-1!0744410010!
S!J18!!YES!SFP3!1!CON20P_SFP-1367073-1!0744410010!
S!J19!!!SFP4!1!CON20P_SFP-1367073-1!0744410010!
S!J20!!!SFP5!14!CON20P_SFP-1367073-1!0744410010!
S!J21!!!SFP6!!CON20P_SFP-1367073-1!0744410010!
S!J1!!!!!BNC_TE_1-1634612-0!BNC/R!
S!J4!!!!!BNC_TE_1-1634612-0!BNC/R!
S!J5!!!!!BNC_TE_1-1634612-0!BNC/R!
S!J6!!!!!BNC_TE_1-1634612-0!BNC/R!
S!U5!!!!3!DRTR5V0U4S!DRTR5V0U4S-7!
S!C274!!!!49!CAP_NP!4.7UF!
S!C275!!!!51!CAP_NP!4.7UF!
S!U46!!!!!LM75AIMX_0!LM75AIMX/NOPB!
S!U49!!!!!24AA025E48_SOIC_1!24AA025E48T-I/SN!
S!R100!!!!!R!4.7K!
S!R101!!!!!R!4.7K!
S!R102!!YES!!!R!4.7K!
S!R103!!YES!!!R!4.7K!
S!R245!!!!!R!4.7K!
S!R246!!!!!R!4.7K!
S!R251!!!!!R!4.7K!
S!R252!!!!!R!4.7K!
S!R83!!!!!R!4.7K!
S!R84!!!!!R!4.7K!
S!R85!!!!!R!4.7K!
S!R86!!!!!R!4.7K!
S!R87!!!!!R!4.7K!
S!R88!!!!!R!4.7K!
S!R89!!!!!R!4.7K!
S!R90!!!!!R!4.7K!
S!R91!!!!!R!4.7K!
S!R92!!YES!!!R!4.7K!
S!R96!!YES!!!R!4.7K!
S!R97!!YES!!!R!4.7K!
S!R98!!YES!!!R!4.7K!
S!R99!!!!!R!4.7K!
S!R78!!!!6!R!97.6k!
S!R79!!!!1!R!20k!
S!R93!!YES!!!R!4.99k!
S!R94!!!!!R!4.99k!
S!R95!!YES!!!R!4.99k!
S!U17!!YES!!6!TXB0104QPWRQ1!TXB0104QPWRQ1!
S!U18!!YES!!1!TXB0106IPWRQ1!TXB0106IPWRQ1!
S!U19!!!!!TCA9548APWR!TCA9548APWR!
S!C127!!YES!!2!CAP_NP!4.7UF!
S!C3712!!!!!CAP_NP!1UF!
S!C3713!!!!!CAP_NP!1UF!
S!C3714!!!!!CAP_NP!1UF!
S!C3715!!!!!CAP_NP!1UF!
S!C87!!!!!CAP_NP!1UF!
S!C17!!!!!CAP_NP!1UF!
S!C41!!!!!CAP_NP!1UF!
S!C42!!!!!CAP_NP!1UF!
S!C100!!!!!CAP_NP!0.1UF!
S!C101!!!!!CAP_NP!0.1UF!
S!C105!!!!!CAP_NP!0.1UF!
S!C97!!!!!CAP_NP!0.1UF!
S!C40!!!!4!CAP_NP!10UF!
S!C43!!!!6!CAP_NP!0.47UF!
S!C44!!!!1!CAP_NP!0.47UF!
S!C102!!!!!CAP_NP!47UF!
S!C103!!!!!CAP_NP!47UF!
S!C104!!!!!CAP_NP!47UF!
S!C106!!!!!CAP_NP!47UF!
S!C107!!!!!CAP_NP!47UF!
S!C98!!!!!CAP_NP!47UF!
S!C99!!!!!CAP_NP!47UF!
S!J11!!!!6!HDR1x2!HDR1x2!
S!J12!!!!10!HDR1x2!HDR1x2!
S!J15!!!!17!HDR1x2!HDR1x2!
S!J16!!!!20!HDR1x2!HDR1x2!
S!J17!!!!14!6-2301994-2!6-2301994-2!
S!P1!!!!3!RECPT 6X2 100MIL!RECP6X2!
S!Q10!!!!29!BSS138!BSS138K!
S!Q14!!!!30!BSS138!BSS138K!
S!Q7!!!!!BSS138!BSS138K!
S!Q11!!!!2!BSS138!BSS138K!
S!Q12!!!!7!BSS138!BSS138K!
S!Q1!!!!!BSS138!BSS138K!
S!Q3!!!!!BSS138!BSS138K!
S!Q4!!!!!BSS138!BSS138K!
S!Q5!!!!!BSS138!BSS138K!
S!Q6!!!!!BSS138!BSS138K!
S!R12!!!!!R!133!
S!R16!!!!!R!133!
S!R11!!!!!R!133!
S!R15!!!!!R!133!
S!R32!!!!!R!75 Ohm!
S!R34!!!!!R!75 Ohm!
S!R121!!!SFP1!!R!6.81k!
S!R122!!!SFP1!!R!6.81k!
S!R142!!!SFP2!!R!6.81k!
S!R143!!!SFP2!!R!6.81k!
S!R163!!!SFP3!46!R!6.81k!
S!R164!!!SFP3!39!R!6.81k!
S!R184!!!SFP4!!R!6.81k!
S!R185!!!SFP4!!R!6.81k!
S!R205!!!SFP5!!R!6.81k!
S!R206!!!SFP5!!R!6.81k!
S!R226!!!SFP6!!R!6.81k!
S!R227!!!SFP6!!R!6.81k!
S!R123!!!SFP1!!R!3.83K!
S!R126!!!SFP1!!R!3.83K!
S!R144!!!SFP2!!R!3.83K!
S!R147!!!SFP2!!R!3.83K!
S!R165!!!SFP3!47!R!3.83K!
S!R168!!!SFP3!40!R!3.83K!
S!R186!!!SFP4!!R!3.83K!
S!R189!!!SFP4!!R!3.83K!
S!R207!!!SFP5!!R!3.83K!
S!R210!!!SFP5!!R!3.83K!
S!R228!!!SFP6!!R!3.83K!
S!R231!!!SFP6!!R!3.83K!
S!U10!!!!!LTC2945CUD!LTC2945CUD!
S!U13!!!!!LTC2945CUD!LTC2945CUD!
S!U8!!!!15!LTC2945CUD!LTC2945CUD!
S!U101!!!!!TPS7A8500RGRT!TPS7A8500RGRT!
S!U11!!!!!TPS7A8500RGRT!TPS7A8500RGRT!
S!U12!!!!5!TPS7A8500RGRT!TPS7A8500RGRT!
S!U7!!!!4!TPS7A8500RGRT!TPS7A8500RGRT!
S!U9!!!!2!TPS7A8500RGRT!TPS7A8500RGRT!
S!C1!!!!!CAP_NP!0.01UF!
S!C3!!!!!CAP_NP!0.01UF!
S!C12!!!!!CAP_NP!10UF!
S!C16!!!!3!CAP_NP!10UF!
S!C21!!!!44!CAP_NP!10UF!
S!C9!!!!!CAP_NP!10UF!
S!C22!!!!45!CAP_NP!10UF!
S!C29!!!!43!CAP_NP!10UF!
S!C10!!!!!CAP_NP!10UF!
S!C13!!!!5!CAP_NP!10UF!
S!C7!!!!!CAP_NP!10UF!
S!C2727!!!ACLK_SFP!!CAP_NP!1000PF!
S!C2728!!!ACLK_SFP!!CAP_NP!1000PF!
S!C2729!!!ACLK_SFP!!CAP_NP!1000PF!
S!C2730!!!ACLK_SFP!!CAP_NP!1000PF!
S!C2731!!!ACLK_SFP!!CAP_NP!1000PF!
S!C2743!!!ACLK_SFP!!CAP_NP!1000PF!
S!C2744!!!ACLK_SFP!!CAP_NP!1000PF!
S!C2745!!!ACLK_SFP!!CAP_NP!1000PF!
S!C2746!!!ACLK_SFP!!CAP_NP!1000PF!
S!C2747!!!ACLK_SFP!!CAP_NP!1000PF!
S!C2748!!!ACLK_SFP!!CAP_NP!1000PF!
S!C2749!!!ACLK_SFP!!CAP_NP!1000PF!
S!C139!!!SFP1!!CAP_NP!1000PF!
S!C162!!!SFP2!!CAP_NP!1000PF!
S!C185!!!SFP3!23!CAP_NP!1000PF!
S!C208!!!SFP4!!CAP_NP!1000PF!
S!C231!!!SFP5!!CAP_NP!1000PF!
S!C254!!!SFP6!!CAP_NP!1000PF!
S!C2717!!!ACLK_SFP!!CAP_NP!22UF!
S!C2719!!!ACLK_SFP!!CAP_NP!22UF!
S!C134!!!SFP1!!CAP_NP!22UF!
S!C137!!!SFP1!!CAP_NP!22UF!
S!C157!!!SFP2!!CAP_NP!22UF!
S!C160!!!SFP2!!CAP_NP!22UF!
S!C180!!!SFP3!12!CAP_NP!22UF!
S!C183!!!SFP3!53!CAP_NP!22UF!
S!C203!!!SFP4!!CAP_NP!22UF!
S!C206!!!SFP4!!CAP_NP!22UF!
S!C226!!!SFP5!!CAP_NP!22UF!
S!C229!!!SFP5!!CAP_NP!22UF!
S!C249!!!SFP6!!CAP_NP!22UF!
S!C252!!!SFP6!!CAP_NP!22UF!
S!C2712!!!ACLK_SFP!!CAP_NP!0.1UF!
S!C2713!!!ACLK_SFP!!CAP_NP!0.1UF!
S!C2714!!!ACLK_SFP!!CAP_NP!0.1UF!
S!C2718!!!ACLK_SFP!!CAP_NP!0.1UF!
S!C2722!!!ACLK_SFP!!CAP_NP!0.1UF!
S!C2723!!!ACLK_SFP!!CAP_NP!0.1UF!
S!C2724!!!ACLK_SFP!!CAP_NP!0.1UF!
S!C2725!!!ACLK_SFP!!CAP_NP!0.1UF!
S!C2726!!!ACLK_SFP!!CAP_NP!0.1UF!
S!C2739!!!ACLK_SFP!!CAP_NP!0.1UF!
S!C2740!!!ACLK_SFP!!CAP_NP!0.1UF!
S!C2741!!!ACLK_SFP!!CAP_NP!0.1UF!
S!C2742!!!ACLK_SFP!!CAP_NP!0.1UF!
S!C2750!!!ACLK_SFP!!CAP_NP!0.1UF!
S!C2660!!!!!CAP_NP!0.1UF!
S!C2670!!!!!CAP_NP!0.1UF!
S!C2690!!!!!CAP_NP!0.1UF!
S!C116!!YES!!!CAP_NP!0.1UF!
S!C119!!!!7!CAP_NP!0.1UF!
S!C132!!YES!SFP1!!CAP_NP!0.1UF!
S!C133!!YES!SFP1!!CAP_NP!0.1UF!
S!C136!!!SFP1!6!CAP_NP!0.1UF!
S!C155!!!SFP2!!CAP_NP!0.1UF!
S!C156!!!SFP2!!CAP_NP!0.1UF!
S!C159!!!SFP2!6!CAP_NP!0.1UF!
S!C178!!!SFP3!11!CAP_NP!0.1UF!
S!C179!!!SFP3!52!CAP_NP!0.1UF!
S!C182!!!SFP3!33!CAP_NP!0.1UF!
S!C201!!!SFP4!!CAP_NP!0.1UF!
S!C202!!!SFP4!!CAP_NP!0.1UF!
S!C205!!!SFP4!!CAP_NP!0.1UF!
S!C224!!!SFP5!!CAP_NP!0.1UF!
S!C225!!!SFP5!!CAP_NP!0.1UF!
S!C228!!!SFP5!!CAP_NP!0.1UF!
S!C247!!!SFP6!!CAP_NP!0.1UF!
S!C248!!!SFP6!!CAP_NP!0.1UF!
S!C250!!!SFP6!!CAP_NP!0.1UF!
S!C270!!!!!CAP_NP!0.1UF!
S!C84!!!!!CAP_NP!0.1UF!
S!C115!!YES!!18!CAP_NP!0.1UF!
S!C117!!YES!!!CAP_NP!0.1UF!
S!C135!!!SFP1!2!CAP_NP!0.1UF!
S!C138!!!SFP1!!CAP_NP!0.1UF!
S!C158!!!SFP2!2!CAP_NP!0.1UF!
S!C161!!!SFP2!!CAP_NP!0.1UF!
S!C230!!!SFP5!!CAP_NP!0.1UF!
S!C271!!!!!CAP_NP!0.1UF!
S!C5!!!!!CAP_NP!0.1UF!
S!C53!!!!1!CAP_NP!0.1UF!
S!C54!!!!6!CAP_NP!0.1UF!
S!C56!!!!9!CAP_NP!0.1UF!
S!C59!!!!13!CAP_NP!0.1UF!
S!C64!!!!4!CAP_NP!0.1UF!
S!C69!!!!!CAP_NP!0.1UF!
S!C71!!!!!CAP_NP!0.1UF!
S!C72!!!!!CAP_NP!0.1UF!
S!C74!!!!!CAP_NP!0.1UF!
S!C8!!!!!CAP_NP!0.1UF!
S!C86!!!!!CAP_NP!0.1UF!
S!C60!!!!3!CAP_NP!0.1UF!
S!C11!!!!!CAP_NP!0.1UF!
S!C123!!YES!!25!CAP_NP!0.1UF!
S!C181!!!SFP3!32!CAP_NP!0.1UF!
S!C184!!!SFP3!22!CAP_NP!0.1UF!
S!C204!!!SFP4!!CAP_NP!0.1UF!
S!C207!!!SFP4!!CAP_NP!0.1UF!
S!C227!!!SFP5!!CAP_NP!0.1UF!
S!C253!!!SFP6!!CAP_NP!0.1UF!
S!C251!!!SFP6!!CAP_NP!0.1UF!
S!C58!!!!12!CAP_NP!0.1UF!
S!C6!!!!!CAP_NP!0.1UF!
S!C62!!!!!CAP_NP!0.1UF!
S!C75!!!!!CAP_NP!0.1UF!
S!C78!!!!3!CAP_NP!0.1UF!
S!C79!!!!4!CAP_NP!0.1UF!
S!C83!!!!8!CAP_NP!0.1UF!
S!C2732!!!ACLK_SFP!!CAP_NP!0.47UF!
S!C2733!!!ACLK_SFP!!CAP_NP!0.1UF!
S!C2734!!!ACLK_SFP!!CAP_NP!0.1UF!
S!C2735!!!!!CAP_NP!0.1UF!
S!C2736!!!!!CAP_NP!0.1UF!
S!C2737!!!!!CAP_NP!0.1UF!
S!C2738!!!!!CAP_NP!0.1UF!
S!C276!!!!!CAP_NP!0.1UF!
S!C277!!!!!CAP_NP!0.1UF!
S!C2711!!!!!CAP_NP!0.1UF!
S!C34!!!!34!CAP_NP!0.1UF!
S!C35!!!!35!CAP_NP!0.1UF!
S!C14!!!!12!CAP_NP!0.1UF!
S!C15!!!!4!CAP_NP!0.1UF!
S!C18!!!!26!CAP_NP!0.1UF!
S!C19!!!!29!CAP_NP!0.1UF!
S!C20!!!!20!CAP_NP!0.1UF!
S!C23!!!!7!CAP_NP!0.1UF!
S!C24!!!!27!CAP_NP!0.1UF!
S!C25!!!!30!CAP_NP!0.1UF!
S!C26!!!!31!CAP_NP!0.1UF!
S!C27!!!!33!CAP_NP!0.1UF!
S!C28!!!!21!CAP_NP!0.1UF!
S!C272!!!!!CAP_NP!0.1UF!
S!C108!!!!!CAP_NP!0.1UF!
S!C111!!YES!!7!CAP_NP!0.1UF!
S!C112!!YES!!3!CAP_NP!0.1UF!
S!C113!!YES!!!CAP_NP!0.1UF!
S!C128!!YES!!15!CAP_NP!0.1UF!
S!C129!!YES!!1!CAP_NP!0.1UF!
S!C140!!!SFP1!!CAP_NP!0.1UF!
S!C141!!!SFP1!!CAP_NP!0.1UF!
S!C163!!!SFP2!!CAP_NP!0.1UF!
S!C164!!!SFP2!!CAP_NP!0.1UF!
S!C186!!!SFP3!44!CAP_NP!0.1UF!
S!C187!!!SFP3!45!CAP_NP!0.1UF!
S!C209!!!SFP4!!CAP_NP!0.1UF!
S!C210!!!SFP4!!CAP_NP!0.1UF!
S!C232!!!SFP5!!CAP_NP!0.1UF!
S!C233!!!SFP5!!CAP_NP!0.1UF!
S!C255!!!SFP6!!CAP_NP!0.1UF!
S!C256!!!SFP6!!CAP_NP!0.1UF!
S!C109!!!!8!CAP_NP!0.1UF!
S!C110!!!!2!CAP_NP!0.1UF!
S!C38!!!!18!CAP_NP!0.1UF!
S!C39!!!!19!CAP_NP!0.1UF!
S!C36!!!!4!CAP_NP!0.1UF!
S!C37!!!!3!CAP_NP!0.1UF!
S!C2650!!!!!CAP_NP!47UF!
S!C2680!!!!!CAP_NP!47UF!
S!C49!!!!9!CAP_NP!47UF!
S!C50!!!!1!CAP_NP!47UF!
S!C52!!!!2!CAP_NP!47UF!
S!C55!!!!7!CAP_NP!47UF!
S!C61!!!!5!CAP_NP!47UF!
S!C63!!!!!CAP_NP!47UF!
S!C70!!!!!CAP_NP!47UF!
S!C73!!!!!CAP_NP!47UF!
S!C80!!!!7!CAP_NP!47UF!
S!C77!!!!2!CAP_NP!47UF!
S!C51!!!!7!CAP_NP!5.0PF!
S!C2710!!!!!CAP_NP!0.01UF!
S!C85!!!!1!CAP_NP!0.01UF!
S!C57!!!!3!CAP_NP!0.01UF!
S!C65!!!!1!CAP_NP!0.01UF!
S!C76!!!!!CAP_NP!0.01UF!
S!C66!!!!!CAP_NP!100UF!
S!C67!!!!!CAP_NP!100UF!
S!C81!!!!!CAP_NP!100UF!
S!C82!!!!!CAP_NP!100UF!
S!D41!!!ACLK_SFP!!LED!RED!
S!D43!!!ACLK_SFP!!LED!RED!
S!D15!!!!8!LED!RED!
S!D29!!!SFP4!!LED!RED!
S!D33!!!SFP5!!LED!RED!
S!D1!!!!!LED!RED!
S!D37!!!SFP6!!LED!RED!
S!D17!!YES!SFP1!!LED!RED!
S!D21!!!SFP2!!LED!RED!
S!D25!!!SFP3!1!LED!RED!
S!D40!!!ACLK_SFP!!LED GREEN 0603_0!GREEN!
S!D42!!!ACLK_SFP!!LED GREEN 0603_0!GREEN!
S!D8!!!!!LED GREEN 0603_0!GREEN!
S!D14!!!!3!LED GREEN 0603_0!GREEN!
S!D16!!!SFP1!!LED GREEN 0603_0!GREEN!
S!D20!!!SFP2!!LED GREEN 0603_0!GREEN!
S!D24!!!SFP3!16!LED GREEN 0603_0!GREEN!
S!D28!!!SFP4!!LED GREEN 0603_0!GREEN!
S!D32!!!SFP5!!LED GREEN 0603_0!GREEN!
S!D6!!!!!LED GREEN 0603_0!GREEN!
S!D7!!!!!LED GREEN 0603_0!GREEN!
S!D36!!!SFP6!!LED GREEN 0603_0!GREEN!
S!D2!!!!!LED GREEN 0603_0!GREEN!
S!D4!!!!!LED GREEN 0603_0!GREEN!
S!D5!!!!!LED GREEN 0603_0!GREEN!
S!F1!!!!!FUSE!4A!
S!FL1!!!!!490-11112-1-ND!120 Ohm@100MHz!
S!U48!!!!1!SI5395_QFN_1!SI5395A-A-GM!
S!L22!!!ACLK_SFP!!IND!120 Ohm@100MHz!
S!L19!!!!!IND!120 Ohm@100MHz!
S!L1!!!!!IND!120 Ohm@100MHz!
S!L2!!!!!IND!120 Ohm@100MHz!
S!L3!!!!6!IND!120 Ohm@100MHz!
S!L5!!!!47!IND!120 Ohm@100MHz!
S!L20!!!!!IND!4.7 uH!
S!L21!!!ACLK_SFP!!IND!4.7 uH!
S!L7!!YES!SFP1!!IND!4.7 uH!
S!L10!!!SFP2!!IND!4.7 uH!
S!L11!!!SFP3!13!IND!4.7 uH!
S!L12!!!SFP3!54!IND!4.7 uH!
S!L13!!!SFP4!!IND!4.7 uH!
S!L14!!!SFP4!!IND!4.7 uH!
S!L15!!!SFP5!!IND!4.7 uH!
S!L16!!!SFP5!!IND!4.7 uH!
S!L17!!!SFP6!!IND!4.7 uH!
S!L18!!!SFP6!!IND!4.7 uH!
S!L8!!YES!SFP1!!IND!4.7 uH!
S!L9!!!SFP2!!IND!4.7 uH!
S!L6!!!!3!IND!3.3 uH!
S!R2!!!!!R!24.9 Ohm!
S!R4!!!!!R!24.9 Ohm!
S!R14!!!!!R!68!
S!R18!!!!!R!68!
S!R13!!!!!R!68!
S!R17!!!!!R!68!
S!R2676!!!ACLK_SFP!!R!4.7k!
S!R2677!!!ACLK_SFP!!R!4.7k!
S!R2679!!!ACLK_SFP!!R!4.7k!
S!R2681!!!ACLK_SFP!!R!4.7k!
S!R2688!!!ACLK_SFP!!R!4.7k!
S!R124!!!SFP1!7!R!4.7k!
S!R125!!!SFP1!3!R!4.7k!
S!R127!!!SFP1!4!R!4.7k!
S!R129!!!SFP1!5!R!4.7k!
S!R145!!!SFP2!7!R!4.7k!
S!R146!!!SFP2!3!R!4.7k!
S!R148!!!SFP2!4!R!4.7k!
S!R150!!!SFP2!5!R!4.7k!
S!R166!!!SFP3!55!R!4.7k!
S!R167!!!SFP3!34!R!4.7k!
S!R169!!!SFP3!35!R!4.7k!
S!R171!!!SFP3!36!R!4.7k!
S!R187!!!SFP4!!R!4.7k!
S!R188!!!SFP4!!R!4.7k!
S!R190!!!SFP4!!R!4.7k!
S!R208!!!SFP5!!R!4.7k!
S!R209!!!SFP5!!R!4.7k!
S!R211!!!SFP5!!R!4.7k!
S!R213!!!SFP5!!R!4.7k!
S!R229!!!SFP6!!R!4.7k!
S!R232!!!SFP6!!R!4.7k!
S!R234!!!SFP6!!R!4.7k!
S!R192!!!SFP4!!R!4.7k!
S!R230!!!SFP6!!R!4.7k!
S!R2660!!!!!R!4.99K!
S!R128!!!SFP1!!R!4.99K!
S!R130!!!SFP1!!R!4.99K!
S!R149!!!SFP2!!R!4.99K!
S!R151!!!SFP2!!R!4.99K!
S!R170!!!SFP3!26!R!4.99K!
S!R172!!!SFP3!4!R!4.99K!
S!R191!!!SFP4!!R!4.99K!
S!R193!!!SFP4!!R!4.99K!
S!R212!!!SFP5!!R!4.99K!
S!R214!!!SFP5!!R!4.99K!
S!R233!!!SFP6!!R!4.99K!
S!R235!!!SFP6!!R!4.99K!
S!R38!!!!!R!4.99K!
S!R50!!!!!R!4.99K!
S!R56!!!!!R!4.99K!
S!R61!!!!!R!4.99K!
S!R40!!!!!R!4.99K!
S!R132!!!SFP1!!R!200!
S!R133!!!SFP1!!R!200!
S!R153!!!SFP2!!R!200!
S!R154!!!SFP2!!R!200!
S!R174!!!SFP3!2!R!200!
S!R175!!!SFP3!18!R!200!
S!R195!!!SFP4!!R!200!
S!R196!!!SFP4!!R!200!
S!R216!!!SFP5!!R!200!
S!R217!!!SFP5!!R!200!
S!R237!!!SFP6!!R!200!
S!R238!!!SFP6!!R!200!
S!R2684!!!ACLK_SFP!!R!200!
S!R2685!!!ACLK_SFP!!R!200!
S!R2690!!!ACLK_SFP!!R!200!
S!R2691!!!ACLK_SFP!!R!200!
S!R117!!!!4!R!200!
S!R2686!!!ACLK_SFP!!R!0!
S!R2687!!!ACLK_SFP!!R!0!
S!R2662!!!!!R!0!
S!R2665!!!!!R!0!
S!R2666!!!!!R!0!
S!R112!!!!12!R!0!
S!R113!!!!24!R!0!
S!R114!!!!13!R!0!
S!R115!!!!18!R!0!
S!R118!!!!7!R!0!
S!R255!!!!!R!0!
S!R256!!!!!R!0!
S!R257!!!!!R!0!
S!R259!!!!!R!0!
S!R262!!!!!R!0!
S!R263!!!!!R!0!
S!R63!!!!!R!0!
S!R64!!!!!R!0!
S!R65!!!!!R!0!
S!R70!!!!!R!0!
S!R248!!!!!R!0!
S!R249!!!!!R!0!
S!R250!!!!!R!0!
S!R59!!!!!R!0!
S!R60!!!!!R!0!
S!R247!!!!!R!0!
S!R48!!!!14!R!0!
S!R49!!!!11!R!0!
S!R2694!!!!!R!1k!
S!R2670!!!!!R!1k!
S!R254!!!!28!R!1k!
S!R10!!!!!R!1k!
S!R106!!!!9!R!1k!
S!R107!!!!11!R!1k!
S!R110!!!!16!R!1k!
S!R111!!!!19!R!1k!
S!R1!!!!!R!1k!
S!R21!!!!28!R!1k!
S!R22!!!!14!R!1k!
S!R23!!!!15!R!1k!
S!R24!!!!32!R!1k!
S!R25!!!!8!R!1k!
S!R26!!!!9!R!1k!
S!R81!!!!4!R!1k!
S!R82!!!!5!R!1k!
S!R19!!!!36!R!1k!
S!R20!!!!13!R!1k!
S!R116!!!!3!R!100!
S!R131!!!SFP1!!R!100!
S!R152!!!SFP2!!R!100!
S!R173!!!SFP3!20!R!100!
S!R194!!!SFP4!!R!100!
S!R215!!!SFP5!!R!100!
S!R236!!!SFP6!!R!100!
S!R2683!!!ACLK_SFP!!R!100!
S!R2689!!!ACLK_SFP!!R!100!
S!R2692!!!!!R!100!
S!R2693!!!!!R!100!
S!R1540!!!!!R!100!
S!R31!!!!22!R!100!
S!R35!!!!23!R!100!
S!R104!!!!14!R!49.9 Ohm!
S!R105!!!!5!R!49.9 Ohm!
S!R109!!!!13!R!49.9 Ohm!
S!R119!!!SFP1!!R!49.9 Ohm!
S!R120!!!SFP1!!R!49.9 Ohm!
S!R140!!!SFP2!!R!49.9 Ohm!
S!R141!!!SFP2!!R!49.9 Ohm!
S!R161!!!SFP3!25!R!49.9 Ohm!
S!R162!!!SFP3!17!R!49.9 Ohm!
S!R182!!!SFP4!!R!49.9 Ohm!
S!R183!!!SFP4!!R!49.9 Ohm!
S!R203!!!SFP5!!R!49.9 Ohm!
S!R204!!!SFP5!!R!49.9 Ohm!
S!R224!!!SFP6!!R!49.9 Ohm!
S!R225!!!SFP6!!R!49.9 Ohm!
S!R108!!!!21!R!49.9 Ohm!
S!R41!!!!8!R!1M!
S!R42!!!!11!R!17.8k!
S!R45!!!!10!R!0.005!
S!R46!!!!!R!12.1K!
S!R47!!!!!R!2.32k!
S!R2667!!!!!R!0.0055!
S!R2668!!!!!R!0.0055!
S!R52!!!!!R!0.0055!
S!R54!!!!!R!0.0055!
S!R53!!!!!R!0.02!
S!R58!!!!!R!0.02!
S!R253!!!!!R!0 Ohm!
S!R71!!!!!R!0 Ohm!
S!R72!!!!!R!0 Ohm!
S!R73!!!!!R!0 Ohm!
S!R9!!!!!R!0 Ohm!
S!R75!!!!!R!DNP!
S!R76!!!!!R!DNP!
S!R77!!!!!R!DNP!
S!R43!!!!6!R!75 Ohm!
S!R37!!!!!R!75 Ohm!
S!R80!!!!9!R!75 Ohm!
S!R39!!!!31!R!75 Ohm!
S!R44!!!!!R!75 Ohm!
S!R51!!!!!R!75 Ohm!
S!R57!!!!!R!75 Ohm!
S!R74!!!!4!R!75 Ohm!
S!R62!!!!!R!75 Ohm!
S!TP764!!!ACLK_SFP!!TESTPOINT!5002 White!
S!TP765!!!ACLK_SFP!!TESTPOINT!5002 White!
S!TP766!!!ACLK_SFP!!TESTPOINT!5002 White!
S!TP880!!!!!TESTPOINT!5002 White!
S!TP890!!!!!TESTPOINT!5002 White!
S!TP762!!!!!TESTPOINT!5002 White!
S!TP763!!!!!TESTPOINT!5002 White!
S!TP760!!!!!TESTPOINT!5002 White!
S!TP21!!!!!TESTPOINT!5002 White!
S!TP30!!!!!TESTPOINT!5002 White!
S!TP31!!!!!TESTPOINT!5002 White!
S!TP32!!!!!TESTPOINT!5002 White!
S!TP33!!!!!TESTPOINT!5002 White!
S!TP34!!!!!TESTPOINT!5002 White!
S!TP35!!!!!TESTPOINT!5002 White!
S!TP38!!!!!TESTPOINT!5002 White!
S!TP39!!!!!TESTPOINT!5002 White!
S!TP40!!!!!TESTPOINT!5002 White!
S!TP41!!!!!TESTPOINT!5002 White!
S!TP42!!!!!TESTPOINT!5002 White!
S!TP43!!!!!TESTPOINT!5002 White!
S!TP44!!!!!TESTPOINT!5002 White!
S!TP45!!!!!TESTPOINT!5002 White!
S!TP50!!!SFP1!!TESTPOINT!5002 White!
S!TP51!!!SFP2!!TESTPOINT!5002 White!
S!TP52!!!SFP3!!TESTPOINT!5002 White!
S!TP53!!!SFP4!!TESTPOINT!5002 White!
S!TP54!!!SFP5!!TESTPOINT!5002 White!
S!TP55!!!SFP6!!TESTPOINT!5002 White!
S!TP56!!!SFP1!!TESTPOINT!5002 White!
S!TP57!!!SFP2!!TESTPOINT!5002 White!
S!TP58!!!SFP3!!TESTPOINT!5002 White!
S!TP59!!!SFP4!!TESTPOINT!5002 White!
S!TP60!!!SFP5!!TESTPOINT!5002 White!
S!TP61!!!SFP6!!TESTPOINT!5002 White!
S!TP62!!!SFP1!!TESTPOINT!5002 White!
S!TP64!!!SFP2!!TESTPOINT!5002 White!
S!TP66!!!SFP3!!TESTPOINT!5002 White!
S!TP68!!!SFP4!!TESTPOINT!5002 White!
S!TP70!!!SFP5!!TESTPOINT!5002 White!
S!TP72!!!SFP6!!TESTPOINT!5002 White!
S!TP75!!!!!TESTPOINT!5002 White!
S!TP76!!!!!TESTPOINT!5002 White!
S!TP77!!!!!TESTPOINT!5002 White!
S!TP78!!!!!TESTPOINT!5002 White!
S!TP79!!!!!TESTPOINT!5002 White!
S!TP80!!!!!TESTPOINT!5002 White!
S!TP81!!!!!TESTPOINT!5002 White!
S!TP82!!!!!TESTPOINT!5002 White!
S!TP83!!!!!TESTPOINT!5002 White!
S!TP84!!!!!TESTPOINT!5002 White!
S!TP85!!!!!TESTPOINT!5002 White!
S!TP86!!!!!TESTPOINT!5002 White!
S!TP87!!!!!TESTPOINT!5002 White!
S!TP88!!!!!TESTPOINT!5002 White!
S!TP89!!!!!TESTPOINT!5002 White!
S!TP27!!!!27!TESTPOINT!5002 White!
S!TP28!!!!26!TESTPOINT!5002 White!
S!TP25!!!!!TESTPOINT!5002 White!
S!TP26!!!!!TESTPOINT!5002 White!
S!TP10!!!!!TESTPOINT!5002 White!
S!TP11!!!!!TESTPOINT!5002 White!
S!TP12!!!!!TESTPOINT!5002 White!
S!TP13!!!!!TESTPOINT!5002 White!
S!TP14!!!!!TESTPOINT!5002 White!
S!TP15!!!!8!TESTPOINT!5002 White!
S!TP16!!!!5!TESTPOINT!5002 White!
S!TP17!!!!!TESTPOINT!5002 White!
S!TP18!!!!!TESTPOINT!5002 White!
S!TP20!!!!6!TESTPOINT!5002 White!
S!TP23!!!!!TESTPOINT!5002 White!
S!TP6!!!!25!TESTPOINT!5002 White!
S!TP7!!!!42!TESTPOINT!5002 White!
S!TP9!!!!!TESTPOINT!5002 White!
S!U1!!!!!LTC6957-2_3!LTC6957IDD-2#PBF!
S!U22!!!SFP1!!NB7V52M_2!NB7V52MMNG!
S!U26!!!SFP2!!NB7V52M_2!NB7V52MMNG!
S!U30!!!SFP3!21!NB7V52M_2!NB7V52MMNG!
S!U34!!!SFP4!!NB7V52M_2!NB7V52MMNG!
S!U38!!!SFP5!!NB7V52M_2!NB7V52MMNG!
S!U42!!!SFP6!!NB7V52M_2!NB7V52MMNG!
S!U104!!!ACLK_SFP!!ADN2814ACPZ_1!ADN2814ACPZ!
S!U105!!!ACLK_SFP!!SN74LVC1G32_4!SN74LVC1G32!
S!U106!!!ACLK_SFP!!SN74LVC1G32_4!SN74LVC1G32!
S!U24!!!SFP1!!SN74LVC1G32_4!SN74LVC1G32!
S!U28!!!SFP2!!SN74LVC1G32_4!SN74LVC1G32!
S!U32!!!SFP3!3!SN74LVC1G32_4!SN74LVC1G32!
S!U36!!!SFP4!!SN74LVC1G32_4!SN74LVC1G32!
S!U40!!!SFP5!3!SN74LVC1G32_4!SN74LVC1G32!
S!U44!!!SFP6!!SN74LVC1G32_4!SN74LVC1G32!
S!U6!!!!5!LT8645!LT8645SJV-2!
