(---------------------------------------------------------------------)
(                                                                     )
(    Auto-interactive Convert Corner - Aicc                           )
(                                                                     )
(    Drawing          : gps_interface_boardv51ph_smoothed.brd         )
(    Software Version : 23.1P001                                      )
(    Date/Time        : Mon Nov 11 14:50:39 2024                      )
(                                                                     )
(---------------------------------------------------------------------)


CommandStart AiCC ************************************************************

Convert Corner Parameters:
Convert Type:           ARC
Allow in cns areas:     Yes
Preferred Radius Size:  5x Line Width
Min Radius Size:        1x Line Width
Allow DRCs:             No

Result: 4 of 44 failed to convert

Cline vertex:xy (5522.86 4348.71)	subclass: TOP	net_name: FMC.ACLK_TO_SFP_N 
Cline vertex:xy (5528.11 4353.96)	subclass: TOP	net_name: FMC.ACLK_TO_SFP_N 
Cline vertex:xy (5501.86 4348.71)	subclass: TOP	net_name: FMC.ACLK_TO_SFP_P 
Cline vertex:xy (5496.61 4353.96)	subclass: TOP	net_name: FMC.ACLK_TO_SFP_P 

CommandEnd AiCC **************************************************************
CommandStart AiCC ************************************************************

Convert Corner Parameters:
Convert Type:           ARC
Allow in cns areas:     Yes
Preferred Radius Size:  5x Line Width
Min Radius Size:        1x Line Width
Allow DRCs:             No

Result: 8 of 16 failed to convert

Cline vertex:xy (5339.13 4353.96)	subclass: TOP	net_name: SFP_RD_P 
Cline vertex:xy (5333.88 4348.71)	subclass: TOP	net_name: SFP_RD_P 
Cline vertex:xy (5333.88 4266.12)	subclass: TOP	net_name: SFP_RD_P 
Cline vertex:xy (5350.00 4250.00)	subclass: TOP	net_name: SFP_RD_P 
Cline vertex:xy (5307.64 4353.95)	subclass: TOP	net_name: SFP_RD_N 
Cline vertex:xy (5312.88 4348.71)	subclass: TOP	net_name: SFP_RD_N 
Cline vertex:xy (5312.88 4257.42)	subclass: TOP	net_name: SFP_RD_N 
Cline vertex:xy (5329.00 4241.30)	subclass: TOP	net_name: SFP_RD_N 

CommandEnd AiCC **************************************************************
CommandStart AiCC ************************************************************

Convert Corner Parameters:
Convert Type:           ARC
Allow in cns areas:     Yes
Preferred Radius Size:  5x Line Width
Min Radius Size:        1x Line Width
Allow DRCs:             No

Result: 762 of 3941 failed to convert

Cline vertex:xy (4962.94 877.06)	subclass: TOP	net_name: GND_POWER 
Cline vertex:xy (4073.64 3017.00)	subclass: TOP	net_name: GND_POWER 
Cline vertex:xy (4929.00 3251.00)	subclass: TOP	net_name: GND_POWER 
Cline vertex:xy (5322.28 2466.72)	subclass: TOP	net_name: GND_POWER 
Cline vertex:xy (11140.00 4490.00)	subclass: TOP	net_name: GND_POWER 
Cline vertex:xy (10271.00 4488.00)	subclass: TOP	net_name: GND_POWER 
Cline vertex:xy (9393.00 4488.00)	subclass: TOP	net_name: GND_POWER 
Cline vertex:xy (8242.00 4488.00)	subclass: TOP	net_name: GND_POWER 
Cline vertex:xy (7364.00 4488.00)	subclass: TOP	net_name: GND_POWER 
Cline vertex:xy (6493.00 4488.00)	subclass: TOP	net_name: GND_POWER 
Cline vertex:xy (5342.00 4488.00)	subclass: TOP	net_name: GND_POWER 
Cline vertex:xy (11469.52 894.98)	subclass: TOP	net_name: GND_POWER 
Cline vertex:xy (11470.52 893.98)	subclass: TOP	net_name: GND_POWER 
Cline vertex:xy (526.90 1694.10)	subclass: TOP	net_name: GND_POWER 
Cline vertex:xy (507.21 1678.21)	subclass: TOP	net_name: GND_POWER 
Cline vertex:xy (526.90 1893.90)	subclass: TOP	net_name: GND_POWER 
Cline vertex:xy (546.58 1893.42)	subclass: TOP	net_name: GND_POWER 
Cline vertex:xy (507.21 1895.79)	subclass: TOP	net_name: GND_POWER 
Cline vertex:xy (546.58 1693.42)	subclass: TOP	net_name: GND_POWER 
Cline vertex:xy (2611.69 3171.31)	subclass: TOP	net_name: GND_POWER 
Cline vertex:xy (4337.47 4898.00)	subclass: TOP	net_name: GND_POWER 
Cline vertex:xy (483.00 1001.00)	subclass: TOP	net_name: VP5V5 
Cline vertex:xy (415.31 2727.31)	subclass: TOP	net_name: VP5V5 
Cline vertex:xy (485.31 2658.31)	subclass: TOP	net_name: VP5V5 
Cline vertex:xy (467.84 1694.16)	subclass: TOP	net_name: VP12V 
Cline vertex:xy (448.16 1693.16)	subclass: TOP	net_name: VP12V 
Cline vertex:xy (428.47 1693.47)	subclass: TOP	net_name: VP12V 
Cline vertex:xy (467.84 1894.84)	subclass: TOP	net_name: VP12V 
Cline vertex:xy (448.16 1894.84)	subclass: TOP	net_name: VP12V 
Cline vertex:xy (428.47 1895.47)	subclass: TOP	net_name: VP12V 
Cline vertex:xy (1722.31 3161.31)	subclass: TOP	net_name: VP3V5 
Cline vertex:xy (1652.31 3230.31)	subclass: TOP	net_name: VP3V5 
Cline vertex:xy (1723.31 2452.31)	subclass: TOP	net_name: VP3V5 
Cline vertex:xy (1653.31 2521.31)	subclass: TOP	net_name: VP3V5 
Cline vertex:xy (342.59 2812.94)	subclass: TOP	net_name: SS_5V 
Cline vertex:xy (484.50 1235.10)	subclass: TOP	net_name: N245899 
Cline vertex:xy (524.69 2658.31)	subclass: TOP	net_name: VP5V 
Cline vertex:xy (677.64 1790.84)	subclass: TOP	net_name: N140138 
Cline vertex:xy (594.47 1823.53)	subclass: TOP	net_name: N140138 
Cline vertex:xy (594.84 1803.84)	subclass: TOP	net_name: N140138 
Cline vertex:xy (594.84 1784.16)	subclass: TOP	net_name: N140138 
Cline vertex:xy (595.47 1764.47)	subclass: TOP	net_name: N140138 
Cline vertex:xy (594.79 1843.21)	subclass: TOP	net_name: N140138 
Cline vertex:xy (612.41 2727.31)	subclass: TOP	net_name: N812156 
Cline vertex:xy (806.00 2808.00)	subclass: TOP	net_name: PG_5V 
Cline vertex:xy (8501.43 522.00)	subclass: TOP	net_name: FMC.SCL0 
Cline vertex:xy (2775.12 2218.00)	subclass: TOP	net_name: FMC.SDA0 
Cline vertex:xy (2774.81 2218.31)	subclass: TOP	net_name: FMC.SDA0 
Cline vertex:xy (3606.06 4406.00)	subclass: TOP	net_name: FMC.SDA0 
Cline vertex:xy (3607.04 4406.98)	subclass: TOP	net_name: FMC.SDA0 
Cline vertex:xy (1125.19 2424.31)	subclass: TOP	net_name: FMC.SDA0 
Cline vertex:xy (1125.50 2424.00)	subclass: TOP	net_name: FMC.SDA0 
Cline vertex:xy (751.28 4980.47)	subclass: TOP	net_name: FMC.GPS_PPS_P 
Cline vertex:xy (565.28 4980.47)	subclass: TOP	net_name: FMC.GPS_PPS_N 
Cline vertex:xy (675.08 5138.54)	subclass: TOP	net_name: PPS_OUT_P 
Cline vertex:xy (672.78 5136.24)	subclass: TOP	net_name: PPS_OUT_P 
Cline vertex:xy (649.48 5138.54)	subclass: TOP	net_name: PPS_OUT_N 
Cline vertex:xy (651.78 5136.24)	subclass: TOP	net_name: PPS_OUT_N 
Cline vertex:xy (1720.49 5264.94)	subclass: TOP	net_name: VCC5V_LFILT 
Cline vertex:xy (1720.17 5265.26)	subclass: TOP	net_name: VCC5V_LFILT 
Cline vertex:xy (650.00 5288.78)	subclass: TOP	net_name: GPS_PPS_IN 
Cline vertex:xy (649.48 5288.26)	subclass: TOP	net_name: GPS_PPS_IN 
Cline vertex:xy (890.98 2400.72)	subclass: TOP	net_name: A1_5V 
Cline vertex:xy (913.09 2444.00)	subclass: TOP	net_name: A0_5V 
Cline vertex:xy (910.81 2446.28)	subclass: TOP	net_name: A0_5V 
Cline vertex:xy (824.62 2997.40)	subclass: TOP	net_name: N245271 
Cline vertex:xy (824.22 2997.00)	subclass: TOP	net_name: N245271 
Cline vertex:xy (3875.96 4558.40)	subclass: TOP	net_name: VCC3V3 
Cline vertex:xy (3122.64 576.00)	subclass: TOP	net_name: VCC3V3 
Cline vertex:xy (4088.00 1466.00)	subclass: TOP	net_name: VCC3V3 
Cline vertex:xy (4088.00 1394.71)	subclass: TOP	net_name: VCC3V3 
Cline vertex:xy (4088.02 1394.69)	subclass: TOP	net_name: VCC3V3 
Cline vertex:xy (5183.00 2797.06)	subclass: TOP	net_name: VCC3V3 
Cline vertex:xy (5294.16 2777.84)	subclass: TOP	net_name: VCC3V3 
Cline vertex:xy (5274.94 2797.06)	subclass: TOP	net_name: VCC3V3 
Cline vertex:xy (5526.96 2836.90)	subclass: TOP	net_name: VCC3V3 
Cline vertex:xy (4536.36 1366.58)	subclass: TOP	net_name: VCC3V3 
Cline vertex:xy (5319.00 3553.06)	subclass: TOP	net_name: VCC3V3 
Cline vertex:xy (10879.00 4121.38)	subclass: TOP	net_name: VCC3V3 
Cline vertex:xy (10883.00 4117.38)	subclass: TOP	net_name: VCC3V3 
Cline vertex:xy (10883.00 3939.50)	subclass: TOP	net_name: VCC3V3 
Cline vertex:xy (10876.00 3932.50)	subclass: TOP	net_name: VCC3V3 
Cline vertex:xy (1566.28 4980.47)	subclass: TOP	net_name: FMC.GPS_SYNC_OUT_N 
Cline vertex:xy (1754.29 4980.46)	subclass: TOP	net_name: FMC.GPS_SYNC_OUT_P 
Cline vertex:xy (1676.08 5137.54)	subclass: TOP	net_name: SYNC_OUT_P 
Cline vertex:xy (1673.78 5135.24)	subclass: TOP	net_name: SYNC_OUT_P 
Cline vertex:xy (1650.48 5137.54)	subclass: TOP	net_name: SYNC_OUT_N 
Cline vertex:xy (1652.78 5135.24)	subclass: TOP	net_name: SYNC_OUT_N 
Cline vertex:xy (1650.00 5287.74)	subclass: TOP	net_name: GPS_SYNC_IN 
Cline vertex:xy (1650.48 5287.26)	subclass: TOP	net_name: GPS_SYNC_IN 
Cline vertex:xy (1831.69 1812.31)	subclass: TOP	net_name: N808323 
Cline vertex:xy (1831.69 2521.31)	subclass: TOP	net_name: N279924 
Cline vertex:xy (1762.69 2452.31)	subclass: TOP	net_name: N279924 
Cline vertex:xy (1761.69 3161.31)	subclass: TOP	net_name: N146225 
Cline vertex:xy (1830.69 3230.31)	subclass: TOP	net_name: N146225 
Cline vertex:xy (1722.31 3365.31)	subclass: TOP	net_name: N322373 
Cline vertex:xy (1813.72 3354.00)	subclass: TOP	net_name: N146320 
Cline vertex:xy (1829.69 3815.31)	subclass: TOP	net_name: N185241 
Cline vertex:xy (2232.00 2351.00)	subclass: TOP	net_name: VP2V5 
Cline vertex:xy (2232.00 2344.00)	subclass: TOP	net_name: VP2V5 
Cline vertex:xy (2057.82 2762.40)	subclass: TOP	net_name: N280018 
Cline vertex:xy (2057.22 2763.00)	subclass: TOP	net_name: N280018 
Cline vertex:xy (1968.50 4217.10)	subclass: TOP	net_name: N246182 
Cline vertex:xy (2060.62 4081.40)	subclass: TOP	net_name: N246142 
Cline vertex:xy (2060.22 4081.00)	subclass: TOP	net_name: N246142 
Cline vertex:xy (2151.28 2218.00)	subclass: TOP	net_name: A1_2V5 
Cline vertex:xy (2151.09 2238.00)	subclass: TOP	net_name: A0_2V5 
Cline vertex:xy (2148.81 2240.28)	subclass: TOP	net_name: A0_2V5 
Cline vertex:xy (6546.94 3478.00)	subclass: TOP	net_name: VCC2V5 
Cline vertex:xy (4088.02 1056.38)	subclass: TOP	net_name: VCC2V5 
Cline vertex:xy (4536.77 1080.41)	subclass: TOP	net_name: VCC2V5 
Cline vertex:xy (2431.28 5167.98)	subclass: TOP	net_name: N02878 
Cline vertex:xy (2430.98 5168.28)	subclass: TOP	net_name: N02878 
Cline vertex:xy (2548.20 5290.02)	subclass: TOP	net_name: N02604 
Cline vertex:xy (2553.22 5285.00)	subclass: TOP	net_name: N02604 
Cline vertex:xy (2500.31 3105.69)	subclass: TOP	net_name: INTVCC_3V3 
Cline vertex:xy (2504.28 3101.72)	subclass: TOP	net_name: INTVCC_3V3 
Cline vertex:xy (2539.72 3077.81)	subclass: TOP	net_name: A0_3V3 
Cline vertex:xy (2539.69 3077.84)	subclass: TOP	net_name: A0_3V3 
Cline vertex:xy (3184.34 5159.09)	subclass: TOP	net_name: GPS_GROUP.GPS_CLK_P 
Cline vertex:xy (3184.34 5090.67)	subclass: TOP	net_name: GPS_GROUP.GPS_CLK_P 
Cline vertex:xy (3183.46 5089.79)	subclass: TOP	net_name: GPS_GROUP.GPS_CLK_P 
Cline vertex:xy (3183.46 5086.91)	subclass: TOP	net_name: GPS_GROUP.GPS_CLK_P 
Cline vertex:xy (3162.84 5086.28)	subclass: TOP	net_name: GPS_GROUP.GPS_CLK_N 
Cline vertex:xy (3162.00 5085.44)	subclass: TOP	net_name: GPS_GROUP.GPS_CLK_N 
Cline vertex:xy (2783.19 571.00)	subclass: TOP	net_name: A0_BID 
Cline vertex:xy (2788.19 576.00)	subclass: TOP	net_name: A0_BID 
Cline vertex:xy (3089.22 5161.47)	subclass: TOP	net_name: N01590 
Cline vertex:xy (3089.79 5160.90)	subclass: TOP	net_name: N01590 
Cline vertex:xy (4659.00 4600.00)	subclass: TOP	net_name: FMC.SCL_FPGA 
Cline vertex:xy (9469.00 4686.92)	subclass: TOP	net_name: FMC.SCL3 
Cline vertex:xy (9468.87 4687.05)	subclass: TOP	net_name: FMC.SCL3 
Cline vertex:xy (10347.00 4686.92)	subclass: TOP	net_name: FMC.SCL2 
Cline vertex:xy (10346.87 4687.05)	subclass: TOP	net_name: FMC.SCL2 
Cline vertex:xy (11216.00 4688.92)	subclass: TOP	net_name: FMC.SCL1 
Cline vertex:xy (11215.87 4689.05)	subclass: TOP	net_name: FMC.SCL1 
Cline vertex:xy (3123.47 5131.75)	subclass: TOP	net_name: FMC.GPS_CLK_COPY_P 
Cline vertex:xy (3125.32 5129.90)	subclass: TOP	net_name: FMC.GPS_CLK_COPY_P 
Cline vertex:xy (3143.16 5131.74)	subclass: TOP	net_name: FMC.GPS_CLK_COPY_N 
Cline vertex:xy (3141.32 5129.90)	subclass: TOP	net_name: FMC.GPS_CLK_COPY_N 
Cline vertex:xy (3162.84 5347.10)	subclass: TOP	net_name: N127138 
Cline vertex:xy (3163.96 5348.22)	subclass: TOP	net_name: N127138 
Cline vertex:xy (3163.96 5348.96)	subclass: TOP	net_name: N127138 
Cline vertex:xy (3653.00 4703.00)	subclass: TOP	net_name: FMC.CLK_FILTER_B 
Cline vertex:xy (3424.09 156.00)	subclass: TOP	net_name: N638285 
Cline vertex:xy (3423.81 156.28)	subclass: TOP	net_name: N638285 
Cline vertex:xy (3361.81 156.28)	subclass: TOP	net_name: N638285 
Cline vertex:xy (3360.81 157.28)	subclass: TOP	net_name: N638285 
Cline vertex:xy (3374.00 571.80)	subclass: TOP	net_name: N638693 
Cline vertex:xy (3374.50 572.30)	subclass: TOP	net_name: N638693 
Cline vertex:xy (3404.00 211.90)	subclass: TOP	net_name: FMC.FPGA_IO_VOLTAGE 
Cline vertex:xy (3403.00 210.90)	subclass: TOP	net_name: FMC.FPGA_IO_VOLTAGE 
Cline vertex:xy (5081.37 828.32)	subclass: TOP	net_name: FMC.FPGA_IO_VOLTAGE 
Cline vertex:xy (5081.06 828.63)	subclass: TOP	net_name: FMC.FPGA_IO_VOLTAGE 
Cline vertex:xy (3311.50 717.90)	subclass: TOP	net_name: N638733 
Cline vertex:xy (3241.00 5106.72)	subclass: TOP	net_name: FMC.GPS_CLK_EN* 
Cline vertex:xy (4139.00 1560.32)	subclass: TOP	net_name: FMC.GPS_CLK_EN* 
Cline vertex:xy (4139.20 1560.12)	subclass: TOP	net_name: FMC.GPS_CLK_EN* 
Cline vertex:xy (3561.50 571.30)	subclass: TOP	net_name: N637994 
Cline vertex:xy (3563.00 3347.28)	subclass: TOP	net_name: N755912 
Cline vertex:xy (4215.43 1395.24)	subclass: TOP	net_name: I2C_SW_RST* 
Cline vertex:xy (4215.98 1394.69)	subclass: TOP	net_name: I2C_SW_RST* 
Cline vertex:xy (5444.84 3514.02)	subclass: TOP	net_name: FMC.ACLK_FROM_SFP_N 
Cline vertex:xy (5446.68 3512.18)	subclass: TOP	net_name: FMC.ACLK_FROM_SFP_N 
Cline vertex:xy (5508.00 3364.50)	subclass: TOP	net_name: FMC.ACLK_FROM_SFP_N 
Cline vertex:xy (5505.50 3362.00)	subclass: TOP	net_name: FMC.ACLK_FROM_SFP_N 
Cline vertex:xy (5464.53 3514.03)	subclass: TOP	net_name: FMC.ACLK_FROM_SFP_P 
Cline vertex:xy (5462.68 3512.18)	subclass: TOP	net_name: FMC.ACLK_FROM_SFP_P 
Cline vertex:xy (5524.00 3364.50)	subclass: TOP	net_name: FMC.ACLK_FROM_SFP_P 
Cline vertex:xy (5526.50 3362.00)	subclass: TOP	net_name: FMC.ACLK_FROM_SFP_P 
Cline vertex:xy (4164.80 1463.20)	subclass: TOP	net_name: FMC.CLK_GEN_RST* 
Cline vertex:xy (4161.00 1467.00)	subclass: TOP	net_name: FMC.CLK_GEN_RST* 
Cline vertex:xy (3836.80 3146.00)	subclass: TOP	net_name: N755066 
Cline vertex:xy (3836.80 3246.00)	subclass: TOP	net_name: N812455 
Cline vertex:xy (4665.50 2967.97)	subclass: TOP	net_name: VDD_FILT 
Cline vertex:xy (4837.63 3253.27)	subclass: TOP	net_name: VDD_FILT 
Cline vertex:xy (5542.36 2718.79)	subclass: TOP	net_name: FMC.RECOV_ACLK_CLK_P 
Cline vertex:xy (5544.21 2716.94)	subclass: TOP	net_name: FMC.RECOV_ACLK_CLK_P 
Cline vertex:xy (5603.55 2686.45)	subclass: TOP	net_name: FMC.RECOV_ACLK_CLK_P 
Cline vertex:xy (5607.09 2686.45)	subclass: TOP	net_name: FMC.RECOV_ACLK_CLK_P 
Cline vertex:xy (5610.04 2683.50)	subclass: TOP	net_name: FMC.RECOV_ACLK_CLK_P 
Cline vertex:xy (5542.37 2699.10)	subclass: TOP	net_name: FMC.RECOV_ACLK_CLK_N 
Cline vertex:xy (5544.21 2700.94)	subclass: TOP	net_name: FMC.RECOV_ACLK_CLK_N 
Cline vertex:xy (5592.24 2675.13)	subclass: TOP	net_name: FMC.RECOV_ACLK_CLK_N 
Cline vertex:xy (5592.24 2671.60)	subclass: TOP	net_name: FMC.RECOV_ACLK_CLK_N 
Cline vertex:xy (3970.18 3833.60)	subclass: TOP	net_name: N635255 
Cline vertex:xy (3970.78 3833.00)	subclass: TOP	net_name: N635255 
Cline vertex:xy (8318.00 4686.92)	subclass: TOP	net_name: FMC.SCL4 
Cline vertex:xy (8317.87 4687.05)	subclass: TOP	net_name: FMC.SCL4 
Cline vertex:xy (7440.00 4686.92)	subclass: TOP	net_name: FMC.SCL5 
Cline vertex:xy (7439.87 4687.05)	subclass: TOP	net_name: FMC.SCL5 
Cline vertex:xy (5418.00 4686.92)	subclass: TOP	net_name: FMC.ACLK_SFP_SCL 
Cline vertex:xy (5417.87 4687.05)	subclass: TOP	net_name: FMC.ACLK_SFP_SCL 
Cline vertex:xy (6569.00 4686.92)	subclass: TOP	net_name: FMC.SCL6 
Cline vertex:xy (6568.87 4687.05)	subclass: TOP	net_name: FMC.SCL6 
Cline vertex:xy (6374.00 437.49)	subclass: TOP	net_name: FMC.RECOV_ACLK_DATA_N 
Cline vertex:xy (5542.37 2758.16)	subclass: TOP	net_name: FMC.RECOV_ACLK_DATA_N 
Cline vertex:xy (5544.21 2760.00)	subclass: TOP	net_name: FMC.RECOV_ACLK_DATA_N 
Cline vertex:xy (5635.50 2760.00)	subclass: TOP	net_name: FMC.RECOV_ACLK_DATA_N 
Cline vertex:xy (5638.00 2757.50)	subclass: TOP	net_name: FMC.RECOV_ACLK_DATA_N 
Cline vertex:xy (5542.37 2777.84)	subclass: TOP	net_name: FMC.RECOV_ACLK_DATA_P 
Cline vertex:xy (5544.21 2776.00)	subclass: TOP	net_name: FMC.RECOV_ACLK_DATA_P 
Cline vertex:xy (5635.50 2776.00)	subclass: TOP	net_name: FMC.RECOV_ACLK_DATA_P 
Cline vertex:xy (5638.00 2778.50)	subclass: TOP	net_name: FMC.RECOV_ACLK_DATA_P 
Cline vertex:xy (4301.24 3036.73)	subclass: TOP	net_name: CLK_FROM_FPGA_P 
Cline vertex:xy (4300.58 3016.39)	subclass: TOP	net_name: CLK_FROM_FPGA_N 
Cline vertex:xy (4301.24 3017.05)	subclass: TOP	net_name: CLK_FROM_FPGA_N 
Cline vertex:xy (4120.22 3056.42)	subclass: TOP	net_name: VDDA_FILT 
Cline vertex:xy (4301.24 3272.95)	subclass: TOP	net_name: RECOV_ACLK_CLK_N 
Cline vertex:xy (4269.71 3272.29)	subclass: TOP	net_name: RECOV_ACLK_CLK_N 
Cline vertex:xy (4301.23 3292.64)	subclass: TOP	net_name: RECOV_ACLK_CLK_P 
Cline vertex:xy (4300.58 3293.29)	subclass: TOP	net_name: RECOV_ACLK_CLK_P 
Cline vertex:xy (4278.41 3293.29)	subclass: TOP	net_name: RECOV_ACLK_CLK_P 
Cline vertex:xy (4151.64 3393.00)	subclass: TOP	net_name: RECOV_ACLK_CLK_P 
Cline vertex:xy (4151.64 3372.00)	subclass: TOP	net_name: RECOV_ACLK_CLK_N 
Cline vertex:xy (8670.43 521.43)	subclass: TOP	net_name: FMC.I2C_EXT_RST* 
Cline vertex:xy (8150.00 513.00)	subclass: TOP	net_name: FMC.I2C_EXT_RST* 
Cline vertex:xy (8146.57 516.43)	subclass: TOP	net_name: FMC.I2C_EXT_RST* 
Cline vertex:xy (4210.30 3233.58)	subclass: TOP	net_name: N89871 
Cline vertex:xy (4349.00 3389.28)	subclass: TOP	net_name: GPS_CLK10_P 
Cline vertex:xy (4328.00 3406.41)	subclass: TOP	net_name: GPS_CLK10_N 
Cline vertex:xy (4323.28 3401.69)	subclass: TOP	net_name: GPS_CLK10_N 
Cline vertex:xy (8733.14 416.64)	subclass: TOP	net_name: FMC.I2C_EXT_INT0* 
Cline vertex:xy (8733.00 416.50)	subclass: TOP	net_name: FMC.I2C_EXT_INT0* 
Cline vertex:xy (4488.47 2928.24)	subclass: TOP	net_name: CLK_TO_SFP.CLK_TO_SFP_N0 
Cline vertex:xy (4508.16 2928.23)	subclass: TOP	net_name: CLK_TO_SFP.CLK_TO_SFP_P0 
Cline vertex:xy (4508.81 2927.58)	subclass: TOP	net_name: CLK_TO_SFP.CLK_TO_SFP_P0 
Cline vertex:xy (11107.50 3189.25)	subclass: TOP	net_name: CLK_TO_SFP.CLK_TO_SFP_N0 
Cline vertex:xy (11107.00 3189.75)	subclass: TOP	net_name: CLK_TO_SFP.CLK_TO_SFP_N0 
Cline vertex:xy (11107.00 3220.51)	subclass: TOP	net_name: CLK_TO_SFP.CLK_TO_SFP_N0 
Cline vertex:xy (11106.84 3220.67)	subclass: TOP	net_name: CLK_TO_SFP.CLK_TO_SFP_N0 
Cline vertex:xy (11086.50 3220.51)	subclass: TOP	net_name: CLK_TO_SFP.CLK_TO_SFP_P0 
Cline vertex:xy (11087.16 3221.17)	subclass: TOP	net_name: CLK_TO_SFP.CLK_TO_SFP_P0 
Cline vertex:xy (10238.50 3193.25)	subclass: TOP	net_name: CLK_TO_SFP.CLK_TO_SFP_N1 
Cline vertex:xy (10238.00 3193.75)	subclass: TOP	net_name: CLK_TO_SFP.CLK_TO_SFP_N1 
Cline vertex:xy (10238.00 3224.51)	subclass: TOP	net_name: CLK_TO_SFP.CLK_TO_SFP_N1 
Cline vertex:xy (10237.84 3224.67)	subclass: TOP	net_name: CLK_TO_SFP.CLK_TO_SFP_N1 
Cline vertex:xy (10217.50 3224.51)	subclass: TOP	net_name: CLK_TO_SFP.CLK_TO_SFP_P1 
Cline vertex:xy (10218.16 3225.17)	subclass: TOP	net_name: CLK_TO_SFP.CLK_TO_SFP_P1 
Cline vertex:xy (4567.21 2928.23)	subclass: TOP	net_name: CLK_TO_SFP.CLK_TO_SFP_N1 
Cline vertex:xy (4586.90 2928.24)	subclass: TOP	net_name: CLK_TO_SFP.CLK_TO_SFP_P1 
Cline vertex:xy (4587.56 2927.58)	subclass: TOP	net_name: CLK_TO_SFP.CLK_TO_SFP_P1 
Cline vertex:xy (4652.34 3280.34)	subclass: TOP	net_name: VDDO_FILT 
Cline vertex:xy (4721.00 2957.36)	subclass: TOP	net_name: VDDO_FILT 
Cline vertex:xy (4675.94 3052.94)	subclass: TOP	net_name: VDDO_FILT 
Cline vertex:xy (4669.12 3046.12)	subclass: TOP	net_name: VDDO_FILT 
Cline vertex:xy (4666.00 3043.00)	subclass: TOP	net_name: VDDO_FILT 
Cline vertex:xy (4547.00 2992.77)	subclass: TOP	net_name: VDDO_FILT 
Cline vertex:xy (4547.53 2992.24)	subclass: TOP	net_name: VDDO_FILT 
Cline vertex:xy (4410.00 2931.81)	subclass: TOP	net_name: N90109 
Cline vertex:xy (4409.73 2932.08)	subclass: TOP	net_name: N90109 
Cline vertex:xy (4409.00 3322.90)	subclass: TOP	net_name: CLK_FDBACK_N 
Cline vertex:xy (4429.00 3322.59)	subclass: TOP	net_name: CLK_FDBACK_P 
Cline vertex:xy (4468.79 3350.08)	subclass: TOP	net_name: N91101 
Cline vertex:xy (4471.38 3352.67)	subclass: TOP	net_name: N91101 
Cline vertex:xy (4488.47 3350.08)	subclass: TOP	net_name: N91105 
Cline vertex:xy (4485.88 3352.67)	subclass: TOP	net_name: N91105 
Cline vertex:xy (4427.00 4916.50)	subclass: TOP	net_name: N210584_SFP INTERFACE_ACLK SFP 
Cline vertex:xy (4550.28 4837.00)	subclass: TOP	net_name: N141568_SFP INTERFACE_ACLK SFP 
Cline vertex:xy (4423.03 4838.47)	subclass: TOP	net_name: N136741_SFP INTERFACE_ACLK SFP 
Cline vertex:xy (4734.76 3036.73)	subclass: TOP	net_name: CLK_TO_SFP.CLK_TO_SFP_P3 
Cline vertex:xy (4735.42 3037.39)	subclass: TOP	net_name: CLK_TO_SFP.CLK_TO_SFP_P3 
Cline vertex:xy (4734.76 3017.05)	subclass: TOP	net_name: CLK_TO_SFP.CLK_TO_SFP_N3 
Cline vertex:xy (4735.42 3016.39)	subclass: TOP	net_name: CLK_TO_SFP.CLK_TO_SFP_N3 
Cline vertex:xy (8189.50 3224.51)	subclass: TOP	net_name: CLK_TO_SFP.CLK_TO_SFP_P3 
Cline vertex:xy (8190.16 3225.17)	subclass: TOP	net_name: CLK_TO_SFP.CLK_TO_SFP_P3 
Cline vertex:xy (8210.50 3193.25)	subclass: TOP	net_name: CLK_TO_SFP.CLK_TO_SFP_N3 
Cline vertex:xy (8210.00 3193.75)	subclass: TOP	net_name: CLK_TO_SFP.CLK_TO_SFP_N3 
Cline vertex:xy (8210.00 3224.51)	subclass: TOP	net_name: CLK_TO_SFP.CLK_TO_SFP_N3 
Cline vertex:xy (8209.84 3224.67)	subclass: TOP	net_name: CLK_TO_SFP.CLK_TO_SFP_N3 
Cline vertex:xy (9339.50 3224.51)	subclass: TOP	net_name: CLK_TO_SFP.CLK_TO_SFP_P2 
Cline vertex:xy (9340.16 3225.17)	subclass: TOP	net_name: CLK_TO_SFP.CLK_TO_SFP_P2 
Cline vertex:xy (9360.50 3193.25)	subclass: TOP	net_name: CLK_TO_SFP.CLK_TO_SFP_N2 
Cline vertex:xy (9360.00 3193.75)	subclass: TOP	net_name: CLK_TO_SFP.CLK_TO_SFP_N2 
Cline vertex:xy (9360.00 3224.51)	subclass: TOP	net_name: CLK_TO_SFP.CLK_TO_SFP_N2 
Cline vertex:xy (9359.84 3224.67)	subclass: TOP	net_name: CLK_TO_SFP.CLK_TO_SFP_N2 
Cline vertex:xy (4645.95 2928.24)	subclass: TOP	net_name: CLK_TO_SFP.CLK_TO_SFP_P2 
Cline vertex:xy (4626.27 2928.24)	subclass: TOP	net_name: CLK_TO_SFP.CLK_TO_SFP_N2 
Cline vertex:xy (4625.61 2927.58)	subclass: TOP	net_name: CLK_TO_SFP.CLK_TO_SFP_N2 
Cline vertex:xy (4697.96 3093.00)	subclass: TOP	net_name: CLK_TO_SFP.CLK_TO_SFP_P4 
Cline vertex:xy (4731.00 3093.00)	subclass: TOP	net_name: CLK_TO_SFP.CLK_TO_SFP_P4 
Cline vertex:xy (4735.00 3089.00)	subclass: TOP	net_name: CLK_TO_SFP.CLK_TO_SFP_P4 
Cline vertex:xy (4696.07 3077.00)	subclass: TOP	net_name: CLK_TO_SFP.CLK_TO_SFP_N4 
Cline vertex:xy (4724.37 3077.00)	subclass: TOP	net_name: CLK_TO_SFP.CLK_TO_SFP_N4 
Cline vertex:xy (4728.37 3073.00)	subclass: TOP	net_name: CLK_TO_SFP.CLK_TO_SFP_N4 
Cline vertex:xy (4782.30 3073.00)	subclass: TOP	net_name: CLK_TO_SFP.CLK_TO_SFP_N4 
Cline vertex:xy (7311.50 3224.51)	subclass: TOP	net_name: CLK_TO_SFP.CLK_TO_SFP_P4 
Cline vertex:xy (7312.16 3225.17)	subclass: TOP	net_name: CLK_TO_SFP.CLK_TO_SFP_P4 
Cline vertex:xy (7332.50 3193.25)	subclass: TOP	net_name: CLK_TO_SFP.CLK_TO_SFP_N4 
Cline vertex:xy (7332.00 3193.75)	subclass: TOP	net_name: CLK_TO_SFP.CLK_TO_SFP_N4 
Cline vertex:xy (7332.00 3224.51)	subclass: TOP	net_name: CLK_TO_SFP.CLK_TO_SFP_N4 
Cline vertex:xy (7331.84 3224.67)	subclass: TOP	net_name: CLK_TO_SFP.CLK_TO_SFP_N4 
Cline vertex:xy (4741.75 3115.47)	subclass: TOP	net_name: N107878 
Cline vertex:xy (4734.76 3174.53)	subclass: TOP	net_name: CLK_TO_SFP.CLK_TO_SFP_P5 
Cline vertex:xy (4735.42 3175.19)	subclass: TOP	net_name: CLK_TO_SFP.CLK_TO_SFP_P5 
Cline vertex:xy (4784.17 3161.83)	subclass: TOP	net_name: CLK_TO_SFP.CLK_TO_SFP_P5 
Cline vertex:xy (4836.29 3161.83)	subclass: TOP	net_name: CLK_TO_SFP.CLK_TO_SFP_P5 
Cline vertex:xy (4836.31 3161.85)	subclass: TOP	net_name: CLK_TO_SFP.CLK_TO_SFP_P5 
Cline vertex:xy (4851.64 3161.84)	subclass: TOP	net_name: CLK_TO_SFP.CLK_TO_SFP_P5 
Cline vertex:xy (4854.59 3158.89)	subclass: TOP	net_name: CLK_TO_SFP.CLK_TO_SFP_P5 
Cline vertex:xy (4858.11 3158.89)	subclass: TOP	net_name: CLK_TO_SFP.CLK_TO_SFP_P5 
Cline vertex:xy (4734.77 3154.84)	subclass: TOP	net_name: CLK_TO_SFP.CLK_TO_SFP_N5 
Cline vertex:xy (4735.42 3154.19)	subclass: TOP	net_name: CLK_TO_SFP.CLK_TO_SFP_N5 
Cline vertex:xy (4777.54 3145.83)	subclass: TOP	net_name: CLK_TO_SFP.CLK_TO_SFP_N5 
Cline vertex:xy (4841.47 3145.83)	subclass: TOP	net_name: CLK_TO_SFP.CLK_TO_SFP_N5 
Cline vertex:xy (6440.50 3224.51)	subclass: TOP	net_name: CLK_TO_SFP.CLK_TO_SFP_P5 
Cline vertex:xy (6441.16 3225.17)	subclass: TOP	net_name: CLK_TO_SFP.CLK_TO_SFP_P5 
Cline vertex:xy (6461.50 3193.25)	subclass: TOP	net_name: CLK_TO_SFP.CLK_TO_SFP_N5 
Cline vertex:xy (6461.00 3193.75)	subclass: TOP	net_name: CLK_TO_SFP.CLK_TO_SFP_N5 
Cline vertex:xy (6461.00 3224.51)	subclass: TOP	net_name: CLK_TO_SFP.CLK_TO_SFP_N5 
Cline vertex:xy (6460.84 3224.67)	subclass: TOP	net_name: CLK_TO_SFP.CLK_TO_SFP_N5 
Cline vertex:xy (4734.76 3233.58)	subclass: TOP	net_name: FMC.CLK_TO_FPGA_P 
Cline vertex:xy (4735.42 3234.24)	subclass: TOP	net_name: FMC.CLK_TO_FPGA_P 
Cline vertex:xy (4734.76 3213.90)	subclass: TOP	net_name: FMC.CLK_TO_FPGA_N 
Cline vertex:xy (4735.42 3213.24)	subclass: TOP	net_name: FMC.CLK_TO_FPGA_N 
Cline vertex:xy (4944.76 3179.54)	subclass: TOP	net_name: FMC.CLK_TO_FPGA_N 
Cline vertex:xy (6875.00 447.70)	subclass: TOP	net_name: FMC.CLK_TO_FPGA_N 
Cline vertex:xy (6458.64 4353.95)	subclass: TOP	net_name: FMC.RECOV_DATA_N5 
Cline vertex:xy (6463.00 4349.59)	subclass: TOP	net_name: FMC.RECOV_DATA_N5 
Cline vertex:xy (6490.13 4354.13)	subclass: TOP	net_name: FMC.RECOV_DATA_P5 
Cline vertex:xy (6484.00 4348.00)	subclass: TOP	net_name: FMC.RECOV_DATA_P5 
Cline vertex:xy (6240.22 3552.22)	subclass: TOP	net_name: FMC.RECOV_DATA_P5 
Cline vertex:xy (5726.00 3734.50)	subclass: TOP	net_name: N361490 
Cline vertex:xy (5259.43 2718.79)	subclass: TOP	net_name: N01454 
Cline vertex:xy (5264.92 2850.36)	subclass: TOP	net_name: THRADJ 
Cline vertex:xy (5193.30 4183.50)	subclass: TOP	net_name: N222469 
Cline vertex:xy (10320.90 571.40)	subclass: TOP	net_name: FMC.SPARE_RJ45_LED_1 
Cline vertex:xy (10320.50 571.00)	subclass: TOP	net_name: FMC.SPARE_RJ45_LED_1 
Cline vertex:xy (5358.72 2510.00)	subclass: TOP	net_name: CDR_ADDR 
Cline vertex:xy (5728.00 3699.00)	subclass: TOP	net_name: N361502 
Cline vertex:xy (5405.16 2904.05)	subclass: TOP	net_name: ACLK_TO_CDR_P 
Cline vertex:xy (5424.84 2904.05)	subclass: TOP	net_name: ACLK_TO_CDR_N 
Cline vertex:xy (5426.00 2905.21)	subclass: TOP	net_name: ACLK_TO_CDR_N 
Cline vertex:xy (5425.50 3052.20)	subclass: TOP	net_name: ACLK_TO_CDR_P 
Cline vertex:xy (5425.50 3059.69)	subclass: TOP	net_name: ACLK_TO_CDR_P 
Cline vertex:xy (5404.50 3043.50)	subclass: TOP	net_name: ACLK_TO_CDR_N 
Cline vertex:xy (5428.56 3469.00)	subclass: TOP	net_name: N717829 
Cline vertex:xy (5426.06 3471.50)	subclass: TOP	net_name: N717829 
Cline vertex:xy (5426.06 3512.18)	subclass: TOP	net_name: N717829 
Cline vertex:xy (5425.16 3513.08)	subclass: TOP	net_name: N717829 
Cline vertex:xy (5402.06 3469.00)	subclass: TOP	net_name: N717833 
Cline vertex:xy (5404.56 3471.50)	subclass: TOP	net_name: N717833 
Cline vertex:xy (5404.56 3512.18)	subclass: TOP	net_name: N717833 
Cline vertex:xy (5405.47 3513.09)	subclass: TOP	net_name: N717833 
Cline vertex:xy (5307.64 4353.95)	subclass: TOP	net_name: SFP_RD_N 
Cline vertex:xy (5312.88 4348.71)	subclass: TOP	net_name: SFP_RD_N 
Cline vertex:xy (5312.88 4257.42)	subclass: TOP	net_name: SFP_RD_N 
Cline vertex:xy (5329.00 4241.30)	subclass: TOP	net_name: SFP_RD_N 
Cline vertex:xy (5339.13 4353.96)	subclass: TOP	net_name: SFP_RD_P 
Cline vertex:xy (5333.88 4348.71)	subclass: TOP	net_name: SFP_RD_P 
Cline vertex:xy (5333.88 4266.12)	subclass: TOP	net_name: SFP_RD_P 
Cline vertex:xy (5350.00 4250.00)	subclass: TOP	net_name: SFP_RD_P 
Cline vertex:xy (5501.86 4348.71)	subclass: TOP	net_name: FMC.ACLK_TO_SFP_P 
Cline vertex:xy (5496.61 4353.96)	subclass: TOP	net_name: FMC.ACLK_TO_SFP_P 
Cline vertex:xy (5522.86 4348.71)	subclass: TOP	net_name: FMC.ACLK_TO_SFP_N 
Cline vertex:xy (5528.11 4353.96)	subclass: TOP	net_name: FMC.ACLK_TO_SFP_N 
Cline vertex:xy (10679.00 2097.00)	subclass: TOP	net_name: FMC.AUXOUT2_P 
Cline vertex:xy (6363.51 3301.50)	subclass: TOP	net_name: FMC.DATA_TO_FF_N5 
Cline vertex:xy (6364.17 3302.16)	subclass: TOP	net_name: FMC.DATA_TO_FF_N5 
Cline vertex:xy (6363.51 3322.50)	subclass: TOP	net_name: FMC.DATA_TO_FF_P5 
Cline vertex:xy (6364.17 3321.84)	subclass: TOP	net_name: FMC.DATA_TO_FF_P5 
Cline vertex:xy (6397.32 3341.00)	subclass: TOP	net_name: N04910_SFP INTERFACE_SFP6 
Cline vertex:xy (6344.30 4183.50)	subclass: TOP	net_name: N136741_SFP INTERFACE_SFP6 
Cline vertex:xy (6575.00 374.00)	subclass: TOP	net_name: FMC.SPARE_RJ45_0_N 
Cline vertex:xy (6616.00 415.00)	subclass: TOP	net_name: FMC.SPARE_RJ45_0_N 
Cline vertex:xy (6628.00 364.51)	subclass: TOP	net_name: FMC.SPARE_RJ45_0_P 
Cline vertex:xy (6628.00 397.30)	subclass: TOP	net_name: FMC.SPARE_RJ45_0_P 
Cline vertex:xy (6637.00 406.30)	subclass: TOP	net_name: FMC.SPARE_RJ45_0_P 
Cline vertex:xy (9709.31 824.69)	subclass: TOP	net_name: FMC.SPARE_RJ45_0_N 
Cline vertex:xy (9724.00 810.00)	subclass: TOP	net_name: FMC.SPARE_RJ45_0_N 
Cline vertex:xy (9688.31 815.99)	subclass: TOP	net_name: FMC.SPARE_RJ45_0_P 
Cline vertex:xy (9703.00 801.30)	subclass: TOP	net_name: FMC.SPARE_RJ45_0_P 
Cline vertex:xy (6488.00 401.30)	subclass: TOP	net_name: FMC.SPARE_RJ45_1_P 
Cline vertex:xy (6425.00 368.00)	subclass: TOP	net_name: FMC.SPARE_RJ45_1_N 
Cline vertex:xy (6467.00 410.00)	subclass: TOP	net_name: FMC.SPARE_RJ45_1_N 
Cline vertex:xy (9799.31 804.99)	subclass: TOP	net_name: FMC.SPARE_RJ45_1_P 
Cline vertex:xy (9803.00 801.30)	subclass: TOP	net_name: FMC.SPARE_RJ45_1_P 
Cline vertex:xy (9820.31 813.69)	subclass: TOP	net_name: FMC.SPARE_RJ45_1_N 
Cline vertex:xy (9824.00 810.00)	subclass: TOP	net_name: FMC.SPARE_RJ45_1_N 
Cline vertex:xy (6505.53 2944.99)	subclass: TOP	net_name: N210584_SFP INTERFACE_SFP6 
Cline vertex:xy (6503.00 2947.52)	subclass: TOP	net_name: N210584_SFP INTERFACE_SFP6 
Cline vertex:xy (6421.39 3427.00)	subclass: TOP	net_name: R_N_SFP INTERFACE_SFP6 
Cline vertex:xy (6439.25 3394.99)	subclass: TOP	net_name: R_N_SFP INTERFACE_SFP6 
Cline vertex:xy (6441.16 3393.08)	subclass: TOP	net_name: R_N_SFP INTERFACE_SFP6 
Cline vertex:xy (6462.75 3394.99)	subclass: TOP	net_name: R_P_SFP INTERFACE_SFP6 
Cline vertex:xy (6460.84 3393.08)	subclass: TOP	net_name: R_P_SFP INTERFACE_SFP6 
Cline vertex:xy (6804.00 319.30)	subclass: TOP	net_name: FMC.ACLK_REFCLK_N 
Cline vertex:xy (6804.00 328.00)	subclass: TOP	net_name: FMC.ACLK_REFCLK_N 
Cline vertex:xy (6775.00 357.00)	subclass: TOP	net_name: FMC.ACLK_REFCLK_N 
Cline vertex:xy (6825.00 328.00)	subclass: TOP	net_name: FMC.ACLK_REFCLK_P 
Cline vertex:xy (6652.86 4348.71)	subclass: TOP	net_name: SFP_TD_P_SFP INTERFACE_SFP6 
Cline vertex:xy (6647.61 4353.96)	subclass: TOP	net_name: SFP_TD_P_SFP INTERFACE_SFP6 
Cline vertex:xy (6726.64 3286.00)	subclass: TOP	net_name: SFP_TD_N_SFP INTERFACE_SFP6 
Cline vertex:xy (6673.86 4348.71)	subclass: TOP	net_name: SFP_TD_N_SFP INTERFACE_SFP6 
Cline vertex:xy (6679.11 4353.96)	subclass: TOP	net_name: SFP_TD_N_SFP INTERFACE_SFP6 
Cline vertex:xy (6719.64 3367.92)	subclass: TOP	net_name: SFP_TD_P_SFP INTERFACE_SFP6 
Cline vertex:xy (6719.64 3231.08)	subclass: TOP	net_name: SFP_TD_N_SFP INTERFACE_SFP6 
Cline vertex:xy (7234.51 3322.50)	subclass: TOP	net_name: FMC.DATA_TO_FF_P4 
Cline vertex:xy (7235.17 3321.84)	subclass: TOP	net_name: FMC.DATA_TO_FF_P4 
Cline vertex:xy (7234.51 3301.50)	subclass: TOP	net_name: FMC.DATA_TO_FF_N4 
Cline vertex:xy (7235.17 3302.16)	subclass: TOP	net_name: FMC.DATA_TO_FF_N4 
Cline vertex:xy (7329.64 4353.95)	subclass: TOP	net_name: FMC.RECOV_DATA_N4 
Cline vertex:xy (7334.88 4348.71)	subclass: TOP	net_name: FMC.RECOV_DATA_N4 
Cline vertex:xy (7361.13 4353.96)	subclass: TOP	net_name: FMC.RECOV_DATA_P4 
Cline vertex:xy (7355.88 4348.71)	subclass: TOP	net_name: FMC.RECOV_DATA_P4 
Cline vertex:xy (7215.27 4183.47)	subclass: TOP	net_name: N136741_SFP INTERFACE_SFP5 
Cline vertex:xy (7215.30 4183.50)	subclass: TOP	net_name: N136741_SFP INTERFACE_SFP5 
Cline vertex:xy (7388.74 685.20)	subclass: TOP	net_name: N727253 
Cline vertex:xy (7399.37 609.57)	subclass: TOP	net_name: N727253 
Cline vertex:xy (7292.39 3427.00)	subclass: TOP	net_name: R_N_SFP INTERFACE_SFP5 
Cline vertex:xy (7310.25 3394.99)	subclass: TOP	net_name: R_N_SFP INTERFACE_SFP5 
Cline vertex:xy (7312.16 3393.08)	subclass: TOP	net_name: R_N_SFP INTERFACE_SFP5 
Cline vertex:xy (7331.84 3393.08)	subclass: TOP	net_name: R_P_SFP INTERFACE_SFP5 
Cline vertex:xy (7268.32 3341.00)	subclass: TOP	net_name: N04910_SFP INTERFACE_SFP5 
Cline vertex:xy (8121.79 593.20)	subclass: TOP	net_name: N224468 
Cline vertex:xy (8122.99 592.00)	subclass: TOP	net_name: N224468 
Cline vertex:xy (7376.53 2944.99)	subclass: TOP	net_name: N210584_SFP INTERFACE_SFP5 
Cline vertex:xy (7374.00 2947.52)	subclass: TOP	net_name: N210584_SFP INTERFACE_SFP5 
Cline vertex:xy (7523.86 4348.71)	subclass: TOP	net_name: SFP_TD_P_SFP INTERFACE_SFP5 
Cline vertex:xy (7518.61 4353.96)	subclass: TOP	net_name: SFP_TD_P_SFP INTERFACE_SFP5 
Cline vertex:xy (7544.86 4348.71)	subclass: TOP	net_name: SFP_TD_N_SFP INTERFACE_SFP5 
Cline vertex:xy (7550.11 4353.96)	subclass: TOP	net_name: SFP_TD_N_SFP INTERFACE_SFP5 
Cline vertex:xy (7590.64 3367.92)	subclass: TOP	net_name: SFP_TD_P_SFP INTERFACE_SFP5 
Cline vertex:xy (7821.55 644.39)	subclass: TOP	net_name: FMC.SFP_TX_DISABLE4 
Cline vertex:xy (7820.94 645.00)	subclass: TOP	net_name: FMC.SFP_TX_DISABLE4 
Cline vertex:xy (8359.00 1532.00)	subclass: TOP	net_name: FMC.SFP_TX_DISABLE4 
Cline vertex:xy (7761.99 542.02)	subclass: TOP	net_name: A0_2 
Cline vertex:xy (7759.29 544.72)	subclass: TOP	net_name: A0_2 
Cline vertex:xy (7590.64 3231.08)	subclass: TOP	net_name: SFP_TD_N_SFP INTERFACE_SFP5 
Cline vertex:xy (8112.51 3301.50)	subclass: TOP	net_name: FMC.DATA_TO_FF_N3 
Cline vertex:xy (8113.17 3302.16)	subclass: TOP	net_name: FMC.DATA_TO_FF_N3 
Cline vertex:xy (8112.51 3322.50)	subclass: TOP	net_name: FMC.DATA_TO_FF_P3 
Cline vertex:xy (8113.17 3321.84)	subclass: TOP	net_name: FMC.DATA_TO_FF_P3 
Cline vertex:xy (8146.32 3341.00)	subclass: TOP	net_name: N04910_SFP INTERFACE_SFP4 
Cline vertex:xy (8093.27 4183.47)	subclass: TOP	net_name: N136741_SFP INTERFACE_SFP4 
Cline vertex:xy (8093.30 4183.50)	subclass: TOP	net_name: N136741_SFP INTERFACE_SFP4 
Cline vertex:xy (8254.53 2944.99)	subclass: TOP	net_name: N210584_SFP INTERFACE_SFP4 
Cline vertex:xy (8252.00 2947.52)	subclass: TOP	net_name: N210584_SFP INTERFACE_SFP4 
Cline vertex:xy (8170.39 3427.00)	subclass: TOP	net_name: R_N_SFP INTERFACE_SFP4 
Cline vertex:xy (8188.25 3394.99)	subclass: TOP	net_name: R_N_SFP INTERFACE_SFP4 
Cline vertex:xy (8190.16 3393.08)	subclass: TOP	net_name: R_N_SFP INTERFACE_SFP4 
Cline vertex:xy (8209.84 3393.08)	subclass: TOP	net_name: R_P_SFP INTERFACE_SFP4 
Cline vertex:xy (8207.64 4353.95)	subclass: TOP	net_name: FMC.RECOV_DATA_N3 
Cline vertex:xy (8212.88 4348.71)	subclass: TOP	net_name: FMC.RECOV_DATA_N3 
Cline vertex:xy (8212.88 4193.58)	subclass: TOP	net_name: FMC.RECOV_DATA_N3 
Cline vertex:xy (8197.00 4177.70)	subclass: TOP	net_name: FMC.RECOV_DATA_N3 
Cline vertex:xy (8239.13 4353.96)	subclass: TOP	net_name: FMC.RECOV_DATA_P3 
Cline vertex:xy (8233.88 4348.71)	subclass: TOP	net_name: FMC.RECOV_DATA_P3 
Cline vertex:xy (8233.88 4184.88)	subclass: TOP	net_name: FMC.RECOV_DATA_P3 
Cline vertex:xy (8218.00 4169.00)	subclass: TOP	net_name: FMC.RECOV_DATA_P3 
Cline vertex:xy (8441.01 547.02)	subclass: TOP	net_name: A0_1 
Cline vertex:xy (8438.71 544.72)	subclass: TOP	net_name: A0_1 
Cline vertex:xy (8475.64 3286.00)	subclass: TOP	net_name: SFP_TD_N_SFP INTERFACE_SFP4 
Cline vertex:xy (8422.86 4348.71)	subclass: TOP	net_name: SFP_TD_N_SFP INTERFACE_SFP4 
Cline vertex:xy (8428.11 4353.96)	subclass: TOP	net_name: SFP_TD_N_SFP INTERFACE_SFP4 
Cline vertex:xy (8401.86 4348.71)	subclass: TOP	net_name: SFP_TD_P_SFP INTERFACE_SFP4 
Cline vertex:xy (8396.61 4353.96)	subclass: TOP	net_name: SFP_TD_P_SFP INTERFACE_SFP4 
Cline vertex:xy (8468.64 3231.08)	subclass: TOP	net_name: SFP_TD_N_SFP INTERFACE_SFP4 
Cline vertex:xy (8468.64 3367.92)	subclass: TOP	net_name: SFP_TD_P_SFP INTERFACE_SFP4 
Cline vertex:xy (8823.15 495.84)	subclass: TOP	net_name: A1_1 
Cline vertex:xy (8825.27 493.72)	subclass: TOP	net_name: A1_1 
Cline vertex:xy (9262.51 3322.50)	subclass: TOP	net_name: FMC.DATA_TO_FF_P2 
Cline vertex:xy (9263.17 3321.84)	subclass: TOP	net_name: FMC.DATA_TO_FF_P2 
Cline vertex:xy (9262.51 3301.50)	subclass: TOP	net_name: FMC.DATA_TO_FF_N2 
Cline vertex:xy (9263.17 3302.16)	subclass: TOP	net_name: FMC.DATA_TO_FF_N2 
Cline vertex:xy (9244.27 4183.53)	subclass: TOP	net_name: N136741_SFP INTERFACE_SFP3 
Cline vertex:xy (9244.30 4183.50)	subclass: TOP	net_name: N136741_SFP INTERFACE_SFP3 
Cline vertex:xy (9404.53 2944.99)	subclass: TOP	net_name: N210584_SFP INTERFACE_SFP3 
Cline vertex:xy (9402.00 2947.52)	subclass: TOP	net_name: N210584_SFP INTERFACE_SFP3 
Cline vertex:xy (9320.39 3427.00)	subclass: TOP	net_name: R_N_SFP INTERFACE_SFP3 
Cline vertex:xy (9338.25 3394.99)	subclass: TOP	net_name: R_N_SFP INTERFACE_SFP3 
Cline vertex:xy (9340.16 3393.08)	subclass: TOP	net_name: R_N_SFP INTERFACE_SFP3 
Cline vertex:xy (9359.84 3393.08)	subclass: TOP	net_name: R_P_SFP INTERFACE_SFP3 
Cline vertex:xy (9296.32 3341.00)	subclass: TOP	net_name: N04910_SFP INTERFACE_SFP3 
Cline vertex:xy (9390.13 4353.96)	subclass: TOP	net_name: FMC.RECOV_DATA_P2 
Cline vertex:xy (9384.88 4348.71)	subclass: TOP	net_name: FMC.RECOV_DATA_P2 
Cline vertex:xy (9384.88 4103.04)	subclass: TOP	net_name: FMC.RECOV_DATA_P2 
Cline vertex:xy (9385.13 4102.79)	subclass: TOP	net_name: FMC.RECOV_DATA_P2 
Cline vertex:xy (9358.64 4353.95)	subclass: TOP	net_name: FMC.RECOV_DATA_N2 
Cline vertex:xy (9363.88 4348.71)	subclass: TOP	net_name: FMC.RECOV_DATA_N2 
Cline vertex:xy (9363.88 4103.04)	subclass: TOP	net_name: FMC.RECOV_DATA_N2 
Cline vertex:xy (9363.63 4102.79)	subclass: TOP	net_name: FMC.RECOV_DATA_N2 
Cline vertex:xy (9552.86 4348.71)	subclass: TOP	net_name: SFP_TD_P_SFP INTERFACE_SFP3 
Cline vertex:xy (9547.61 4353.96)	subclass: TOP	net_name: SFP_TD_P_SFP INTERFACE_SFP3 
Cline vertex:xy (9573.86 4348.71)	subclass: TOP	net_name: SFP_TD_N_SFP INTERFACE_SFP3 
Cline vertex:xy (9579.11 4353.96)	subclass: TOP	net_name: SFP_TD_N_SFP INTERFACE_SFP3 
Cline vertex:xy (9618.64 3367.92)	subclass: TOP	net_name: SFP_TD_P_SFP INTERFACE_SFP3 
Cline vertex:xy (9618.64 3231.08)	subclass: TOP	net_name: SFP_TD_N_SFP INTERFACE_SFP3 
Cline vertex:xy (9985.05 727.95)	subclass: TOP	net_name: N437368 
Cline vertex:xy (9985.00 728.00)	subclass: TOP	net_name: N437368 
Cline vertex:xy (9984.95 727.95)	subclass: TOP	net_name: N437368 
Cline vertex:xy (10140.51 3301.50)	subclass: TOP	net_name: FMC.DATA_TO_FF_N1 
Cline vertex:xy (10141.17 3302.16)	subclass: TOP	net_name: FMC.DATA_TO_FF_N1 
Cline vertex:xy (10140.51 3322.50)	subclass: TOP	net_name: FMC.DATA_TO_FF_P1 
Cline vertex:xy (10141.17 3321.84)	subclass: TOP	net_name: FMC.DATA_TO_FF_P1 
Cline vertex:xy (10174.32 3341.00)	subclass: TOP	net_name: N04910_SFP INTERFACE_SFP2 
Cline vertex:xy (10198.39 3427.00)	subclass: TOP	net_name: R_N_SFP INTERFACE_SFP2 
Cline vertex:xy (10216.25 3394.99)	subclass: TOP	net_name: R_N_SFP INTERFACE_SFP2 
Cline vertex:xy (10218.16 3393.08)	subclass: TOP	net_name: R_N_SFP INTERFACE_SFP2 
Cline vertex:xy (10237.84 3393.08)	subclass: TOP	net_name: R_P_SFP INTERFACE_SFP2 
Cline vertex:xy (10236.64 4353.95)	subclass: TOP	net_name: FMC.RECOV_DATA_N1 
Cline vertex:xy (10241.88 4348.71)	subclass: TOP	net_name: FMC.RECOV_DATA_N1 
Cline vertex:xy (10241.88 4257.42)	subclass: TOP	net_name: FMC.RECOV_DATA_N1 
Cline vertex:xy (10258.00 4241.30)	subclass: TOP	net_name: FMC.RECOV_DATA_N1 
Cline vertex:xy (10268.13 4353.96)	subclass: TOP	net_name: FMC.RECOV_DATA_P1 
Cline vertex:xy (10262.88 4348.71)	subclass: TOP	net_name: FMC.RECOV_DATA_P1 
Cline vertex:xy (10262.88 4266.12)	subclass: TOP	net_name: FMC.RECOV_DATA_P1 
Cline vertex:xy (10279.00 4250.00)	subclass: TOP	net_name: FMC.RECOV_DATA_P1 
Cline vertex:xy (10122.27 4183.53)	subclass: TOP	net_name: N136741_SFP INTERFACE_SFP2 
Cline vertex:xy (10122.30 4183.50)	subclass: TOP	net_name: N136741_SFP INTERFACE_SFP2 
Cline vertex:xy (10430.86 4348.71)	subclass: TOP	net_name: SFP_TD_P_SFP INTERFACE_SFP2 
Cline vertex:xy (10425.61 4353.96)	subclass: TOP	net_name: SFP_TD_P_SFP INTERFACE_SFP2 
Cline vertex:xy (10451.86 4348.71)	subclass: TOP	net_name: SFP_TD_N_SFP INTERFACE_SFP2 
Cline vertex:xy (10457.11 4353.96)	subclass: TOP	net_name: SFP_TD_N_SFP INTERFACE_SFP2 
Cline vertex:xy (10456.00 3368.28)	subclass: TOP	net_name: SFP_TD_P_SFP INTERFACE_SFP2 
Cline vertex:xy (10497.00 3368.28)	subclass: TOP	net_name: SFP_TD_P_SFP INTERFACE_SFP2 
Cline vertex:xy (10496.64 3367.92)	subclass: TOP	net_name: SFP_TD_P_SFP INTERFACE_SFP2 
Cline vertex:xy (10496.64 3231.08)	subclass: TOP	net_name: SFP_TD_N_SFP INTERFACE_SFP2 
Cline vertex:xy (10857.60 2517.00)	subclass: TOP	net_name: FMC.DATA_TO_FF_P0 
Cline vertex:xy (11009.51 3318.50)	subclass: TOP	net_name: FMC.DATA_TO_FF_P0 
Cline vertex:xy (11010.17 3317.84)	subclass: TOP	net_name: FMC.DATA_TO_FF_P0 
Cline vertex:xy (10866.30 2538.00)	subclass: TOP	net_name: FMC.DATA_TO_FF_N0 
Cline vertex:xy (11009.51 3297.50)	subclass: TOP	net_name: FMC.DATA_TO_FF_N0 
Cline vertex:xy (11010.17 3298.16)	subclass: TOP	net_name: FMC.DATA_TO_FF_N0 
Cline vertex:xy (10991.27 4183.47)	subclass: TOP	net_name: N136741_SFP INTERFACE_SFP1 
Cline vertex:xy (10991.30 4183.50)	subclass: TOP	net_name: N136741_SFP INTERFACE_SFP1 
Cline vertex:xy (10988.53 2891.99)	subclass: TOP	net_name: N210584_SFP INTERFACE_SFP1 
Cline vertex:xy (10986.00 2894.52)	subclass: TOP	net_name: N210584_SFP INTERFACE_SFP1 
Cline vertex:xy (11067.39 3423.00)	subclass: TOP	net_name: R_N_SFP INTERFACE_SFP1 
Cline vertex:xy (11085.25 3390.99)	subclass: TOP	net_name: R_N_SFP INTERFACE_SFP1 
Cline vertex:xy (11087.16 3389.08)	subclass: TOP	net_name: R_N_SFP INTERFACE_SFP1 
Cline vertex:xy (11106.84 3389.08)	subclass: TOP	net_name: R_P_SFP INTERFACE_SFP1 
Cline vertex:xy (11043.32 3337.00)	subclass: TOP	net_name: N04910_SFP INTERFACE_SFP1 
Cline vertex:xy (11105.64 4355.95)	subclass: TOP	net_name: FMC.RECOV_DATA_N0 
Cline vertex:xy (11110.88 4350.71)	subclass: TOP	net_name: FMC.RECOV_DATA_N0 
Cline vertex:xy (11110.88 4259.42)	subclass: TOP	net_name: FMC.RECOV_DATA_N0 
Cline vertex:xy (11119.66 4250.64)	subclass: TOP	net_name: FMC.RECOV_DATA_N0 
Cline vertex:xy (11137.13 4355.96)	subclass: TOP	net_name: FMC.RECOV_DATA_P0 
Cline vertex:xy (11131.88 4350.71)	subclass: TOP	net_name: FMC.RECOV_DATA_P0 
Cline vertex:xy (11131.88 4268.12)	subclass: TOP	net_name: FMC.RECOV_DATA_P0 
Cline vertex:xy (11140.66 4259.34)	subclass: TOP	net_name: FMC.RECOV_DATA_P0 
Cline vertex:xy (11299.86 4350.71)	subclass: TOP	net_name: SFP_TD_P_SFP INTERFACE_SFP1 
Cline vertex:xy (11294.61 4355.96)	subclass: TOP	net_name: SFP_TD_P_SFP INTERFACE_SFP1 
Cline vertex:xy (11320.86 4350.71)	subclass: TOP	net_name: SFP_TD_N_SFP INTERFACE_SFP1 
Cline vertex:xy (11326.11 4355.96)	subclass: TOP	net_name: SFP_TD_N_SFP INTERFACE_SFP1 
Cline vertex:xy (11365.64 3363.92)	subclass: TOP	net_name: SFP_TD_P_SFP INTERFACE_SFP1 
Cline vertex:xy (11684.00 810.00)	subclass: TOP	net_name: BNC_DIR 
Cline vertex:xy (11683.00 809.00)	subclass: TOP	net_name: BNC_DIR 
Cline vertex:xy (11365.64 3227.08)	subclass: TOP	net_name: SFP_TD_N_SFP INTERFACE_SFP1 
Cline vertex:xy (5672.51 436.00)	subclass: SIG	net_name: FMC.TEMP_INTR* 
Cline vertex:xy (3199.49 345.51)	subclass: SIG	net_name: FMC.SCL_FPGA 
Cline vertex:xy (3199.49 345.49)	subclass: SIG	net_name: FMC.SCL_FPGA 
Cline vertex:xy (3099.00 4180.00)	subclass: SIG	net_name: FMC.SCL3 
Cline vertex:xy (3099.00 4319.00)	subclass: SIG	net_name: FMC.SCL2 
Cline vertex:xy (3099.00 4458.00)	subclass: SIG	net_name: FMC.SCL1 
Cline vertex:xy (3230.00 4180.00)	subclass: SIG	net_name: FMC.SDA3 
Cline vertex:xy (10401.81 4848.81)	subclass: SIG	net_name: FMC.SDA2 
Cline vertex:xy (3230.00 4319.00)	subclass: SIG	net_name: FMC.SDA2 
Cline vertex:xy (3230.00 4458.00)	subclass: SIG	net_name: FMC.SDA1 
Cline vertex:xy (7022.35 1698.39)	subclass: SIG	net_name: FMC.CLK_FROM_FPGA_P 
Cline vertex:xy (7022.00 1698.04)	subclass: SIG	net_name: FMC.CLK_FROM_FPGA_P 
Cline vertex:xy (7022.00 1691.37)	subclass: SIG	net_name: FMC.CLK_FROM_FPGA_P 
Cline vertex:xy (7006.35 1705.02)	subclass: SIG	net_name: FMC.CLK_FROM_FPGA_N 
Cline vertex:xy (7006.00 1704.67)	subclass: SIG	net_name: FMC.CLK_FROM_FPGA_N 
Cline vertex:xy (7006.00 1698.00)	subclass: SIG	net_name: FMC.CLK_FROM_FPGA_N 
Cline vertex:xy (4664.00 4319.00)	subclass: SIG	net_name: FMC.SCL5 
Cline vertex:xy (6277.00 236.49)	subclass: SIG	net_name: FMC.FPGA_CLK_FILTER_B 
Cline vertex:xy (5466.00 269.00)	subclass: SIG	net_name: FMC.FPGA_CLK_GEN_LOL* 
Cline vertex:xy (5465.00 268.00)	subclass: SIG	net_name: FMC.FPGA_CLK_GEN_LOL* 
Cline vertex:xy (5451.00 299.00)	subclass: SIG	net_name: FMC.FPGA_I2C_EXT_INT1* 
Cline vertex:xy (5452.00 300.00)	subclass: SIG	net_name: FMC.FPGA_I2C_EXT_INT1* 
Cline vertex:xy (4794.00 4984.00)	subclass: SIG	net_name: N361011 
Cline vertex:xy (4795.00 4983.00)	subclass: SIG	net_name: N361011 
Cline vertex:xy (4865.00 5098.00)	subclass: SIG	net_name: N361478 
Cline vertex:xy (4866.00 5099.00)	subclass: SIG	net_name: N361478 
Cline vertex:xy (9371.00 180.20)	subclass: SIG	net_name: FMC.SPARE_RJ45_LED_0 
Cline vertex:xy (4969.18 1433.27)	subclass: SIG	net_name: FMC.SPARE_RJ45_LED_0 
Cline vertex:xy (4966.91 1431.00)	subclass: SIG	net_name: FMC.SPARE_RJ45_LED_0 
Cline vertex:xy (4120.00 3883.00)	subclass: SIG	net_name: FMC.ACLK_SFP_TX_DIS 
Cline vertex:xy (4119.00 3883.00)	subclass: SIG	net_name: FMC.ACLK_SFP_TX_DIS 
Cline vertex:xy (6354.56 1369.14)	subclass: SIG	net_name: FMC.SPARE_LEMO_0 
Cline vertex:xy (6354.56 1369.15)	subclass: SIG	net_name: FMC.SPARE_LEMO_0 
Cline vertex:xy (6335.06 1361.06)	subclass: SIG	net_name: FMC.SPARE_BNC_1 
Cline vertex:xy (10789.00 3906.00)	subclass: SIG	net_name: FMC.SFP_TX_DISABLE1 
Cline vertex:xy (10788.00 3907.00)	subclass: SIG	net_name: FMC.SFP_TX_DISABLE1 
Cline vertex:xy (9902.99 3120.99)	subclass: SIG	net_name: N266420 
Cline vertex:xy (9865.01 3130.01)	subclass: SIG	net_name: N266416 
Cline vertex:xy (10071.50 3214.00)	subclass: BOTTOM	net_name: GND_POWER 
Cline vertex:xy (6297.50 3211.00)	subclass: BOTTOM	net_name: GND_POWER 
Cline vertex:xy (10449.06 4601.00)	subclass: BOTTOM	net_name: GND_POWER 
Cline vertex:xy (10232.94 4601.00)	subclass: BOTTOM	net_name: GND_POWER 
Cline vertex:xy (9354.94 4601.00)	subclass: BOTTOM	net_name: GND_POWER 
Cline vertex:xy (8420.06 4602.00)	subclass: BOTTOM	net_name: GND_POWER 
Cline vertex:xy (8203.94 4600.00)	subclass: BOTTOM	net_name: GND_POWER 
Cline vertex:xy (7325.94 4603.00)	subclass: BOTTOM	net_name: GND_POWER 
Cline vertex:xy (7542.06 4601.00)	subclass: BOTTOM	net_name: GND_POWER 
Cline vertex:xy (1952.00 1872.00)	subclass: BOTTOM	net_name: GND_POWER 
Cline vertex:xy (8591.82 3906.18)	subclass: BOTTOM	net_name: GND_POWER 
Cline vertex:xy (8594.00 3904.00)	subclass: BOTTOM	net_name: GND_POWER 
Cline vertex:xy (1950.00 3875.00)	subclass: BOTTOM	net_name: GND_POWER 
Cline vertex:xy (236.06 4940.94)	subclass: BOTTOM	net_name: GND_POWER 
Cline vertex:xy (174.04 1902.53)	subclass: BOTTOM	net_name: GND_POWER 
Cline vertex:xy (176.04 1904.53)	subclass: BOTTOM	net_name: GND_POWER 
Cline vertex:xy (5082.24 2916.00)	subclass: BOTTOM	net_name: GND_POWER 
Cline vertex:xy (5083.24 2917.00)	subclass: BOTTOM	net_name: GND_POWER 
Cline vertex:xy (163.79 1702.47)	subclass: BOTTOM	net_name: VP3V5 
Cline vertex:xy (163.26 1701.94)	subclass: BOTTOM	net_name: VP3V5 
Cline vertex:xy (289.00 1306.47)	subclass: BOTTOM	net_name: PG_3V5 
Cline vertex:xy (287.53 1228.46)	subclass: BOTTOM	net_name: PG_3V5 
Cline vertex:xy (286.28 1227.21)	subclass: BOTTOM	net_name: PG_3V5 
Cline vertex:xy (203.00 1789.49)	subclass: BOTTOM	net_name: FB_5V5 
Cline vertex:xy (204.00 1788.49)	subclass: BOTTOM	net_name: FB_5V5 
Cline vertex:xy (171.79 1761.53)	subclass: BOTTOM	net_name: FB_5V5 
Cline vertex:xy (163.26 1770.06)	subclass: BOTTOM	net_name: FB_5V5 
Cline vertex:xy (232.23 1761.00)	subclass: BOTTOM	net_name: FB_5V5 
Cline vertex:xy (231.70 1761.53)	subclass: BOTTOM	net_name: FB_5V5 
Cline vertex:xy (537.00 406.00)	subclass: BOTTOM	net_name: 12V_FANS 
Cline vertex:xy (452.94 406.00)	subclass: BOTTOM	net_name: 12V_FANS 
Cline vertex:xy (232.06 5009.06)	subclass: BOTTOM	net_name: 12V_FANS 
Cline vertex:xy (647.53 2930.30)	subclass: BOTTOM	net_name: FB_5V 
Cline vertex:xy (646.53 2931.30)	subclass: BOTTOM	net_name: FB_5V 
Cline vertex:xy (930.47 2900.54)	subclass: BOTTOM	net_name: PG_5V 
Cline vertex:xy (931.72 2901.79)	subclass: BOTTOM	net_name: PG_5V 
Cline vertex:xy (2755.00 4576.50)	subclass: BOTTOM	net_name: FMC.SCL0 
Cline vertex:xy (2756.00 4577.50)	subclass: BOTTOM	net_name: FMC.SCL0 
Cline vertex:xy (998.28 5296.32)	subclass: BOTTOM	net_name: VCC5V_LFILT 
Cline vertex:xy (998.22 5296.26)	subclass: BOTTOM	net_name: VCC5V_LFILT 
Cline vertex:xy (10955.00 408.00)	subclass: BOTTOM	net_name: VCC5V 
Cline vertex:xy (10954.00 407.00)	subclass: BOTTOM	net_name: VCC5V 
Cline vertex:xy (9557.28 4878.72)	subclass: BOTTOM	net_name: VCC3V3 
Cline vertex:xy (11188.97 4878.69)	subclass: BOTTOM	net_name: VCC3V3 
Cline vertex:xy (1617.27 1871.37)	subclass: BOTTOM	net_name: N808593 
Cline vertex:xy (1616.90 1871.00)	subclass: BOTTOM	net_name: N808593 
Cline vertex:xy (1617.53 2580.37)	subclass: BOTTOM	net_name: N325185 
Cline vertex:xy (1615.90 2582.00)	subclass: BOTTOM	net_name: N325185 
Cline vertex:xy (1682.00 2682.10)	subclass: BOTTOM	net_name: N325181 
Cline vertex:xy (1683.00 2683.10)	subclass: BOTTOM	net_name: N325181 
Cline vertex:xy (1615.53 3289.37)	subclass: BOTTOM	net_name: N146332 
Cline vertex:xy (1614.90 3290.00)	subclass: BOTTOM	net_name: N146332 
Cline vertex:xy (1615.27 3874.37)	subclass: BOTTOM	net_name: N323582 
Cline vertex:xy (1614.90 3874.00)	subclass: BOTTOM	net_name: N323582 
Cline vertex:xy (2170.47 2666.04)	subclass: BOTTOM	net_name: PG_2V5 
Cline vertex:xy (2169.72 2666.79)	subclass: BOTTOM	net_name: PG_2V5 
Cline vertex:xy (1723.00 2683.10)	subclass: BOTTOM	net_name: N325177 
Cline vertex:xy (1723.31 2682.79)	subclass: BOTTOM	net_name: N325177 
Cline vertex:xy (1804.00 2682.19)	subclass: BOTTOM	net_name: N325169 
Cline vertex:xy (1803.00 2683.19)	subclass: BOTTOM	net_name: N325169 
Cline vertex:xy (1723.00 3368.00)	subclass: BOTTOM	net_name: N322373 
Cline vertex:xy (2160.47 3984.54)	subclass: BOTTOM	net_name: PG_3V3 
Cline vertex:xy (2161.72 3985.79)	subclass: BOTTOM	net_name: PG_3V3 
Cline vertex:xy (4662.53 4597.53)	subclass: BOTTOM	net_name: FMC.SCL_FPGA 
Cline vertex:xy (4789.47 4599.47)	subclass: BOTTOM	net_name: FMC.SDA_FPGA 
Cline vertex:xy (3393.94 5176.02)	subclass: BOTTOM	net_name: VCC3V3_LFILT 
Cline vertex:xy (3394.00 5175.96)	subclass: BOTTOM	net_name: VCC3V3_LFILT 
Cline vertex:xy (3278.94 5273.00)	subclass: BOTTOM	net_name: VCC3V3_LFILT 
Cline vertex:xy (3505.00 3787.50)	subclass: BOTTOM	net_name: I2C_SW_RST* 
Cline vertex:xy (3505.43 3787.07)	subclass: BOTTOM	net_name: I2C_SW_RST* 
Cline vertex:xy (3827.28 3961.05)	subclass: BOTTOM	net_name: FMC.PG_1V8 
Cline vertex:xy (3827.53 3961.30)	subclass: BOTTOM	net_name: FMC.PG_1V8 
Cline vertex:xy (5239.00 2991.00)	subclass: BOTTOM	net_name: FMC.ACLK_SFP_SDA 
Cline vertex:xy (4024.00 2640.47)	subclass: BOTTOM	net_name: N339674 
Cline vertex:xy (4024.00 2761.17)	subclass: BOTTOM	net_name: N339693 
Cline vertex:xy (4023.53 2760.70)	subclass: BOTTOM	net_name: N339693 
Cline vertex:xy (3801.06 2601.16)	subclass: BOTTOM	net_name: VDDA_FILT 
Cline vertex:xy (3801.37 2601.47)	subclass: BOTTOM	net_name: VDDA_FILT 
Cline vertex:xy (4062.50 3939.46)	subclass: BOTTOM	net_name: N635295 
Cline vertex:xy (4063.40 3938.56)	subclass: BOTTOM	net_name: N635295 
Cline vertex:xy (8206.48 328.53)	subclass: BOTTOM	net_name: FMC.I2C_EXT_RST* 
Cline vertex:xy (8203.48 331.53)	subclass: BOTTOM	net_name: FMC.I2C_EXT_RST* 
Cline vertex:xy (4665.76 3136.00)	subclass: BOTTOM	net_name: VDDO_FILT 
Cline vertex:xy (4664.92 3135.16)	subclass: BOTTOM	net_name: VDDO_FILT 
Cline vertex:xy (4573.50 3012.00)	subclass: BOTTOM	net_name: VDDO_FILT 
Cline vertex:xy (4573.03 3011.53)	subclass: BOTTOM	net_name: VDDO_FILT 
Cline vertex:xy (4487.55 3012.00)	subclass: BOTTOM	net_name: VDDO_FILT 
Cline vertex:xy (4634.24 3281.00)	subclass: BOTTOM	net_name: VDDO_FILT 
Cline vertex:xy (4633.74 3280.50)	subclass: BOTTOM	net_name: VDDO_FILT 
Cline vertex:xy (5318.00 4807.00)	subclass: BOTTOM	net_name: N361011 
Cline vertex:xy (5512.36 4842.92)	subclass: BOTTOM	net_name: N361478 
Cline vertex:xy (5388.00 362.00)	subclass: BOTTOM	net_name: FPGA_3V3 
Cline vertex:xy (5451.94 4489.94)	subclass: BOTTOM	net_name: VCCT_SFP INTERFACE_ACLK SFP 
Cline vertex:xy (5391.00 4807.38)	subclass: BOTTOM	net_name: MOD_ABS_SFP INTERFACE_ACLK SFP 
Cline vertex:xy (5354.88 4823.33)	subclass: BOTTOM	net_name: RS_SFP INTERFACE_ACLK SFP 
Cline vertex:xy (5355.00 4823.45)	subclass: BOTTOM	net_name: RS_SFP INTERFACE_ACLK SFP 
Cline vertex:xy (6294.00 3112.50)	subclass: BOTTOM	net_name: N141568_SFP INTERFACE_SFP6 
Cline vertex:xy (6505.72 3032.15)	subclass: BOTTOM	net_name: N210584_SFP INTERFACE_SFP6 
Cline vertex:xy (6505.53 3031.96)	subclass: BOTTOM	net_name: N210584_SFP INTERFACE_SFP6 
Cline vertex:xy (6601.00 4603.06)	subclass: BOTTOM	net_name: VCCT_SFP INTERFACE_SFP6 
Cline vertex:xy (6542.00 4807.38)	subclass: BOTTOM	net_name: MOD_ABS_SFP INTERFACE_SFP6 
Cline vertex:xy (6469.00 4807.00)	subclass: BOTTOM	net_name: N224496 
Cline vertex:xy (6505.88 4823.33)	subclass: BOTTOM	net_name: RS_SFP INTERFACE_SFP6 
Cline vertex:xy (6506.00 4823.45)	subclass: BOTTOM	net_name: RS_SFP INTERFACE_SFP6 
Cline vertex:xy (6663.36 4842.92)	subclass: BOTTOM	net_name: N224492 
Cline vertex:xy (7404.00 4595.06)	subclass: BOTTOM	net_name: VCCR_SFP INTERFACE_SFP5 
Cline vertex:xy (7340.00 4807.00)	subclass: BOTTOM	net_name: N224468 
Cline vertex:xy (7376.72 3032.15)	subclass: BOTTOM	net_name: N210584_SFP INTERFACE_SFP5 
Cline vertex:xy (7376.53 3031.96)	subclass: BOTTOM	net_name: N210584_SFP INTERFACE_SFP5 
Cline vertex:xy (7472.00 4602.94)	subclass: BOTTOM	net_name: VCCT_SFP INTERFACE_SFP5 
Cline vertex:xy (7413.00 4807.38)	subclass: BOTTOM	net_name: MOD_ABS_SFP INTERFACE_SFP5 
Cline vertex:xy (7534.36 4842.92)	subclass: BOTTOM	net_name: N224464 
Cline vertex:xy (7376.88 4823.33)	subclass: BOTTOM	net_name: RS_SFP INTERFACE_SFP5 
Cline vertex:xy (7377.00 4823.45)	subclass: BOTTOM	net_name: RS_SFP INTERFACE_SFP5 
Cline vertex:xy (8218.00 4807.00)	subclass: BOTTOM	net_name: N224436 
Cline vertex:xy (8412.36 4842.92)	subclass: BOTTOM	net_name: N224432 
Cline vertex:xy (8043.00 3112.50)	subclass: BOTTOM	net_name: N141568_SFP INTERFACE_SFP4 
Cline vertex:xy (8092.00 3071.28)	subclass: BOTTOM	net_name: N141568_SFP INTERFACE_SFP4 
Cline vertex:xy (8282.00 4598.06)	subclass: BOTTOM	net_name: VCCR_SFP INTERFACE_SFP4 
Cline vertex:xy (8131.72 3005.19)	subclass: BOTTOM	net_name: N210584_SFP INTERFACE_SFP4 
Cline vertex:xy (8291.00 4807.38)	subclass: BOTTOM	net_name: MOD_ABS_SFP INTERFACE_SFP4 
Cline vertex:xy (8254.88 4823.33)	subclass: BOTTOM	net_name: RS_SFP INTERFACE_SFP4 
Cline vertex:xy (8255.00 4823.45)	subclass: BOTTOM	net_name: RS_SFP INTERFACE_SFP4 
Cline vertex:xy (9563.36 4842.92)	subclass: BOTTOM	net_name: N224400 
Cline vertex:xy (9369.00 4807.00)	subclass: BOTTOM	net_name: N224404 
Cline vertex:xy (8350.00 4603.94)	subclass: BOTTOM	net_name: VCCT_SFP INTERFACE_SFP4 
Cline vertex:xy (10247.00 4807.00)	subclass: BOTTOM	net_name: N266420 
Cline vertex:xy (10441.36 4842.92)	subclass: BOTTOM	net_name: N266416 
Cline vertex:xy (11310.36 4842.89)	subclass: BOTTOM	net_name: N351209 
Cline vertex:xy (11116.00 4809.00)	subclass: BOTTOM	net_name: N351234 
Cline vertex:xy (9309.53 767.93)	subclass: BOTTOM	net_name: SPARE_RJ45_CM 
Cline vertex:xy (9309.00 767.40)	subclass: BOTTOM	net_name: SPARE_RJ45_CM 
Cline vertex:xy (9374.47 767.87)	subclass: BOTTOM	net_name: SPARE_RJ45_CM 
Cline vertex:xy (9374.00 767.40)	subclass: BOTTOM	net_name: SPARE_RJ45_CM 
Cline vertex:xy (9413.24 746.64)	subclass: BOTTOM	net_name: SPARE_RJ45_CM 
Cline vertex:xy (9414.24 747.64)	subclass: BOTTOM	net_name: SPARE_RJ45_CM 
Cline vertex:xy (9193.00 3112.50)	subclass: BOTTOM	net_name: N141568_SFP INTERFACE_SFP3 
Cline vertex:xy (9196.00 3066.00)	subclass: BOTTOM	net_name: N141568_SFP INTERFACE_SFP3 
Cline vertex:xy (9433.00 4597.06)	subclass: BOTTOM	net_name: VCCR_SFP INTERFACE_SFP3 
Cline vertex:xy (9404.06 2910.00)	subclass: BOTTOM	net_name: N210584_SFP INTERFACE_SFP3 
Cline vertex:xy (9271.72 3004.19)	subclass: BOTTOM	net_name: N210584_SFP INTERFACE_SFP3 
Cline vertex:xy (9333.00 3600.00)	subclass: BOTTOM	net_name: FMC.RECOV_DATA_P2 
Cline vertex:xy (9330.69 3600.00)	subclass: BOTTOM	net_name: FMC.RECOV_DATA_P2 
Cline vertex:xy (9329.69 3599.00)	subclass: BOTTOM	net_name: FMC.RECOV_DATA_P2 
Cline vertex:xy (9320.99 3620.00)	subclass: BOTTOM	net_name: FMC.RECOV_DATA_N2 
Cline vertex:xy (9405.88 4823.33)	subclass: BOTTOM	net_name: RS_SFP INTERFACE_SFP3 
Cline vertex:xy (9406.00 4823.45)	subclass: BOTTOM	net_name: RS_SFP INTERFACE_SFP3 
Cline vertex:xy (9501.00 4602.94)	subclass: BOTTOM	net_name: VCCT_SFP INTERFACE_SFP3 
Cline vertex:xy (9442.00 4807.38)	subclass: BOTTOM	net_name: MOD_ABS_SFP INTERFACE_SFP3 
Cline vertex:xy (10172.04 727.95)	subclass: BOTTOM	net_name: N437368 
Cline vertex:xy (10174.27 725.72)	subclass: BOTTOM	net_name: N437368 
Cline vertex:xy (10119.72 2983.15)	subclass: BOTTOM	net_name: N210584_SFP INTERFACE_SFP2 
Cline vertex:xy (10119.53 2982.96)	subclass: BOTTOM	net_name: N210584_SFP INTERFACE_SFP2 
Cline vertex:xy (10071.00 3112.50)	subclass: BOTTOM	net_name: N141568_SFP INTERFACE_SFP2 
Cline vertex:xy (10311.00 4597.06)	subclass: BOTTOM	net_name: VCCR_SFP INTERFACE_SFP2 
Cline vertex:xy (10379.00 4602.94)	subclass: BOTTOM	net_name: VCCT_SFP INTERFACE_SFP2 
Cline vertex:xy (10320.00 4807.38)	subclass: BOTTOM	net_name: MOD_ABS_SFP INTERFACE_SFP2 
Cline vertex:xy (10283.88 4823.33)	subclass: BOTTOM	net_name: RS_SFP INTERFACE_SFP2 
Cline vertex:xy (10284.00 4823.45)	subclass: BOTTOM	net_name: RS_SFP INTERFACE_SFP2 
Cline vertex:xy (10697.53 765.00)	subclass: BOTTOM	net_name: N352210 
Cline vertex:xy (10696.81 765.72)	subclass: BOTTOM	net_name: N352210 
Cline vertex:xy (10697.53 960.00)	subclass: BOTTOM	net_name: N352214 
Cline vertex:xy (10696.81 959.28)	subclass: BOTTOM	net_name: N352214 
Cline vertex:xy (10940.00 3108.50)	subclass: BOTTOM	net_name: N141568_SFP INTERFACE_SFP1 
Cline vertex:xy (10988.72 2979.15)	subclass: BOTTOM	net_name: N210584_SFP INTERFACE_SFP1 
Cline vertex:xy (10988.53 2978.96)	subclass: BOTTOM	net_name: N210584_SFP INTERFACE_SFP1 
Cline vertex:xy (11180.00 4597.06)	subclass: BOTTOM	net_name: VCCR_SFP INTERFACE_SFP1 
Cline vertex:xy (11248.00 4602.94)	subclass: BOTTOM	net_name: VCCT_SFP INTERFACE_SFP1 
Cline vertex:xy (11189.00 4809.38)	subclass: BOTTOM	net_name: MOD_ABS_SFP INTERFACE_SFP1 
Cline vertex:xy (11152.88 4825.33)	subclass: BOTTOM	net_name: RS_SFP INTERFACE_SFP1 
Cline vertex:xy (11153.00 4825.45)	subclass: BOTTOM	net_name: RS_SFP INTERFACE_SFP1 
Cline vertex:xy (11827.28 764.72)	subclass: BOTTOM	net_name: N350589 
Cline vertex:xy (11827.00 765.00)	subclass: BOTTOM	net_name: N350589 
Cline vertex:xy (11828.72 959.28)	subclass: BOTTOM	net_name: N350593 
Cline vertex:xy (11828.00 960.00)	subclass: BOTTOM	net_name: N350593 

CommandEnd AiCC **************************************************************
