(---------------------------------------------------------------------)
(                                                                     )
(    Dangling Line, Via and Antenna Report                            )
(                                                                     )
(    Drawing          : gps_interface_board_ml_v75.brd                )
(    Software Version : 24.1P001                                      )
(    Date/Time        : Thu Jul 24 13:47:39 2025                      )
(                                                                     )
(---------------------------------------------------------------------)


Report methodology:
  - Dangling lines have at least one end not connected.
  - Dangling vias have one or no connection
      - Plus are not a test, thieving or netshort property via.
  - Antenna vias do not have connections on their start and end layers.
      - Plus they are not a thieving vias.
      - Optionally, VOLTAGE nets, testvias and through vias can be suppressed with
        the environment variable report_antennavia.
      - Section may be suppressed by variable report_noantennavia.
  - Not part of the current partition.
  - To suppress items in dangle report add the OK_DANGLE property to the via
    or connect line.

<< Dangling Lines >>  - Location marked with a star (*) is dangling.
  Net                 Layer                  Length       Location
  ------------------------------------------------------------------------------------------
  N361490              TOP                     0.02     *(5187.14 2579.30) to  (5187.14 2579.28)
  ACLK_TO_CDR_N        TOP                     1.64      (5424.84 2862.50) to *(5426.00 2863.66)
  FMC.SCL0             SIG                    10.00      (9306.00 1246.00) to *(9306.00 1236.00)
  FMC.SCL0             TOP                     0.81     *(8501.43 522.00) to  (8500.86 521.43)
  FMC.SDA0             TOP                     8.66      (8366.00 361.00) to *(8370.00 362.00)
  FMC.SDA0             SIG                     1.41      (9226.00 1241.00) to *(9225.00 1240.00)
  FMC.SDA_FPGA         BOTTOM                  3.72     *(4789.00 4599.00) to  (4789.47 4602.53)
  FMC.SDA_FPGA         TOP                     2.83     *(4789.00 4599.00) to  (4787.00 4601.00)
  FMC.SCL_FPGA         BOTTOM                  5.75     *(4662.00 4597.00) to  (4662.53 4602.53)
  FMC.SCL_FPGA         TOP                    56.34     *(4662.00 4597.00) to  (4606.90 4600.00)
  N576735              TOP                     0.58     *(4536.36 1366.58) to  (4536.77 1366.17)
  N224400              TOP                    28.37     *(8529.23 700.57) to  (8500.86 700.57)
  GND_POWER            TOP                    14.11      (5281.94 2556.00) to *(5270.32 2562.00)
  GND_POWER            TOP                     1.96     *(5318.54 2797.53) to  (5320.50 2797.53)
  GND_POWER            TOP                     1.96     *(5318.54 2758.16) to  (5320.50 2758.16)
  Not a Net            SIG                     1.12     *(4371.00 524.08) to *(4370.21 524.87)
  Not a Net            BOTTOM                124.95     *(11194.00 3377.00) to *(11098.00 3424.94)
  Not a Net            BOTTOM                104.02     *(11202.00 3493.00) to *(11098.00 3493.06)


<< Dangling Vias >>
  Net                  Padstack               Location            Layers
  ---------------------------------------------------------------------------
  FB_2V5_2             VIA36RD0_4D          (2012.00 1851.00) TOP/BOTTOM 
  VCC3V3               VIA36RD0_4D          (6503.00 3102.00) TOP/BOTTOM 
  VCC3V3               VIA36RD0_4D          (7374.00 3102.00) TOP/BOTTOM 
  VCC3V3               VIA36RD0_4D          (8252.00 3102.00) TOP/BOTTOM 
  VP2V5                VIA36RD0_4D          (2628.40 2409.00) TOP/BOTTOM 


<< Antenna Vias >>
  Net                  Padstack               Location            Layers
  ---------------------------------------------------------------------------
  CLK_TO_SFP.CLK_TO_SFP_N0 VIA36RD0_4D          (4423.69 2134.00) TOP/BOTTOM 
  CLK_TO_SFP.CLK_TO_SFP_N0 VIA36RD0_4D          (7716.00 2416.88) TOP/BOTTOM 
  CLK_TO_SFP.CLK_TO_SFP_N1 VIA36RD0_4D          (4496.69 2209.00) TOP/BOTTOM 
  CLK_TO_SFP.CLK_TO_SFP_N1 VIA36RD0_4D          (7660.00 2491.88) TOP/BOTTOM 
  CLK_TO_SFP.CLK_TO_SFP_N2 VIA36RD0_4D          (4571.69 2288.00) TOP/BOTTOM 
  CLK_TO_SFP.CLK_TO_SFP_N2 VIA36RD0_4D          (7701.00 2591.88) TOP/BOTTOM 
  CLK_TO_SFP.CLK_TO_SFP_N3 VIA36RD0_4D          (4646.69 2357.00) TOP/BOTTOM 
  CLK_TO_SFP.CLK_TO_SFP_N3 VIA36RD0_4D          (7679.00 2689.88) TOP/BOTTOM 
  CLK_TO_SFP.CLK_TO_SFP_N4 VIA36RD0_4D          (4730.69 2426.00) TOP/BOTTOM 
  CLK_TO_SFP.CLK_TO_SFP_N4 VIA36RD0_4D          (7349.81 3145.69) TOP/BOTTOM 
  CLK_TO_SFP.CLK_TO_SFP_N5 VIA36RD0_4D          (4833.69 2488.00) TOP/BOTTOM 
  CLK_TO_SFP.CLK_TO_SFP_N5 VIA36RD0_4D          (6478.81 3145.69) TOP/BOTTOM 
  CLK_TO_SFP.CLK_TO_SFP_P0 VIA36RD0_4D          (4479.31 2134.00) TOP/BOTTOM 
  CLK_TO_SFP.CLK_TO_SFP_P0 VIA36RD0_4D          (7716.00 2467.12) TOP/BOTTOM 
  CLK_TO_SFP.CLK_TO_SFP_P1 VIA36RD0_4D          (4552.31 2209.00) TOP/BOTTOM 
  CLK_TO_SFP.CLK_TO_SFP_P1 VIA36RD0_4D          (7660.00 2542.12) TOP/BOTTOM 
  CLK_TO_SFP.CLK_TO_SFP_P2 VIA36RD0_4D          (4627.31 2288.00) TOP/BOTTOM 
  CLK_TO_SFP.CLK_TO_SFP_P2 VIA36RD0_4D          (7701.00 2642.12) TOP/BOTTOM 
  CLK_TO_SFP.CLK_TO_SFP_P3 VIA36RD0_4D          (4702.31 2357.00) TOP/BOTTOM 
  CLK_TO_SFP.CLK_TO_SFP_P3 VIA36RD0_4D          (7679.00 2740.12) TOP/BOTTOM 
  CLK_TO_SFP.CLK_TO_SFP_P4 VIA36RD0_4D          (4786.31 2426.00) TOP/BOTTOM 
  CLK_TO_SFP.CLK_TO_SFP_P4 VIA36RD0_4D          (7294.19 3145.69) TOP/BOTTOM 
  CLK_TO_SFP.CLK_TO_SFP_P5 VIA36RD0_4D          (4889.31 2488.00) TOP/BOTTOM 
  CLK_TO_SFP.CLK_TO_SFP_P5 VIA36RD0_4D          (6423.19 3145.69) TOP/BOTTOM 
  FB_2V5_2             VIA36RD0_4D          (2012.00 1851.00) TOP/BOTTOM 
  FMC.ACLK_SFP_SCL     VIA36RD0_4D          (5418.00 4670.00) TOP/BOTTOM 
  FMC.ACLK_SFP_SDA     VIA36RD0_4D          (5449.37 4798.00) TOP/BOTTOM 
  FMC.ACLK_SFP_TX_DIS  VIA36RD0_4D          (5485.00 4670.00) TOP/BOTTOM 
  FMC.ACLK_SFP_TX_DIS  VIA36RD0_4D          (7585.00 1161.00) TOP/BOTTOM 
  FMC.ACLK_TO_SFP_N    VIA36RD0_4D          (6018.31 1987.00) TOP/BOTTOM 
  FMC.ACLK_TO_SFP_N    VIA36RD0_4D          (7430.31 1381.00) TOP/BOTTOM 
  FMC.ACLK_TO_SFP_P    VIA36RD0_4D          (5962.69 1987.00) TOP/BOTTOM 
  FMC.ACLK_TO_SFP_P    VIA36RD0_4D          (7374.69 1381.00) TOP/BOTTOM 
  FMC.CLK_FROM_FPGA_N  VIA36RD0_4D          (3883.31 2108.00) TOP/BOTTOM 
  FMC.CLK_FROM_FPGA_N  VIA36RD0_4D          (6986.54 1736.15) TOP/BOTTOM 
  FMC.CLK_FROM_FPGA_P  VIA36RD0_4D          (3827.69 2108.00) TOP/BOTTOM 
  FMC.CLK_FROM_FPGA_P  VIA36RD0_4D          (7042.16 1736.15) TOP/BOTTOM 
  FMC.CLK_GEN_LOL*     VIA36RD0_4D          (4134.60 2522.40) TOP/BOTTOM 
  FMC.CLK_GEN_LOL*     VIA36RD0_4D          (4935.00 3297.00) TOP/BOTTOM 
  FMC.CLK_TO_FPGA_N    VIA36RD0_4D          (4875.88 1661.00) TOP/BOTTOM 
  FMC.CLK_TO_FPGA_N    VIA36RD0_4D          (6908.69 1197.00) TOP/BOTTOM 
  FMC.CLK_TO_FPGA_P    VIA36RD0_4D          (4926.12 1661.00) TOP/BOTTOM 
  FMC.CLK_TO_FPGA_P    VIA36RD0_4D          (6964.31 1197.00) TOP/BOTTOM 
  FMC.FPGA_CLK_FILTER_A VIA36RD0_4D          (3975.00 977.00) TOP/BOTTOM 
  FMC.FPGA_CLK_FILTER_A VIA36RD0_4D          (6325.00 238.49) TOP/BOTTOM 
  FMC.FPGA_CLK_FILTER_B VIA36RD0_4D          (4078.22 936.00) TOP/BOTTOM 
  FMC.FPGA_CLK_FILTER_B VIA36RD0_4D          (6275.00 238.49) TOP/BOTTOM 
  FMC.FPGA_CLK_GEN_LOL* VIA36RD0_4D          (4495.00 1075.00) TOP/BOTTOM 
  FMC.FPGA_CLK_GEN_LOL* VIA36RD0_4D          (4505.00 820.00) TOP/BOTTOM 
  FMC.FPGA_CLK_GEN_LOL* VIA36RD0_4D          (4531.00 281.00) TOP/BOTTOM 
  FMC.FPGA_CLK_GEN_LOL* VIA36RD0_4D          (6525.00 238.49) TOP/BOTTOM 
  FMC.FPGA_GPS_CLK_EN* VIA36RD0_4D          (4139.20 797.00) TOP/BOTTOM 
  FMC.FPGA_GPS_CLK_EN* VIA36RD0_4D          (6475.00 238.49) TOP/BOTTOM 
  FMC.FPGA_I2C_EXT_INT0* VIA36RD0_4D          (4385.00 1065.00) TOP/BOTTOM 
  FMC.FPGA_I2C_EXT_INT0* VIA36RD0_4D          (6325.00 361.51) TOP/BOTTOM 
  FMC.FPGA_I2C_EXT_INT1* VIA36RD0_4D          (4430.00 1015.00) TOP/BOTTOM 
  FMC.FPGA_I2C_EXT_INT1* VIA36RD0_4D          (6275.00 361.51) TOP/BOTTOM 
  FMC.FPGA_I2C_EXT_RST* VIA36RD0_4D          (4252.00 890.00) TOP/BOTTOM 
  FMC.FPGA_I2C_EXT_RST* VIA36RD0_4D          (6125.00 238.49) TOP/BOTTOM 
  FMC.FPGA_I2C_SW_RST* VIA36RD0_4D          (4279.00 1004.00) TOP/BOTTOM 
  FMC.FPGA_I2C_SW_RST* VIA36RD0_4D          (6175.00 361.51) TOP/BOTTOM 
  FMC.FPGA_IO_VOLTAGE  VIA36RD0_4D          (3404.00 235.00) TOP/BOTTOM 
  FMC.FPGA_IO_VOLTAGE  VIA36RD0_4D          (5075.00 438.49) TOP/BOTTOM 
  FMC.GPS_IRIGB        VIA36RD0_4D          (2438.00 4994.00) TOP/BOTTOM 
  FMC.GPS_IRIGB        VIA36RD0_4D          (6125.00 361.51) TOP/BOTTOM 
  FMC.I2C_EXT_INT0*    VIA36RD0_4D          (4381.00 1431.00) TOP/BOTTOM 
  FMC.I2C_EXT_INT0*    VIA36RD0_4D          (4770.00 1318.00) TOP/BOTTOM 
  FMC.I2C_EXT_INT0*    VIA36RD0_4D          (5063.00 1318.00) TOP/BOTTOM 
  FMC.I2C_EXT_INT1*    VIA36RD0_4D          (4426.00 1431.00) TOP/BOTTOM 
  FMC.I2C_EXT_INT1*    VIA36RD0_4D          (4705.00 1350.00) TOP/BOTTOM 
  FMC.I2C_EXT_INT1*    VIA36RD0_4D          (5063.00 1275.00) TOP/BOTTOM 
  FMC.I2C_EXT_RST*     VIA36RD0_4D          (4191.00 1421.00) TOP/BOTTOM 
  FMC.I2C_EXT_RST*     VIA36RD0_4D          (4741.00 1231.00) TOP/BOTTOM 
  FMC.I2C_EXT_RST*     VIA36RD0_4D          (5063.00 1231.00) TOP/BOTTOM 
  FMC.PWR_GOOD         VIA36RD0_4D          (7057.00 243.00) TOP/BOTTOM 
  FMC.SCL0             VIA36RD0_4D          (3796.00 4806.00) TOP/BOTTOM 
  FMC.SCL1             VIA36RD0_4D          (11216.00 4665.00) TOP/BOTTOM 
  FMC.SCL2             VIA36RD0_4D          (10347.00 4677.00) TOP/BOTTOM 
  FMC.SCL3             VIA36RD0_4D          (9469.00 4677.00) TOP/BOTTOM 
  FMC.SCL4             VIA36RD0_4D          (8300.11 4671.55) TOP/BOTTOM 
  FMC.SCL5             VIA36RD0_4D          (7440.00 4677.00) TOP/BOTTOM 
  FMC.SCL6             VIA36RD0_4D          (6569.00 4677.00) TOP/BOTTOM 
  FMC.SCL_FPGA         VIA36RD0_4D          (3213.00 476.00) TOP/BOTTOM 
  FMC.SCL_FPGA         VIA36RD0_4D          (3746.00 3061.00) TOP/BOTTOM 
  FMC.SDA0             VIA36RD0_4D          (3866.00 4806.00) TOP/BOTTOM 
  FMC.SDA0             VIA36RD0_4D          (8366.00 361.00) TOP/BOTTOM 
  FMC.SDA0             VIA36RD0_4D          (8945.00 395.00) TOP/BOTTOM 
  FMC.SDA1             VIA36RD0_4D          (11262.00 4840.00) TOP/BOTTOM 
  FMC.SDA2             VIA36RD0_4D          (10393.00 4840.00) TOP/BOTTOM 
  FMC.SDA3             VIA36RD0_4D          (9517.00 4844.00) TOP/BOTTOM 
  FMC.SDA4             VIA36RD0_4D          (8236.92 4661.92) TOP/BOTTOM 
  FMC.SDA5             VIA36RD0_4D          (7471.37 4798.00) TOP/BOTTOM 
  FMC.SDA6             VIA36RD0_4D          (6600.37 4798.00) TOP/BOTTOM 
  FMC.SDA_FPGA         VIA36RD0_4D          (3213.00 426.00) TOP/BOTTOM 
  FMC.SDA_FPGA         VIA36RD0_4D          (3685.00 2940.00) TOP/BOTTOM 
  FMC.SDA_FPGA         VIA36RD0_4D          (3770.00 3005.00) TOP/BOTTOM 
  FMC.SFP_LOS_FPGA0    VIA36RD0_4D          (6140.00 165.00) TOP/BOTTOM 
  FMC.SFP_LOS_FPGA0    VIA36RD0_4D          (7638.50 158.50) TOP/BOTTOM 
  FMC.SFP_LOS_FPGA0    VIA36RD0_4D          (8266.00 1281.00) TOP/BOTTOM 
  FMC.SFP_LOS_FPGA0    VIA36RD0_4D          (8301.00 2266.00) TOP/BOTTOM 
  FMC.SFP_LOS_FPGA1    VIA36RD0_4D          (5926.00 221.00) TOP/BOTTOM 
  FMC.SFP_LOS_FPGA1    VIA36RD0_4D          (7636.00 241.00) TOP/BOTTOM 
  FMC.SFP_LOS_FPGA1    VIA36RD0_4D          (8201.00 1281.00) TOP/BOTTOM 
  FMC.SFP_LOS_FPGA1    VIA36RD0_4D          (8271.00 2311.00) TOP/BOTTOM 
  FMC.SFP_LOS_FPGA2    VIA36RD0_4D          (5875.00 207.00) TOP/BOTTOM 
  FMC.SFP_LOS_FPGA2    VIA36RD0_4D          (7716.00 241.00) TOP/BOTTOM 
  FMC.SFP_LOS_FPGA2    VIA36RD0_4D          (8126.00 1286.00) TOP/BOTTOM 
  FMC.SFP_LOS_FPGA2    VIA36RD0_4D          (8216.00 2266.00) TOP/BOTTOM 
  FMC.SFP_LOS_FPGA3    VIA36RD0_4D          (5656.00 771.00) TOP/BOTTOM 
  FMC.SFP_LOS_FPGA3    VIA36RD0_4D          (5965.00 770.00) TOP/BOTTOM 
  FMC.SFP_LOS_FPGA3    VIA36RD0_4D          (7698.50 298.50) TOP/BOTTOM 
  FMC.SFP_LOS_FPGA3    VIA36RD0_4D          (8051.00 1276.00) TOP/BOTTOM 
  FMC.SFP_LOS_FPGA3    VIA36RD0_4D          (8166.00 2311.00) TOP/BOTTOM 
  FMC.SFP_LOS_FPGA4    VIA36RD0_4D          (5671.00 826.00) TOP/BOTTOM 
  FMC.SFP_LOS_FPGA4    VIA36RD0_4D          (5991.00 826.00) TOP/BOTTOM 
  FMC.SFP_LOS_FPGA4    VIA36RD0_4D          (7696.00 371.00) TOP/BOTTOM 
  FMC.SFP_LOS_FPGA4    VIA36RD0_4D          (7996.00 1281.00) TOP/BOTTOM 
  FMC.SFP_LOS_FPGA4    VIA36RD0_4D          (8130.00 2275.00) TOP/BOTTOM 
  FMC.SFP_LOS_FPGA5    VIA36RD0_4D          (5675.00 715.00) TOP/BOTTOM 
  FMC.SFP_LOS_FPGA5    VIA36RD0_4D          (5991.00 721.00) TOP/BOTTOM 
  FMC.SFP_LOS_FPGA5    VIA36RD0_4D          (7636.00 301.00) TOP/BOTTOM 
  FMC.SFP_LOS_FPGA5    VIA36RD0_4D          (7926.00 1281.00) TOP/BOTTOM 
  FMC.SFP_LOS_FPGA5    VIA36RD0_4D          (8085.00 2315.00) TOP/BOTTOM 
  FMC.SFP_TX_DISABLE0  VIA36RD0_4D          (7855.00 1035.00) TOP/BOTTOM 
  FMC.SFP_TX_DISABLE0  VIA36RD0_4D          (11278.87 4680.13) TOP/BOTTOM 
  FMC.SFP_TX_DISABLE1  VIA36RD0_4D          (8738.42 1342.28) TOP/BOTTOM 
  FMC.SFP_TX_DISABLE1  VIA36RD0_4D          (10409.87 4678.13) TOP/BOTTOM 
  FMC.SFP_TX_DISABLE2  VIA36RD0_4D          (8649.50 1403.50) TOP/BOTTOM 
  FMC.SFP_TX_DISABLE2  VIA36RD0_4D          (9531.87 4678.13) TOP/BOTTOM 
  FMC.SFP_TX_DISABLE3  VIA36RD0_4D          (7717.00 1290.00) TOP/BOTTOM 
  FMC.SFP_TX_DISABLE3  VIA36RD0_4D          (8380.87 4678.13) TOP/BOTTOM 
  FMC.SFP_TX_DISABLE4  VIA36RD0_4D          (7502.87 4678.13) TOP/BOTTOM 
  FMC.SFP_TX_DISABLE4  VIA36RD0_4D          (8363.00 1528.00) TOP/BOTTOM 
  FMC.SFP_TX_DISABLE5  VIA36RD0_4D          (6631.87 4678.13) TOP/BOTTOM 
  FMC.SFP_TX_DISABLE5  VIA36RD0_4D          (7629.00 1288.00) TOP/BOTTOM 
  FMC.SPARE_BNC_0      VIA36RD0_4D          (5875.00 361.51) TOP/BOTTOM 
  FMC.SPARE_BNC_1      VIA36RD0_4D          (5825.00 361.51) TOP/BOTTOM 
  FMC.SPARE_LEMO_0     VIA36RD0_4D          (5725.00 361.51) TOP/BOTTOM 
  FMC.SPARE_LEMO_1     VIA36RD0_4D          (5675.00 361.51) TOP/BOTTOM 
  FMC.SPARE_RJ45_LED_0 VIA36RD0_4D          (5525.00 438.49) TOP/BOTTOM 
  FMC.SPARE_RJ45_LED_0 VIA36RD0_4D          (9371.60 179.60) TOP/BOTTOM 
  FMC.SPARE_RJ45_LED_1 VIA36RD0_4D          (5475.00 438.49) TOP/BOTTOM 
  FMC.SPARE_RJ45_LED_1 VIA36RD0_4D          (10299.00 571.00) TOP/BOTTOM 
  FMC.TEMP_INTR*       VIA36RD0_4D          (1266.00 3697.00) TOP/BOTTOM 
  FMC.TEMP_INTR*       VIA36RD0_4D          (5675.00 438.49) TOP/BOTTOM 
  GND_POWER            VIA36RD0_4D          (112.00 723.00)  TOP/BOTTOM 
  GND_POWER            VIA36RD0_4D          (130.90 1420.81) TOP/BOTTOM 
  GND_POWER            VIA36RD0_4D          (139.90 2181.81) TOP/BOTTOM 
  GND_POWER            VIA36RD0_4D          (144.00 1976.00) TOP/BOTTOM 
  GND_POWER            VIA36RD0_4D          (144.00 2030.00) TOP/BOTTOM 
  GND_POWER            VIA36RD0_4D          (146.00 1509.00) TOP/BOTTOM 
  GND_POWER            VIA36RD0_4D          (146.00 1563.00) TOP/BOTTOM 
  GND_POWER            VIA36RD0_4D          (146.00 2083.00) TOP/BOTTOM 
  GND_POWER            VIA36RD0_4D          (148.00 1616.00) TOP/BOTTOM 
  GND_POWER            VIA36RD0_4D          (166.92 1420.95) TOP/BOTTOM 
  GND_POWER            VIA36RD0_4D          (175.92 2181.95) TOP/BOTTOM 
  GND_POWER            VIA36RD0_4D          (188.00 2031.00) TOP/BOTTOM 
  GND_POWER            VIA36RD0_4D          (189.00 1976.00) TOP/BOTTOM 
  GND_POWER            VIA36RD0_4D          (189.00 2083.00) TOP/BOTTOM 
  GND_POWER            VIA36RD0_4D          (190.00 1564.00) TOP/BOTTOM 
  GND_POWER            VIA36RD0_4D          (191.00 1509.00) TOP/BOTTOM 
  GND_POWER            VIA36RD0_4D          (191.00 1616.00) TOP/BOTTOM 
  GND_POWER            VIA36RD0_4D          (203.91 1420.07) TOP/BOTTOM 
  GND_POWER            VIA36RD0_4D          (209.90 2890.81) TOP/BOTTOM 
  GND_POWER            VIA36RD0_4D          (212.91 2181.07) TOP/BOTTOM 
  GND_POWER            VIA36RD0_4D          (234.00 2083.00) TOP/BOTTOM 
  GND_POWER            VIA36RD0_4D          (236.00 1616.00) TOP/BOTTOM 
  GND_POWER            VIA36RD0_4D          (236.00 1976.00) TOP/BOTTOM 
  GND_POWER            VIA36RD0_4D          (236.00 2033.00) TOP/BOTTOM 
  GND_POWER            VIA36RD0_4D          (238.00 1509.00) TOP/BOTTOM 
  GND_POWER            VIA36RD0_4D          (238.00 1566.00) TOP/BOTTOM 
  GND_POWER            VIA36RD0_4D          (241.00 605.00)  TOP/BOTTOM 
  GND_POWER            VIA36RD0_4D          (245.92 2890.95) TOP/BOTTOM 
  GND_POWER            VIA36RD0_4D          (266.90 2382.81) TOP/BOTTOM 
  GND_POWER            VIA36RD0_4D          (282.91 2890.07) TOP/BOTTOM 
  GND_POWER            VIA36RD0_4D          (289.35 757.35)  TOP/BOTTOM 
  GND_POWER            VIA36RD0_4D          (289.35 807.35)  TOP/BOTTOM 
  GND_POWER            VIA36RD0_4D          (302.92 2382.95) TOP/BOTTOM 
  GND_POWER            VIA36RD0_4D          (320.90 1421.81) TOP/BOTTOM 
  GND_POWER            VIA36RD0_4D          (329.90 2182.81) TOP/BOTTOM 
  GND_POWER            VIA36RD0_4D          (339.35 757.35)  TOP/BOTTOM 
  GND_POWER            VIA36RD0_4D          (339.35 807.35)  TOP/BOTTOM 
  GND_POWER            VIA36RD0_4D          (339.35 900.65)  TOP/BOTTOM 
  GND_POWER            VIA36RD0_4D          (339.35 950.65)  TOP/BOTTOM 
  GND_POWER            VIA36RD0_4D          (339.35 1000.65) TOP/BOTTOM 
  GND_POWER            VIA36RD0_4D          (339.91 2382.07) TOP/BOTTOM 
  GND_POWER            VIA36RD0_4D          (356.92 1421.95) TOP/BOTTOM 
  GND_POWER            VIA36RD0_4D          (365.92 2182.95) TOP/BOTTOM 
  GND_POWER            VIA36RD0_4D          (393.91 1421.07) TOP/BOTTOM 
  GND_POWER            VIA36RD0_4D          (397.27 1767.92) TOP/BOTTOM 
  GND_POWER            VIA36RD0_4D          (397.27 1820.08) TOP/BOTTOM 
  GND_POWER            VIA36RD0_4D          (402.91 2182.07) TOP/BOTTOM 
  GND_POWER            VIA36RD0_4D          (432.65 757.35)  TOP/BOTTOM 
  GND_POWER            VIA36RD0_4D          (432.65 807.35)  TOP/BOTTOM 
  GND_POWER            VIA36RD0_4D          (432.65 900.65)  TOP/BOTTOM 
  GND_POWER            VIA36RD0_4D          (432.65 950.65)  TOP/BOTTOM 
  GND_POWER            VIA36RD0_4D          (432.65 1000.65) TOP/BOTTOM 
  GND_POWER            VIA36RD0_4D          (456.90 2383.81) TOP/BOTTOM 
  GND_POWER            VIA36RD0_4D          (458.00 1767.92) TOP/BOTTOM 
  GND_POWER            VIA36RD0_4D          (458.00 1820.08) TOP/BOTTOM 
  GND_POWER            VIA36RD0_4D          (463.00 4978.00) TOP/BOTTOM 
  GND_POWER            VIA36RD0_4D          (480.00 2722.00) TOP/BOTTOM 
  GND_POWER            VIA36RD0_4D          (480.00 2772.00) TOP/BOTTOM 
  GND_POWER            VIA36RD0_4D          (482.65 757.35)  TOP/BOTTOM 
  GND_POWER            VIA36RD0_4D          (482.65 807.35)  TOP/BOTTOM 
  GND_POWER            VIA36RD0_4D          (492.92 2383.95) TOP/BOTTOM 
  GND_POWER            VIA36RD0_4D          (505.00 2747.00) TOP/BOTTOM 
  GND_POWER            VIA36RD0_4D          (511.90 1421.81) TOP/BOTTOM 
  GND_POWER            VIA36RD0_4D          (518.73 1767.92) TOP/BOTTOM 
  GND_POWER            VIA36RD0_4D          (518.73 1820.08) TOP/BOTTOM 
  GND_POWER            VIA36RD0_4D          (520.90 2182.81) TOP/BOTTOM 
  GND_POWER            VIA36RD0_4D          (528.00 2959.00) TOP/BOTTOM 
  GND_POWER            VIA36RD0_4D          (529.91 2383.07) TOP/BOTTOM 
  GND_POWER            VIA36RD0_4D          (530.00 2722.00) TOP/BOTTOM 
  GND_POWER            VIA36RD0_4D          (530.00 2772.00) TOP/BOTTOM 
  GND_POWER            VIA36RD0_4D          (532.65 757.35)  TOP/BOTTOM 
  GND_POWER            VIA36RD0_4D          (532.65 807.35)  TOP/BOTTOM 
  GND_POWER            VIA36RD0_4D          (547.92 1421.95) TOP/BOTTOM 
  GND_POWER            VIA36RD0_4D          (556.92 2182.95) TOP/BOTTOM 
  GND_POWER            VIA36RD0_4D          (565.00 3410.00) TOP/BOTTOM 
  GND_POWER            VIA36RD0_4D          (578.28 5355.00) TOP/BOTTOM 
  GND_POWER            VIA36RD0_4D          (582.65 757.35)  TOP/BOTTOM 
  GND_POWER            VIA36RD0_4D          (582.65 807.35)  TOP/BOTTOM 
  GND_POWER            VIA36RD0_4D          (584.91 1421.07) TOP/BOTTOM 
  GND_POWER            VIA36RD0_4D          (593.91 2182.07) TOP/BOTTOM 
  GND_POWER            VIA36RD0_4D          (598.00 1235.00) TOP/BOTTOM 
  GND_POWER            VIA36RD0_4D          (647.90 2383.81) TOP/BOTTOM 
  GND_POWER            VIA36RD0_4D          (683.92 2383.95) TOP/BOTTOM 
  GND_POWER            VIA36RD0_4D          (710.90 2890.81) TOP/BOTTOM 
  GND_POWER            VIA36RD0_4D          (719.00 2102.00) TOP/BOTTOM 
  GND_POWER            VIA36RD0_4D          (719.00 2156.00) TOP/BOTTOM 
  GND_POWER            VIA36RD0_4D          (720.91 2383.07) TOP/BOTTOM 
  GND_POWER            VIA36RD0_4D          (721.00 2209.00) TOP/BOTTOM 
  GND_POWER            VIA36RD0_4D          (724.00 1380.00) TOP/BOTTOM 
  GND_POWER            VIA36RD0_4D          (724.00 1434.00) TOP/BOTTOM 
  GND_POWER            VIA36RD0_4D          (726.00 1487.00) TOP/BOTTOM 
  GND_POWER            VIA36RD0_4D          (746.92 2890.95) TOP/BOTTOM 
  GND_POWER            VIA36RD0_4D          (763.00 2157.00) TOP/BOTTOM 
  GND_POWER            VIA36RD0_4D          (764.00 2102.00) TOP/BOTTOM 
  GND_POWER            VIA36RD0_4D          (764.00 2209.00) TOP/BOTTOM 
  GND_POWER            VIA36RD0_4D          (768.00 1435.00) TOP/BOTTOM 
  GND_POWER            VIA36RD0_4D          (769.00 1380.00) TOP/BOTTOM 
  GND_POWER            VIA36RD0_4D          (769.00 1487.00) TOP/BOTTOM 
  GND_POWER            VIA36RD0_4D          (769.00 5126.00) TOP/BOTTOM 
  GND_POWER            VIA36RD0_4D          (783.91 2890.07) TOP/BOTTOM 
  GND_POWER            VIA36RD0_4D          (809.00 2209.00) TOP/BOTTOM 
  GND_POWER            VIA36RD0_4D          (811.00 2102.00) TOP/BOTTOM 
  GND_POWER            VIA36RD0_4D          (811.00 2159.00) TOP/BOTTOM 
  GND_POWER            VIA36RD0_4D          (812.81 5020.53) TOP/BOTTOM 
  GND_POWER            VIA36RD0_4D          (814.00 1131.00) TOP/BOTTOM 
  GND_POWER            VIA36RD0_4D          (814.00 1185.00) TOP/BOTTOM 
  GND_POWER            VIA36RD0_4D          (814.00 1487.00) TOP/BOTTOM 
  GND_POWER            VIA36RD0_4D          (816.00 1238.00) TOP/BOTTOM 
  GND_POWER            VIA36RD0_4D          (816.00 1380.00) TOP/BOTTOM 
  GND_POWER            VIA36RD0_4D          (816.00 1437.00) TOP/BOTTOM 
  GND_POWER            VIA36RD0_4D          (829.00 2335.00) TOP/BOTTOM 
  GND_POWER            VIA36RD0_4D          (858.00 1186.00) TOP/BOTTOM 
  GND_POWER            VIA36RD0_4D          (859.00 1131.00) TOP/BOTTOM 
  GND_POWER            VIA36RD0_4D          (859.00 1238.00) TOP/BOTTOM 
  GND_POWER            VIA36RD0_4D          (890.00 2333.00) TOP/BOTTOM 
  GND_POWER            VIA36RD0_4D          (904.00 1238.00) TOP/BOTTOM 
  GND_POWER            VIA36RD0_4D          (906.00 1131.00) TOP/BOTTOM 
  GND_POWER            VIA36RD0_4D          (906.00 1188.00) TOP/BOTTOM 
  GND_POWER            VIA36RD0_4D          (906.00 5273.00) TOP/BOTTOM 
  GND_POWER            VIA36RD0_4D          (936.00 5386.94) TOP/BOTTOM 
  GND_POWER            VIA36RD0_4D          (943.00 3560.00) TOP/BOTTOM 
  GND_POWER            VIA36RD0_4D          (951.00 1132.00) TOP/BOTTOM 
  GND_POWER            VIA36RD0_4D          (951.00 1186.00) TOP/BOTTOM 
  GND_POWER            VIA36RD0_4D          (953.00 1239.00) TOP/BOTTOM 
  GND_POWER            VIA36RD0_4D          (979.53 3468.47) TOP/BOTTOM 
  GND_POWER            VIA36RD0_4D          (985.31 2355.31) TOP/BOTTOM 
  GND_POWER            VIA36RD0_4D          (987.00 2428.00) TOP/BOTTOM 
  GND_POWER            VIA36RD0_4D          (988.00 2461.00) TOP/BOTTOM 
  GND_POWER            VIA36RD0_4D          (995.00 1187.00) TOP/BOTTOM 
  GND_POWER            VIA36RD0_4D          (996.00 1132.00) TOP/BOTTOM 
  GND_POWER            VIA36RD0_4D          (996.00 1239.00) TOP/BOTTOM 
  GND_POWER            VIA36RD0_4D          (1022.00 2428.00) TOP/BOTTOM 
  GND_POWER            VIA36RD0_4D          (1023.00 2461.00) TOP/BOTTOM 
  GND_POWER            VIA36RD0_4D          (1041.00 1239.00) TOP/BOTTOM 
  GND_POWER            VIA36RD0_4D          (1043.00 1132.00) TOP/BOTTOM 
  GND_POWER            VIA36RD0_4D          (1043.00 1189.00) TOP/BOTTOM 
  GND_POWER            VIA36RD0_4D          (1061.00 3091.00) TOP/BOTTOM 
  GND_POWER            VIA36RD0_4D          (1104.00 2553.00) TOP/BOTTOM 
  GND_POWER            VIA36RD0_4D          (1438.00 1580.00) TOP/BOTTOM 
  GND_POWER            VIA36RD0_4D          (1446.90 3978.81) TOP/BOTTOM 
  GND_POWER            VIA36RD0_4D          (1448.90 1975.81) TOP/BOTTOM 
  GND_POWER            VIA36RD0_4D          (1449.90 2681.81) TOP/BOTTOM 
  GND_POWER            VIA36RD0_4D          (1480.00 1580.00) TOP/BOTTOM 
  GND_POWER            VIA36RD0_4D          (1482.92 3978.95) TOP/BOTTOM 
  GND_POWER            VIA36RD0_4D          (1484.92 1975.95) TOP/BOTTOM 
  GND_POWER            VIA36RD0_4D          (1485.92 2681.95) TOP/BOTTOM 
  GND_POWER            VIA36RD0_4D          (1501.90 2885.81) TOP/BOTTOM 
  GND_POWER            VIA36RD0_4D          (1504.00 2582.00) TOP/BOTTOM 
  GND_POWER            VIA36RD0_4D          (1506.75 5023.53) TOP/BOTTOM 
  GND_POWER            VIA36RD0_4D          (1509.90 3453.81) TOP/BOTTOM 
  GND_POWER            VIA36RD0_4D          (1519.91 3978.07) TOP/BOTTOM 
  GND_POWER            VIA36RD0_4D          (1520.00 3874.00) TOP/BOTTOM 
  GND_POWER            VIA36RD0_4D          (1521.91 1975.07) TOP/BOTTOM 
  GND_POWER            VIA36RD0_4D          (1522.00 1580.00) TOP/BOTTOM 
  GND_POWER            VIA36RD0_4D          (1522.00 1871.00) TOP/BOTTOM 
  GND_POWER            VIA36RD0_4D          (1522.00 3290.00) TOP/BOTTOM 
  GND_POWER            VIA36RD0_4D          (1522.91 2681.07) TOP/BOTTOM 
  GND_POWER            VIA36RD0_4D          (1525.00 2265.00) TOP/BOTTOM 
  GND_POWER            VIA36RD0_4D          (1525.00 2320.00) TOP/BOTTOM 
  GND_POWER            VIA36RD0_4D          (1537.92 2885.95) TOP/BOTTOM 
  GND_POWER            VIA36RD0_4D          (1545.92 3453.95) TOP/BOTTOM 
  GND_POWER            VIA36RD0_4D          (1564.00 1580.00) TOP/BOTTOM 
  GND_POWER            VIA36RD0_4D          (1574.00 2267.00) TOP/BOTTOM 
  GND_POWER            VIA36RD0_4D          (1574.91 2885.07) TOP/BOTTOM 
  GND_POWER            VIA36RD0_4D          (1582.91 3453.07) TOP/BOTTOM 
  GND_POWER            VIA36RD0_4D          (1606.00 1580.00) TOP/BOTTOM 
  GND_POWER            VIA36RD0_4D          (1614.56 5397.00) TOP/BOTTOM 
  GND_POWER            VIA36RD0_4D          (1616.00 2267.00) TOP/BOTTOM 
  GND_POWER            VIA36RD0_4D          (1648.00 1580.00) TOP/BOTTOM 
  GND_POWER            VIA36RD0_4D          (1658.00 2267.00) TOP/BOTTOM 
  GND_POWER            VIA36RD0_4D          (1681.00 4082.00) TOP/BOTTOM 
  GND_POWER            VIA36RD0_4D          (1683.00 2079.00) TOP/BOTTOM 
  GND_POWER            VIA36RD0_4D          (1683.00 2776.00) TOP/BOTTOM 
  GND_POWER            VIA36RD0_4D          (1690.00 1580.00) TOP/BOTTOM 
  GND_POWER            VIA36RD0_4D          (1691.90 2886.81) TOP/BOTTOM 
  GND_POWER            VIA36RD0_4D          (1700.00 2267.00) TOP/BOTTOM 
  GND_POWER            VIA36RD0_4D          (1716.00 3810.00) TOP/BOTTOM 
  GND_POWER            VIA36RD0_4D          (1716.00 3860.00) TOP/BOTTOM 
  GND_POWER            VIA36RD0_4D          (1717.00 3225.00) TOP/BOTTOM 
  GND_POWER            VIA36RD0_4D          (1717.00 3275.00) TOP/BOTTOM 
  GND_POWER            VIA36RD0_4D          (1718.00 1807.00) TOP/BOTTOM 
  GND_POWER            VIA36RD0_4D          (1718.00 1857.00) TOP/BOTTOM 
  GND_POWER            VIA36RD0_4D          (1718.00 2516.00) TOP/BOTTOM 
  GND_POWER            VIA36RD0_4D          (1718.00 2566.00) TOP/BOTTOM 
  GND_POWER            VIA36RD0_4D          (1721.00 4082.00) TOP/BOTTOM 
  GND_POWER            VIA36RD0_4D          (1723.00 2079.00) TOP/BOTTOM 
  GND_POWER            VIA36RD0_4D          (1723.00 2775.00) TOP/BOTTOM 
  GND_POWER            VIA36RD0_4D          (1727.92 2886.95) TOP/BOTTOM 
  GND_POWER            VIA36RD0_4D          (1732.00 1580.00) TOP/BOTTOM 
  GND_POWER            VIA36RD0_4D          (1741.00 3835.00) TOP/BOTTOM 
  GND_POWER            VIA36RD0_4D          (1742.00 2267.00) TOP/BOTTOM 
  GND_POWER            VIA36RD0_4D          (1742.00 3250.00) TOP/BOTTOM 
  GND_POWER            VIA36RD0_4D          (1743.00 1832.00) TOP/BOTTOM 
  GND_POWER            VIA36RD0_4D          (1743.00 2541.00) TOP/BOTTOM 
  GND_POWER            VIA36RD0_4D          (1761.00 4081.00) TOP/BOTTOM 
  GND_POWER            VIA36RD0_4D          (1763.00 2078.00) TOP/BOTTOM 
  GND_POWER            VIA36RD0_4D          (1763.00 2776.00) TOP/BOTTOM 
  GND_POWER            VIA36RD0_4D          (1764.91 2886.07) TOP/BOTTOM 
  GND_POWER            VIA36RD0_4D          (1766.00 3810.00) TOP/BOTTOM 
  GND_POWER            VIA36RD0_4D          (1766.00 3860.00) TOP/BOTTOM 
  GND_POWER            VIA36RD0_4D          (1766.06 1133.00) TOP/BOTTOM 
  GND_POWER            VIA36RD0_4D          (1767.00 3225.00) TOP/BOTTOM 
  GND_POWER            VIA36RD0_4D          (1767.00 3275.00) TOP/BOTTOM 
  GND_POWER            VIA36RD0_4D          (1768.00 1807.00) TOP/BOTTOM 
  GND_POWER            VIA36RD0_4D          (1768.00 1857.00) TOP/BOTTOM 
  GND_POWER            VIA36RD0_4D          (1768.00 2516.00) TOP/BOTTOM 
  GND_POWER            VIA36RD0_4D          (1768.00 2566.00) TOP/BOTTOM 
  GND_POWER            VIA36RD0_4D          (1769.00 5126.00) TOP/BOTTOM 
  GND_POWER            VIA36RD0_4D          (1774.00 1580.00) TOP/BOTTOM 
  GND_POWER            VIA36RD0_4D          (1785.00 2265.00) TOP/BOTTOM 
  GND_POWER            VIA36RD0_4D          (1801.00 4082.00) TOP/BOTTOM 
  GND_POWER            VIA36RD0_4D          (1803.00 2079.00) TOP/BOTTOM 
  GND_POWER            VIA36RD0_4D          (1803.00 2776.00) TOP/BOTTOM 
  GND_POWER            VIA36RD0_4D          (1804.28 5399.00) TOP/BOTTOM 
  GND_POWER            VIA36RD0_4D          (1813.81 5031.53) TOP/BOTTOM 
  GND_POWER            VIA36RD0_4D          (1816.00 1580.00) TOP/BOTTOM 
  GND_POWER            VIA36RD0_4D          (1858.00 1580.00) TOP/BOTTOM 
  GND_POWER            VIA36RD0_4D          (1882.90 2886.81) TOP/BOTTOM 
  GND_POWER            VIA36RD0_4D          (1890.90 3454.81) TOP/BOTTOM 
  GND_POWER            VIA36RD0_4D          (1900.00 1580.00) TOP/BOTTOM 
  GND_POWER            VIA36RD0_4D          (1918.92 2886.95) TOP/BOTTOM 
  GND_POWER            VIA36RD0_4D          (1926.92 3454.95) TOP/BOTTOM 
  GND_POWER            VIA36RD0_4D          (1942.00 1580.00) TOP/BOTTOM 
  GND_POWER            VIA36RD0_4D          (1947.90 3978.81) TOP/BOTTOM 
  GND_POWER            VIA36RD0_4D          (1949.90 1975.81) TOP/BOTTOM 
  GND_POWER            VIA36RD0_4D          (1954.00 3871.00) TOP/BOTTOM 
  GND_POWER            VIA36RD0_4D          (1955.91 2886.07) TOP/BOTTOM 
  GND_POWER            VIA36RD0_4D          (1956.00 1868.00) TOP/BOTTOM 
  GND_POWER            VIA36RD0_4D          (1956.90 2684.81) TOP/BOTTOM 
  GND_POWER            VIA36RD0_4D          (1959.00 3289.00) TOP/BOTTOM 
  GND_POWER            VIA36RD0_4D          (1963.91 3454.07) TOP/BOTTOM 
  GND_POWER            VIA36RD0_4D          (1966.00 2580.00) TOP/BOTTOM 
  GND_POWER            VIA36RD0_4D          (1970.00 4328.00) TOP/BOTTOM 
  GND_POWER            VIA36RD0_4D          (1983.92 3978.95) TOP/BOTTOM 
  GND_POWER            VIA36RD0_4D          (1984.00 1580.00) TOP/BOTTOM 
  GND_POWER            VIA36RD0_4D          (1992.92 2684.95) TOP/BOTTOM 
  GND_POWER            VIA36RD0_4D          (2020.91 3978.07) TOP/BOTTOM 
  GND_POWER            VIA36RD0_4D          (2026.00 1580.00) TOP/BOTTOM 
  GND_POWER            VIA36RD0_4D          (2029.91 2684.07) TOP/BOTTOM 
  GND_POWER            VIA36RD0_4D          (2239.40 2931.40) TOP/BOTTOM 
  GND_POWER            VIA36RD0_4D          (2240.00 3095.00) TOP/BOTTOM 
  GND_POWER            VIA36RD0_4D          (2240.00 3165.00) TOP/BOTTOM 
  GND_POWER            VIA36RD0_4D          (2243.00 2238.00) TOP/BOTTOM 
  GND_POWER            VIA36RD0_4D          (2245.00 2120.00) TOP/BOTTOM 
  GND_POWER            VIA36RD0_4D          (2255.00 3832.00) TOP/BOTTOM 
  GND_POWER            VIA36RD0_4D          (2270.00 3130.00) TOP/BOTTOM 
  GND_POWER            VIA36RD0_4D          (2290.00 3165.00) TOP/BOTTOM 
  GND_POWER            VIA36RD0_4D          (2295.00 3095.00) TOP/BOTTOM 
  GND_POWER            VIA36RD0_4D          (2300.00 3832.00) TOP/BOTTOM 
  GND_POWER            VIA36RD0_4D          (2316.00 2307.00) TOP/BOTTOM 
  GND_POWER            VIA36RD0_4D          (2347.00 3832.00) TOP/BOTTOM 
  GND_POWER            VIA36RD0_4D          (2366.72 5285.00) TOP/BOTTOM 
  GND_POWER            VIA36RD0_4D          (2389.72 5261.00) TOP/BOTTOM 
  GND_POWER            VIA36RD0_4D          (2418.72 5098.00) TOP/BOTTOM 
  GND_POWER            VIA36RD0_4D          (2445.72 5395.00) TOP/BOTTOM 
  GND_POWER            VIA36RD0_4D          (2502.00 3175.00) TOP/BOTTOM 
  GND_POWER            VIA36RD0_4D          (2503.00 3208.00) TOP/BOTTOM 
  GND_POWER            VIA36RD0_4D          (2537.00 3175.00) TOP/BOTTOM 
  GND_POWER            VIA36RD0_4D          (2538.00 3208.00) TOP/BOTTOM 
  GND_POWER            VIA36RD0_4D          (2563.00 505.00) TOP/BOTTOM 
  GND_POWER            VIA36RD0_4D          (2569.00 627.00) TOP/BOTTOM 
  GND_POWER            VIA36RD0_4D          (2574.00 354.00) TOP/BOTTOM 
  GND_POWER            VIA36RD0_4D          (2610.00 3056.00) TOP/BOTTOM 
  GND_POWER            VIA36RD0_4D          (2625.00 3191.00) TOP/BOTTOM 
  GND_POWER            VIA36RD0_4D          (2626.00 3157.00) TOP/BOTTOM 
  GND_POWER            VIA36RD0_4D          (2685.44 5430.00) TOP/BOTTOM 
  GND_POWER            VIA36RD0_4D          (2827.70 366.00) TOP/BOTTOM 
  GND_POWER            VIA36RD0_4D          (2893.00 695.00) TOP/BOTTOM 
  GND_POWER            VIA36RD0_4D          (2895.00 341.00) TOP/BOTTOM 
  GND_POWER            VIA36RD0_4D          (2903.00 475.59) TOP/BOTTOM 
  GND_POWER            VIA36RD0_4D          (2960.00 5220.53) TOP/BOTTOM 
  GND_POWER            VIA36RD0_4D          (3013.00 5007.00) TOP/BOTTOM 
  GND_POWER            VIA36RD0_4D          (3094.00 5328.00) TOP/BOTTOM 
  GND_POWER            VIA36RD0_4D          (3104.36 5453.00) TOP/BOTTOM 
  GND_POWER            VIA36RD0_4D          (3108.00 5203.00) TOP/BOTTOM 
  GND_POWER            VIA36RD0_4D          (3108.00 5236.00) TOP/BOTTOM 
  GND_POWER            VIA36RD0_4D          (3121.00 5016.00) TOP/BOTTOM 
  GND_POWER            VIA36RD0_4D          (3153.00 5203.00) TOP/BOTTOM 
  GND_POWER            VIA36RD0_4D          (3154.00 5236.00) TOP/BOTTOM 
  GND_POWER            VIA36RD0_4D          (3159.00 627.00) TOP/BOTTOM 
  GND_POWER            VIA36RD0_4D          (3198.00 5203.00) TOP/BOTTOM 
  GND_POWER            VIA36RD0_4D          (3199.00 5236.00) TOP/BOTTOM 
  GND_POWER            VIA36RD0_4D          (3301.00 5107.00) TOP/BOTTOM 
  GND_POWER            VIA36RD0_4D          (3302.00 5417.00) TOP/BOTTOM 
  GND_POWER            VIA36RD0_4D          (3339.06 5202.94) TOP/BOTTOM 
  GND_POWER            VIA36RD0_4D          (3340.00 239.00) TOP/BOTTOM 
  GND_POWER            VIA36RD0_4D          (3386.40 710.00) TOP/BOTTOM 
  GND_POWER            VIA36RD0_4D          (3484.00 179.00) TOP/BOTTOM 
  GND_POWER            VIA36RD0_4D          (3485.00 4520.00) TOP/BOTTOM 
  GND_POWER            VIA36RD0_4D          (3496.00 5201.00) TOP/BOTTOM 
  GND_POWER            VIA36RD0_4D          (3520.00 5249.00) TOP/BOTTOM 
  GND_POWER            VIA36RD0_4D          (3553.00 4183.00) TOP/BOTTOM 
  GND_POWER            VIA36RD0_4D          (3622.00 590.00) TOP/BOTTOM 
  GND_POWER            VIA36RD0_4D          (3634.00 3146.00) TOP/BOTTOM 
  GND_POWER            VIA36RD0_4D          (3670.00 2559.00) TOP/BOTTOM 
  GND_POWER            VIA36RD0_4D          (3789.00 2134.00) TOP/BOTTOM 
  GND_POWER            VIA36RD0_4D          (3802.06 2772.00) TOP/BOTTOM 
  GND_POWER            VIA36RD0_4D          (3851.00 4536.00) TOP/BOTTOM 
  GND_POWER            VIA36RD0_4D          (3856.88 3557.09) TOP/BOTTOM 
  GND_POWER            VIA36RD0_4D          (3889.00 3428.00) TOP/BOTTOM 
  GND_POWER            VIA36RD0_4D          (3923.00 2089.00) TOP/BOTTOM 
  GND_POWER            VIA36RD0_4D          (3961.00 3370.00) TOP/BOTTOM 
  GND_POWER            VIA36RD0_4D          (3964.47 2600.00) TOP/BOTTOM 
  GND_POWER            VIA36RD0_4D          (3964.47 2771.00) TOP/BOTTOM 
  GND_POWER            VIA36RD0_4D          (3979.00 471.00) TOP/BOTTOM 
  GND_POWER            VIA36RD0_4D          (3988.60 3942.00) TOP/BOTTOM 
  GND_POWER            VIA36RD0_4D          (4018.00 1056.00) TOP/BOTTOM 
  GND_POWER            VIA36RD0_4D          (4043.00 1654.00) TOP/BOTTOM 
  GND_POWER            VIA36RD0_4D          (4050.36 1425.36) TOP/BOTTOM 
  GND_POWER            VIA36RD0_4D          (4079.00 475.00) TOP/BOTTOM 
  GND_POWER            VIA36RD0_4D          (4120.00 2968.00) TOP/BOTTOM 
  GND_POWER            VIA36RD0_4D          (4161.00 1615.00) TOP/BOTTOM 
  GND_POWER            VIA36RD0_4D          (4259.00 1424.00) TOP/BOTTOM 
  GND_POWER            VIA36RD0_4D          (4280.36 1320.36) TOP/BOTTOM 
  GND_POWER            VIA36RD0_4D          (4288.00 3781.00) TOP/BOTTOM 
  GND_POWER            VIA36RD0_4D          (4320.00 1240.00) TOP/BOTTOM 
  GND_POWER            VIA36RD0_4D          (4349.00 441.00) TOP/BOTTOM 
  GND_POWER            VIA36RD0_4D          (4350.00 2842.00) TOP/BOTTOM 
  GND_POWER            VIA36RD0_4D          (4417.00 2093.00) TOP/BOTTOM 
  GND_POWER            VIA36RD0_4D          (4425.47 5049.53) TOP/BOTTOM 
  GND_POWER            VIA36RD0_4D          (4432.00 364.00) TOP/BOTTOM 
  GND_POWER            VIA36RD0_4D          (4443.00 3122.00) TOP/BOTTOM 
  GND_POWER            VIA36RD0_4D          (4443.00 3212.00) TOP/BOTTOM 
  GND_POWER            VIA36RD0_4D          (4444.00 3077.00) TOP/BOTTOM 
  GND_POWER            VIA36RD0_4D          (4444.00 3167.00) TOP/BOTTOM 
  GND_POWER            VIA36RD0_4D          (4492.00 3123.00) TOP/BOTTOM 
  GND_POWER            VIA36RD0_4D          (4492.00 3213.00) TOP/BOTTOM 
  GND_POWER            VIA36RD0_4D          (4493.00 3078.00) TOP/BOTTOM 
  GND_POWER            VIA36RD0_4D          (4493.00 3168.00) TOP/BOTTOM 
  GND_POWER            VIA36RD0_4D          (4517.00 2114.00) TOP/BOTTOM 
  GND_POWER            VIA36RD0_4D          (4528.74 3867.83) TOP/BOTTOM 
  GND_POWER            VIA36RD0_4D          (4528.74 3983.97) TOP/BOTTOM 
  GND_POWER            VIA36RD0_4D          (4533.00 3456.00) TOP/BOTTOM 
  GND_POWER            VIA36RD0_4D          (4536.77 1193.23) TOP/BOTTOM 
  GND_POWER            VIA36RD0_4D          (4540.00 3123.00) TOP/BOTTOM 
  GND_POWER            VIA36RD0_4D          (4540.00 3213.00) TOP/BOTTOM 
  GND_POWER            VIA36RD0_4D          (4541.00 3078.00) TOP/BOTTOM 
  GND_POWER            VIA36RD0_4D          (4541.00 3168.00) TOP/BOTTOM 
  GND_POWER            VIA36RD0_4D          (4568.92 673.32) TOP/BOTTOM 
  GND_POWER            VIA36RD0_4D          (4571.98 830.58) TOP/BOTTOM 
  GND_POWER            VIA36RD0_4D          (4591.00 2183.00) TOP/BOTTOM 
  GND_POWER            VIA36RD0_4D          (4592.00 3123.00) TOP/BOTTOM 
  GND_POWER            VIA36RD0_4D          (4592.00 3213.00) TOP/BOTTOM 
  GND_POWER            VIA36RD0_4D          (4593.00 3078.00) TOP/BOTTOM 
  GND_POWER            VIA36RD0_4D          (4593.00 3168.00) TOP/BOTTOM 
  GND_POWER            VIA36RD0_4D          (4662.00 2264.00) TOP/BOTTOM 
  GND_POWER            VIA36RD0_4D          (4691.64 2868.36) TOP/BOTTOM 
  GND_POWER            VIA36RD0_4D          (4705.00 5160.00) TOP/BOTTOM 
  GND_POWER            VIA36RD0_4D          (4713.98 3447.02) TOP/BOTTOM 
  GND_POWER            VIA36RD0_4D          (4715.00 2481.00) TOP/BOTTOM 
  GND_POWER            VIA36RD0_4D          (4743.00 2343.00) TOP/BOTTOM 
  GND_POWER            VIA36RD0_4D          (4764.00 2942.00) TOP/BOTTOM 
  GND_POWER            VIA36RD0_4D          (4772.26 3867.83) TOP/BOTTOM 
  GND_POWER            VIA36RD0_4D          (4772.26 3983.97) TOP/BOTTOM 
  GND_POWER            VIA36RD0_4D          (4822.00 2405.00) TOP/BOTTOM 
  GND_POWER            VIA36RD0_4D          (4830.00 1661.00) TOP/BOTTOM 
  GND_POWER            VIA36RD0_4D          (4929.00 2465.00) TOP/BOTTOM 
  GND_POWER            VIA36RD0_4D          (4930.00 747.00) TOP/BOTTOM 
  GND_POWER            VIA36RD0_4D          (4935.00 3251.00) TOP/BOTTOM 
  GND_POWER            VIA36RD0_4D          (4938.00 3135.00) TOP/BOTTOM 
  GND_POWER            VIA36RD0_4D          (4962.94 1091.06) TOP/BOTTOM 
  GND_POWER            VIA36RD0_4D          (4971.00 1661.00) TOP/BOTTOM 
  GND_POWER            VIA36RD0_4D          (4988.49 475.00) TOP/BOTTOM 
  GND_POWER            VIA36RD0_4D          (4997.50 247.50) TOP/BOTTOM 
  GND_POWER            VIA36RD0_4D          (5075.00 594.51) TOP/BOTTOM 
  GND_POWER            VIA36RD0_4D          (5090.00 3830.00) TOP/BOTTOM 
  GND_POWER            VIA36RD0_4D          (5096.00 2917.00) TOP/BOTTOM 
  GND_POWER            VIA36RD0_4D          (5120.00 2690.00) TOP/BOTTOM 
  GND_POWER            VIA36RD0_4D          (5125.00 244.00) TOP/BOTTOM 
  GND_POWER            VIA36RD0_4D          (5137.00 4129.00) TOP/BOTTOM 
  GND_POWER            VIA36RD0_4D          (5177.06 3905.06) TOP/BOTTOM 
  GND_POWER            VIA36RD0_4D          (5211.00 2536.00) TOP/BOTTOM 
  GND_POWER            VIA36RD0_4D          (5225.00 239.00) TOP/BOTTOM 
  GND_POWER            VIA36RD0_4D          (5225.00 594.51) TOP/BOTTOM 
  GND_POWER            VIA36RD0_4D          (5227.00 2926.00) TOP/BOTTOM 
  GND_POWER            VIA36RD0_4D          (5231.00 4735.42) TOP/BOTTOM 
  GND_POWER            VIA36RD0_4D          (5245.00 4412.58) TOP/BOTTOM 
  GND_POWER            VIA36RD0_4D          (5255.00 2475.00) TOP/BOTTOM 
  GND_POWER            VIA36RD0_4D          (5261.00 3446.00) TOP/BOTTOM 
  GND_POWER            VIA36RD0_4D          (5261.00 3758.00) TOP/BOTTOM 
  GND_POWER            VIA36RD0_4D          (5265.00 2914.00) TOP/BOTTOM 
  GND_POWER            VIA36RD0_4D          (5275.00 405.49) TOP/BOTTOM 
  GND_POWER            VIA36RD0_4D          (5276.00 4667.00) TOP/BOTTOM 
  GND_POWER            VIA36RD0_4D          (5303.94 4560.00) TOP/BOTTOM 
  GND_POWER            VIA36RD0_4D          (5306.00 2871.00) TOP/BOTTOM 
  GND_POWER            VIA36RD0_4D          (5320.00 3447.00) TOP/BOTTOM 
  GND_POWER            VIA36RD0_4D          (5320.00 3758.00) TOP/BOTTOM 
  GND_POWER            VIA36RD0_4D          (5325.00 226.49) TOP/BOTTOM 
  GND_POWER            VIA36RD0_4D          (5334.00 3603.00) TOP/BOTTOM 
  GND_POWER            VIA36RD0_4D          (5335.00 2905.00) TOP/BOTTOM 
  GND_POWER            VIA36RD0_4D          (5340.50 4488.00) TOP/BOTTOM 
  GND_POWER            VIA36RD0_4D          (5365.00 2720.00) TOP/BOTTOM 
  GND_POWER            VIA36RD0_4D          (5365.00 2815.00) TOP/BOTTOM 
  GND_POWER            VIA36RD0_4D          (5367.00 3388.00) TOP/BOTTOM 
  GND_POWER            VIA36RD0_4D          (5370.00 2935.00) TOP/BOTTOM 
  GND_POWER            VIA36RD0_4D          (5375.00 226.49) TOP/BOTTOM 
  GND_POWER            VIA36RD0_4D          (5375.00 594.51) TOP/BOTTOM 
  GND_POWER            VIA36RD0_4D          (5380.00 3110.00) TOP/BOTTOM 
  GND_POWER            VIA36RD0_4D          (5415.00 2768.00) TOP/BOTTOM 
  GND_POWER            VIA36RD0_4D          (5425.00 226.49) TOP/BOTTOM 
  GND_POWER            VIA36RD0_4D          (5435.00 3603.00) TOP/BOTTOM 
  GND_POWER            VIA36RD0_4D          (5460.00 3110.00) TOP/BOTTOM 
  GND_POWER            VIA36RD0_4D          (5463.00 3388.00) TOP/BOTTOM 
  GND_POWER            VIA36RD0_4D          (5465.00 2720.00) TOP/BOTTOM 
  GND_POWER            VIA36RD0_4D          (5465.00 2815.00) TOP/BOTTOM 
  GND_POWER            VIA36RD0_4D          (5471.00 2617.00) TOP/BOTTOM 
  GND_POWER            VIA36RD0_4D          (5490.00 2980.00) TOP/BOTTOM 
  GND_POWER            VIA36RD0_4D          (5491.00 4488.00) TOP/BOTTOM 
  GND_POWER            VIA36RD0_4D          (5520.06 4560.00) TOP/BOTTOM 
  GND_POWER            VIA36RD0_4D          (5525.00 594.51) TOP/BOTTOM 
  GND_POWER            VIA36RD0_4D          (5536.00 3603.00) TOP/BOTTOM 
  GND_POWER            VIA36RD0_4D          (5550.00 3447.00) TOP/BOTTOM 
  GND_POWER            VIA36RD0_4D          (5550.00 3758.00) TOP/BOTTOM 
  GND_POWER            VIA36RD0_4D          (5574.00 4735.42) TOP/BOTTOM 
  GND_POWER            VIA36RD0_4D          (5575.00 205.49) TOP/BOTTOM 
  GND_POWER            VIA36RD0_4D          (5589.00 4412.58) TOP/BOTTOM 
  GND_POWER            VIA36RD0_4D          (5605.00 2810.00) TOP/BOTTOM 
  GND_POWER            VIA36RD0_4D          (5610.00 3447.00) TOP/BOTTOM 
  GND_POWER            VIA36RD0_4D          (5610.00 3758.00) TOP/BOTTOM 
  GND_POWER            VIA36RD0_4D          (5625.00 205.49) TOP/BOTTOM 
  GND_POWER            VIA36RD0_4D          (5625.00 394.51) TOP/BOTTOM 
  GND_POWER            VIA36RD0_4D          (5640.00 2621.00) TOP/BOTTOM 
  GND_POWER            VIA36RD0_4D          (5675.00 594.51) TOP/BOTTOM 
  GND_POWER            VIA36RD0_4D          (5680.00 2910.00) TOP/BOTTOM 
  GND_POWER            VIA36RD0_4D          (5684.00 3910.00) TOP/BOTTOM 
  GND_POWER            VIA36RD0_4D          (5690.00 3045.41) TOP/BOTTOM 
  GND_POWER            VIA36RD0_4D          (5711.00 2722.00) TOP/BOTTOM 
  GND_POWER            VIA36RD0_4D          (5725.00 3631.00) TOP/BOTTOM 
  GND_POWER            VIA36RD0_4D          (5740.37 4145.00) TOP/BOTTOM 
  GND_POWER            VIA36RD0_4D          (5775.00 205.49) TOP/BOTTOM 
  GND_POWER            VIA36RD0_4D          (5775.00 394.51) TOP/BOTTOM 
  GND_POWER            VIA36RD0_4D          (5775.00 2560.00) TOP/BOTTOM 
  GND_POWER            VIA36RD0_4D          (5780.00 2980.00) TOP/BOTTOM 
  GND_POWER            VIA36RD0_4D          (5785.00 2820.00) TOP/BOTTOM 
  GND_POWER            VIA36RD0_4D          (5820.00 4220.00) TOP/BOTTOM 
  GND_POWER            VIA36RD0_4D          (5825.00 205.49) TOP/BOTTOM 
  GND_POWER            VIA36RD0_4D          (5825.00 594.51) TOP/BOTTOM 
  GND_POWER            VIA36RD0_4D          (5910.00 2837.00) TOP/BOTTOM 
  GND_POWER            VIA36RD0_4D          (5911.00 2698.00) TOP/BOTTOM 
  GND_POWER            VIA36RD0_4D          (5925.00 394.51) TOP/BOTTOM 
  GND_POWER            VIA36RD0_4D          (5931.00 1952.00) TOP/BOTTOM 
  GND_POWER            VIA36RD0_4D          (5975.00 205.49) TOP/BOTTOM 
  GND_POWER            VIA36RD0_4D          (5975.00 594.51) TOP/BOTTOM 
  GND_POWER            VIA36RD0_4D          (5975.00 3900.00) TOP/BOTTOM 
  GND_POWER            VIA36RD0_4D          (6025.00 205.49) TOP/BOTTOM 
  GND_POWER            VIA36RD0_4D          (6125.00 594.51) TOP/BOTTOM 
  GND_POWER            VIA36RD0_4D          (6175.00 205.49) TOP/BOTTOM 
  GND_POWER            VIA36RD0_4D          (6225.00 205.49) TOP/BOTTOM 
  GND_POWER            VIA36RD0_4D          (6225.00 394.51) TOP/BOTTOM 
  GND_POWER            VIA36RD0_4D          (6275.00 594.51) TOP/BOTTOM 
  GND_POWER            VIA36RD0_4D          (6288.00 4129.00) TOP/BOTTOM 
  GND_POWER            VIA36RD0_4D          (6320.00 3482.00) TOP/BOTTOM 
  GND_POWER            VIA36RD0_4D          (6325.00 405.49) TOP/BOTTOM 
  GND_POWER            VIA36RD0_4D          (6328.06 3905.06) TOP/BOTTOM 
  GND_POWER            VIA36RD0_4D          (6375.00 205.49) TOP/BOTTOM 
  GND_POWER            VIA36RD0_4D          (6382.00 4735.42) TOP/BOTTOM 
  GND_POWER            VIA36RD0_4D          (6388.00 3118.00) TOP/BOTTOM 
  GND_POWER            VIA36RD0_4D          (6394.00 595.00) TOP/BOTTOM 
  GND_POWER            VIA36RD0_4D          (6396.00 4412.58) TOP/BOTTOM 
  GND_POWER            VIA36RD0_4D          (6414.00 3677.00) TOP/BOTTOM 
  GND_POWER            VIA36RD0_4D          (6425.00 205.49) TOP/BOTTOM 
  GND_POWER            VIA36RD0_4D          (6427.00 4667.00) TOP/BOTTOM 
  GND_POWER            VIA36RD0_4D          (6451.00 3312.00) TOP/BOTTOM 
  GND_POWER            VIA36RD0_4D          (6454.94 4560.00) TOP/BOTTOM 
  GND_POWER            VIA36RD0_4D          (6491.50 4488.00) TOP/BOTTOM 
  GND_POWER            VIA36RD0_4D          (6518.00 3162.00) TOP/BOTTOM 
  GND_POWER            VIA36RD0_4D          (6535.00 3675.00) TOP/BOTTOM 
  GND_POWER            VIA36RD0_4D          (6544.00 595.00) TOP/BOTTOM 
  GND_POWER            VIA36RD0_4D          (6545.00 3273.00) TOP/BOTTOM 
  GND_POWER            VIA36RD0_4D          (6575.00 205.49) TOP/BOTTOM 
  GND_POWER            VIA36RD0_4D          (6614.06 3580.00) TOP/BOTTOM 
  GND_POWER            VIA36RD0_4D          (6642.00 4488.00) TOP/BOTTOM 
  GND_POWER            VIA36RD0_4D          (6652.00 3479.00) TOP/BOTTOM 
  GND_POWER            VIA36RD0_4D          (6671.06 4560.00) TOP/BOTTOM 
  GND_POWER            VIA36RD0_4D          (6713.00 1006.00) TOP/BOTTOM 
  GND_POWER            VIA36RD0_4D          (6725.00 594.51) TOP/BOTTOM 
  GND_POWER            VIA36RD0_4D          (6725.00 4735.42) TOP/BOTTOM 
  GND_POWER            VIA36RD0_4D          (6740.00 4412.58) TOP/BOTTOM 
  GND_POWER            VIA36RD0_4D          (6775.00 205.49) TOP/BOTTOM 
  GND_POWER            VIA36RD0_4D          (6775.00 1006.00) TOP/BOTTOM 
  GND_POWER            VIA36RD0_4D          (6785.00 3800.00) TOP/BOTTOM 
  GND_POWER            VIA36RD0_4D          (6825.00 205.49) TOP/BOTTOM 
  GND_POWER            VIA36RD0_4D          (6825.00 405.49) TOP/BOTTOM 
  GND_POWER            VIA36RD0_4D          (6835.00 3910.00) TOP/BOTTOM 
  GND_POWER            VIA36RD0_4D          (6872.00 1176.00) TOP/BOTTOM 
  GND_POWER            VIA36RD0_4D          (6891.37 4145.00) TOP/BOTTOM 
  GND_POWER            VIA36RD0_4D          (6938.00 390.00) TOP/BOTTOM 
  GND_POWER            VIA36RD0_4D          (6955.00 1702.00) TOP/BOTTOM 
  GND_POWER            VIA36RD0_4D          (6970.00 4230.00) TOP/BOTTOM 
  GND_POWER            VIA36RD0_4D          (6975.00 205.49) TOP/BOTTOM 
  GND_POWER            VIA36RD0_4D          (6999.00 1173.00) TOP/BOTTOM 
  GND_POWER            VIA36RD0_4D          (7049.00 997.00) TOP/BOTTOM 
  GND_POWER            VIA36RD0_4D          (7087.00 1728.00) TOP/BOTTOM 
  GND_POWER            VIA36RD0_4D          (7098.00 2200.00) TOP/BOTTOM 
  GND_POWER            VIA36RD0_4D          (7098.00 2285.00) TOP/BOTTOM 
  GND_POWER            VIA36RD0_4D          (7149.00 4136.00) TOP/BOTTOM 
  GND_POWER            VIA36RD0_4D          (7162.00 3809.00) TOP/BOTTOM 
  GND_POWER            VIA36RD0_4D          (7190.00 3482.00) TOP/BOTTOM 
  GND_POWER            VIA36RD0_4D          (7199.06 3905.06) TOP/BOTTOM 
  GND_POWER            VIA36RD0_4D          (7253.00 4735.42) TOP/BOTTOM 
  GND_POWER            VIA36RD0_4D          (7261.00 3117.00) TOP/BOTTOM 
  GND_POWER            VIA36RD0_4D          (7267.00 4412.58) TOP/BOTTOM 
  GND_POWER            VIA36RD0_4D          (7279.00 3805.00) TOP/BOTTOM 
  GND_POWER            VIA36RD0_4D          (7298.00 4667.00) TOP/BOTTOM 
  GND_POWER            VIA36RD0_4D          (7322.00 3312.00) TOP/BOTTOM 
  GND_POWER            VIA36RD0_4D          (7325.94 4560.00) TOP/BOTTOM 
  GND_POWER            VIA36RD0_4D          (7345.00 3800.00) TOP/BOTTOM 
  GND_POWER            VIA36RD0_4D          (7355.00 1419.00) TOP/BOTTOM 
  GND_POWER            VIA36RD0_4D          (7362.50 4488.00) TOP/BOTTOM 
  GND_POWER            VIA36RD0_4D          (7388.00 3174.00) TOP/BOTTOM 
  GND_POWER            VIA36RD0_4D          (7413.00 2198.00) TOP/BOTTOM 
  GND_POWER            VIA36RD0_4D          (7413.00 2281.00) TOP/BOTTOM 
  GND_POWER            VIA36RD0_4D          (7416.00 3273.00) TOP/BOTTOM 
  GND_POWER            VIA36RD0_4D          (7425.00 1753.00) TOP/BOTTOM 
  GND_POWER            VIA36RD0_4D          (7447.00 1420.00) TOP/BOTTOM 
  GND_POWER            VIA36RD0_4D          (7450.03 683.03) TOP/BOTTOM 
  GND_POWER            VIA36RD0_4D          (7485.06 3576.94) TOP/BOTTOM 
  GND_POWER            VIA36RD0_4D          (7513.00 4488.00) TOP/BOTTOM 
  GND_POWER            VIA36RD0_4D          (7528.00 3479.00) TOP/BOTTOM 
  GND_POWER            VIA36RD0_4D          (7542.06 4560.00) TOP/BOTTOM 
  GND_POWER            VIA36RD0_4D          (7588.00 1748.00) TOP/BOTTOM 
  GND_POWER            VIA36RD0_4D          (7596.00 4735.42) TOP/BOTTOM 
  GND_POWER            VIA36RD0_4D          (7610.00 2554.00) TOP/BOTTOM 
  GND_POWER            VIA36RD0_4D          (7611.00 4412.58) TOP/BOTTOM 
  GND_POWER            VIA36RD0_4D          (7614.00 2479.00) TOP/BOTTOM 
  GND_POWER            VIA36RD0_4D          (7645.00 2655.00) TOP/BOTTOM 
  GND_POWER            VIA36RD0_4D          (7673.00 2403.00) TOP/BOTTOM 
  GND_POWER            VIA36RD0_4D          (7693.94 3922.00) TOP/BOTTOM 
  GND_POWER            VIA36RD0_4D          (7712.00 2773.00) TOP/BOTTOM 
  GND_POWER            VIA36RD0_4D          (7744.00 2560.00) TOP/BOTTOM 
  GND_POWER            VIA36RD0_4D          (7755.00 2666.00) TOP/BOTTOM 
  GND_POWER            VIA36RD0_4D          (7762.37 4143.00) TOP/BOTTOM 
  GND_POWER            VIA36RD0_4D          (7840.00 4220.00) TOP/BOTTOM 
  GND_POWER            VIA36RD0_4D          (7901.06 331.94) TOP/BOTTOM 
  GND_POWER            VIA36RD0_4D          (7906.00 849.00) TOP/BOTTOM 
  GND_POWER            VIA36RD0_4D          (7998.00 2195.00) TOP/BOTTOM 
  GND_POWER            VIA36RD0_4D          (8002.00 2291.00) TOP/BOTTOM 
  GND_POWER            VIA36RD0_4D          (8005.63 4131.00) TOP/BOTTOM 
  GND_POWER            VIA36RD0_4D          (8071.00 3482.00) TOP/BOTTOM 
  GND_POWER            VIA36RD0_4D          (8077.06 3905.06) TOP/BOTTOM 
  GND_POWER            VIA36RD0_4D          (8094.14 779.00) TOP/BOTTOM 
  GND_POWER            VIA36RD0_4D          (8131.00 4735.42) TOP/BOTTOM 
  GND_POWER            VIA36RD0_4D          (8140.00 3115.00) TOP/BOTTOM 
  GND_POWER            VIA36RD0_4D          (8145.00 4412.58) TOP/BOTTOM 
  GND_POWER            VIA36RD0_4D          (8160.00 3860.00) TOP/BOTTOM 
  GND_POWER            VIA36RD0_4D          (8176.00 4667.00) TOP/BOTTOM 
  GND_POWER            VIA36RD0_4D          (8200.00 3312.00) TOP/BOTTOM 
  GND_POWER            VIA36RD0_4D          (8203.94 4560.00) TOP/BOTTOM 
  GND_POWER            VIA36RD0_4D          (8216.00 421.00) TOP/BOTTOM 
  GND_POWER            VIA36RD0_4D          (8240.50 4488.00) TOP/BOTTOM 
  GND_POWER            VIA36RD0_4D          (8250.00 3860.00) TOP/BOTTOM 
  GND_POWER            VIA36RD0_4D          (8266.00 3174.00) TOP/BOTTOM 
  GND_POWER            VIA36RD0_4D          (8294.00 3273.00) TOP/BOTTOM 
  GND_POWER            VIA36RD0_4D          (8345.00 492.00) TOP/BOTTOM 
  GND_POWER            VIA36RD0_4D          (8363.06 3653.94) TOP/BOTTOM 
  GND_POWER            VIA36RD0_4D          (8391.00 4488.00) TOP/BOTTOM 
  GND_POWER            VIA36RD0_4D          (8404.00 3479.00) TOP/BOTTOM 
  GND_POWER            VIA36RD0_4D          (8420.06 4560.00) TOP/BOTTOM 
  GND_POWER            VIA36RD0_4D          (8474.00 4735.42) TOP/BOTTOM 
  GND_POWER            VIA36RD0_4D          (8489.00 4412.58) TOP/BOTTOM 
  GND_POWER            VIA36RD0_4D          (8500.86 292.00) TOP/BOTTOM 
  GND_POWER            VIA36RD0_4D          (8520.36 2865.36) TOP/BOTTOM 
  GND_POWER            VIA36RD0_4D          (8594.00 3878.00) TOP/BOTTOM 
  GND_POWER            VIA36RD0_4D          (8605.00 3800.00) TOP/BOTTOM 
  GND_POWER            VIA36RD0_4D          (8622.00 676.00) TOP/BOTTOM 
  GND_POWER            VIA36RD0_4D          (8640.37 4142.00) TOP/BOTTOM 
  GND_POWER            VIA36RD0_4D          (8710.00 4210.00) TOP/BOTTOM 
  GND_POWER            VIA36RD0_4D          (8733.14 783.00) TOP/BOTTOM 
  GND_POWER            VIA36RD0_4D          (8866.14 2711.14) TOP/BOTTOM 
  GND_POWER            VIA36RD0_4D          (8872.00 418.00) TOP/BOTTOM 
  GND_POWER            VIA36RD0_4D          (8926.00 2996.00) TOP/BOTTOM 
  GND_POWER            VIA36RD0_4D          (9096.00 742.00) TOP/BOTTOM 
  GND_POWER            VIA36RD0_4D          (9155.63 4133.00) TOP/BOTTOM 
  GND_POWER            VIA36RD0_4D          (9175.00 388.00) TOP/BOTTOM 
  GND_POWER            VIA36RD0_4D          (9204.00 820.00) TOP/BOTTOM 
  GND_POWER            VIA36RD0_4D          (9215.00 3482.00) TOP/BOTTOM 
  GND_POWER            VIA36RD0_4D          (9227.06 3905.06) TOP/BOTTOM 
  GND_POWER            VIA36RD0_4D          (9236.00 2206.00) TOP/BOTTOM 
  GND_POWER            VIA36RD0_4D          (9237.00 2292.00) TOP/BOTTOM 
  GND_POWER            VIA36RD0_4D          (9282.00 4735.42) TOP/BOTTOM 
  GND_POWER            VIA36RD0_4D          (9294.00 3109.00) TOP/BOTTOM 
  GND_POWER            VIA36RD0_4D          (9296.00 4412.58) TOP/BOTTOM 
  GND_POWER            VIA36RD0_4D          (9309.00 670.00) TOP/BOTTOM 
  GND_POWER            VIA36RD0_4D          (9327.00 4667.00) TOP/BOTTOM 
  GND_POWER            VIA36RD0_4D          (9330.00 3860.00) TOP/BOTTOM 
  GND_POWER            VIA36RD0_4D          (9350.00 3312.00) TOP/BOTTOM 
  GND_POWER            VIA36RD0_4D          (9354.94 4560.00) TOP/BOTTOM 
  GND_POWER            VIA36RD0_4D          (9374.00 670.00) TOP/BOTTOM 
  GND_POWER            VIA36RD0_4D          (9391.50 4488.00) TOP/BOTTOM 
  GND_POWER            VIA36RD0_4D          (9403.00 3107.00) TOP/BOTTOM 
  GND_POWER            VIA36RD0_4D          (9420.00 3860.00) TOP/BOTTOM 
  GND_POWER            VIA36RD0_4D          (9436.00 670.00) TOP/BOTTOM 
  GND_POWER            VIA36RD0_4D          (9444.00 3273.00) TOP/BOTTOM 
  GND_POWER            VIA36RD0_4D          (9491.00 809.00) TOP/BOTTOM 
  GND_POWER            VIA36RD0_4D          (9513.06 3594.94) TOP/BOTTOM 
  GND_POWER            VIA36RD0_4D          (9542.00 4488.00) TOP/BOTTOM 
  GND_POWER            VIA36RD0_4D          (9550.00 3479.00) TOP/BOTTOM 
  GND_POWER            VIA36RD0_4D          (9571.06 4560.00) TOP/BOTTOM 
  GND_POWER            VIA36RD0_4D          (9625.00 4735.42) TOP/BOTTOM 
  GND_POWER            VIA36RD0_4D          (9640.00 4412.58) TOP/BOTTOM 
  GND_POWER            VIA36RD0_4D          (9641.00 1008.00) TOP/BOTTOM 
  GND_POWER            VIA36RD0_4D          (9710.00 3800.00) TOP/BOTTOM 
  GND_POWER            VIA36RD0_4D          (9721.94 3911.00) TOP/BOTTOM 
  GND_POWER            VIA36RD0_4D          (9753.00 937.00) TOP/BOTTOM 
  GND_POWER            VIA36RD0_4D          (9754.00 1020.00) TOP/BOTTOM 
  GND_POWER            VIA36RD0_4D          (9768.00 4138.00) TOP/BOTTOM 
  GND_POWER            VIA36RD0_4D          (9860.00 4215.00) TOP/BOTTOM 
  GND_POWER            VIA36RD0_4D          (9865.00 1010.00) TOP/BOTTOM 
  GND_POWER            VIA36RD0_4D          (10033.63 4132.00) TOP/BOTTOM 
  GND_POWER            VIA36RD0_4D          (10099.00 3482.00) TOP/BOTTOM 
  GND_POWER            VIA36RD0_4D          (10105.06 3905.06) TOP/BOTTOM 
  GND_POWER            VIA36RD0_4D          (10160.00 4735.42) TOP/BOTTOM 
  GND_POWER            VIA36RD0_4D          (10174.00 4412.58) TOP/BOTTOM 
  GND_POWER            VIA36RD0_4D          (10175.00 3111.00) TOP/BOTTOM 
  GND_POWER            VIA36RD0_4D          (10205.00 4667.00) TOP/BOTTOM 
  GND_POWER            VIA36RD0_4D          (10217.00 3873.00) TOP/BOTTOM 
  GND_POWER            VIA36RD0_4D          (10228.00 3312.00) TOP/BOTTOM 
  GND_POWER            VIA36RD0_4D          (10232.94 4560.00) TOP/BOTTOM 
  GND_POWER            VIA36RD0_4D          (10269.50 4488.00) TOP/BOTTOM 
  GND_POWER            VIA36RD0_4D          (10275.00 2633.00) TOP/BOTTOM 
  GND_POWER            VIA36RD0_4D          (10276.00 2543.00) TOP/BOTTOM 
  GND_POWER            VIA36RD0_4D          (10279.00 3106.00) TOP/BOTTOM 
  GND_POWER            VIA36RD0_4D          (10318.00 3871.00) TOP/BOTTOM 
  GND_POWER            VIA36RD0_4D          (10322.00 3273.00) TOP/BOTTOM 
  GND_POWER            VIA36RD0_4D          (10347.53 790.53) TOP/BOTTOM 
  GND_POWER            VIA36RD0_4D          (10391.06 3577.94) TOP/BOTTOM 
  GND_POWER            VIA36RD0_4D          (10420.00 4488.00) TOP/BOTTOM 
  GND_POWER            VIA36RD0_4D          (10424.00 3479.00) TOP/BOTTOM 
  GND_POWER            VIA36RD0_4D          (10449.06 4560.00) TOP/BOTTOM 
  GND_POWER            VIA36RD0_4D          (10495.00 675.00) TOP/BOTTOM 
  GND_POWER            VIA36RD0_4D          (10503.00 4735.42) TOP/BOTTOM 
  GND_POWER            VIA36RD0_4D          (10518.00 4412.58) TOP/BOTTOM 
  GND_POWER            VIA36RD0_4D          (10551.00 3806.00) TOP/BOTTOM 
  GND_POWER            VIA36RD0_4D          (10599.94 3900.00) TOP/BOTTOM 
  GND_POWER            VIA36RD0_4D          (10668.37 4143.00) TOP/BOTTOM 
  GND_POWER            VIA36RD0_4D          (10676.00 687.00) TOP/BOTTOM 
  GND_POWER            VIA36RD0_4D          (10729.76 4250.23) TOP/BOTTOM 
  GND_POWER            VIA36RD0_4D          (10861.00 2484.00) TOP/BOTTOM 
  GND_POWER            VIA36RD0_4D          (10879.00 2592.00) TOP/BOTTOM 
  GND_POWER            VIA36RD0_4D          (10923.00 4131.00) TOP/BOTTOM 
  GND_POWER            VIA36RD0_4D          (10955.00 626.00) TOP/BOTTOM 
  GND_POWER            VIA36RD0_4D          (10968.00 3478.00) TOP/BOTTOM 
  GND_POWER            VIA36RD0_4D          (10974.06 3909.06) TOP/BOTTOM 
  GND_POWER            VIA36RD0_4D          (11001.00 608.00) TOP/BOTTOM 
  GND_POWER            VIA36RD0_4D          (11029.00 4737.42) TOP/BOTTOM 
  GND_POWER            VIA36RD0_4D          (11034.94 1031.06) TOP/BOTTOM 
  GND_POWER            VIA36RD0_4D          (11043.00 4414.58) TOP/BOTTOM 
  GND_POWER            VIA36RD0_4D          (11045.00 3106.00) TOP/BOTTOM 
  GND_POWER            VIA36RD0_4D          (11054.47 624.47) TOP/BOTTOM 
  GND_POWER            VIA36RD0_4D          (11074.00 4669.00) TOP/BOTTOM 
  GND_POWER            VIA36RD0_4D          (11090.00 3860.00) TOP/BOTTOM 
  GND_POWER            VIA36RD0_4D          (11097.00 3308.00) TOP/BOTTOM 
  GND_POWER            VIA36RD0_4D          (11101.94 4562.00) TOP/BOTTOM 
  GND_POWER            VIA36RD0_4D          (11138.50 4490.00) TOP/BOTTOM 
  GND_POWER            VIA36RD0_4D          (11144.00 3103.00) TOP/BOTTOM 
  GND_POWER            VIA36RD0_4D          (11180.00 3860.00) TOP/BOTTOM 
  GND_POWER            VIA36RD0_4D          (11191.00 3269.00) TOP/BOTTOM 
  GND_POWER            VIA36RD0_4D          (11233.98 895.98) TOP/BOTTOM 
  GND_POWER            VIA36RD0_4D          (11235.53 626.53) TOP/BOTTOM 
  GND_POWER            VIA36RD0_4D          (11260.06 3573.94) TOP/BOTTOM 
  GND_POWER            VIA36RD0_4D          (11278.00 1076.00) TOP/BOTTOM 
  GND_POWER            VIA36RD0_4D          (11289.00 4490.00) TOP/BOTTOM 
  GND_POWER            VIA36RD0_4D          (11301.00 3475.00) TOP/BOTTOM 
  GND_POWER            VIA36RD0_4D          (11311.00 1385.00) TOP/BOTTOM 
  GND_POWER            VIA36RD0_4D          (11314.06 4568.06) TOP/BOTTOM 
  GND_POWER            VIA36RD0_4D          (11331.47 624.53) TOP/BOTTOM 
  GND_POWER            VIA36RD0_4D          (11372.00 4737.42) TOP/BOTTOM 
  GND_POWER            VIA36RD0_4D          (11387.00 4414.58) TOP/BOTTOM 
  GND_POWER            VIA36RD0_4D          (11468.94 3918.00) TOP/BOTTOM 
  GND_POWER            VIA36RD0_4D          (11490.02 893.98) TOP/BOTTOM 
  GND_POWER            VIA36RD0_4D          (11510.53 624.47) TOP/BOTTOM 
  GND_POWER            VIA36RD0_4D          (11518.00 4139.00) TOP/BOTTOM 
  GND_POWER            VIA36RD0_4D          (11532.00 1387.00) TOP/BOTTOM 
  GND_POWER            VIA36RD0_4D          (11615.00 3800.00) TOP/BOTTOM 
  GND_POWER            VIA36RD0_4D          (11620.00 4210.00) TOP/BOTTOM 
  GND_POWER            VIA36RD0_4D          (11867.00 691.00) TOP/BOTTOM 
  N224400              VIA36RD0_4D          (8558.00 1265.00) TOP/BOTTOM 
  N224404              VIA36RD0_4D          (8955.10 2809.21) TOP/BOTTOM 
  N224432              VIA36RD0_4D          (8343.51 1101.00) TOP/BOTTOM 
  N224436              VIA36RD0_4D          (8662.50 3351.00) TOP/BOTTOM 
  N224464              VIA36RD0_4D          (8395.00 1185.00) TOP/BOTTOM 
  N224468              VIA36RD0_4D          (8421.00 3051.00) TOP/BOTTOM 
  N224492              VIA36RD0_4D          (8425.00 1271.00) TOP/BOTTOM 
  N224496              VIA36RD0_4D          (8655.00 3190.00) TOP/BOTTOM 
  N266416              VIA36RD0_4D          (8664.00 1236.00) TOP/BOTTOM 
  N266420              VIA36RD0_4D          (9905.00 3170.00) TOP/BOTTOM 
  N266420              VIA36RD0_4D          (10550.00 3865.00) TOP/BOTTOM 
  N351209              VIA36RD0_4D          (8500.86 1041.00) TOP/BOTTOM 
  N351209              VIA36RD0_4D          (11661.00 1656.00) TOP/BOTTOM 
  N351234              VIA36RD0_4D          (8961.00 2721.00) TOP/BOTTOM 
  N351234              VIA36RD0_4D          (9731.00 2986.00) TOP/BOTTOM 
  N351234              VIA36RD0_4D          (10711.00 2986.00) TOP/BOTTOM 
  N361011              VIA36RD0_4D          (9026.50 1144.80) TOP/BOTTOM 
  N361478              VIA36RD0_4D          (8985.00 1203.00) TOP/BOTTOM 
  N361490              VIA36RD0_4D          (4925.00 3925.00) TOP/BOTTOM 
  N361490              VIA36RD0_4D          (5187.14 2579.28) TOP/BOTTOM 
  N361490              VIA36RD0_4D          (7471.00 1738.00) TOP/BOTTOM 
  N361502              VIA36RD0_4D          (4961.00 3831.00) TOP/BOTTOM 
  N361502              VIA36RD0_4D          (5482.00 2504.00) TOP/BOTTOM 
  N361502              VIA36RD0_4D          (7540.00 1739.00) TOP/BOTTOM 
  N736077_SFP INTERFACE_SFP1 VIA36RD0_4D          (11071.00 4246.00) TOP/BOTTOM 
  N736077_SFP INTERFACE_SFP1 VIA36RD0_4D          (11835.00 3930.00) TOP/BOTTOM 
  N736103_SFP INTERFACE_SFP5 VIA36RD0_4D          (7455.00 4145.00) TOP/BOTTOM 
  N736103_SFP INTERFACE_SFP5 VIA36RD0_4D          (7611.00 4116.00) TOP/BOTTOM 
  N791739              VIA36RD0_4D          (5655.00 2950.00) TOP/BOTTOM 
  SCL_PLL              VIA36RD0_4D          (4281.00 2896.00) TOP/BOTTOM 
  SCL_PWR              VIA36RD0_4D          (511.00 3511.00) TOP/BOTTOM 
  SCL_PWR              VIA36RD0_4D          (1141.00 2341.00) TOP/BOTTOM 
  SCL_PWR              VIA36RD0_4D          (2366.00 2146.00) TOP/BOTTOM 
  SCL_PWR              VIA36RD0_4D          (2665.00 2635.00) TOP/BOTTOM 
  SDA_PLL              VIA36RD0_4D          (4286.00 2841.00) TOP/BOTTOM 
  SDA_PWR              VIA36RD0_4D          (511.00 3561.00) TOP/BOTTOM 
  SDA_PWR              VIA36RD0_4D          (1191.00 2436.00) TOP/BOTTOM 
  SDA_PWR              VIA36RD0_4D          (2385.00 2240.00) TOP/BOTTOM 
  SDA_PWR              VIA36RD0_4D          (2581.00 3281.00) TOP/BOTTOM 
  SDA_PWR              VIA36RD0_4D          (2775.00 2815.00) TOP/BOTTOM 
  SDA_PWR              VIA36RD0_4D          (2775.00 3070.00) TOP/BOTTOM 
  VCC2V5               VIA36RD0_4D          (2122.00 2419.00) TOP/BOTTOM 
  VCC2V5               VIA36RD0_4D          (2122.00 2474.00) TOP/BOTTOM 
  VCC2V5               VIA36RD0_4D          (2165.00 2419.00) TOP/BOTTOM 
  VCC2V5               VIA36RD0_4D          (2165.00 2473.00) TOP/BOTTOM 
  VCC2V5               VIA36RD0_4D          (2209.00 2474.00) TOP/BOTTOM 
  VCC2V5               VIA36RD0_4D          (2210.00 2419.00) TOP/BOTTOM 
  VCC2V5               VIA36RD0_4D          (2257.00 2419.00) TOP/BOTTOM 
  VCC2V5               VIA36RD0_4D          (2257.00 2474.00) TOP/BOTTOM 
  VCC2V5               VIA36RD0_4D          (2392.00 2419.00) TOP/BOTTOM 
  VCC2V5               VIA36RD0_4D          (2392.00 2474.00) TOP/BOTTOM 
  VCC2V5               VIA36RD0_4D          (2433.00 2419.00) TOP/BOTTOM 
  VCC2V5               VIA36RD0_4D          (2438.00 2474.00) TOP/BOTTOM 
  VCC2V5               VIA36RD0_4D          (2478.00 2419.00) TOP/BOTTOM 
  VCC2V5               VIA36RD0_4D          (2483.00 2474.00) TOP/BOTTOM 
  VCC2V5               VIA36RD0_4D          (2524.00 2418.00) TOP/BOTTOM 
  VCC2V5               VIA36RD0_4D          (2529.00 2474.00) TOP/BOTTOM 
  VCC2V5               VIA36RD0_4D          (3638.00 3531.00) TOP/BOTTOM 
  VCC2V5               VIA36RD0_4D          (3638.00 3573.00) TOP/BOTTOM 
  VCC2V5               VIA36RD0_4D          (3638.00 3615.00) TOP/BOTTOM 
  VCC2V5               VIA36RD0_4D          (3680.00 3531.00) TOP/BOTTOM 
  VCC2V5               VIA36RD0_4D          (3680.00 3573.00) TOP/BOTTOM 
  VCC2V5               VIA36RD0_4D          (3680.00 3615.00) TOP/BOTTOM 
  VCC2V5               VIA36RD0_4D          (4077.00 1017.00) TOP/BOTTOM 
  VCC2V5               VIA36RD0_4D          (4206.28 1223.28) TOP/BOTTOM 
  VCC2V5               VIA36RD0_4D          (4383.23 1196.77) TOP/BOTTOM 
  VCC2V5               VIA36RD0_4D          (4660.00 1380.00) TOP/BOTTOM 
  VCC2V5               VIA36RD0_4D          (6322.00 3427.00) TOP/BOTTOM 
  VCC2V5               VIA36RD0_4D          (6545.94 3580.06) TOP/BOTTOM 
  VCC2V5               VIA36RD0_4D          (6596.00 3177.00) TOP/BOTTOM 
  VCC2V5               VIA36RD0_4D          (6596.00 3428.00) TOP/BOTTOM 
  VCC2V5               VIA36RD0_4D          (7192.00 3427.00) TOP/BOTTOM 
  VCC2V5               VIA36RD0_4D          (7416.94 3578.06) TOP/BOTTOM 
  VCC2V5               VIA36RD0_4D          (7467.00 3177.00) TOP/BOTTOM 
  VCC2V5               VIA36RD0_4D          (7467.00 3428.00) TOP/BOTTOM 
  VCC2V5               VIA36RD0_4D          (8071.00 3427.00) TOP/BOTTOM 
  VCC2V5               VIA36RD0_4D          (8294.94 3654.00) TOP/BOTTOM 
  VCC2V5               VIA36RD0_4D          (8345.00 3177.00) TOP/BOTTOM 
  VCC2V5               VIA36RD0_4D          (8345.00 3428.00) TOP/BOTTOM 
  VCC2V5               VIA36RD0_4D          (8680.00 2680.00) TOP/BOTTOM 
  VCC2V5               VIA36RD0_4D          (8688.98 2903.98) TOP/BOTTOM 
  VCC2V5               VIA36RD0_4D          (9192.00 780.00) TOP/BOTTOM 
  VCC2V5               VIA36RD0_4D          (9216.00 3427.00) TOP/BOTTOM 
  VCC2V5               VIA36RD0_4D          (9444.94 3596.00) TOP/BOTTOM 
  VCC2V5               VIA36RD0_4D          (9495.00 3177.00) TOP/BOTTOM 
  VCC2V5               VIA36RD0_4D          (9495.00 3428.00) TOP/BOTTOM 
  VCC2V5               VIA36RD0_4D          (9749.00 1160.00) TOP/BOTTOM 
  VCC2V5               VIA36RD0_4D          (10100.00 3427.00) TOP/BOTTOM 
  VCC2V5               VIA36RD0_4D          (10322.94 3578.06) TOP/BOTTOM 
  VCC2V5               VIA36RD0_4D          (10373.00 3177.00) TOP/BOTTOM 
  VCC2V5               VIA36RD0_4D          (10373.00 3428.00) TOP/BOTTOM 
  VCC2V5               VIA36RD0_4D          (10970.00 3423.00) TOP/BOTTOM 
  VCC2V5               VIA36RD0_4D          (11103.06 1100.94) TOP/BOTTOM 
  VCC2V5               VIA36RD0_4D          (11191.94 3574.06) TOP/BOTTOM 
  VCC2V5               VIA36RD0_4D          (11242.00 3173.00) TOP/BOTTOM 
  VCC2V5               VIA36RD0_4D          (11242.00 3424.00) TOP/BOTTOM 
  VCC2V5               VIA36RD0_4D          (11379.06 1107.94) TOP/BOTTOM 
  VCC3V3               VIA36RD0_4D          (866.36 3593.64) TOP/BOTTOM 
  VCC3V3               VIA36RD0_4D          (1092.00 3536.00) TOP/BOTTOM 
  VCC3V3               VIA36RD0_4D          (2277.00 3428.00) TOP/BOTTOM 
  VCC3V3               VIA36RD0_4D          (2290.00 3918.00) TOP/BOTTOM 
  VCC3V3               VIA36RD0_4D          (2318.00 2617.00) TOP/BOTTOM 
  VCC3V3               VIA36RD0_4D          (2320.00 3428.00) TOP/BOTTOM 
  VCC3V3               VIA36RD0_4D          (2320.00 3482.00) TOP/BOTTOM 
  VCC3V3               VIA36RD0_4D          (2322.00 3535.00) TOP/BOTTOM 
  VCC3V3               VIA36RD0_4D          (2337.00 2725.00) TOP/BOTTOM 
  VCC3V3               VIA36RD0_4D          (2345.00 4044.00) TOP/BOTTOM 
  VCC3V3               VIA36RD0_4D          (2364.00 3483.00) TOP/BOTTOM 
  VCC3V3               VIA36RD0_4D          (2365.00 3428.00) TOP/BOTTOM 
  VCC3V3               VIA36RD0_4D          (2365.00 3535.00) TOP/BOTTOM 
  VCC3V3               VIA36RD0_4D          (2410.00 3535.00) TOP/BOTTOM 
  VCC3V3               VIA36RD0_4D          (2412.00 3428.00) TOP/BOTTOM 
  VCC3V3               VIA36RD0_4D          (2412.00 3485.00) TOP/BOTTOM 
  VCC3V3               VIA36RD0_4D          (2565.00 556.00) TOP/BOTTOM 
  VCC3V3               VIA36RD0_4D          (2573.00 440.00) TOP/BOTTOM 
  VCC3V3               VIA36RD0_4D          (2592.00 299.00) TOP/BOTTOM 
  VCC3V3               VIA36RD0_4D          (2727.72 5253.00) TOP/BOTTOM 
  VCC3V3               VIA36RD0_4D          (2894.00 4839.00) TOP/BOTTOM 
  VCC3V3               VIA36RD0_4D          (2954.00 4839.00) TOP/BOTTOM 
  VCC3V3               VIA36RD0_4D          (3013.00 4839.00) TOP/BOTTOM 
  VCC3V3               VIA36RD0_4D          (3074.00 4839.00) TOP/BOTTOM 
  VCC3V3               VIA36RD0_4D          (3161.64 577.36) TOP/BOTTOM 
  VCC3V3               VIA36RD0_4D          (3267.00 342.72) TOP/BOTTOM 
  VCC3V3               VIA36RD0_4D          (3320.00 4839.00) TOP/BOTTOM 
  VCC3V3               VIA36RD0_4D          (3378.00 4839.00) TOP/BOTTOM 
  VCC3V3               VIA36RD0_4D          (3394.00 5004.00) TOP/BOTTOM 
  VCC3V3               VIA36RD0_4D          (3435.00 4839.00) TOP/BOTTOM 
  VCC3V3               VIA36RD0_4D          (3465.00 343.72) TOP/BOTTOM 
  VCC3V3               VIA36RD0_4D          (3493.00 4839.00) TOP/BOTTOM 
  VCC3V3               VIA36RD0_4D          (3496.00 5024.00) TOP/BOTTOM 
  VCC3V3               VIA36RD0_4D          (3654.00 2642.00) TOP/BOTTOM 
  VCC3V3               VIA36RD0_4D          (3668.00 2727.00) TOP/BOTTOM 
  VCC3V3               VIA36RD0_4D          (3731.00 3989.00) TOP/BOTTOM 
  VCC3V3               VIA36RD0_4D          (3736.72 3847.00) TOP/BOTTOM 
  VCC3V3               VIA36RD0_4D          (3951.00 4496.00) TOP/BOTTOM 
  VCC3V3               VIA36RD0_4D          (3966.72 2456.00) TOP/BOTTOM 
  VCC3V3               VIA36RD0_4D          (4076.00 1478.00) TOP/BOTTOM 
  VCC3V3               VIA36RD0_4D          (4152.50 2743.00) TOP/BOTTOM 
  VCC3V3               VIA36RD0_4D          (4206.00 4243.00) TOP/BOTTOM 
  VCC3V3               VIA36RD0_4D          (4341.00 4268.00) TOP/BOTTOM 
  VCC3V3               VIA36RD0_4D          (4343.00 4337.00) TOP/BOTTOM 
  VCC3V3               VIA36RD0_4D          (4360.00 4755.00) TOP/BOTTOM 
  VCC3V3               VIA36RD0_4D          (4383.23 1313.23) TOP/BOTTOM 
  VCC3V3               VIA36RD0_4D          (4535.00 5160.00) TOP/BOTTOM 
  VCC3V3               VIA36RD0_4D          (4567.00 4681.00) TOP/BOTTOM 
  VCC3V3               VIA36RD0_4D          (4820.00 4755.00) TOP/BOTTOM 
  VCC3V3               VIA36RD0_4D          (4830.50 3099.50) TOP/BOTTOM 
  VCC3V3               VIA36RD0_4D          (4979.00 4249.00) TOP/BOTTOM 
  VCC3V3               VIA36RD0_4D          (4979.00 4321.00) TOP/BOTTOM 
  VCC3V3               VIA36RD0_4D          (4979.00 4392.00) TOP/BOTTOM 
  VCC3V3               VIA36RD0_4D          (5000.00 4200.00) TOP/BOTTOM 
  VCC3V3               VIA36RD0_4D          (5028.00 4013.00) TOP/BOTTOM 
  VCC3V3               VIA36RD0_4D          (5046.00 3126.00) TOP/BOTTOM 
  VCC3V3               VIA36RD0_4D          (5106.00 2997.00) TOP/BOTTOM 
  VCC3V3               VIA36RD0_4D          (5108.94 3908.94) TOP/BOTTOM 
  VCC3V3               VIA36RD0_4D          (5120.00 2842.00) TOP/BOTTOM 
  VCC3V3               VIA36RD0_4D          (5220.00 3553.06) TOP/BOTTOM 
  VCC3V3               VIA36RD0_4D          (5220.00 3650.94) TOP/BOTTOM 
  VCC3V3               VIA36RD0_4D          (5260.00 2795.00) TOP/BOTTOM 
  VCC3V3               VIA36RD0_4D          (5276.28 4878.72) TOP/BOTTOM 
  VCC3V3               VIA36RD0_4D          (5345.00 2505.00) TOP/BOTTOM 
  VCC3V3               VIA36RD0_4D          (5428.28 4878.72) TOP/BOTTOM 
  VCC3V3               VIA36RD0_4D          (5470.28 4878.72) TOP/BOTTOM 
  VCC3V3               VIA36RD0_4D          (5531.00 3001.00) TOP/BOTTOM 
  VCC3V3               VIA36RD0_4D          (5535.00 2510.00) TOP/BOTTOM 
  VCC3V3               VIA36RD0_4D          (5651.00 3554.06) TOP/BOTTOM 
  VCC3V3               VIA36RD0_4D          (5651.00 3650.94) TOP/BOTTOM 
  VCC3V3               VIA36RD0_4D          (5665.94 2864.06) TOP/BOTTOM 
  VCC3V3               VIA36RD0_4D          (5740.06 3901.94) TOP/BOTTOM 
  VCC3V3               VIA36RD0_4D          (5781.00 3917.00) TOP/BOTTOM 
  VCC3V3               VIA36RD0_4D          (5784.00 4140.00) TOP/BOTTOM 
  VCC3V3               VIA36RD0_4D          (6180.00 3900.00) TOP/BOTTOM 
  VCC3V3               VIA36RD0_4D          (6180.00 4210.00) TOP/BOTTOM 
  VCC3V3               VIA36RD0_4D          (6182.00 4013.00) TOP/BOTTOM 
  VCC3V3               VIA36RD0_4D          (6259.94 3908.94) TOP/BOTTOM 
  VCC3V3               VIA36RD0_4D          (6427.28 4878.72) TOP/BOTTOM 
  VCC3V3               VIA36RD0_4D          (6503.00 3102.00) TOP/BOTTOM 
  VCC3V3               VIA36RD0_4D          (6579.28 4878.72) TOP/BOTTOM 
  VCC3V3               VIA36RD0_4D          (6621.28 4878.72) TOP/BOTTOM 
  VCC3V3               VIA36RD0_4D          (6891.06 3901.94) TOP/BOTTOM 
  VCC3V3               VIA36RD0_4D          (6932.00 3917.00) TOP/BOTTOM 
  VCC3V3               VIA36RD0_4D          (6955.00 3800.00) TOP/BOTTOM 
  VCC3V3               VIA36RD0_4D          (6957.00 4019.00) TOP/BOTTOM 
  VCC3V3               VIA36RD0_4D          (7054.00 4013.00) TOP/BOTTOM 
  VCC3V3               VIA36RD0_4D          (7085.00 4150.00) TOP/BOTTOM 
  VCC3V3               VIA36RD0_4D          (7126.00 3894.00) TOP/BOTTOM 
  VCC3V3               VIA36RD0_4D          (7156.00 3906.00) TOP/BOTTOM 
  VCC3V3               VIA36RD0_4D          (7191.00 647.00) TOP/BOTTOM 
  VCC3V3               VIA36RD0_4D          (7298.28 4878.72) TOP/BOTTOM 
  VCC3V3               VIA36RD0_4D          (7374.00 3102.00) TOP/BOTTOM 
  VCC3V3               VIA36RD0_4D          (7435.00 3800.00) TOP/BOTTOM 
  VCC3V3               VIA36RD0_4D          (7450.28 4878.72) TOP/BOTTOM 
  VCC3V3               VIA36RD0_4D          (7492.28 4878.72) TOP/BOTTOM 
  VCC3V3               VIA36RD0_4D          (7682.00 509.28) TOP/BOTTOM 
  VCC3V3               VIA36RD0_4D          (7748.00 3922.00) TOP/BOTTOM 
  VCC3V3               VIA36RD0_4D          (7805.00 3916.00) TOP/BOTTOM 
  VCC3V3               VIA36RD0_4D          (7811.00 4141.00) TOP/BOTTOM 
  VCC3V3               VIA36RD0_4D          (7819.06 400.06) TOP/BOTTOM 
  VCC3V3               VIA36RD0_4D          (7910.00 4211.00) TOP/BOTTOM 
  VCC3V3               VIA36RD0_4D          (7937.00 4013.00) TOP/BOTTOM 
  VCC3V3               VIA36RD0_4D          (7986.00 3889.00) TOP/BOTTOM 
  VCC3V3               VIA36RD0_4D          (8008.94 3908.94) TOP/BOTTOM 
  VCC3V3               VIA36RD0_4D          (8103.00 230.00) TOP/BOTTOM 
  VCC3V3               VIA36RD0_4D          (8168.00 230.00) TOP/BOTTOM 
  VCC3V3               VIA36RD0_4D          (8176.28 4878.72) TOP/BOTTOM 
  VCC3V3               VIA36RD0_4D          (8252.00 3102.00) TOP/BOTTOM 
  VCC3V3               VIA36RD0_4D          (8328.28 4878.72) TOP/BOTTOM 
  VCC3V3               VIA36RD0_4D          (8370.28 4878.72) TOP/BOTTOM 
  VCC3V3               VIA36RD0_4D          (8445.00 408.06) TOP/BOTTOM 
  VCC3V3               VIA36RD0_4D          (8637.00 216.00) TOP/BOTTOM 
  VCC3V3               VIA36RD0_4D          (8640.06 3901.94) TOP/BOTTOM 
  VCC3V3               VIA36RD0_4D          (8678.00 3916.00) TOP/BOTTOM 
  VCC3V3               VIA36RD0_4D          (8707.00 217.00) TOP/BOTTOM 
  VCC3V3               VIA36RD0_4D          (8716.00 4019.00) TOP/BOTTOM 
  VCC3V3               VIA36RD0_4D          (8795.00 3800.00) TOP/BOTTOM 
  VCC3V3               VIA36RD0_4D          (8973.64 2911.36) TOP/BOTTOM 
  VCC3V3               VIA36RD0_4D          (9112.00 4119.00) TOP/BOTTOM 
  VCC3V3               VIA36RD0_4D          (9136.00 217.00) TOP/BOTTOM 
  VCC3V3               VIA36RD0_4D          (9136.00 3886.00) TOP/BOTTOM 
  VCC3V3               VIA36RD0_4D          (9158.94 3908.94) TOP/BOTTOM 
  VCC3V3               VIA36RD0_4D          (9327.28 4878.72) TOP/BOTTOM 
  VCC3V3               VIA36RD0_4D          (9471.00 4891.00) TOP/BOTTOM 
  VCC3V3               VIA36RD0_4D          (9538.00 4888.00) TOP/BOTTOM 
  VCC3V3               VIA36RD0_4D          (9778.00 3911.00) TOP/BOTTOM 
  VCC3V3               VIA36RD0_4D          (9832.00 3915.00) TOP/BOTTOM 
  VCC3V3               VIA36RD0_4D          (9832.00 4137.00) TOP/BOTTOM 
  VCC3V3               VIA36RD0_4D          (9895.00 3800.00) TOP/BOTTOM 
  VCC3V3               VIA36RD0_4D          (9985.00 4131.00) TOP/BOTTOM 
  VCC3V3               VIA36RD0_4D          (10003.00 3914.00) TOP/BOTTOM 
  VCC3V3               VIA36RD0_4D          (10050.00 3913.00) TOP/BOTTOM 
  VCC3V3               VIA36RD0_4D          (10205.28 4878.72) TOP/BOTTOM 
  VCC3V3               VIA36RD0_4D          (10348.00 4892.00) TOP/BOTTOM 
  VCC3V3               VIA36RD0_4D          (10416.00 4892.00) TOP/BOTTOM 
  VCC3V3               VIA36RD0_4D          (10508.00 519.00) TOP/BOTTOM 
  VCC3V3               VIA36RD0_4D          (10668.06 3901.94) TOP/BOTTOM 
  VCC3V3               VIA36RD0_4D          (10714.00 3919.00) TOP/BOTTOM 
  VCC3V3               VIA36RD0_4D          (10717.00 4132.00) TOP/BOTTOM 
  VCC3V3               VIA36RD0_4D          (10750.00 3800.00) TOP/BOTTOM 
  VCC3V3               VIA36RD0_4D          (10876.00 3911.00) TOP/BOTTOM 
  VCC3V3               VIA36RD0_4D          (10879.00 4154.00) TOP/BOTTOM 
  VCC3V3               VIA36RD0_4D          (10922.00 3908.00) TOP/BOTTOM 
  VCC3V3               VIA36RD0_4D          (11074.28 4878.69) TOP/BOTTOM 
  VCC3V3               VIA36RD0_4D          (11217.00 4892.00) TOP/BOTTOM 
  VCC3V3               VIA36RD0_4D          (11281.00 4891.00) TOP/BOTTOM 
  VCC3V3               VIA36RD0_4D          (11525.00 3918.00) TOP/BOTTOM 
  VCC3V3               VIA36RD0_4D          (11568.00 4144.00) TOP/BOTTOM 
  VCC3V3               VIA36RD0_4D          (11573.00 3917.00) TOP/BOTTOM 
  VCC3V3               VIA36RD0_4D          (11785.00 3800.00) TOP/BOTTOM 
  VCC5V                VIA36RD0_4D          (746.00 5454.37) TOP/BOTTOM 
  VCC5V                VIA36RD0_4D          (884.00 2625.00) TOP/BOTTOM 
  VCC5V                VIA36RD0_4D          (884.00 2680.00) TOP/BOTTOM 
  VCC5V                VIA36RD0_4D          (927.00 2625.00) TOP/BOTTOM 
  VCC5V                VIA36RD0_4D          (927.00 2679.00) TOP/BOTTOM 
  VCC5V                VIA36RD0_4D          (929.00 2732.00) TOP/BOTTOM 
  VCC5V                VIA36RD0_4D          (971.00 2680.00) TOP/BOTTOM 
  VCC5V                VIA36RD0_4D          (972.00 2625.00) TOP/BOTTOM 
  VCC5V                VIA36RD0_4D          (972.00 2732.00) TOP/BOTTOM 
  VCC5V                VIA36RD0_4D          (1017.00 2732.00) TOP/BOTTOM 
  VCC5V                VIA36RD0_4D          (1019.00 2625.00) TOP/BOTTOM 
  VCC5V                VIA36RD0_4D          (1019.00 2682.00) TOP/BOTTOM 
  VCC5V                VIA36RD0_4D          (2729.72 5307.00) TOP/BOTTOM 
  VCCR_SFP INTERFACE_ACLK SFP VIA36RD0_4D          (5202.00 4126.00) TOP/BOTTOM 
  VCCR_SFP INTERFACE_ACLK SFP VIA36RD0_4D          (5249.00 4117.00) TOP/BOTTOM 
  VCCR_SFP INTERFACE_SFP1 VIA36RD0_4D          (10981.37 4133.63) TOP/BOTTOM 
  VCCR_SFP INTERFACE_SFP1 VIA36RD0_4D          (11024.00 3914.00) TOP/BOTTOM 
  VCCR_SFP INTERFACE_SFP1 VIA36RD0_4D          (11040.00 4117.00) TOP/BOTTOM 
  VCCR_SFP INTERFACE_SFP2 VIA36RD0_4D          (10112.37 4138.37) TOP/BOTTOM 
  VCCR_SFP INTERFACE_SFP2 VIA36RD0_4D          (10151.00 3912.00) TOP/BOTTOM 
  VCCR_SFP INTERFACE_SFP2 VIA36RD0_4D          (10164.00 4125.00) TOP/BOTTOM 
  VCCR_SFP INTERFACE_SFP3 VIA36RD0_4D          (9234.37 4138.37) TOP/BOTTOM 
  VCCR_SFP INTERFACE_SFP3 VIA36RD0_4D          (9272.00 3914.00) TOP/BOTTOM 
  VCCR_SFP INTERFACE_SFP3 VIA36RD0_4D          (9286.00 4117.00) TOP/BOTTOM 
  VCCR_SFP INTERFACE_SFP4 VIA36RD0_4D          (8084.37 4138.37) TOP/BOTTOM 
  VCCR_SFP INTERFACE_SFP4 VIA36RD0_4D          (8122.00 3914.00) TOP/BOTTOM 
  VCCR_SFP INTERFACE_SFP4 VIA36RD0_4D          (8137.00 4119.00) TOP/BOTTOM 
  VCCR_SFP INTERFACE_SFP5 VIA36RD0_4D          (7206.37 4138.37) TOP/BOTTOM 
  VCCR_SFP INTERFACE_SFP5 VIA36RD0_4D          (7244.00 3914.00) TOP/BOTTOM 
  VCCR_SFP INTERFACE_SFP5 VIA36RD0_4D          (7260.00 4119.00) TOP/BOTTOM 
  VCCR_SFP INTERFACE_SFP6 VIA36RD0_4D          (6353.00 4126.00) TOP/BOTTOM 
  VCCR_SFP INTERFACE_SFP6 VIA36RD0_4D          (6375.00 3913.00) TOP/BOTTOM 
  VCCR_SFP INTERFACE_SFP6 VIA36RD0_4D          (6400.00 4117.00) TOP/BOTTOM 
  VCCT_SFP INTERFACE_ACLK SFP VIA36RD0_4D          (5613.00 4126.00) TOP/BOTTOM 
  VCCT_SFP INTERFACE_ACLK SFP VIA36RD0_4D          (5661.63 4143.37) TOP/BOTTOM 
  VCCT_SFP INTERFACE_SFP1 VIA36RD0_4D          (11415.00 4132.00) TOP/BOTTOM 
  VCCT_SFP INTERFACE_SFP1 VIA36RD0_4D          (11423.00 3917.00) TOP/BOTTOM 
  VCCT_SFP INTERFACE_SFP1 VIA36RD0_4D          (11458.63 4139.37) TOP/BOTTOM 
  VCCT_SFP INTERFACE_SFP2 VIA36RD0_4D          (10534.00 4125.00) TOP/BOTTOM 
  VCCT_SFP INTERFACE_SFP2 VIA36RD0_4D          (10548.00 3947.00) TOP/BOTTOM 
  VCCT_SFP INTERFACE_SFP2 VIA36RD0_4D          (10589.63 4143.37) TOP/BOTTOM 
  VCCT_SFP INTERFACE_SFP3 VIA36RD0_4D          (9653.00 4123.00) TOP/BOTTOM 
  VCCT_SFP INTERFACE_SFP3 VIA36RD0_4D          (9673.00 3921.00) TOP/BOTTOM 
  VCCT_SFP INTERFACE_SFP3 VIA36RD0_4D          (9711.63 4143.37) TOP/BOTTOM 
  VCCT_SFP INTERFACE_SFP4 VIA36RD0_4D          (8495.00 4136.00) TOP/BOTTOM 
  VCCT_SFP INTERFACE_SFP4 VIA36RD0_4D          (8556.00 3919.00) TOP/BOTTOM 
  VCCT_SFP INTERFACE_SFP4 VIA36RD0_4D          (8561.63 4143.37) TOP/BOTTOM 
  VCCT_SFP INTERFACE_SFP5 VIA36RD0_4D          (7610.00 4019.00) TOP/BOTTOM 
  VCCT_SFP INTERFACE_SFP5 VIA36RD0_4D          (7647.00 3927.00) TOP/BOTTOM 
  VCCT_SFP INTERFACE_SFP5 VIA36RD0_4D          (7683.63 4143.37) TOP/BOTTOM 
  VCCT_SFP INTERFACE_SFP6 VIA36RD0_4D          (6764.00 4126.00) TOP/BOTTOM 
  VCCT_SFP INTERFACE_SFP6 VIA36RD0_4D          (6812.63 4143.37) TOP/BOTTOM 
  VDD_FILT             VIA36RD0_4D          (4105.00 3530.00) TOP/BOTTOM 
  VDD_FILT             VIA36RD0_4D          (4105.00 3557.00) TOP/BOTTOM 
  VDD_FILT             VIA36RD0_4D          (4135.00 3530.00) TOP/BOTTOM 
  VDD_FILT             VIA36RD0_4D          (4135.00 3557.00) TOP/BOTTOM 
  VP12V                VIA36RD0_4D          (189.35 757.35)  TOP/BOTTOM 
  VP12V                VIA36RD0_4D          (189.35 950.65)  TOP/BOTTOM 
  VP12V                VIA36RD0_4D          (189.35 1000.65) TOP/BOTTOM 
  VP12V                VIA36RD0_4D          (239.35 950.65)  TOP/BOTTOM 
  VP12V                VIA36RD0_4D          (239.35 1000.65) TOP/BOTTOM 
  VP12V                VIA36RD0_4D          (412.00 1522.00) TOP/BOTTOM 
  VP12V                VIA36RD0_4D          (412.00 1564.00) TOP/BOTTOM 
  VP12V                VIA36RD0_4D          (412.00 1605.00) TOP/BOTTOM 
  VP12V                VIA36RD0_4D          (419.00 2073.00) TOP/BOTTOM 
  VP12V                VIA36RD0_4D          (420.00 1999.00) TOP/BOTTOM 
  VP12V                VIA36RD0_4D          (420.00 2037.00) TOP/BOTTOM 
  VP12V                VIA36RD0_4D          (448.00 1651.00) TOP/BOTTOM 
  VP12V                VIA36RD0_4D          (449.00 1928.00) TOP/BOTTOM 
  VP12V                VIA36RD0_4D          (472.00 2071.00) TOP/BOTTOM 
  VP12V                VIA36RD0_4D          (473.00 2036.00) TOP/BOTTOM 
  VP12V                VIA36RD0_4D          (1373.00 1133.00) TOP/BOTTOM 
  VP12V                VIA36RD0_4D          (1373.00 1187.00) TOP/BOTTOM 
  VP12V                VIA36RD0_4D          (1375.00 1240.00) TOP/BOTTOM 
  VP12V                VIA36RD0_4D          (1417.00 1188.00) TOP/BOTTOM 
  VP12V                VIA36RD0_4D          (1418.00 1133.00) TOP/BOTTOM 
  VP12V                VIA36RD0_4D          (1418.00 1240.00) TOP/BOTTOM 
  VP12V                VIA36RD0_4D          (1463.00 1240.00) TOP/BOTTOM 
  VP12V                VIA36RD0_4D          (1465.00 1133.00) TOP/BOTTOM 
  VP12V                VIA36RD0_4D          (1465.00 1190.00) TOP/BOTTOM 
  VP12V                VIA36RD0_4D          (1513.00 1133.00) TOP/BOTTOM 
  VP12V                VIA36RD0_4D          (1513.00 1187.00) TOP/BOTTOM 
  VP12V                VIA36RD0_4D          (1515.00 1240.00) TOP/BOTTOM 
  VP2V5                VIA36RD0_4D          (2628.40 2409.00) TOP/BOTTOM 
  VP3V5                VIA36RD0_4D          (1053.00 1629.00) TOP/BOTTOM 
  VP3V5                VIA36RD0_4D          (1053.00 1670.00) TOP/BOTTOM 
  VP3V5                VIA36RD0_4D          (1053.00 1711.00) TOP/BOTTOM 
  VP3V5                VIA36RD0_4D          (1053.00 1752.00) TOP/BOTTOM 
  VP3V5                VIA36RD0_4D          (1053.00 1793.00) TOP/BOTTOM 
  VP3V5                VIA36RD0_4D          (1053.00 1834.00) TOP/BOTTOM 
  VP3V5                VIA36RD0_4D          (1053.00 1875.00) TOP/BOTTOM 
  VP3V5                VIA36RD0_4D          (1053.00 1916.00) TOP/BOTTOM 
  VP3V5                VIA36RD0_4D          (1439.00 3131.00) TOP/BOTTOM 
  VP3V5                VIA36RD0_4D          (1439.00 3173.00) TOP/BOTTOM 
  VP3V5                VIA36RD0_4D          (1439.00 3215.00) TOP/BOTTOM 
  VP3V5                VIA36RD0_4D          (1440.00 2420.00) TOP/BOTTOM 
  VP3V5                VIA36RD0_4D          (1440.00 2462.00) TOP/BOTTOM 
  VP3V5                VIA36RD0_4D          (1440.00 2504.00) TOP/BOTTOM 
  VP3V5                VIA36RD0_4D          (1441.00 1713.00) TOP/BOTTOM 
  VP3V5                VIA36RD0_4D          (1441.00 1755.00) TOP/BOTTOM 
  VP3V5                VIA36RD0_4D          (1441.00 1797.00) TOP/BOTTOM 
  VP3V5                VIA36RD0_4D          (1481.00 3131.00) TOP/BOTTOM 
  VP3V5                VIA36RD0_4D          (1481.00 3173.00) TOP/BOTTOM 
  VP3V5                VIA36RD0_4D          (1481.00 3215.00) TOP/BOTTOM 
  VP3V5                VIA36RD0_4D          (1482.00 2420.00) TOP/BOTTOM 
  VP3V5                VIA36RD0_4D          (1482.00 2462.00) TOP/BOTTOM 
  VP3V5                VIA36RD0_4D          (1482.00 2504.00) TOP/BOTTOM 
  VP3V5                VIA36RD0_4D          (1483.00 1713.00) TOP/BOTTOM 
  VP3V5                VIA36RD0_4D          (1483.00 1755.00) TOP/BOTTOM 
  VP3V5                VIA36RD0_4D          (1483.00 1797.00) TOP/BOTTOM 
  VP3V5                VIA36RD0_4D          (1523.00 3131.00) TOP/BOTTOM 
  VP3V5                VIA36RD0_4D          (1523.00 3173.00) TOP/BOTTOM 
  VP3V5                VIA36RD0_4D          (1523.00 3215.00) TOP/BOTTOM 
  VP3V5                VIA36RD0_4D          (1524.00 2420.00) TOP/BOTTOM 
  VP3V5                VIA36RD0_4D          (1524.00 2462.00) TOP/BOTTOM 
  VP3V5                VIA36RD0_4D          (1524.00 2504.00) TOP/BOTTOM 
  VP3V5                VIA36RD0_4D          (1525.00 1713.00) TOP/BOTTOM 
  VP3V5                VIA36RD0_4D          (1525.00 1755.00) TOP/BOTTOM 
  VP3V5                VIA36RD0_4D          (1525.00 1797.00) TOP/BOTTOM 
  VP5V5                VIA36RD0_4D          (202.00 2601.00) TOP/BOTTOM 
  VP5V5                VIA36RD0_4D          (202.00 2655.00) TOP/BOTTOM 
  VP5V5                VIA36RD0_4D          (204.00 2708.00) TOP/BOTTOM 
  VP5V5                VIA36RD0_4D          (246.00 2656.00) TOP/BOTTOM 
  VP5V5                VIA36RD0_4D          (247.00 2601.00) TOP/BOTTOM 
  VP5V5                VIA36RD0_4D          (247.00 2708.00) TOP/BOTTOM 
  VP5V5                VIA36RD0_4D          (292.00 2708.00) TOP/BOTTOM 
  VP5V5                VIA36RD0_4D          (294.00 2601.00) TOP/BOTTOM 
  VP5V5                VIA36RD0_4D          (294.00 2658.00) TOP/BOTTOM 
  VP5V5                VIA36RD0_4D          (482.65 900.65)  TOP/BOTTOM 
  VP5V5                VIA36RD0_4D          (482.65 950.65)  TOP/BOTTOM 
  VP5V5                VIA36RD0_4D          (482.65 1000.65) TOP/BOTTOM 
  VP5V5                VIA36RD0_4D          (532.65 900.65)  TOP/BOTTOM 
  VP5V5                VIA36RD0_4D          (532.65 950.65)  TOP/BOTTOM 
  VP5V5                VIA36RD0_4D          (532.65 1000.65) TOP/BOTTOM 
  VP5V5                VIA36RD0_4D          (582.65 900.65)  TOP/BOTTOM 
  VP5V5                VIA36RD0_4D          (582.65 950.65)  TOP/BOTTOM 
  VP5V5                VIA36RD0_4D          (582.65 1000.65) TOP/BOTTOM 

<< Summary >>
  Total dangling lines:      18
  Total dangling vias:        5
  Total antenna vias:      1206
