(---------------------------------------------------------------------)
(                                                                     )
(    DBDOCTOR                                                         )
(                                                                     )
(    Drawing          : gps_interface_board_ml_v79.brd                )
(    Software Version : 24.1P001                                      )
(    Date/Time        : Fri Jul 25 10:58:33 2025                      )
(                                                                     )
(---------------------------------------------------------------------)



Number of Xnets before update: 0        after update: 0
Number of Diff Pairs before update: 59   after update: 59

 Purging all unused user-defined subclasses:
  BOARD GEOMETRY / NCROUTE_PATH
  DRAWING FORMAT / CONSTRUCTION
  MANUFACTURING / DETAILS
  ANALYSIS / __EPB_SCRATCH_ACON_SPACE_POLY
 Number of empty subclasses deleted : 4.

Regenerating DRC
  Original DRC errors:   0
  Updated DRC errors:    0
  DRC elapsed time:      00:00:01

0 warnings, 0 errors detected, 0 errors  fixed.
