Reading Layer Conversion File 
Reading DXF file...
done.

ERROR: ERROR(SPMHDB-183): 'LINE' object may not exist on layer 'PACKAGE GEOMETRY/MODEL_OUTLINE'.
ERROR: Failed to add CIRCLE on line number 984

ERROR: ERROR(SPMHDB-183): 'LINE' object may not exist on layer 'PACKAGE GEOMETRY/MODEL_OUTLINE'.
ERROR: Failed to add CIRCLE on line number 994

ERROR: ERROR(SPMHDB-183): 'LINE' object may not exist on layer 'PACKAGE GEOMETRY/MODEL_OUTLINE'.
ERROR: Failed to add CIRCLE on line number 1004

ERROR: ERROR(SPMHDB-183): 'LINE' object may not exist on layer 'PACKAGE GEOMETRY/MODEL_OUTLINE'.
ERROR: Failed to add CIRCLE on line number 1014

ERROR: ERROR(SPMHDB-183): 'LINE' object may not exist on layer 'PACKAGE GEOMETRY/MODEL_OUTLINE'.
ERROR: Failed to add CIRCLE on line number 1024

ERROR: ERROR(SPMHDB-183): 'LINE' object may not exist on layer 'PACKAGE GEOMETRY/MODEL_OUTLINE'.
ERROR: Failed to add CIRCLE on line number 1034

ERROR: ERROR(SPMHDB-183): 'LINE' object may not exist on layer 'PACKAGE GEOMETRY/MODEL_OUTLINE'.
ERROR: Failed to add CIRCLE on line number 1044

ERROR: ERROR(SPMHDB-183): 'LINE' object may not exist on layer 'PACKAGE GEOMETRY/MODEL_OUTLINE'.
ERROR: Failed to add CIRCLE on line number 1054

ERROR: ERROR(SPMHDB-183): 'LINE' object may not exist on layer 'PACKAGE GEOMETRY/MODEL_OUTLINE'.
ERROR: Failed to add CIRCLE on line number 1064

ERROR: ERROR(SPMHDB-183): 'LINE' object may not exist on layer 'PACKAGE GEOMETRY/MODEL_OUTLINE'.
ERROR: Failed to add CIRCLE on line number 1074

ERROR: ERROR(SPMHDB-183): 'LINE' object may not exist on layer 'PACKAGE GEOMETRY/MODEL_OUTLINE'.
ERROR: Failed to add CIRCLE on line number 1084

ERROR: ERROR(SPMHDB-183): 'LINE' object may not exist on layer 'PACKAGE GEOMETRY/MODEL_OUTLINE'.
ERROR: Failed to add CIRCLE on line number 1094

ERROR: ERROR(SPMHDB-183): 'LINE' object may not exist on layer 'PACKAGE GEOMETRY/MODEL_OUTLINE'.
ERROR: Failed to add CIRCLE on line number 1104

ERROR: ERROR(SPMHDB-183): 'LINE' object may not exist on layer 'PACKAGE GEOMETRY/MODEL_OUTLINE'.
ERROR: Failed to add CIRCLE on line number 1114

ERROR: ERROR(SPMHDB-183): 'LINE' object may not exist on layer 'PACKAGE GEOMETRY/MODEL_OUTLINE'.
ERROR: Failed to add CIRCLE on line number 1124

ERROR: ERROR(SPMHDB-183): 'LINE' object may not exist on layer 'PACKAGE GEOMETRY/MODEL_OUTLINE'.
ERROR: Failed to add CIRCLE on line number 1134

ERROR: ERROR(SPMHDB-183): 'LINE' object may not exist on layer 'PACKAGE GEOMETRY/MODEL_OUTLINE'.
ERROR: Failed to add CIRCLE on line number 1144

ERROR: ERROR(SPMHDB-183): 'LINE' object may not exist on layer 'PACKAGE GEOMETRY/MODEL_OUTLINE'.
ERROR: Failed to add CIRCLE on line number 1154

ERROR: ERROR(SPMHDB-183): 'LINE' object may not exist on layer 'PACKAGE GEOMETRY/MODEL_OUTLINE'.
ERROR: Failed to add CIRCLE on line number 1164

ERROR: ERROR(SPMHDB-183): 'LINE' object may not exist on layer 'PACKAGE GEOMETRY/MODEL_OUTLINE'.
ERROR: Failed to add CIRCLE on line number 1174

ERROR: ERROR(SPMHDB-183): 'LINE' object may not exist on layer 'PACKAGE GEOMETRY/MODEL_OUTLINE'.
ERROR: Failed to add CIRCLE on line number 1184

ERROR: ERROR(SPMHDB-183): 'LINE' object may not exist on layer 'PACKAGE GEOMETRY/MODEL_OUTLINE'.
ERROR: Failed to add CIRCLE on line number 1194

ERROR: ERROR(SPMHDB-183): 'LINE' object may not exist on layer 'PACKAGE GEOMETRY/MODEL_OUTLINE'.
ERROR: Failed to add CIRCLE on line number 1204

ERROR: ERROR(SPMHDB-183): 'LINE' object may not exist on layer 'PACKAGE GEOMETRY/MODEL_OUTLINE'.
ERROR: Failed to add CIRCLE on line number 1214

ERROR: ERROR(SPMHDB-183): 'LINE' object may not exist on layer 'PACKAGE GEOMETRY/MODEL_OUTLINE'.
ERROR: Failed to add CIRCLE on line number 1224

ERROR: ERROR(SPMHDB-183): 'LINE' object may not exist on layer 'PACKAGE GEOMETRY/MODEL_OUTLINE'.
ERROR: Failed to add CIRCLE on line number 1234

ERROR: ERROR(SPMHDB-183): 'LINE' object may not exist on layer 'PACKAGE GEOMETRY/MODEL_OUTLINE'.
ERROR: Failed to add CIRCLE on line number 1244

ERROR: ERROR(SPMHDB-183): 'LINE' object may not exist on layer 'PACKAGE GEOMETRY/MODEL_OUTLINE'.
ERROR: Failed to add CIRCLE on line number 1254

ERROR: ERROR(SPMHDB-183): 'LINE' object may not exist on layer 'PACKAGE GEOMETRY/MODEL_OUTLINE'.
ERROR: Failed to add CIRCLE on line number 1264

ERROR: ERROR(SPMHDB-183): 'LINE' object may not exist on layer 'PACKAGE GEOMETRY/MODEL_OUTLINE'.
ERROR: Failed to add CIRCLE on line number 1274

ERROR: ERROR(SPMHDB-183): 'LINE' object may not exist on layer 'PACKAGE GEOMETRY/MODEL_OUTLINE'.
ERROR: Failed to add CIRCLE on line number 1284

ERROR: ERROR(SPMHDB-183): 'LINE' object may not exist on layer 'PACKAGE GEOMETRY/MODEL_OUTLINE'.
ERROR: Failed to add CIRCLE on line number 1294

ERROR: ERROR(SPMHDB-183): 'LINE' object may not exist on layer 'PACKAGE GEOMETRY/MODEL_OUTLINE'.
ERROR: Failed to add CIRCLE on line number 1304

ERROR: ERROR(SPMHDB-183): 'LINE' object may not exist on layer 'PACKAGE GEOMETRY/MODEL_OUTLINE'.
ERROR: Failed to add CIRCLE on line number 1314

ERROR: ERROR(SPMHDB-183): 'LINE' object may not exist on layer 'PACKAGE GEOMETRY/MODEL_OUTLINE'.
ERROR: Failed to add CIRCLE on line number 1324

ERROR: ERROR(SPMHDB-183): 'LINE' object may not exist on layer 'PACKAGE GEOMETRY/MODEL_OUTLINE'.
ERROR: Failed to add CIRCLE on line number 1334

ERROR: ERROR(SPMHDB-183): 'LINE' object may not exist on layer 'PACKAGE GEOMETRY/MODEL_OUTLINE'.
ERROR: Failed to add CIRCLE on line number 1344

ERROR: ERROR(SPMHDB-183): 'LINE' object may not exist on layer 'PACKAGE GEOMETRY/MODEL_OUTLINE'.
ERROR: Failed to add CIRCLE on line number 1354

ERROR: ERROR(SPMHDB-183): 'LINE' object may not exist on layer 'PACKAGE GEOMETRY/MODEL_OUTLINE'.
ERROR: Failed to add CIRCLE on line number 1364

ERROR: ERROR(SPMHDB-183): 'LINE' object may not exist on layer 'PACKAGE GEOMETRY/MODEL_OUTLINE'.
ERROR: Failed to add CIRCLE on line number 1374

ERROR: ERROR(SPMHDB-183): 'LINE' object may not exist on layer 'PACKAGE GEOMETRY/MODEL_OUTLINE'.
ERROR: Failed to add CIRCLE on line number 1384

ERROR: ERROR(SPMHDB-183): 'LINE' object may not exist on layer 'PACKAGE GEOMETRY/MODEL_OUTLINE'.
ERROR: Failed to add CIRCLE on line number 1394

ERROR: ERROR(SPMHDB-183): 'LINE' object may not exist on layer 'PACKAGE GEOMETRY/MODEL_OUTLINE'.
ERROR: Failed to add CIRCLE on line number 1404

ERROR: ERROR(SPMHDB-183): 'LINE' object may not exist on layer 'PACKAGE GEOMETRY/MODEL_OUTLINE'.
ERROR: Failed to add CIRCLE on line number 1414

ERROR: ERROR(SPMHDB-183): 'LINE' object may not exist on layer 'PACKAGE GEOMETRY/MODEL_OUTLINE'.
ERROR: Failed to add CIRCLE on line number 1424

ERROR: ERROR(SPMHDB-183): 'LINE' object may not exist on layer 'PACKAGE GEOMETRY/MODEL_OUTLINE'.
ERROR: Failed to add CIRCLE on line number 1434

ERROR: ERROR(SPMHDB-183): 'LINE' object may not exist on layer 'PACKAGE GEOMETRY/MODEL_OUTLINE'.
ERROR: Failed to add CIRCLE on line number 1444

ERROR: ERROR(SPMHDB-183): 'LINE' object may not exist on layer 'PACKAGE GEOMETRY/MODEL_OUTLINE'.
ERROR: Failed to add CIRCLE on line number 1454

ERROR: ERROR(SPMHDB-183): 'LINE' object may not exist on layer 'PACKAGE GEOMETRY/MODEL_OUTLINE'.
ERROR: Failed to add CIRCLE on line number 1464

ERROR: ERROR(SPMHDB-183): 'LINE' object may not exist on layer 'PACKAGE GEOMETRY/MODEL_OUTLINE'.
ERROR: Failed to add CIRCLE on line number 1474

ERROR: ERROR(SPMHDB-183): 'LINE' object may not exist on layer 'PACKAGE GEOMETRY/MODEL_OUTLINE'.
ERROR: Failed to add CIRCLE on line number 1484

ERROR: ERROR(SPMHDB-183): 'LINE' object may not exist on layer 'PACKAGE GEOMETRY/MODEL_OUTLINE'.
ERROR: Failed to add CIRCLE on line number 1494

ERROR: ERROR(SPMHDB-183): 'LINE' object may not exist on layer 'PACKAGE GEOMETRY/MODEL_OUTLINE'.
ERROR: Failed to add CIRCLE on line number 1504

ERROR: ERROR(SPMHDB-183): 'LINE' object may not exist on layer 'PACKAGE GEOMETRY/MODEL_OUTLINE'.
ERROR: Failed to add CIRCLE on line number 1514

ERROR: ERROR(SPMHDB-183): 'LINE' object may not exist on layer 'PACKAGE GEOMETRY/MODEL_OUTLINE'.
ERROR: Failed to add CIRCLE on line number 1524

ERROR: ERROR(SPMHDB-183): 'LINE' object may not exist on layer 'PACKAGE GEOMETRY/MODEL_OUTLINE'.
ERROR: Failed to add CIRCLE on line number 1534

ERROR: ERROR(SPMHDB-183): 'LINE' object may not exist on layer 'PACKAGE GEOMETRY/MODEL_OUTLINE'.
ERROR: Failed to add CIRCLE on line number 1544

ERROR: ERROR(SPMHDB-183): 'LINE' object may not exist on layer 'PACKAGE GEOMETRY/MODEL_OUTLINE'.
ERROR: Failed to add CIRCLE on line number 1554

ERROR: ERROR(SPMHDB-183): 'LINE' object may not exist on layer 'PACKAGE GEOMETRY/MODEL_OUTLINE'.
ERROR: Failed to add CIRCLE on line number 1564

ERROR: ERROR(SPMHDB-183): 'LINE' object may not exist on layer 'PACKAGE GEOMETRY/MODEL_OUTLINE'.
ERROR: Failed to add CIRCLE on line number 1574

ERROR: ERROR(SPMHDB-183): 'LINE' object may not exist on layer 'PACKAGE GEOMETRY/MODEL_OUTLINE'.
ERROR: Failed to add CIRCLE on line number 1584

ERROR: ERROR(SPMHDB-183): 'LINE' object may not exist on layer 'PACKAGE GEOMETRY/MODEL_OUTLINE'.
ERROR: Failed to add CIRCLE on line number 1594

ERROR: ERROR(SPMHDB-183): 'LINE' object may not exist on layer 'PACKAGE GEOMETRY/MODEL_OUTLINE'.
ERROR: Failed to add CIRCLE on line number 1604

ERROR: ERROR(SPMHDB-183): 'LINE' object may not exist on layer 'PACKAGE GEOMETRY/MODEL_OUTLINE'.
ERROR: Failed to add CIRCLE on line number 1614

ERROR: ERROR(SPMHDB-183): 'LINE' object may not exist on layer 'PACKAGE GEOMETRY/MODEL_OUTLINE'.
ERROR: Failed to add CIRCLE on line number 1624

ERROR: ERROR(SPMHDB-183): 'LINE' object may not exist on layer 'PACKAGE GEOMETRY/MODEL_OUTLINE'.
ERROR: Failed to add CIRCLE on line number 1634

ERROR: ERROR(SPMHDB-183): 'LINE' object may not exist on layer 'PACKAGE GEOMETRY/MODEL_OUTLINE'.
ERROR: Failed to add CIRCLE on line number 1644

ERROR: ERROR(SPMHDB-183): 'LINE' object may not exist on layer 'PACKAGE GEOMETRY/MODEL_OUTLINE'.
ERROR: Failed to add CIRCLE on line number 1654

ERROR: ERROR(SPMHDB-183): 'LINE' object may not exist on layer 'PACKAGE GEOMETRY/MODEL_OUTLINE'.
ERROR: Failed to add CIRCLE on line number 1664

ERROR: ERROR(SPMHDB-183): 'LINE' object may not exist on layer 'PACKAGE GEOMETRY/MODEL_OUTLINE'.
ERROR: Failed to add CIRCLE on line number 1674

ERROR: ERROR(SPMHDB-183): 'LINE' object may not exist on layer 'PACKAGE GEOMETRY/MODEL_OUTLINE'.
ERROR: Failed to add CIRCLE on line number 1684

ERROR: ERROR(SPMHDB-183): 'LINE' object may not exist on layer 'PACKAGE GEOMETRY/MODEL_OUTLINE'.
ERROR: Failed to add CIRCLE on line number 1694

ERROR: ERROR(SPMHDB-183): 'LINE' object may not exist on layer 'PACKAGE GEOMETRY/MODEL_OUTLINE'.
ERROR: Failed to add CIRCLE on line number 1704

ERROR: ERROR(SPMHDB-183): 'LINE' object may not exist on layer 'PACKAGE GEOMETRY/MODEL_OUTLINE'.
ERROR: Failed to add CIRCLE on line number 1714

ERROR: ERROR(SPMHDB-183): 'LINE' object may not exist on layer 'PACKAGE GEOMETRY/MODEL_OUTLINE'.
ERROR: Failed to add CIRCLE on line number 1724

ERROR: ERROR(SPMHDB-183): 'LINE' object may not exist on layer 'PACKAGE GEOMETRY/MODEL_OUTLINE'.
ERROR: Failed to add CIRCLE on line number 1734

ERROR: ERROR(SPMHDB-183): 'LINE' object may not exist on layer 'PACKAGE GEOMETRY/MODEL_OUTLINE'.
ERROR: Failed to add CIRCLE on line number 1744

ERROR: ERROR(SPMHDB-183): 'LINE' object may not exist on layer 'PACKAGE GEOMETRY/MODEL_OUTLINE'.
ERROR: Failed to add CIRCLE on line number 1754

ERROR: ERROR(SPMHDB-183): 'LINE' object may not exist on layer 'PACKAGE GEOMETRY/MODEL_OUTLINE'.
ERROR: Failed to add CIRCLE on line number 1764

ERROR: ERROR(SPMHDB-183): 'LINE' object may not exist on layer 'PACKAGE GEOMETRY/MODEL_OUTLINE'.
ERROR: Failed to add CIRCLE on line number 1774

ERROR: ERROR(SPMHDB-183): 'LINE' object may not exist on layer 'PACKAGE GEOMETRY/MODEL_OUTLINE'.
ERROR: Failed to add CIRCLE on line number 1784

ERROR: ERROR(SPMHDB-183): 'LINE' object may not exist on layer 'PACKAGE GEOMETRY/MODEL_OUTLINE'.
ERROR: Failed to add CIRCLE on line number 1794

ERROR: ERROR(SPMHDB-183): 'LINE' object may not exist on layer 'PACKAGE GEOMETRY/MODEL_OUTLINE'.
ERROR: Failed to add CIRCLE on line number 1804

ERROR: ERROR(SPMHDB-183): 'LINE' object may not exist on layer 'PACKAGE GEOMETRY/MODEL_OUTLINE'.
ERROR: Failed to add CIRCLE on line number 1814

ERROR: ERROR(SPMHDB-183): 'LINE' object may not exist on layer 'PACKAGE GEOMETRY/MODEL_OUTLINE'.
ERROR: Failed to add CIRCLE on line number 1824

ERROR: ERROR(SPMHDB-183): 'LINE' object may not exist on layer 'PACKAGE GEOMETRY/MODEL_OUTLINE'.
ERROR: Failed to add CIRCLE on line number 1834

ERROR: ERROR(SPMHDB-183): 'LINE' object may not exist on layer 'PACKAGE GEOMETRY/MODEL_OUTLINE'.
ERROR: Failed to add CIRCLE on line number 1844

ERROR: ERROR(SPMHDB-183): 'LINE' object may not exist on layer 'PACKAGE GEOMETRY/MODEL_OUTLINE'.
ERROR: Failed to add CIRCLE on line number 1854

ERROR: ERROR(SPMHDB-183): 'LINE' object may not exist on layer 'PACKAGE GEOMETRY/MODEL_OUTLINE'.
ERROR: Failed to add CIRCLE on line number 1864

ERROR: ERROR(SPMHDB-183): 'LINE' object may not exist on layer 'PACKAGE GEOMETRY/MODEL_OUTLINE'.
ERROR: Failed to add CIRCLE on line number 1874

ERROR: ERROR(SPMHDB-183): 'LINE' object may not exist on layer 'PACKAGE GEOMETRY/MODEL_OUTLINE'.
ERROR: Failed to add CIRCLE on line number 1884

ERROR: ERROR(SPMHDB-183): 'LINE' object may not exist on layer 'PACKAGE GEOMETRY/MODEL_OUTLINE'.
ERROR: Failed to add CIRCLE on line number 1894

ERROR: ERROR(SPMHDB-183): 'LINE' object may not exist on layer 'PACKAGE GEOMETRY/MODEL_OUTLINE'.
ERROR: Failed to add CIRCLE on line number 1904

ERROR: ERROR(SPMHDB-183): 'LINE' object may not exist on layer 'PACKAGE GEOMETRY/MODEL_OUTLINE'.
ERROR: Failed to add CIRCLE on line number 1914

ERROR: ERROR(SPMHDB-183): 'LINE' object may not exist on layer 'PACKAGE GEOMETRY/MODEL_OUTLINE'.
ERROR: Failed to add CIRCLE on line number 1924

ERROR: ERROR(SPMHDB-183): 'LINE' object may not exist on layer 'PACKAGE GEOMETRY/MODEL_OUTLINE'.
ERROR: Failed to add CIRCLE on line number 1934

ERROR: ERROR(SPMHDB-183): 'LINE' object may not exist on layer 'PACKAGE GEOMETRY/MODEL_OUTLINE'.
ERROR: Failed to add CIRCLE on line number 1944

ERROR: ERROR(SPMHDB-183): 'LINE' object may not exist on layer 'PACKAGE GEOMETRY/MODEL_OUTLINE'.
ERROR: Failed to add CIRCLE on line number 1954

ERROR: ERROR(SPMHDB-183): 'LINE' object may not exist on layer 'PACKAGE GEOMETRY/MODEL_OUTLINE'.
ERROR: Failed to add CIRCLE on line number 1964

ERROR: ERROR(SPMHDB-183): 'LINE' object may not exist on layer 'PACKAGE GEOMETRY/MODEL_OUTLINE'.
ERROR: Failed to add CIRCLE on line number 1974

ERROR: ERROR(SPMHDB-183): 'LINE' object may not exist on layer 'PACKAGE GEOMETRY/MODEL_OUTLINE'.
ERROR: Failed to add CIRCLE on line number 1984

ERROR: ERROR(SPMHDB-183): 'LINE' object may not exist on layer 'PACKAGE GEOMETRY/MODEL_OUTLINE'.
ERROR: Failed to add CIRCLE on line number 1994

ERROR: ERROR(SPMHDB-183): 'LINE' object may not exist on layer 'PACKAGE GEOMETRY/MODEL_OUTLINE'.
ERROR: Failed to add CIRCLE on line number 2004

ERROR: ERROR(SPMHDB-183): 'LINE' object may not exist on layer 'PACKAGE GEOMETRY/MODEL_OUTLINE'.
ERROR: Failed to add CIRCLE on line number 2014

ERROR: ERROR(SPMHDB-183): 'LINE' object may not exist on layer 'PACKAGE GEOMETRY/MODEL_OUTLINE'.
ERROR: Failed to add CIRCLE on line number 2024

ERROR: ERROR(SPMHDB-183): 'LINE' object may not exist on layer 'PACKAGE GEOMETRY/MODEL_OUTLINE'.
ERROR: Failed to add CIRCLE on line number 2034

ERROR: ERROR(SPMHDB-183): 'LINE' object may not exist on layer 'PACKAGE GEOMETRY/MODEL_OUTLINE'.
ERROR: Failed to add CIRCLE on line number 2044

ERROR: ERROR(SPMHDB-183): 'LINE' object may not exist on layer 'PACKAGE GEOMETRY/MODEL_OUTLINE'.
ERROR: Failed to add CIRCLE on line number 2054

ERROR: ERROR(SPMHDB-183): 'LINE' object may not exist on layer 'PACKAGE GEOMETRY/MODEL_OUTLINE'.
ERROR: Failed to add CIRCLE on line number 2064

ERROR: ERROR(SPMHDB-183): 'LINE' object may not exist on layer 'PACKAGE GEOMETRY/MODEL_OUTLINE'.
ERROR: Failed to add CIRCLE on line number 2074

ERROR: ERROR(SPMHDB-183): 'LINE' object may not exist on layer 'PACKAGE GEOMETRY/MODEL_OUTLINE'.
ERROR: Failed to add CIRCLE on line number 2084

ERROR: ERROR(SPMHDB-183): 'LINE' object may not exist on layer 'PACKAGE GEOMETRY/MODEL_OUTLINE'.
ERROR: Failed to add CIRCLE on line number 2094

ERROR: ERROR(SPMHDB-183): 'LINE' object may not exist on layer 'PACKAGE GEOMETRY/MODEL_OUTLINE'.
ERROR: Failed to add CIRCLE on line number 2104

ERROR: ERROR(SPMHDB-183): 'LINE' object may not exist on layer 'PACKAGE GEOMETRY/MODEL_OUTLINE'.
ERROR: Failed to add CIRCLE on line number 2114

ERROR: ERROR(SPMHDB-183): 'LINE' object may not exist on layer 'PACKAGE GEOMETRY/MODEL_OUTLINE'.
ERROR: Failed to add CIRCLE on line number 2124

ERROR: ERROR(SPMHDB-183): 'LINE' object may not exist on layer 'PACKAGE GEOMETRY/MODEL_OUTLINE'.
ERROR: Failed to add CIRCLE on line number 2134

ERROR: ERROR(SPMHDB-183): 'LINE' object may not exist on layer 'PACKAGE GEOMETRY/MODEL_OUTLINE'.
ERROR: Failed to add CIRCLE on line number 2144

ERROR: ERROR(SPMHDB-183): 'LINE' object may not exist on layer 'PACKAGE GEOMETRY/MODEL_OUTLINE'.
ERROR: Failed to add CIRCLE on line number 2154

ERROR: ERROR(SPMHDB-183): 'LINE' object may not exist on layer 'PACKAGE GEOMETRY/MODEL_OUTLINE'.
ERROR: Failed to add CIRCLE on line number 2164

ERROR: ERROR(SPMHDB-183): 'LINE' object may not exist on layer 'PACKAGE GEOMETRY/MODEL_OUTLINE'.
ERROR: Failed to add CIRCLE on line number 2174

ERROR: ERROR(SPMHDB-183): 'LINE' object may not exist on layer 'PACKAGE GEOMETRY/MODEL_OUTLINE'.
ERROR: Failed to add CIRCLE on line number 2184

ERROR: ERROR(SPMHDB-183): 'LINE' object may not exist on layer 'PACKAGE GEOMETRY/MODEL_OUTLINE'.
ERROR: Failed to add CIRCLE on line number 2194

ERROR: ERROR(SPMHDB-183): 'LINE' object may not exist on layer 'PACKAGE GEOMETRY/MODEL_OUTLINE'.
ERROR: Failed to add CIRCLE on line number 2204

ERROR: ERROR(SPMHDB-183): 'LINE' object may not exist on layer 'PACKAGE GEOMETRY/MODEL_OUTLINE'.
ERROR: Failed to add CIRCLE on line number 2214

ERROR: ERROR(SPMHDB-183): 'LINE' object may not exist on layer 'PACKAGE GEOMETRY/MODEL_OUTLINE'.
ERROR: Failed to add CIRCLE on line number 2224

ERROR: ERROR(SPMHDB-183): 'LINE' object may not exist on layer 'PACKAGE GEOMETRY/MODEL_OUTLINE'.
ERROR: Failed to add CIRCLE on line number 2234

ERROR: ERROR(SPMHDB-183): 'LINE' object may not exist on layer 'PACKAGE GEOMETRY/MODEL_OUTLINE'.
ERROR: Failed to add CIRCLE on line number 2244

ERROR: ERROR(SPMHDB-183): 'LINE' object may not exist on layer 'PACKAGE GEOMETRY/MODEL_OUTLINE'.
ERROR: Failed to add CIRCLE on line number 2254

ERROR: ERROR(SPMHDB-183): 'LINE' object may not exist on layer 'PACKAGE GEOMETRY/MODEL_OUTLINE'.
ERROR: Failed to add CIRCLE on line number 2264

ERROR: ERROR(SPMHDB-183): 'LINE' object may not exist on layer 'PACKAGE GEOMETRY/MODEL_OUTLINE'.
ERROR: Failed to add CIRCLE on line number 2274

ERROR: ERROR(SPMHDB-183): 'LINE' object may not exist on layer 'PACKAGE GEOMETRY/MODEL_OUTLINE'.
ERROR: Failed to add CIRCLE on line number 2284

ERROR: ERROR(SPMHDB-183): 'LINE' object may not exist on layer 'PACKAGE GEOMETRY/MODEL_OUTLINE'.
ERROR: Failed to add CIRCLE on line number 2294

ERROR: ERROR(SPMHDB-183): 'LINE' object may not exist on layer 'PACKAGE GEOMETRY/MODEL_OUTLINE'.
ERROR: Failed to add CIRCLE on line number 2304

ERROR: ERROR(SPMHDB-183): 'LINE' object may not exist on layer 'PACKAGE GEOMETRY/MODEL_OUTLINE'.
ERROR: Failed to add CIRCLE on line number 2314

ERROR: ERROR(SPMHDB-183): 'LINE' object may not exist on layer 'PACKAGE GEOMETRY/MODEL_OUTLINE'.
ERROR: Failed to add CIRCLE on line number 2324

ERROR: ERROR(SPMHDB-183): 'LINE' object may not exist on layer 'PACKAGE GEOMETRY/MODEL_OUTLINE'.
ERROR: Failed to add CIRCLE on line number 2334

ERROR: ERROR(SPMHDB-183): 'LINE' object may not exist on layer 'PACKAGE GEOMETRY/MODEL_OUTLINE'.
ERROR: Failed to add CIRCLE on line number 2344

ERROR: ERROR(SPMHDB-183): 'LINE' object may not exist on layer 'PACKAGE GEOMETRY/MODEL_OUTLINE'.
ERROR: Failed to add CIRCLE on line number 2354

ERROR: ERROR(SPMHDB-183): 'LINE' object may not exist on layer 'PACKAGE GEOMETRY/MODEL_OUTLINE'.
ERROR: Failed to add CIRCLE on line number 2364

ERROR: ERROR(SPMHDB-183): 'LINE' object may not exist on layer 'PACKAGE GEOMETRY/MODEL_OUTLINE'.
ERROR: Failed to add CIRCLE on line number 2374

ERROR: ERROR(SPMHDB-183): 'LINE' object may not exist on layer 'PACKAGE GEOMETRY/MODEL_OUTLINE'.
ERROR: Failed to add CIRCLE on line number 2384

ERROR: ERROR(SPMHDB-183): 'LINE' object may not exist on layer 'PACKAGE GEOMETRY/MODEL_OUTLINE'.
ERROR: Failed to add CIRCLE on line number 2394

ERROR: ERROR(SPMHDB-183): 'LINE' object may not exist on layer 'PACKAGE GEOMETRY/MODEL_OUTLINE'.
ERROR: Failed to add CIRCLE on line number 2404

ERROR: ERROR(SPMHDB-183): 'LINE' object may not exist on layer 'PACKAGE GEOMETRY/MODEL_OUTLINE'.
ERROR: Failed to add CIRCLE on line number 2414

ERROR: ERROR(SPMHDB-183): 'LINE' object may not exist on layer 'PACKAGE GEOMETRY/MODEL_OUTLINE'.
ERROR: Failed to add CIRCLE on line number 2424

ERROR: ERROR(SPMHDB-183): 'LINE' object may not exist on layer 'PACKAGE GEOMETRY/MODEL_OUTLINE'.
ERROR: Failed to add CIRCLE on line number 2434

ERROR: ERROR(SPMHDB-183): 'LINE' object may not exist on layer 'PACKAGE GEOMETRY/MODEL_OUTLINE'.
ERROR: Failed to add CIRCLE on line number 2444

ERROR: ERROR(SPMHDB-183): 'LINE' object may not exist on layer 'PACKAGE GEOMETRY/MODEL_OUTLINE'.
ERROR: Failed to add CIRCLE on line number 2454

ERROR: ERROR(SPMHDB-183): 'LINE' object may not exist on layer 'PACKAGE GEOMETRY/MODEL_OUTLINE'.
ERROR: Failed to add CIRCLE on line number 2464

ERROR: ERROR(SPMHDB-183): 'LINE' object may not exist on layer 'PACKAGE GEOMETRY/MODEL_OUTLINE'.
ERROR: Failed to add CIRCLE on line number 2474

ERROR: ERROR(SPMHDB-183): 'LINE' object may not exist on layer 'PACKAGE GEOMETRY/MODEL_OUTLINE'.
ERROR: Failed to add CIRCLE on line number 2484

ERROR: ERROR(SPMHDB-183): 'LINE' object may not exist on layer 'PACKAGE GEOMETRY/MODEL_OUTLINE'.
ERROR: Failed to add CIRCLE on line number 2494

ERROR: ERROR(SPMHDB-183): 'LINE' object may not exist on layer 'PACKAGE GEOMETRY/MODEL_OUTLINE'.
ERROR: Failed to add CIRCLE on line number 2504

ERROR: ERROR(SPMHDB-183): 'LINE' object may not exist on layer 'PACKAGE GEOMETRY/MODEL_OUTLINE'.
ERROR: Failed to add CIRCLE on line number 2514

ERROR: ERROR(SPMHDB-183): 'LINE' object may not exist on layer 'PACKAGE GEOMETRY/MODEL_OUTLINE'.
ERROR: Failed to add CIRCLE on line number 2524

ERROR: ERROR(SPMHDB-183): 'LINE' object may not exist on layer 'PACKAGE GEOMETRY/MODEL_OUTLINE'.
ERROR: Failed to add CIRCLE on line number 2534

ERROR: ERROR(SPMHDB-183): 'LINE' object may not exist on layer 'PACKAGE GEOMETRY/MODEL_OUTLINE'.
ERROR: Failed to add CIRCLE on line number 2544

ERROR: ERROR(SPMHDB-183): 'LINE' object may not exist on layer 'PACKAGE GEOMETRY/MODEL_OUTLINE'.
ERROR: Failed to add CIRCLE on line number 2554

ERROR: ERROR(SPMHDB-183): 'LINE' object may not exist on layer 'PACKAGE GEOMETRY/MODEL_OUTLINE'.
ERROR: Failed to add CIRCLE on line number 2564

ERROR: ERROR(SPMHDB-183): 'LINE' object may not exist on layer 'PACKAGE GEOMETRY/MODEL_OUTLINE'.
ERROR: Failed to add CIRCLE on line number 2574

ERROR: ERROR(SPMHDB-183): 'LINE' object may not exist on layer 'PACKAGE GEOMETRY/MODEL_OUTLINE'.
ERROR: Failed to add CIRCLE on line number 2584

ERROR: ERROR(SPMHDB-183): 'LINE' object may not exist on layer 'PACKAGE GEOMETRY/MODEL_OUTLINE'.
ERROR: Failed to add CIRCLE on line number 2594

ERROR: ERROR(SPMHDB-183): 'LINE' object may not exist on layer 'PACKAGE GEOMETRY/MODEL_OUTLINE'.
ERROR: Failed to add CIRCLE on line number 2604

ERROR: ERROR(SPMHDB-183): 'LINE' object may not exist on layer 'PACKAGE GEOMETRY/MODEL_OUTLINE'.
ERROR: Failed to add CIRCLE on line number 2614

ERROR: ERROR(SPMHDB-183): 'LINE' object may not exist on layer 'PACKAGE GEOMETRY/MODEL_OUTLINE'.
ERROR: Failed to add CIRCLE on line number 2624

ERROR: ERROR(SPMHDB-183): 'LINE' object may not exist on layer 'PACKAGE GEOMETRY/MODEL_OUTLINE'.
ERROR: Failed to add CIRCLE on line number 2634

ERROR: ERROR(SPMHDB-183): 'LINE' object may not exist on layer 'PACKAGE GEOMETRY/MODEL_OUTLINE'.
ERROR: Failed to add CIRCLE on line number 2644

ERROR: ERROR(SPMHDB-183): 'LINE' object may not exist on layer 'PACKAGE GEOMETRY/MODEL_OUTLINE'.
ERROR: Failed to add CIRCLE on line number 2654

ERROR: ERROR(SPMHDB-183): 'LINE' object may not exist on layer 'PACKAGE GEOMETRY/MODEL_OUTLINE'.
ERROR: Failed to add CIRCLE on line number 2664

ERROR: ERROR(SPMHDB-183): 'LINE' object may not exist on layer 'PACKAGE GEOMETRY/MODEL_OUTLINE'.
ERROR: Failed to add CIRCLE on line number 2674

ERROR: ERROR(SPMHDB-183): 'LINE' object may not exist on layer 'PACKAGE GEOMETRY/MODEL_OUTLINE'.
ERROR: Failed to add CIRCLE on line number 2684

ERROR: ERROR(SPMHDB-183): 'LINE' object may not exist on layer 'PACKAGE GEOMETRY/MODEL_OUTLINE'.
ERROR: Failed to add CIRCLE on line number 2694

ERROR: ERROR(SPMHDB-183): 'LINE' object may not exist on layer 'PACKAGE GEOMETRY/MODEL_OUTLINE'.
ERROR: Failed to add CIRCLE on line number 2704

ERROR: ERROR(SPMHDB-183): 'LINE' object may not exist on layer 'PACKAGE GEOMETRY/MODEL_OUTLINE'.
ERROR: Failed to add CIRCLE on line number 2714

ERROR: ERROR(SPMHDB-183): 'LINE' object may not exist on layer 'PACKAGE GEOMETRY/MODEL_OUTLINE'.
ERROR: Failed to add CIRCLE on line number 2724

ERROR: ERROR(SPMHDB-183): 'LINE' object may not exist on layer 'PACKAGE GEOMETRY/MODEL_OUTLINE'.
ERROR: Failed to add CIRCLE on line number 2734

ERROR: ERROR(SPMHDB-183): 'LINE' object may not exist on layer 'PACKAGE GEOMETRY/MODEL_OUTLINE'.
ERROR: Failed to add CIRCLE on line number 2744

ERROR: ERROR(SPMHDB-183): 'LINE' object may not exist on layer 'PACKAGE GEOMETRY/MODEL_OUTLINE'.
ERROR: Failed to add CIRCLE on line number 2754

ERROR: ERROR(SPMHDB-183): 'LINE' object may not exist on layer 'PACKAGE GEOMETRY/MODEL_OUTLINE'.
ERROR: Failed to add CIRCLE on line number 2764

ERROR: ERROR(SPMHDB-183): 'LINE' object may not exist on layer 'PACKAGE GEOMETRY/MODEL_OUTLINE'.
ERROR: Failed to add CIRCLE on line number 2774

ERROR: ERROR(SPMHDB-183): 'LINE' object may not exist on layer 'PACKAGE GEOMETRY/MODEL_OUTLINE'.
ERROR: Failed to add CIRCLE on line number 2784

ERROR: ERROR(SPMHDB-183): 'LINE' object may not exist on layer 'PACKAGE GEOMETRY/MODEL_OUTLINE'.
ERROR: Failed to add CIRCLE on line number 2794

ERROR: ERROR(SPMHDB-183): 'LINE' object may not exist on layer 'PACKAGE GEOMETRY/MODEL_OUTLINE'.
ERROR: Failed to add CIRCLE on line number 2804

ERROR: ERROR(SPMHDB-183): 'LINE' object may not exist on layer 'PACKAGE GEOMETRY/MODEL_OUTLINE'.
ERROR: Failed to add CIRCLE on line number 2814

ERROR: ERROR(SPMHDB-183): 'LINE' object may not exist on layer 'PACKAGE GEOMETRY/MODEL_OUTLINE'.
ERROR: Failed to add CIRCLE on line number 2824

ERROR: ERROR(SPMHDB-183): 'LINE' object may not exist on layer 'PACKAGE GEOMETRY/MODEL_OUTLINE'.
ERROR: Failed to add CIRCLE on line number 2834

ERROR: ERROR(SPMHDB-183): 'LINE' object may not exist on layer 'PACKAGE GEOMETRY/MODEL_OUTLINE'.
ERROR: Failed to add CIRCLE on line number 2844

ERROR: ERROR(SPMHDB-183): 'LINE' object may not exist on layer 'PACKAGE GEOMETRY/MODEL_OUTLINE'.
ERROR: Failed to add CIRCLE on line number 2854

ERROR: ERROR(SPMHDB-183): 'LINE' object may not exist on layer 'PACKAGE GEOMETRY/MODEL_OUTLINE'.
ERROR: Failed to add CIRCLE on line number 2864

ERROR: ERROR(SPMHDB-183): 'LINE' object may not exist on layer 'PACKAGE GEOMETRY/MODEL_OUTLINE'.
ERROR: Failed to add CIRCLE on line number 2874

ERROR: ERROR(SPMHDB-183): 'LINE' object may not exist on layer 'PACKAGE GEOMETRY/MODEL_OUTLINE'.
ERROR: Failed to add CIRCLE on line number 2884

ERROR: ERROR(SPMHDB-183): 'LINE' object may not exist on layer 'PACKAGE GEOMETRY/MODEL_OUTLINE'.
ERROR: Failed to add CIRCLE on line number 2894

ERROR: ERROR(SPMHDB-183): 'LINE' object may not exist on layer 'PACKAGE GEOMETRY/MODEL_OUTLINE'.
ERROR: Failed to add CIRCLE on line number 2904

ERROR: ERROR(SPMHDB-183): 'LINE' object may not exist on layer 'PACKAGE GEOMETRY/MODEL_OUTLINE'.
ERROR: Failed to add CIRCLE on line number 2914

ERROR: ERROR(SPMHDB-183): 'LINE' object may not exist on layer 'PACKAGE GEOMETRY/MODEL_OUTLINE'.
ERROR: Failed to add CIRCLE on line number 2924

ERROR: ERROR(SPMHDB-183): 'LINE' object may not exist on layer 'PACKAGE GEOMETRY/MODEL_OUTLINE'.
ERROR: Failed to add CIRCLE on line number 2934

ERROR: ERROR(SPMHDB-183): 'LINE' object may not exist on layer 'PACKAGE GEOMETRY/MODEL_OUTLINE'.
ERROR: Failed to add CIRCLE on line number 2944

ERROR: ERROR(SPMHDB-183): 'LINE' object may not exist on layer 'PACKAGE GEOMETRY/MODEL_OUTLINE'.
ERROR: Failed to add CIRCLE on line number 2954

ERROR: ERROR(SPMHDB-183): 'LINE' object may not exist on layer 'PACKAGE GEOMETRY/MODEL_OUTLINE'.
ERROR: Failed to add CIRCLE on line number 2964

ERROR: ERROR(SPMHDB-183): 'LINE' object may not exist on layer 'PACKAGE GEOMETRY/MODEL_OUTLINE'.
ERROR: Failed to add CIRCLE on line number 2974

ERROR: ERROR(SPMHDB-183): 'LINE' object may not exist on layer 'PACKAGE GEOMETRY/MODEL_OUTLINE'.
ERROR: Failed to add CIRCLE on line number 2984

ERROR: ERROR(SPMHDB-183): 'LINE' object may not exist on layer 'PACKAGE GEOMETRY/MODEL_OUTLINE'.
ERROR: Failed to add CIRCLE on line number 2994

ERROR: ERROR(SPMHDB-183): 'LINE' object may not exist on layer 'PACKAGE GEOMETRY/MODEL_OUTLINE'.
ERROR: Failed to add CIRCLE on line number 3004

ERROR: ERROR(SPMHDB-183): 'LINE' object may not exist on layer 'PACKAGE GEOMETRY/MODEL_OUTLINE'.
ERROR: Failed to add CIRCLE on line number 3014

ERROR: ERROR(SPMHDB-183): 'LINE' object may not exist on layer 'PACKAGE GEOMETRY/MODEL_OUTLINE'.
ERROR: Failed to add CIRCLE on line number 3024

ERROR: ERROR(SPMHDB-183): 'LINE' object may not exist on layer 'PACKAGE GEOMETRY/MODEL_OUTLINE'.
ERROR: Failed to add CIRCLE on line number 3034

ERROR: ERROR(SPMHDB-183): 'LINE' object may not exist on layer 'PACKAGE GEOMETRY/MODEL_OUTLINE'.
ERROR: Failed to add CIRCLE on line number 3044

ERROR: ERROR(SPMHDB-183): 'LINE' object may not exist on layer 'PACKAGE GEOMETRY/MODEL_OUTLINE'.
ERROR: Failed to add CIRCLE on line number 3054

ERROR: ERROR(SPMHDB-183): 'LINE' object may not exist on layer 'PACKAGE GEOMETRY/MODEL_OUTLINE'.
ERROR: Failed to add CIRCLE on line number 3064

ERROR: ERROR(SPMHDB-183): 'LINE' object may not exist on layer 'PACKAGE GEOMETRY/MODEL_OUTLINE'.
ERROR: Failed to add CIRCLE on line number 3074

ERROR: ERROR(SPMHDB-183): 'LINE' object may not exist on layer 'PACKAGE GEOMETRY/MODEL_OUTLINE'.
ERROR: Failed to add CIRCLE on line number 3084

ERROR: ERROR(SPMHDB-183): 'LINE' object may not exist on layer 'PACKAGE GEOMETRY/MODEL_OUTLINE'.
ERROR: Failed to add CIRCLE on line number 3094

ERROR: ERROR(SPMHDB-183): 'LINE' object may not exist on layer 'PACKAGE GEOMETRY/MODEL_OUTLINE'.
ERROR: Failed to add CIRCLE on line number 3104

ERROR: ERROR(SPMHDB-183): 'LINE' object may not exist on layer 'PACKAGE GEOMETRY/MODEL_OUTLINE'.
ERROR: Failed to add CIRCLE on line number 3114

ERROR: ERROR(SPMHDB-183): 'LINE' object may not exist on layer 'PACKAGE GEOMETRY/MODEL_OUTLINE'.
ERROR: Failed to add CIRCLE on line number 3124

ERROR: ERROR(SPMHDB-183): 'LINE' object may not exist on layer 'PACKAGE GEOMETRY/MODEL_OUTLINE'.
ERROR: Failed to add CIRCLE on line number 3134

ERROR: ERROR(SPMHDB-183): 'LINE' object may not exist on layer 'PACKAGE GEOMETRY/MODEL_OUTLINE'.
ERROR: Failed to add CIRCLE on line number 3144

ERROR: ERROR(SPMHDB-183): 'LINE' object may not exist on layer 'PACKAGE GEOMETRY/MODEL_OUTLINE'.
ERROR: Failed to add CIRCLE on line number 3154

ERROR: ERROR(SPMHDB-183): 'LINE' object may not exist on layer 'PACKAGE GEOMETRY/MODEL_OUTLINE'.
ERROR: Failed to add CIRCLE on line number 3164

ERROR: ERROR(SPMHDB-183): 'LINE' object may not exist on layer 'PACKAGE GEOMETRY/MODEL_OUTLINE'.
ERROR: Failed to add CIRCLE on line number 3174

ERROR: ERROR(SPMHDB-183): 'LINE' object may not exist on layer 'PACKAGE GEOMETRY/MODEL_OUTLINE'.
ERROR: Failed to add CIRCLE on line number 3184

ERROR: ERROR(SPMHDB-183): 'LINE' object may not exist on layer 'PACKAGE GEOMETRY/MODEL_OUTLINE'.
ERROR: Failed to add CIRCLE on line number 3194

ERROR: ERROR(SPMHDB-183): 'LINE' object may not exist on layer 'PACKAGE GEOMETRY/MODEL_OUTLINE'.
ERROR: Failed to add CIRCLE on line number 3204

ERROR: ERROR(SPMHDB-183): 'LINE' object may not exist on layer 'PACKAGE GEOMETRY/MODEL_OUTLINE'.
ERROR: Failed to add CIRCLE on line number 3214

ERROR: ERROR(SPMHDB-183): 'LINE' object may not exist on layer 'PACKAGE GEOMETRY/MODEL_OUTLINE'.
ERROR: Failed to add CIRCLE on line number 3224

ERROR: ERROR(SPMHDB-183): 'LINE' object may not exist on layer 'PACKAGE GEOMETRY/MODEL_OUTLINE'.
ERROR: Failed to add CIRCLE on line number 3234

ERROR: ERROR(SPMHDB-183): 'LINE' object may not exist on layer 'PACKAGE GEOMETRY/MODEL_OUTLINE'.
ERROR: Failed to add CIRCLE on line number 3244

ERROR: ERROR(SPMHDB-183): 'LINE' object may not exist on layer 'PACKAGE GEOMETRY/MODEL_OUTLINE'.
ERROR: Failed to add CIRCLE on line number 3254

ERROR: ERROR(SPMHDB-183): 'LINE' object may not exist on layer 'PACKAGE GEOMETRY/MODEL_OUTLINE'.
ERROR: Failed to add CIRCLE on line number 3264

ERROR: ERROR(SPMHDB-183): 'LINE' object may not exist on layer 'PACKAGE GEOMETRY/MODEL_OUTLINE'.
ERROR: Failed to add CIRCLE on line number 3274

ERROR: ERROR(SPMHDB-183): 'LINE' object may not exist on layer 'PACKAGE GEOMETRY/MODEL_OUTLINE'.
ERROR: Failed to add CIRCLE on line number 3284

ERROR: ERROR(SPMHDB-183): 'LINE' object may not exist on layer 'PACKAGE GEOMETRY/MODEL_OUTLINE'.
ERROR: Failed to add CIRCLE on line number 3294

ERROR: ERROR(SPMHDB-183): 'LINE' object may not exist on layer 'PACKAGE GEOMETRY/MODEL_OUTLINE'.
ERROR: Failed to add CIRCLE on line number 3304

ERROR: ERROR(SPMHDB-183): 'LINE' object may not exist on layer 'PACKAGE GEOMETRY/MODEL_OUTLINE'.
ERROR: Failed to add CIRCLE on line number 3314

ERROR: ERROR(SPMHDB-183): 'LINE' object may not exist on layer 'PACKAGE GEOMETRY/MODEL_OUTLINE'.
ERROR: Failed to add CIRCLE on line number 3324

ERROR: ERROR(SPMHDB-183): 'LINE' object may not exist on layer 'PACKAGE GEOMETRY/MODEL_OUTLINE'.
ERROR: Failed to add CIRCLE on line number 3334

ERROR: ERROR(SPMHDB-183): 'LINE' object may not exist on layer 'PACKAGE GEOMETRY/MODEL_OUTLINE'.
ERROR: Failed to add CIRCLE on line number 3344

ERROR: ERROR(SPMHDB-183): 'LINE' object may not exist on layer 'PACKAGE GEOMETRY/MODEL_OUTLINE'.
ERROR: Failed to add CIRCLE on line number 3354

ERROR: ERROR(SPMHDB-183): 'LINE' object may not exist on layer 'PACKAGE GEOMETRY/MODEL_OUTLINE'.
ERROR: Failed to add CIRCLE on line number 3364

ERROR: ERROR(SPMHDB-183): 'LINE' object may not exist on layer 'PACKAGE GEOMETRY/MODEL_OUTLINE'.
ERROR: Failed to add CIRCLE on line number 3374

ERROR: ERROR(SPMHDB-183): 'LINE' object may not exist on layer 'PACKAGE GEOMETRY/MODEL_OUTLINE'.
ERROR: Failed to add CIRCLE on line number 3384

ERROR: ERROR(SPMHDB-183): 'LINE' object may not exist on layer 'PACKAGE GEOMETRY/MODEL_OUTLINE'.
ERROR: Failed to add CIRCLE on line number 3394

ERROR: ERROR(SPMHDB-183): 'LINE' object may not exist on layer 'PACKAGE GEOMETRY/MODEL_OUTLINE'.
ERROR: Failed to add CIRCLE on line number 3404

ERROR: ERROR(SPMHDB-183): 'LINE' object may not exist on layer 'PACKAGE GEOMETRY/MODEL_OUTLINE'.
ERROR: Failed to add CIRCLE on line number 3414

ERROR: ERROR(SPMHDB-183): 'LINE' object may not exist on layer 'PACKAGE GEOMETRY/MODEL_OUTLINE'.
ERROR: Failed to add CIRCLE on line number 3424

ERROR: ERROR(SPMHDB-183): 'LINE' object may not exist on layer 'PACKAGE GEOMETRY/MODEL_OUTLINE'.
ERROR: Failed to add CIRCLE on line number 3434

ERROR: ERROR(SPMHDB-183): 'LINE' object may not exist on layer 'PACKAGE GEOMETRY/MODEL_OUTLINE'.
ERROR: Failed to add CIRCLE on line number 3444

ERROR: ERROR(SPMHDB-183): 'LINE' object may not exist on layer 'PACKAGE GEOMETRY/MODEL_OUTLINE'.
ERROR: Failed to add CIRCLE on line number 3454

ERROR: ERROR(SPMHDB-183): 'LINE' object may not exist on layer 'PACKAGE GEOMETRY/MODEL_OUTLINE'.
ERROR: Failed to add CIRCLE on line number 3464

ERROR: ERROR(SPMHDB-183): 'LINE' object may not exist on layer 'PACKAGE GEOMETRY/MODEL_OUTLINE'.
ERROR: Failed to add CIRCLE on line number 3474

ERROR: ERROR(SPMHDB-183): 'LINE' object may not exist on layer 'PACKAGE GEOMETRY/MODEL_OUTLINE'.
ERROR: Failed to add CIRCLE on line number 3484

ERROR: ERROR(SPMHDB-183): 'LINE' object may not exist on layer 'PACKAGE GEOMETRY/MODEL_OUTLINE'.
ERROR: Failed to add CIRCLE on line number 3494

ERROR: ERROR(SPMHDB-183): 'LINE' object may not exist on layer 'PACKAGE GEOMETRY/MODEL_OUTLINE'.
ERROR: Failed to add CIRCLE on line number 3504

ERROR: ERROR(SPMHDB-183): 'LINE' object may not exist on layer 'PACKAGE GEOMETRY/MODEL_OUTLINE'.
ERROR: Failed to add CIRCLE on line number 3514

ERROR: ERROR(SPMHDB-183): 'LINE' object may not exist on layer 'PACKAGE GEOMETRY/MODEL_OUTLINE'.
ERROR: Failed to add CIRCLE on line number 3524

ERROR: ERROR(SPMHDB-183): 'LINE' object may not exist on layer 'PACKAGE GEOMETRY/MODEL_OUTLINE'.
ERROR: Failed to add CIRCLE on line number 3534

ERROR: ERROR(SPMHDB-183): 'LINE' object may not exist on layer 'PACKAGE GEOMETRY/MODEL_OUTLINE'.
ERROR: Failed to add CIRCLE on line number 3544

ERROR: ERROR(SPMHDB-183): 'LINE' object may not exist on layer 'PACKAGE GEOMETRY/MODEL_OUTLINE'.
ERROR: Failed to add CIRCLE on line number 3554

ERROR: ERROR(SPMHDB-183): 'LINE' object may not exist on layer 'PACKAGE GEOMETRY/MODEL_OUTLINE'.
ERROR: Failed to add CIRCLE on line number 3564

ERROR: ERROR(SPMHDB-183): 'LINE' object may not exist on layer 'PACKAGE GEOMETRY/MODEL_OUTLINE'.
ERROR: Failed to add CIRCLE on line number 3574

ERROR: ERROR(SPMHDB-183): 'LINE' object may not exist on layer 'PACKAGE GEOMETRY/MODEL_OUTLINE'.
ERROR: Failed to add CIRCLE on line number 3584

ERROR: ERROR(SPMHDB-183): 'LINE' object may not exist on layer 'PACKAGE GEOMETRY/MODEL_OUTLINE'.
ERROR: Failed to add CIRCLE on line number 3594

ERROR: ERROR(SPMHDB-183): 'LINE' object may not exist on layer 'PACKAGE GEOMETRY/MODEL_OUTLINE'.
ERROR: Failed to add CIRCLE on line number 3604

ERROR: ERROR(SPMHDB-183): 'LINE' object may not exist on layer 'PACKAGE GEOMETRY/MODEL_OUTLINE'.
ERROR: Failed to add CIRCLE on line number 3614

ERROR: ERROR(SPMHDB-183): 'LINE' object may not exist on layer 'PACKAGE GEOMETRY/MODEL_OUTLINE'.
ERROR: Failed to add CIRCLE on line number 3624

ERROR: ERROR(SPMHDB-183): 'LINE' object may not exist on layer 'PACKAGE GEOMETRY/MODEL_OUTLINE'.
ERROR: Failed to add CIRCLE on line number 3634

ERROR: ERROR(SPMHDB-183): 'LINE' object may not exist on layer 'PACKAGE GEOMETRY/MODEL_OUTLINE'.
ERROR: Failed to add CIRCLE on line number 3644

ERROR: ERROR(SPMHDB-183): 'LINE' object may not exist on layer 'PACKAGE GEOMETRY/MODEL_OUTLINE'.
ERROR: Failed to add CIRCLE on line number 3654

ERROR: ERROR(SPMHDB-183): 'LINE' object may not exist on layer 'PACKAGE GEOMETRY/MODEL_OUTLINE'.
ERROR: Failed to add CIRCLE on line number 3664

ERROR: ERROR(SPMHDB-183): 'LINE' object may not exist on layer 'PACKAGE GEOMETRY/MODEL_OUTLINE'.
ERROR: Failed to add CIRCLE on line number 3674

ERROR: ERROR(SPMHDB-183): 'LINE' object may not exist on layer 'PACKAGE GEOMETRY/MODEL_OUTLINE'.
ERROR: Failed to add CIRCLE on line number 3684

ERROR: ERROR(SPMHDB-183): 'LINE' object may not exist on layer 'PACKAGE GEOMETRY/MODEL_OUTLINE'.
ERROR: Failed to add CIRCLE on line number 3694

ERROR: ERROR(SPMHDB-183): 'LINE' object may not exist on layer 'PACKAGE GEOMETRY/MODEL_OUTLINE'.
ERROR: Failed to add CIRCLE on line number 3704

ERROR: ERROR(SPMHDB-183): 'LINE' object may not exist on layer 'PACKAGE GEOMETRY/MODEL_OUTLINE'.
ERROR: Failed to add CIRCLE on line number 3714

ERROR: ERROR(SPMHDB-183): 'LINE' object may not exist on layer 'PACKAGE GEOMETRY/MODEL_OUTLINE'.
ERROR: Failed to add CIRCLE on line number 3724

ERROR: ERROR(SPMHDB-183): 'LINE' object may not exist on layer 'PACKAGE GEOMETRY/MODEL_OUTLINE'.
ERROR: Failed to add CIRCLE on line number 3734

ERROR: ERROR(SPMHDB-183): 'LINE' object may not exist on layer 'PACKAGE GEOMETRY/MODEL_OUTLINE'.
ERROR: Failed to add CIRCLE on line number 3744

ERROR: ERROR(SPMHDB-183): 'LINE' object may not exist on layer 'PACKAGE GEOMETRY/MODEL_OUTLINE'.
ERROR: Failed to add CIRCLE on line number 3754

ERROR: ERROR(SPMHDB-183): 'LINE' object may not exist on layer 'PACKAGE GEOMETRY/MODEL_OUTLINE'.
ERROR: Failed to add CIRCLE on line number 3764

ERROR: ERROR(SPMHDB-183): 'LINE' object may not exist on layer 'PACKAGE GEOMETRY/MODEL_OUTLINE'.
ERROR: Failed to add CIRCLE on line number 3774

ERROR: ERROR(SPMHDB-183): 'LINE' object may not exist on layer 'PACKAGE GEOMETRY/MODEL_OUTLINE'.
ERROR: Failed to add CIRCLE on line number 3784

ERROR: ERROR(SPMHDB-183): 'LINE' object may not exist on layer 'PACKAGE GEOMETRY/MODEL_OUTLINE'.
ERROR: Failed to add CIRCLE on line number 3794

ERROR: ERROR(SPMHDB-183): 'LINE' object may not exist on layer 'PACKAGE GEOMETRY/MODEL_OUTLINE'.
ERROR: Failed to add CIRCLE on line number 3804

ERROR: ERROR(SPMHDB-183): 'LINE' object may not exist on layer 'PACKAGE GEOMETRY/MODEL_OUTLINE'.
ERROR: Failed to add CIRCLE on line number 3814

ERROR: ERROR(SPMHDB-183): 'LINE' object may not exist on layer 'PACKAGE GEOMETRY/MODEL_OUTLINE'.
ERROR: Failed to add CIRCLE on line number 3824

ERROR: ERROR(SPMHDB-183): 'LINE' object may not exist on layer 'PACKAGE GEOMETRY/MODEL_OUTLINE'.
ERROR: Failed to add CIRCLE on line number 3834

ERROR: ERROR(SPMHDB-183): 'LINE' object may not exist on layer 'PACKAGE GEOMETRY/MODEL_OUTLINE'.
ERROR: Failed to add CIRCLE on line number 3844

ERROR: ERROR(SPMHDB-183): 'LINE' object may not exist on layer 'PACKAGE GEOMETRY/MODEL_OUTLINE'.
ERROR: Failed to add CIRCLE on line number 3854

ERROR: ERROR(SPMHDB-183): 'LINE' object may not exist on layer 'PACKAGE GEOMETRY/MODEL_OUTLINE'.
ERROR: Failed to add CIRCLE on line number 3864

ERROR: ERROR(SPMHDB-183): 'LINE' object may not exist on layer 'PACKAGE GEOMETRY/MODEL_OUTLINE'.
ERROR: Failed to add CIRCLE on line number 3874

ERROR: ERROR(SPMHDB-183): 'LINE' object may not exist on layer 'PACKAGE GEOMETRY/MODEL_OUTLINE'.
ERROR: Failed to add CIRCLE on line number 3884

ERROR: ERROR(SPMHDB-183): 'LINE' object may not exist on layer 'PACKAGE GEOMETRY/MODEL_OUTLINE'.
ERROR: Failed to add CIRCLE on line number 3894

ERROR: ERROR(SPMHDB-183): 'LINE' object may not exist on layer 'PACKAGE GEOMETRY/MODEL_OUTLINE'.
ERROR: Failed to add CIRCLE on line number 3904

ERROR: ERROR(SPMHDB-183): 'LINE' object may not exist on layer 'PACKAGE GEOMETRY/MODEL_OUTLINE'.
ERROR: Failed to add CIRCLE on line number 3914

ERROR: ERROR(SPMHDB-183): 'LINE' object may not exist on layer 'PACKAGE GEOMETRY/MODEL_OUTLINE'.
ERROR: Failed to add CIRCLE on line number 3924

ERROR: ERROR(SPMHDB-183): 'LINE' object may not exist on layer 'PACKAGE GEOMETRY/MODEL_OUTLINE'.
ERROR: Failed to add CIRCLE on line number 3934

ERROR: ERROR(SPMHDB-183): 'LINE' object may not exist on layer 'PACKAGE GEOMETRY/MODEL_OUTLINE'.
ERROR: Failed to add CIRCLE on line number 3944

ERROR: ERROR(SPMHDB-183): 'LINE' object may not exist on layer 'PACKAGE GEOMETRY/MODEL_OUTLINE'.
ERROR: Failed to add CIRCLE on line number 3954

ERROR: ERROR(SPMHDB-183): 'LINE' object may not exist on layer 'PACKAGE GEOMETRY/MODEL_OUTLINE'.
ERROR: Failed to add CIRCLE on line number 3964

ERROR: ERROR(SPMHDB-183): 'LINE' object may not exist on layer 'PACKAGE GEOMETRY/MODEL_OUTLINE'.
ERROR: Failed to add CIRCLE on line number 3974

ERROR: ERROR(SPMHDB-183): 'LINE' object may not exist on layer 'PACKAGE GEOMETRY/MODEL_OUTLINE'.
ERROR: Failed to add CIRCLE on line number 3984

ERROR: ERROR(SPMHDB-183): 'LINE' object may not exist on layer 'PACKAGE GEOMETRY/MODEL_OUTLINE'.
ERROR: Failed to add CIRCLE on line number 3994

ERROR: ERROR(SPMHDB-183): 'LINE' object may not exist on layer 'PACKAGE GEOMETRY/MODEL_OUTLINE'.
ERROR: Failed to add CIRCLE on line number 4004

ERROR: ERROR(SPMHDB-183): 'LINE' object may not exist on layer 'PACKAGE GEOMETRY/MODEL_OUTLINE'.
ERROR: Failed to add CIRCLE on line number 4014

ERROR: ERROR(SPMHDB-183): 'LINE' object may not exist on layer 'PACKAGE GEOMETRY/MODEL_OUTLINE'.
ERROR: Failed to add CIRCLE on line number 4024

ERROR: ERROR(SPMHDB-183): 'LINE' object may not exist on layer 'PACKAGE GEOMETRY/MODEL_OUTLINE'.
ERROR: Failed to add CIRCLE on line number 4034

ERROR: ERROR(SPMHDB-183): 'LINE' object may not exist on layer 'PACKAGE GEOMETRY/MODEL_OUTLINE'.
ERROR: Failed to add CIRCLE on line number 4044

ERROR: ERROR(SPMHDB-183): 'LINE' object may not exist on layer 'PACKAGE GEOMETRY/MODEL_OUTLINE'.
ERROR: Failed to add CIRCLE on line number 4054

ERROR: ERROR(SPMHDB-183): 'LINE' object may not exist on layer 'PACKAGE GEOMETRY/MODEL_OUTLINE'.
ERROR: Failed to add CIRCLE on line number 4064

ERROR: ERROR(SPMHDB-183): 'LINE' object may not exist on layer 'PACKAGE GEOMETRY/MODEL_OUTLINE'.
ERROR: Failed to add CIRCLE on line number 4074

ERROR: ERROR(SPMHDB-183): 'LINE' object may not exist on layer 'PACKAGE GEOMETRY/MODEL_OUTLINE'.
ERROR: Failed to add CIRCLE on line number 4084

ERROR: ERROR(SPMHDB-183): 'LINE' object may not exist on layer 'PACKAGE GEOMETRY/MODEL_OUTLINE'.
ERROR: Failed to add CIRCLE on line number 4094

ERROR: ERROR(SPMHDB-183): 'LINE' object may not exist on layer 'PACKAGE GEOMETRY/MODEL_OUTLINE'.
ERROR: Failed to add CIRCLE on line number 4104

ERROR: ERROR(SPMHDB-183): 'LINE' object may not exist on layer 'PACKAGE GEOMETRY/MODEL_OUTLINE'.
ERROR: Failed to add CIRCLE on line number 4114

ERROR: ERROR(SPMHDB-183): 'LINE' object may not exist on layer 'PACKAGE GEOMETRY/MODEL_OUTLINE'.
ERROR: Failed to add CIRCLE on line number 4124

ERROR: ERROR(SPMHDB-183): 'LINE' object may not exist on layer 'PACKAGE GEOMETRY/MODEL_OUTLINE'.
ERROR: Failed to add CIRCLE on line number 4134

ERROR: ERROR(SPMHDB-183): 'LINE' object may not exist on layer 'PACKAGE GEOMETRY/MODEL_OUTLINE'.
ERROR: Failed to add CIRCLE on line number 4144

ERROR: ERROR(SPMHDB-183): 'LINE' object may not exist on layer 'PACKAGE GEOMETRY/MODEL_OUTLINE'.
ERROR: Failed to add CIRCLE on line number 4154

ERROR: ERROR(SPMHDB-183): 'LINE' object may not exist on layer 'PACKAGE GEOMETRY/MODEL_OUTLINE'.
ERROR: Failed to add CIRCLE on line number 4164

ERROR: ERROR(SPMHDB-183): 'LINE' object may not exist on layer 'PACKAGE GEOMETRY/MODEL_OUTLINE'.
ERROR: Failed to add CIRCLE on line number 4174

ERROR: ERROR(SPMHDB-183): 'LINE' object may not exist on layer 'PACKAGE GEOMETRY/MODEL_OUTLINE'.
ERROR: Failed to add CIRCLE on line number 4184

ERROR: ERROR(SPMHDB-183): 'LINE' object may not exist on layer 'PACKAGE GEOMETRY/MODEL_OUTLINE'.
ERROR: Failed to add CIRCLE on line number 4194

ERROR: ERROR(SPMHDB-183): 'LINE' object may not exist on layer 'PACKAGE GEOMETRY/MODEL_OUTLINE'.
ERROR: Failed to add CIRCLE on line number 4204

ERROR: ERROR(SPMHDB-183): 'LINE' object may not exist on layer 'PACKAGE GEOMETRY/MODEL_OUTLINE'.
ERROR: Failed to add CIRCLE on line number 4214

ERROR: ERROR(SPMHDB-183): 'LINE' object may not exist on layer 'PACKAGE GEOMETRY/MODEL_OUTLINE'.
ERROR: Failed to add CIRCLE on line number 4224

ERROR: ERROR(SPMHDB-183): 'LINE' object may not exist on layer 'PACKAGE GEOMETRY/MODEL_OUTLINE'.
ERROR: Failed to add CIRCLE on line number 4234

ERROR: ERROR(SPMHDB-183): 'LINE' object may not exist on layer 'PACKAGE GEOMETRY/MODEL_OUTLINE'.
ERROR: Failed to add CIRCLE on line number 4244

ERROR: ERROR(SPMHDB-183): 'LINE' object may not exist on layer 'PACKAGE GEOMETRY/MODEL_OUTLINE'.
ERROR: Failed to add CIRCLE on line number 4254

ERROR: ERROR(SPMHDB-183): 'LINE' object may not exist on layer 'PACKAGE GEOMETRY/MODEL_OUTLINE'.
ERROR: Failed to add CIRCLE on line number 4264

ERROR: ERROR(SPMHDB-183): 'LINE' object may not exist on layer 'PACKAGE GEOMETRY/MODEL_OUTLINE'.
ERROR: Failed to add CIRCLE on line number 4274

ERROR: ERROR(SPMHDB-183): 'LINE' object may not exist on layer 'PACKAGE GEOMETRY/MODEL_OUTLINE'.
ERROR: Failed to add CIRCLE on line number 4284

ERROR: ERROR(SPMHDB-183): 'LINE' object may not exist on layer 'PACKAGE GEOMETRY/MODEL_OUTLINE'.
ERROR: Failed to add CIRCLE on line number 4294

ERROR: ERROR(SPMHDB-183): 'LINE' object may not exist on layer 'PACKAGE GEOMETRY/MODEL_OUTLINE'.
ERROR: Failed to add CIRCLE on line number 4304

ERROR: ERROR(SPMHDB-183): 'LINE' object may not exist on layer 'PACKAGE GEOMETRY/MODEL_OUTLINE'.
ERROR: Failed to add CIRCLE on line number 4314

ERROR: ERROR(SPMHDB-183): 'LINE' object may not exist on layer 'PACKAGE GEOMETRY/MODEL_OUTLINE'.
ERROR: Failed to add CIRCLE on line number 4324

ERROR: ERROR(SPMHDB-183): 'LINE' object may not exist on layer 'PACKAGE GEOMETRY/MODEL_OUTLINE'.
ERROR: Failed to add CIRCLE on line number 4334

ERROR: ERROR(SPMHDB-183): 'LINE' object may not exist on layer 'PACKAGE GEOMETRY/MODEL_OUTLINE'.
ERROR: Failed to add CIRCLE on line number 4344

ERROR: ERROR(SPMHDB-183): 'LINE' object may not exist on layer 'PACKAGE GEOMETRY/MODEL_OUTLINE'.
ERROR: Failed to add CIRCLE on line number 4354

ERROR: ERROR(SPMHDB-183): 'LINE' object may not exist on layer 'PACKAGE GEOMETRY/MODEL_OUTLINE'.
ERROR: Failed to add CIRCLE on line number 4364

ERROR: ERROR(SPMHDB-183): 'LINE' object may not exist on layer 'PACKAGE GEOMETRY/MODEL_OUTLINE'.
ERROR: Failed to add CIRCLE on line number 4374

ERROR: ERROR(SPMHDB-183): 'LINE' object may not exist on layer 'PACKAGE GEOMETRY/MODEL_OUTLINE'.
ERROR: Failed to add CIRCLE on line number 4384

ERROR: ERROR(SPMHDB-183): 'LINE' object may not exist on layer 'PACKAGE GEOMETRY/MODEL_OUTLINE'.
ERROR: Failed to add CIRCLE on line number 4394

ERROR: ERROR(SPMHDB-183): 'LINE' object may not exist on layer 'PACKAGE GEOMETRY/MODEL_OUTLINE'.
ERROR: Failed to add CIRCLE on line number 4404

ERROR: ERROR(SPMHDB-183): 'LINE' object may not exist on layer 'PACKAGE GEOMETRY/MODEL_OUTLINE'.
ERROR: Failed to add CIRCLE on line number 4414

ERROR: ERROR(SPMHDB-183): 'LINE' object may not exist on layer 'PACKAGE GEOMETRY/MODEL_OUTLINE'.
ERROR: Failed to add CIRCLE on line number 4424

ERROR: ERROR(SPMHDB-183): 'LINE' object may not exist on layer 'PACKAGE GEOMETRY/MODEL_OUTLINE'.
ERROR: Failed to add CIRCLE on line number 4434

ERROR: ERROR(SPMHDB-183): 'LINE' object may not exist on layer 'PACKAGE GEOMETRY/MODEL_OUTLINE'.
ERROR: Failed to add CIRCLE on line number 4444

ERROR: ERROR(SPMHDB-183): 'LINE' object may not exist on layer 'PACKAGE GEOMETRY/MODEL_OUTLINE'.
ERROR: Failed to add CIRCLE on line number 4454

ERROR: ERROR(SPMHDB-183): 'LINE' object may not exist on layer 'PACKAGE GEOMETRY/MODEL_OUTLINE'.
ERROR: Failed to add CIRCLE on line number 4464

ERROR: ERROR(SPMHDB-183): 'LINE' object may not exist on layer 'PACKAGE GEOMETRY/MODEL_OUTLINE'.
ERROR: Failed to add CIRCLE on line number 4474

ERROR: ERROR(SPMHDB-183): 'LINE' object may not exist on layer 'PACKAGE GEOMETRY/MODEL_OUTLINE'.
ERROR: Failed to add CIRCLE on line number 4484

ERROR: ERROR(SPMHDB-183): 'LINE' object may not exist on layer 'PACKAGE GEOMETRY/MODEL_OUTLINE'.
ERROR: Failed to add CIRCLE on line number 4494

ERROR: ERROR(SPMHDB-183): 'LINE' object may not exist on layer 'PACKAGE GEOMETRY/MODEL_OUTLINE'.
ERROR: Failed to add CIRCLE on line number 4504

ERROR: ERROR(SPMHDB-183): 'LINE' object may not exist on layer 'PACKAGE GEOMETRY/MODEL_OUTLINE'.
ERROR: Failed to add CIRCLE on line number 4514

ERROR: ERROR(SPMHDB-183): 'LINE' object may not exist on layer 'PACKAGE GEOMETRY/MODEL_OUTLINE'.
ERROR: Failed to add CIRCLE on line number 4524

ERROR: ERROR(SPMHDB-183): 'LINE' object may not exist on layer 'PACKAGE GEOMETRY/MODEL_OUTLINE'.
ERROR: Failed to add CIRCLE on line number 4534

ERROR: ERROR(SPMHDB-183): 'LINE' object may not exist on layer 'PACKAGE GEOMETRY/MODEL_OUTLINE'.
ERROR: Failed to add CIRCLE on line number 4544

ERROR: ERROR(SPMHDB-183): 'LINE' object may not exist on layer 'PACKAGE GEOMETRY/MODEL_OUTLINE'.
ERROR: Failed to add CIRCLE on line number 4554

ERROR: ERROR(SPMHDB-183): 'LINE' object may not exist on layer 'PACKAGE GEOMETRY/MODEL_OUTLINE'.
ERROR: Failed to add CIRCLE on line number 4564

ERROR: ERROR(SPMHDB-183): 'LINE' object may not exist on layer 'PACKAGE GEOMETRY/MODEL_OUTLINE'.
ERROR: Failed to add CIRCLE on line number 4574

ERROR: ERROR(SPMHDB-183): 'LINE' object may not exist on layer 'PACKAGE GEOMETRY/MODEL_OUTLINE'.
ERROR: Failed to add CIRCLE on line number 4584

ERROR: ERROR(SPMHDB-183): 'LINE' object may not exist on layer 'PACKAGE GEOMETRY/MODEL_OUTLINE'.
ERROR: Failed to add CIRCLE on line number 4594

ERROR: ERROR(SPMHDB-183): 'LINE' object may not exist on layer 'PACKAGE GEOMETRY/MODEL_OUTLINE'.
ERROR: Failed to add CIRCLE on line number 4604

ERROR: ERROR(SPMHDB-183): 'LINE' object may not exist on layer 'PACKAGE GEOMETRY/MODEL_OUTLINE'.
ERROR: Failed to add CIRCLE on line number 4614

ERROR: ERROR(SPMHDB-183): 'LINE' object may not exist on layer 'PACKAGE GEOMETRY/MODEL_OUTLINE'.
ERROR: Failed to add CIRCLE on line number 4624

ERROR: ERROR(SPMHDB-183): 'LINE' object may not exist on layer 'PACKAGE GEOMETRY/MODEL_OUTLINE'.
ERROR: Failed to add CIRCLE on line number 4634

ERROR: ERROR(SPMHDB-183): 'LINE' object may not exist on layer 'PACKAGE GEOMETRY/MODEL_OUTLINE'.
ERROR: Failed to add CIRCLE on line number 4644

ERROR: ERROR(SPMHDB-183): 'LINE' object may not exist on layer 'PACKAGE GEOMETRY/MODEL_OUTLINE'.
ERROR: Failed to add CIRCLE on line number 4654

ERROR: ERROR(SPMHDB-183): 'LINE' object may not exist on layer 'PACKAGE GEOMETRY/MODEL_OUTLINE'.
ERROR: Failed to add CIRCLE on line number 4664

ERROR: ERROR(SPMHDB-183): 'LINE' object may not exist on layer 'PACKAGE GEOMETRY/MODEL_OUTLINE'.
ERROR: Failed to add CIRCLE on line number 4674

ERROR: ERROR(SPMHDB-183): 'LINE' object may not exist on layer 'PACKAGE GEOMETRY/MODEL_OUTLINE'.
ERROR: Failed to add CIRCLE on line number 4684

ERROR: ERROR(SPMHDB-183): 'LINE' object may not exist on layer 'PACKAGE GEOMETRY/MODEL_OUTLINE'.
ERROR: Failed to add CIRCLE on line number 4694

ERROR: ERROR(SPMHDB-183): 'LINE' object may not exist on layer 'PACKAGE GEOMETRY/MODEL_OUTLINE'.
ERROR: Failed to add CIRCLE on line number 4704

ERROR: ERROR(SPMHDB-183): 'LINE' object may not exist on layer 'PACKAGE GEOMETRY/MODEL_OUTLINE'.
ERROR: Failed to add CIRCLE on line number 4714

ERROR: ERROR(SPMHDB-183): 'LINE' object may not exist on layer 'PACKAGE GEOMETRY/MODEL_OUTLINE'.
ERROR: Failed to add CIRCLE on line number 4724

ERROR: ERROR(SPMHDB-183): 'LINE' object may not exist on layer 'PACKAGE GEOMETRY/MODEL_OUTLINE'.
ERROR: Failed to add CIRCLE on line number 4734

ERROR: ERROR(SPMHDB-183): 'LINE' object may not exist on layer 'PACKAGE GEOMETRY/MODEL_OUTLINE'.
ERROR: Failed to add CIRCLE on line number 4744

ERROR: ERROR(SPMHDB-183): 'LINE' object may not exist on layer 'PACKAGE GEOMETRY/MODEL_OUTLINE'.
ERROR: Failed to add CIRCLE on line number 4754

ERROR: ERROR(SPMHDB-183): 'LINE' object may not exist on layer 'PACKAGE GEOMETRY/MODEL_OUTLINE'.
ERROR: Failed to add CIRCLE on line number 4764

ERROR: ERROR(SPMHDB-183): 'LINE' object may not exist on layer 'PACKAGE GEOMETRY/MODEL_OUTLINE'.
ERROR: Failed to add CIRCLE on line number 4774

ERROR: ERROR(SPMHDB-183): 'LINE' object may not exist on layer 'PACKAGE GEOMETRY/MODEL_OUTLINE'.
ERROR: Failed to add CIRCLE on line number 4784

ERROR: ERROR(SPMHDB-183): 'LINE' object may not exist on layer 'PACKAGE GEOMETRY/MODEL_OUTLINE'.
ERROR: Failed to add CIRCLE on line number 4794

ERROR: ERROR(SPMHDB-183): 'LINE' object may not exist on layer 'PACKAGE GEOMETRY/MODEL_OUTLINE'.
ERROR: Failed to add CIRCLE on line number 4804

ERROR: ERROR(SPMHDB-183): 'LINE' object may not exist on layer 'PACKAGE GEOMETRY/MODEL_OUTLINE'.
ERROR: Failed to add CIRCLE on line number 4814

ERROR: ERROR(SPMHDB-183): 'LINE' object may not exist on layer 'PACKAGE GEOMETRY/MODEL_OUTLINE'.
ERROR: Failed to add CIRCLE on line number 4824

ERROR: ERROR(SPMHDB-183): 'LINE' object may not exist on layer 'PACKAGE GEOMETRY/MODEL_OUTLINE'.
ERROR: Failed to add CIRCLE on line number 4834

ERROR: ERROR(SPMHDB-183): 'LINE' object may not exist on layer 'PACKAGE GEOMETRY/MODEL_OUTLINE'.
ERROR: Failed to add CIRCLE on line number 4844

ERROR: ERROR(SPMHDB-183): 'LINE' object may not exist on layer 'PACKAGE GEOMETRY/MODEL_OUTLINE'.
ERROR: Failed to add CIRCLE on line number 4854

ERROR: ERROR(SPMHDB-183): 'LINE' object may not exist on layer 'PACKAGE GEOMETRY/MODEL_OUTLINE'.
ERROR: Failed to add CIRCLE on line number 4864

ERROR: ERROR(SPMHDB-183): 'LINE' object may not exist on layer 'PACKAGE GEOMETRY/MODEL_OUTLINE'.
ERROR: Failed to add CIRCLE on line number 4874

ERROR: ERROR(SPMHDB-183): 'LINE' object may not exist on layer 'PACKAGE GEOMETRY/MODEL_OUTLINE'.
ERROR: Failed to add CIRCLE on line number 4884

ERROR: ERROR(SPMHDB-183): 'LINE' object may not exist on layer 'PACKAGE GEOMETRY/MODEL_OUTLINE'.
ERROR: Failed to add CIRCLE on line number 4894

ERROR: ERROR(SPMHDB-183): 'LINE' object may not exist on layer 'PACKAGE GEOMETRY/MODEL_OUTLINE'.
ERROR: Failed to add CIRCLE on line number 4904

ERROR: ERROR(SPMHDB-183): 'LINE' object may not exist on layer 'PACKAGE GEOMETRY/MODEL_OUTLINE'.
ERROR: Failed to add CIRCLE on line number 4914

ERROR: ERROR(SPMHDB-183): 'LINE' object may not exist on layer 'PACKAGE GEOMETRY/MODEL_OUTLINE'.
ERROR: Failed to add CIRCLE on line number 4924

ERROR: ERROR(SPMHDB-183): 'LINE' object may not exist on layer 'PACKAGE GEOMETRY/MODEL_OUTLINE'.
ERROR: Failed to add CIRCLE on line number 4934

ERROR: ERROR(SPMHDB-183): 'LINE' object may not exist on layer 'PACKAGE GEOMETRY/MODEL_OUTLINE'.
ERROR: Failed to add CIRCLE on line number 4944

ERROR: ERROR(SPMHDB-183): 'LINE' object may not exist on layer 'PACKAGE GEOMETRY/MODEL_OUTLINE'.
ERROR: Failed to add CIRCLE on line number 4954

ERROR: ERROR(SPMHDB-183): 'LINE' object may not exist on layer 'PACKAGE GEOMETRY/MODEL_OUTLINE'.
ERROR: Failed to add CIRCLE on line number 4964

ERROR: ERROR(SPMHDB-183): 'LINE' object may not exist on layer 'PACKAGE GEOMETRY/MODEL_OUTLINE'.
ERROR: Failed to add CIRCLE on line number 4974

ERROR: ERROR(SPMHDB-183): 'LINE' object may not exist on layer 'PACKAGE GEOMETRY/MODEL_OUTLINE'.
ERROR: Failed to add CIRCLE on line number 4984

ERROR: ERROR(SPMHDB-183): 'LINE' object may not exist on layer 'PACKAGE GEOMETRY/MODEL_OUTLINE'.
ERROR: Failed to add (LW)POLYLINE
  on PACKAGE GEOMETRY / MODEL_OUTLINE
  POLYLINE on line number 4994

ERROR: ERROR(SPMHDB-183): 'LINE' object may not exist on layer 'PACKAGE GEOMETRY/MODEL_OUTLINE'.
ERROR: Failed to add (LW)POLYLINE
  on PACKAGE GEOMETRY / MODEL_OUTLINE
  POLYLINE on line number 5038

ERROR: ERROR(SPMHDB-183): 'LINE' object may not exist on layer 'PACKAGE GEOMETRY/MODEL_OUTLINE'.
ERROR: Failed to add (LW)POLYLINE
  on PACKAGE GEOMETRY / MODEL_OUTLINE
  POLYLINE on line number 5110

ERROR: ERROR(SPMHDB-183): 'LINE' object may not exist on layer 'PACKAGE GEOMETRY/MODEL_OUTLINE'.
ERROR: Failed to add (LW)POLYLINE
  on PACKAGE GEOMETRY / MODEL_OUTLINE
  POLYLINE on line number 5182

ERROR: ERROR(SPMHDB-183): 'LINE' object may not exist on layer 'PACKAGE GEOMETRY/MODEL_OUTLINE'.
ERROR: Failed to add (LW)POLYLINE
  on PACKAGE GEOMETRY / MODEL_OUTLINE
  POLYLINE on line number 5268

ERROR: ERROR(SPMHDB-183): 'LINE' object may not exist on layer 'PACKAGE GEOMETRY/MODEL_OUTLINE'.
ERROR: Failed to add (LW)POLYLINE
  on PACKAGE GEOMETRY / MODEL_OUTLINE
  POLYLINE on line number 5340

ERROR: ERROR(SPMHDB-183): 'LINE' object may not exist on layer 'PACKAGE GEOMETRY/MODEL_OUTLINE'.
ERROR: Failed to add (LW)POLYLINE
  on PACKAGE GEOMETRY / MODEL_OUTLINE
  POLYLINE on line number 5384

ERROR: ERROR(SPMHDB-183): 'LINE' object may not exist on layer 'PACKAGE GEOMETRY/MODEL_OUTLINE'.
ERROR: Failed to add (LW)POLYLINE
  on PACKAGE GEOMETRY / MODEL_OUTLINE
  POLYLINE on line number 5428

ERROR: ERROR(SPMHDB-183): 'LINE' object may not exist on layer 'PACKAGE GEOMETRY/MODEL_OUTLINE'.
ERROR: Failed to add CIRCLE on line number 5486

ERROR: ERROR(SPMHDB-183): 'LINE' object may not exist on layer 'PACKAGE GEOMETRY/MODEL_OUTLINE'.
ERROR: Failed to add CIRCLE on line number 5496

ERROR: ERROR(SPMHDB-183): 'LINE' object may not exist on layer 'PACKAGE GEOMETRY/MODEL_OUTLINE'.
ERROR: Failed to add (LW)POLYLINE
  on PACKAGE GEOMETRY / MODEL_OUTLINE
  POLYLINE on line number 5506

ERROR: ERROR(SPMHDB-183): 'SHAPE' object may not exist on layer 'PACKAGE GEOMETRY/MODEL_OUTLINE'.
ERROR: Failed to add (LW)POLYLINE
  on PACKAGE GEOMETRY / MODEL_OUTLINE
  POLYLINE on line number 5550
Layer conversion file: //ppfs6.physics.ox.ac.uk/CEG/Central Electronics/Projects/Hastingsp/DUNE/upenn-dune-gib/allegro/dune_outline_l.cnv
DXF file: //ppfs6.physics.ox.ac.uk/CEG/Central Electronics/Projects/Hastingsp/DUNE/upenn-dune-gib/allegro/dune_outline.dxf
BRD file: //ppfs6.physics.ox.ac.uk/CEG/Central Electronics/Projects/Hastingsp/DUNE/upenn-dune-gib/allegro/#Taaaaaw13548.tmp
Update existing design?: YES
Use default text?: NO
DXF units: MILS
Design units: MILS
Design precision: 2
dxf2a complete.
