(---------------------------------------------------------------------)
(                                                                     )
(    Glossing                                                         )
(                                                                     )
(    Drawing          : gps_interface_boardv51ph_smoothed.brd         )
(    Software Version : 23.1P001                                      )
(    Date/Time        : Mon Nov 11 14:49:55 2024                      )
(                                                                     )
(---------------------------------------------------------------------)


**WARNING: Disabling dynamic shapes
Glossing Corners to Arcs initiated on Mon Nov 11 14:49:55 2024

Maximum Radius = 3500.00.
Minimum Radius = 25.00.
Number of Executions = 100

Corners to Arcs Stats


Number of Glossing Attempts                   : 3569
Number of Actual Glossings                    : 0
Number of Failed Glossing Attempts: 3569
Number of by No-Gloss nets  : 0


Number of Glossing Attempts                   : 3569
Number of Actual Glossings                    : 0
Number of Failed Glossing Attempts: 3569
Number of by No-Gloss nets  : 0


Number of Glossing Attempts                   : 3569
Number of Actual Glossings                    : 0
Number of Failed Glossing Attempts: 3569
Number of by No-Gloss nets  : 0


Number of Glossing Attempts                   : 3569
Number of Actual Glossings                    : 0
Number of Failed Glossing Attempts: 3569
Number of by No-Gloss nets  : 0


Number of Glossing Attempts                   : 3569
Number of Actual Glossings                    : 0
Number of Failed Glossing Attempts: 3569
Number of by No-Gloss nets  : 0


Number of Glossing Attempts                   : 3569
Number of Actual Glossings                    : 0
Number of Failed Glossing Attempts: 3569
Number of by No-Gloss nets  : 0


Number of Glossing Attempts                   : 3569
Number of Actual Glossings                    : 0
Number of Failed Glossing Attempts: 3569
Number of by No-Gloss nets  : 0


Number of Glossing Attempts                   : 3569
Number of Actual Glossings                    : 0
Number of Failed Glossing Attempts: 3569
Number of by No-Gloss nets  : 0


Number of Glossing Attempts                   : 3569
Number of Actual Glossings                    : 0
Number of Failed Glossing Attempts: 3569
Number of by No-Gloss nets  : 0


Number of Glossing Attempts                   : 3569
Number of Actual Glossings                    : 0
Number of Failed Glossing Attempts: 3569
Number of by No-Gloss nets  : 0


Number of Glossing Attempts                   : 3569
Number of Actual Glossings                    : 0
Number of Failed Glossing Attempts: 3569
Number of by No-Gloss nets  : 0


Number of Glossing Attempts                   : 3569
Number of Actual Glossings                    : 0
Number of Failed Glossing Attempts: 3569
Number of by No-Gloss nets  : 0


Number of Glossing Attempts                   : 3569
Number of Actual Glossings                    : 0
Number of Failed Glossing Attempts: 3569
Number of by No-Gloss nets  : 0


Number of Glossing Attempts                   : 3569
Number of Actual Glossings                    : 0
Number of Failed Glossing Attempts: 3569
Number of by No-Gloss nets  : 0


Number of Glossing Attempts                   : 3569
Number of Actual Glossings                    : 0
Number of Failed Glossing Attempts: 3569
Number of by No-Gloss nets  : 0


Number of Glossing Attempts                   : 3569
Number of Actual Glossings                    : 0
Number of Failed Glossing Attempts: 3569
Number of by No-Gloss nets  : 0


Number of Glossing Attempts                   : 3569
Number of Actual Glossings                    : 0
Number of Failed Glossing Attempts: 3569
Number of by No-Gloss nets  : 0


Number of Glossing Attempts                   : 3569
Number of Actual Glossings                    : 0
Number of Failed Glossing Attempts: 3569
Number of by No-Gloss nets  : 0


Number of Glossing Attempts                   : 3569
Number of Actual Glossings                    : 0
Number of Failed Glossing Attempts: 3569
Number of by No-Gloss nets  : 0


Number of Glossing Attempts                   : 3569
Number of Actual Glossings                    : 0
Number of Failed Glossing Attempts: 3569
Number of by No-Gloss nets  : 0


Number of Glossing Attempts                   : 3569
Number of Actual Glossings                    : 0
Number of Failed Glossing Attempts: 3569
Number of by No-Gloss nets  : 0


Number of Glossing Attempts                   : 3569
Number of Actual Glossings                    : 0
Number of Failed Glossing Attempts: 3569
Number of by No-Gloss nets  : 0


Number of Glossing Attempts                   : 3569
Number of Actual Glossings                    : 0
Number of Failed Glossing Attempts: 3569
Number of by No-Gloss nets  : 0


Number of Glossing Attempts                   : 3569
Number of Actual Glossings                    : 0
Number of Failed Glossing Attempts: 3569
Number of by No-Gloss nets  : 0


Number of Glossing Attempts                   : 3569
Number of Actual Glossings                    : 0
Number of Failed Glossing Attempts: 3569
Number of by No-Gloss nets  : 0


Number of Glossing Attempts                   : 3569
Number of Actual Glossings                    : 0
Number of Failed Glossing Attempts: 3569
Number of by No-Gloss nets  : 0


Number of Glossing Attempts                   : 3569
Number of Actual Glossings                    : 0
Number of Failed Glossing Attempts: 3569
Number of by No-Gloss nets  : 0


Number of Glossing Attempts                   : 3569
Number of Actual Glossings                    : 0
Number of Failed Glossing Attempts: 3569
Number of by No-Gloss nets  : 0


Number of Glossing Attempts                   : 3569
Number of Actual Glossings                    : 0
Number of Failed Glossing Attempts: 3569
Number of by No-Gloss nets  : 0


Number of Glossing Attempts                   : 3569
Number of Actual Glossings                    : 0
Number of Failed Glossing Attempts: 3569
Number of by No-Gloss nets  : 0


Number of Glossing Attempts                   : 3569
Number of Actual Glossings                    : 0
Number of Failed Glossing Attempts: 3569
Number of by No-Gloss nets  : 0


Number of Glossing Attempts                   : 3569
Number of Actual Glossings                    : 0
Number of Failed Glossing Attempts: 3569
Number of by No-Gloss nets  : 0


Number of Glossing Attempts                   : 3569
Number of Actual Glossings                    : 0
Number of Failed Glossing Attempts: 3569
Number of by No-Gloss nets  : 0


Number of Glossing Attempts                   : 3569
Number of Actual Glossings                    : 0
Number of Failed Glossing Attempts: 3569
Number of by No-Gloss nets  : 0


Number of Glossing Attempts                   : 3569
Number of Actual Glossings                    : 0
Number of Failed Glossing Attempts: 3569
Number of by No-Gloss nets  : 0


Number of Glossing Attempts                   : 3569
Number of Actual Glossings                    : 0
Number of Failed Glossing Attempts: 3569
Number of by No-Gloss nets  : 0


Number of Glossing Attempts                   : 3569
Number of Actual Glossings                    : 0
Number of Failed Glossing Attempts: 3569
Number of by No-Gloss nets  : 0


Number of Glossing Attempts                   : 3569
Number of Actual Glossings                    : 0
Number of Failed Glossing Attempts: 3569
Number of by No-Gloss nets  : 0


Number of Glossing Attempts                   : 3569
Number of Actual Glossings                    : 0
Number of Failed Glossing Attempts: 3569
Number of by No-Gloss nets  : 0


Number of Glossing Attempts                   : 3569
Number of Actual Glossings                    : 0
Number of Failed Glossing Attempts: 3569
Number of by No-Gloss nets  : 0


Number of Glossing Attempts                   : 3569
Number of Actual Glossings                    : 0
Number of Failed Glossing Attempts: 3569
Number of by No-Gloss nets  : 0


Number of Glossing Attempts                   : 3569
Number of Actual Glossings                    : 0
Number of Failed Glossing Attempts: 3569
Number of by No-Gloss nets  : 0


Number of Glossing Attempts                   : 3569
Number of Actual Glossings                    : 0
Number of Failed Glossing Attempts: 3569
Number of by No-Gloss nets  : 0


Number of Glossing Attempts                   : 3569
Number of Actual Glossings                    : 0
Number of Failed Glossing Attempts: 3569
Number of by No-Gloss nets  : 0


Number of Glossing Attempts                   : 3569
Number of Actual Glossings                    : 0
Number of Failed Glossing Attempts: 3569
Number of by No-Gloss nets  : 0


Number of Glossing Attempts                   : 3569
Number of Actual Glossings                    : 0
Number of Failed Glossing Attempts: 3569
Number of by No-Gloss nets  : 0


Number of Glossing Attempts                   : 3569
Number of Actual Glossings                    : 0
Number of Failed Glossing Attempts: 3569
Number of by No-Gloss nets  : 0


Number of Glossing Attempts                   : 3569
Number of Actual Glossings                    : 0
Number of Failed Glossing Attempts: 3569
Number of by No-Gloss nets  : 0


Number of Glossing Attempts                   : 3569
Number of Actual Glossings                    : 0
Number of Failed Glossing Attempts: 3569
Number of by No-Gloss nets  : 0


Number of Glossing Attempts                   : 3569
Number of Actual Glossings                    : 0
Number of Failed Glossing Attempts: 3569
Number of by No-Gloss nets  : 0


Number of Glossing Attempts                   : 3569
Number of Actual Glossings                    : 0
Number of Failed Glossing Attempts: 3569
Number of by No-Gloss nets  : 0


Number of Glossing Attempts                   : 3569
Number of Actual Glossings                    : 0
Number of Failed Glossing Attempts: 3569
Number of by No-Gloss nets  : 0


Number of Glossing Attempts                   : 3569
Number of Actual Glossings                    : 0
Number of Failed Glossing Attempts: 3569
Number of by No-Gloss nets  : 0


Number of Glossing Attempts                   : 3569
Number of Actual Glossings                    : 0
Number of Failed Glossing Attempts: 3569
Number of by No-Gloss nets  : 0


Number of Glossing Attempts                   : 3569
Number of Actual Glossings                    : 0
Number of Failed Glossing Attempts: 3569
Number of by No-Gloss nets  : 0


Number of Glossing Attempts                   : 3569
Number of Actual Glossings                    : 0
Number of Failed Glossing Attempts: 3569
Number of by No-Gloss nets  : 0


Number of Glossing Attempts                   : 3569
Number of Actual Glossings                    : 0
Number of Failed Glossing Attempts: 3569
Number of by No-Gloss nets  : 0


Number of Glossing Attempts                   : 3569
Number of Actual Glossings                    : 0
Number of Failed Glossing Attempts: 3569
Number of by No-Gloss nets  : 0


Number of Glossing Attempts                   : 3569
Number of Actual Glossings                    : 0
Number of Failed Glossing Attempts: 3569
Number of by No-Gloss nets  : 0


Number of Glossing Attempts                   : 3569
Number of Actual Glossings                    : 0
Number of Failed Glossing Attempts: 3569
Number of by No-Gloss nets  : 0


Number of Glossing Attempts                   : 3569
Number of Actual Glossings                    : 0
Number of Failed Glossing Attempts: 3569
Number of by No-Gloss nets  : 0


Number of Glossing Attempts                   : 3569
Number of Actual Glossings                    : 0
Number of Failed Glossing Attempts: 3569
Number of by No-Gloss nets  : 0


Number of Glossing Attempts                   : 3569
Number of Actual Glossings                    : 0
Number of Failed Glossing Attempts: 3569
Number of by No-Gloss nets  : 0


Number of Glossing Attempts                   : 3569
Number of Actual Glossings                    : 0
Number of Failed Glossing Attempts: 3569
Number of by No-Gloss nets  : 0


Number of Glossing Attempts                   : 3569
Number of Actual Glossings                    : 0
Number of Failed Glossing Attempts: 3569
Number of by No-Gloss nets  : 0


Number of Glossing Attempts                   : 3569
Number of Actual Glossings                    : 0
Number of Failed Glossing Attempts: 3569
Number of by No-Gloss nets  : 0


Number of Glossing Attempts                   : 3569
Number of Actual Glossings                    : 0
Number of Failed Glossing Attempts: 3569
Number of by No-Gloss nets  : 0


Number of Glossing Attempts                   : 3569
Number of Actual Glossings                    : 0
Number of Failed Glossing Attempts: 3569
Number of by No-Gloss nets  : 0


Number of Glossing Attempts                   : 3569
Number of Actual Glossings                    : 0
Number of Failed Glossing Attempts: 3569
Number of by No-Gloss nets  : 0


Number of Glossing Attempts                   : 3569
Number of Actual Glossings                    : 0
Number of Failed Glossing Attempts: 3569
Number of by No-Gloss nets  : 0


Number of Glossing Attempts                   : 3569
Number of Actual Glossings                    : 0
Number of Failed Glossing Attempts: 3569
Number of by No-Gloss nets  : 0


Number of Glossing Attempts                   : 3569
Number of Actual Glossings                    : 0
Number of Failed Glossing Attempts: 3569
Number of by No-Gloss nets  : 0


Number of Glossing Attempts                   : 3569
Number of Actual Glossings                    : 0
Number of Failed Glossing Attempts: 3569
Number of by No-Gloss nets  : 0


Number of Glossing Attempts                   : 3569
Number of Actual Glossings                    : 0
Number of Failed Glossing Attempts: 3569
Number of by No-Gloss nets  : 0


Number of Glossing Attempts                   : 3569
Number of Actual Glossings                    : 0
Number of Failed Glossing Attempts: 3569
Number of by No-Gloss nets  : 0


Number of Glossing Attempts                   : 3569
Number of Actual Glossings                    : 0
Number of Failed Glossing Attempts: 3569
Number of by No-Gloss nets  : 0


Number of Glossing Attempts                   : 3569
Number of Actual Glossings                    : 0
Number of Failed Glossing Attempts: 3569
Number of by No-Gloss nets  : 0


Number of Glossing Attempts                   : 3569
Number of Actual Glossings                    : 0
Number of Failed Glossing Attempts: 3569
Number of by No-Gloss nets  : 0


Number of Glossing Attempts                   : 3569
Number of Actual Glossings                    : 0
Number of Failed Glossing Attempts: 3569
Number of by No-Gloss nets  : 0


Number of Glossing Attempts                   : 3569
Number of Actual Glossings                    : 0
Number of Failed Glossing Attempts: 3569
Number of by No-Gloss nets  : 0


Number of Glossing Attempts                   : 3569
Number of Actual Glossings                    : 0
Number of Failed Glossing Attempts: 3569
Number of by No-Gloss nets  : 0


Number of Glossing Attempts                   : 3569
Number of Actual Glossings                    : 0
Number of Failed Glossing Attempts: 3569
Number of by No-Gloss nets  : 0


Number of Glossing Attempts                   : 3569
Number of Actual Glossings                    : 0
Number of Failed Glossing Attempts: 3569
Number of by No-Gloss nets  : 0


Number of Glossing Attempts                   : 3569
Number of Actual Glossings                    : 0
Number of Failed Glossing Attempts: 3569
Number of by No-Gloss nets  : 0


Number of Glossing Attempts                   : 3569
Number of Actual Glossings                    : 0
Number of Failed Glossing Attempts: 3569
Number of by No-Gloss nets  : 0


Number of Glossing Attempts                   : 3569
Number of Actual Glossings                    : 0
Number of Failed Glossing Attempts: 3569
Number of by No-Gloss nets  : 0


Number of Glossing Attempts                   : 3569
Number of Actual Glossings                    : 0
Number of Failed Glossing Attempts: 3569
Number of by No-Gloss nets  : 0


Number of Glossing Attempts                   : 3569
Number of Actual Glossings                    : 0
Number of Failed Glossing Attempts: 3569
Number of by No-Gloss nets  : 0


Number of Glossing Attempts                   : 3569
Number of Actual Glossings                    : 0
Number of Failed Glossing Attempts: 3569
Number of by No-Gloss nets  : 0


Number of Glossing Attempts                   : 3569
Number of Actual Glossings                    : 0
Number of Failed Glossing Attempts: 3569
Number of by No-Gloss nets  : 0


Number of Glossing Attempts                   : 3569
Number of Actual Glossings                    : 0
Number of Failed Glossing Attempts: 3569
Number of by No-Gloss nets  : 0


Number of Glossing Attempts                   : 3569
Number of Actual Glossings                    : 0
Number of Failed Glossing Attempts: 3569
Number of by No-Gloss nets  : 0


Number of Glossing Attempts                   : 3569
Number of Actual Glossings                    : 0
Number of Failed Glossing Attempts: 3569
Number of by No-Gloss nets  : 0


Number of Glossing Attempts                   : 3569
Number of Actual Glossings                    : 0
Number of Failed Glossing Attempts: 3569
Number of by No-Gloss nets  : 0


Number of Glossing Attempts                   : 3569
Number of Actual Glossings                    : 0
Number of Failed Glossing Attempts: 3569
Number of by No-Gloss nets  : 0


Number of Glossing Attempts                   : 3569
Number of Actual Glossings                    : 0
Number of Failed Glossing Attempts: 3569
Number of by No-Gloss nets  : 0


Number of Glossing Attempts                   : 3569
Number of Actual Glossings                    : 0
Number of Failed Glossing Attempts: 3569
Number of by No-Gloss nets  : 0


Number of Glossing Attempts                   : 3569
Number of Actual Glossings                    : 0
Number of Failed Glossing Attempts: 3569
Number of by No-Gloss nets  : 0


Number of Glossing Attempts                   : 3569
Number of Actual Glossings                    : 0
Number of Failed Glossing Attempts: 3569
Number of by No-Gloss nets  : 0


Number of Glossing Attempts                   : 3569
Number of Actual Glossings                    : 0
Number of Failed Glossing Attempts: 3569
Number of by No-Gloss nets  : 0
There were 0 Corners Converted to Arcs.

Elapsed time:  0 hr 0 min 8 sec ( 0.00 hr)
Actual time of completion: Mon Nov 11 14:50:03 2024


Glossing Corners to Arcs finished.


WARNING: Glossing operations may leave fillets out of date.


Glossing complete.
