A!LAYER_SORT!LAYER_SUBCLASS!LAYER_ARTWORK!LAYER_USE!LAYER_CONDUCTOR!LAYER_DIELECTRIC_CONSTANT!LAYER_ELECTRICAL_CONDUCTIVITY!LAYER_MATERIAL!LAYER_SHIELD_LAYER!LAYER_THERMAL_CONDUCTIVITY!LAYER_THICKNESS!LAYER_TYPE!LAYER_LOSS_TANGENT!LAYER_FUNCTION_TYPE!
J!//ppfs6.physics.ox.ac.uk/CEG/Central Electronics/Projects/Hastingsp/DUNE/upenn-dune-gib/allegro/gps_interface_boardv53ph.brd!Mon Jan 20 14:09:14 2025!-19685.04!-19685.04!19685.04!19685.04!0.01!mils!GPS_INTERFACE_BOARD!100.200000 mil!23!UP TO DATE!
S!000000!!!!NO!4.000000!0 mho/cm!AIR!NO!!0 mil!SURFACE!0!SURFACE!
S!000001!SOLDERMASK_TOP!!!NO!4.000000!0 mho/cm!SOLDERMASK!NO!!1.000000 mil!MASK!0.022!SOLDER_MASK!
S!000002!TOP!POSITIVE!!YES!1.200000!595900 mho/cm!COPPER!NO!!1.400000 mil!CONDUCTOR!0!CONDUCTOR!
S!000003!2116 HR PREGPREG 1!POSITIVE!!NO!4.200000!0 mho/cm!FR4_4.2!!!4.300000 mil!DIELECTRIC!0.023!DIELECTRIC_PREPREG!
S!000004!2116 HR PREGPREG 2!POSITIVE!!NO!4.200000!0 mho/cm!FR4_4.2!!!4.300000 mil!DIELECTRIC!0.023!DIELECTRIC_PREPREG!
S!000005!2116 HR PREGPREG 3!POSITIVE!!NO!4.200000!0 mho/cm!FR4_4.2!!!4.300000 mil!DIELECTRIC!0.023!DIELECTRIC_PREPREG!
S!000006!GND1!POSITIVE!EMBEDDED_PLANE!YES!1.200000!595900 mho/cm!COPPER!YES!!1.400000 mil!PLANE!0.035!PLANE!
S!000007!FR4 CORE 0.3 35/35 1!POSITIVE!!NO!4.200000!0 mho/cm!FR4_4.2!!!11.800000 mil!DIELECTRIC!0.023!DIELECTRIC_CORE!
S!000008!SIG!POSITIVE!!YES!1.200000!595900 mho/cm!COPPER!NO!!1.400000 mil!CONDUCTOR!0.035!CONDUCTOR!
S!000009!2116 HR PREGPREG 4!POSITIVE!!NO!4.200000!0 mho/cm!FR4_4.2!!!4.300000 mil!DIELECTRIC!0.023!DIELECTRIC_PREPREG!
S!000010!2116 HR PREGPREG 5!POSITIVE!!NO!4.200000!0 mho/cm!FR4_4.2!!!4.300000 mil!DIELECTRIC!0.023!DIELECTRIC_PREPREG!
S!000011!2116 HR PREGPREG 6!POSITIVE!!NO!4.200000!0 mho/cm!FR4_4.2!!!4.300000 mil!DIELECTRIC!0.023!DIELECTRIC_PREPREG!
S!000012!GND2!POSITIVE!EMBEDDED_PLANE!YES!1.200000!595900 mho/cm!COPPER!YES!!1.400000 mil!PLANE!0!PLANE!
S!000013!FR4 CORE 0.3 35/35 2!POSITIVE!!NO!4.200000!0 mho/cm!FR4_4.2!!!11.800000 mil!DIELECTRIC!0.023!DIELECTRIC_CORE!
S!000014!PWR1!POSITIVE!EMBEDDED_PLANE!YES!1.200000!595900 mho/cm!COPPER!YES!!1.400000 mil!PLANE!0.035!PLANE!
S!000015!2116 HR PREGPREG 7!POSITIVE!!NO!4.200000!0 mho/cm!FR4_4.2!!!4.300000 mil!DIELECTRIC!0.023!DIELECTRIC_PREPREG!
S!000016!2116 HR PREGPREG 8!POSITIVE!!NO!4.200000!0 mho/cm!FR4_4.2!!!4.300000 mil!DIELECTRIC!0.023!DIELECTRIC_PREPREG!
S!000017!2116 HR PREGPREG 9!POSITIVE!!NO!4.200000!0 mho/cm!FR4_4.2!!!4.300000 mil!DIELECTRIC!0.023!DIELECTRIC_PREPREG!
S!000018!PWR2!POSITIVE!EMBEDDED_PLANE!YES!1.200000!595900 mho/cm!COPPER!YES!!1.400000 mil!PLANE!0!PLANE!
S!000019!FR4 CORE 0.3 35/35 3!POSITIVE!!NO!4.200000!0 mho/cm!FR4_4.2!!!11.800000 mil!DIELECTRIC!0.023!DIELECTRIC_CORE!
S!000020!GND3!POSITIVE!EMBEDDED_PLANE!YES!1.200000!595900 mho/cm!COPPER!YES!!1.400000 mil!PLANE!0.035!PLANE!
S!000021!2116 HR PREGPREG 10!POSITIVE!!NO!4.200000!0 mho/cm!FR4_4.2!!!4.300000 mil!DIELECTRIC!0.023!DIELECTRIC_PREPREG!
S!000022!2116 HR PREGPREG 11!POSITIVE!!NO!4.200000!0 mho/cm!FR4_4.2!!!4.300000 mil!DIELECTRIC!0.023!DIELECTRIC_PREPREG!
S!000023!2116 HR PREGPREG 12!POSITIVE!!NO!4.200000!0 mho/cm!FR4_4.2!!!4.300000 mil!DIELECTRIC!0.023!DIELECTRIC_PREPREG!
S!000024!BOTTOM!POSITIVE!!YES!1.200000!595900 mho/cm!COPPER!NO!!1.400000 mil!CONDUCTOR!0!CONDUCTOR!
S!000025!SOLDERMASK_BOTTOM!!!NO!4.000000!0 mho/cm!SOLDERMASK!NO!!1.000000 mil!MASK!0.022!SOLDER_MASK!
S!000026!!!!NO!4.000000!0 mho/cm!AIR!NO!!0 mil!SURFACE!0!SURFACE!
