Padstack Library Drill Report
C:/SPB_Data/GPS_INTERFACE_BOARD/allegro/GPS_INTERFACE_BOARDv34.brd
Wed Jul 01 11:40:48 2020

,Padstack,Type,Size X,Size Y,ToolSize,+ Tolerance,- Tolerance,Symbol Figure,Symbol Characters,Symbol Size X,Symbol Size Y,Plating,Non-standard Drill
1,100R110,Circle Drill,110.00,,,0.00,0.00,Circle,A,110.00,110.00,Plated,
2,1p25x2mm_smt,Circle Drill,42.00,,,3.00,3.00,Hexagon Y,,42.00,42.00,Plated,
3,21VIA10,Circle Drill,10.00,,,0.00,0.00,Cross,v,12.00,12.00,Plated,
4,250VIA180,Circle Drill,180.00,,,0.00,0.00,Cross,v,12.00,12.00,Plated,
5,256PAD156,Circle Drill,156.00,,,0.00,0.00,Octagon,m,30.00,30.00,Plated,
6,30VIA14,Circle Drill,14.00,,,0.00,0.00,Cross,v,12.00,12.00,Plated,
7,30VIA14_HV,Circle Drill,14.00,,,0.00,0.00,Cross,v,12.00,12.00,Plated,
8,390RECT390,Circle Drill,55.00,,,0.00,0.00,Cross,v,12.00,12.00,Plated,
9,55R36,Circle Drill,38.00,,,0.00,0.00,Circle,A,38.00,38.00,Plated,
10,55S36,Circle Drill,38.00,,,0.00,0.00,Circle,A,38.00,38.00,Plated,
11,60S85C35D,Circle Drill,35.00,,,0.00,0.00,Circle,,50.00,50.00,Plated,
12,60VIA35,Circle Drill,35.00,,,0.00,0.00,Octagon,K,30.00,30.00,Plated,
13,60VIA35_HV,Circle Drill,35.00,,,0.00,0.00,Octagon,K,30.00,30.00,Plated,
14,70rd_40p,Circle Drill,40.00,,,3.00,3.00,Circle,,40.00,40.00,Plated,
15,70rd_40sq,Circle Drill,40.00,,,3.00,3.00,Square,,50.00,50.00,Plated,
16,70sq_40p,Circle Drill,40.00,,,3.00,3.00,Circle,,40.00,40.00,Plated,
17,75R47,Circle Drill,47.00,,,0.00,0.00,Circle,A,47.00,47.00,Plated,
18,B28_75,Oval Slot,28.00,75.00,,2.00,2.00,Oblong Y,I,28.00,75.00,Plated,
19,B42_50H26_33,Oval Slot,26.00,33.00,,3.00,3.00,Oblong Y,12,26.00,33.00,Plated,
21,B48_76H32_60,Oval Slot,32.00,60.00,,3.00,3.00,Oblong Y,G,32.00,60.00,Plated,
23,B59_106H35_83,Oval Slot,35.00,83.00,,2.00,2.00,Oblong Y,BA,35.00,83.00,Plated,
24,B59_130H35_106,Oval Slot,35.00,106.00,,2.00,2.00,Oblong Y,H,35.00,106.00,Plated,
25,BCON100T_LIB_PAD1,Circle Drill,38.00,,,0.00,0.00,Circle,A,38.00,38.00,Plated,
26,BCON100T_LIB_PAD2,Circle Drill,38.00,,,0.00,0.00,Circle,A,38.00,38.00,Plated,
27,BCON100T_LLB_PAD1,Circle Drill,37.00,,,0.00,0.00,Circle,A,37.00,37.00,Plated,
28,BCON100T_LLB_PAD2,Circle Drill,37.00,,,0.00,0.00,Circle,A,37.00,37.00,Plated,
29,BCON100T_LLB_PAD3,Circle Drill,42.00,,,0.00,0.00,Circle,A,42.00,42.00,Plated,
30,BCON100T_LLB_PAD4,Circle Drill,42.00,,,0.00,0.00,Circle,A,42.00,42.00,Plated,
31,BCON156T_LIB_PAD1,Circle Drill,70.00,,,0.00,0.00,Circle,A,70.00,70.00,Plated,
32,BCON156T_LIB_PAD2,Circle Drill,70.00,,,0.00,0.00,Circle,A,70.00,70.00,Plated,
33,BCON156T_LLB_PAD1,Circle Drill,70.00,,,0.00,0.00,Circle,A,70.00,70.00,Plated,
34,BCON156T_LLB_PAD2,Circle Drill,70.00,,,0.00,0.00,Circle,A,70.00,70.00,Plated,
35,BGAVIA10_20_19_1MM,Circle Drill,10.00,,,0.00,10.00,Circle,A,30.00,30.00,Plated,
36,BGAVIA8_18_08,Circle Drill,8.00,,,0.00,8.00,Cross,B,18.00,18.00,Plated,
37,BOT_SIG3_60VIA35_NO_THERMAL,Circle Drill,35.00,,,0.00,0.00,Octagon,K,30.00,30.00,Plated,
38,BVIA-10-25,Circle Drill,10.00,,,0.00,0.00,Cross,,10.00,10.00,Plated,
39,BVIA-17R8-08,Circle Drill,8.00,,,0.00,8.00,Cross,B,18.00,18.00,Plated,
42,BVIA-18R8-08,Circle Drill,8.00,,,0.00,8.00,Cross,B,18.00,18.00,Plated,
43,BVIA24C10,Circle Drill,10.00,,,0.00,0.00,Circle,,13.00,13.00,Plated,
44,BVIA24C8,Circle Drill,8.00,,,0.00,0.00,Circle,,13.00,13.00,Plated,
45,C100H73,Circle Drill,73.00,,,3.00,3.00,Octagon,73,80.00,80.00,Plated,
47,C100HN130,Circle Drill,51.20,,,0.00,0.00,,C,51.20,51.20,Non-Plated,
48,C100HN155,Circle Drill,61.02,,,0.00,0.00,,D,61.02,61.02,Non-Plated,
49,C110H71Z90,Circle Drill,71.00,,,3.00,3.00,Octagon,71,80.00,80.00,Plated,
51,C126H106,Circle Drill,106.00,,,3.00,3.00,Rectangle,106,106.00,50.00,Plated,
53,C128HN128,Circle Drill,128.00,,,2.00,2.00,Oblong X,128,128.00,80.00,Non-Plated,
54,C130H60O-15,Circle Drill,23.62,,,0.00,0.00,Hexagon Y,,23.62,23.62,Plated,
55,C155H125,Circle Drill,125.00,,,3.00,3.00,Rectangle,125,125.00,50.00,Plated,
57,C160H90,Circle Drill,35.43,,,0.00,0.00,Oblong X,,35.43,26.57,Plated,
58,C170H100,Circle Drill,39.37,,,0.00,0.00,Circle,,39.37,39.37,Plated,
59,C175H105,Circle Drill,41.34,,,0.00,0.00,,A,41.34,41.34,Plated,
60,C250H125Z165,Circle Drill,125.00,,,3.00,3.00,Rectangle,125,125.00,50.00,Plated,
62,C34HN34,Circle Drill,34.00,,,2.00,2.00,Circle,34,34.00,34.00,Non-Plated,
63,C35HN35,Circle Drill,35.00,,,2.00,2.00,Circle,35,34.00,34.00,Non-Plated,
65,C35HN40,Circle Drill,40.00,,,2.00,2.00,Rectangle,n40,80.00,60.00,Non-Plated,
67,C39H30,Circle Drill,30.00,,,2.00,2.00,Circle,h30,34.00,34.00,Plated,
68,C50H35,Circle Drill,35.00,,,3.00,3.00,Circle,30,50.00,50.00,Plated,
69,C50HN50,Circle Drill,50.00,,,2.00,2.00,Rectangle,n50,70.00,50.00,Non-Plated,
70,C51HN52,Circle Drill,52.00,,,2.00,2.00,Rectangle,n52,80.00,40.00,Non-Plated,
72,C54HN54,Circle Drill,54.00,,,2.00,2.00,Rectangle,54,80.00,40.00,Non-Plated,
73,C55H35,Circle Drill,35.00,,,3.00,3.00,Square,35,50.00,50.00,Plated,
74,C55H47,Circle Drill,47.00,,,2.00,2.00,Rectangle,h47,60.00,50.00,Plated,
75,C60H40,Circle Drill,40.00,,,3.00,3.00,Triangle,40,60.00,60.00,Plated,
77,C61H41,Circle Drill,41.00,,,3.00,3.00,Triangle,41,80.00,80.00,Plated,
79,C61HN61,Circle Drill,61.00,,,2.00,2.00,Hexagon X,Q,61.00,61.00,Non-Plated,
81,C65H41,Circle Drill,41.00,,,3.00,3.00,Triangle,PF,80.00,80.00,Plated,
82,C72H32,Circle Drill,32.00,,,3.00,3.00,Square,32,50.00,50.00,Plated,
83,C72H48,Circle Drill,48.00,,,3.00,3.00,Hexagon X,D,72.00,72.00,Plated,
84,C75H40,Circle Drill,40.00,,,3.00,3.00,Hexagon X,40,50.00,50.00,Plated,
86,C83H63,Circle Drill,63.00,,,3.00,0.00,Hexagon X,Q,70.00,70.00,Plated,
87,C86HN87,Circle Drill,87.00,,,2.00,2.00,Rectangle,n87,87.00,50.00,Non-Plated,
89,C93H63,Circle Drill,63.00,,,3.00,3.00,Hexagon Y,63,70.00,70.00,Plated,
91,CIR110MM100D,Circle Drill,39.00,,,0.00,0.00,,,0.00,0.00,Plated,
92,CLCC_LLB_PAD15,Circle Drill,34.00,,,0.00,0.00,Circle,A,34.00,34.00,Plated,
93,CLCC_LLB_PAD16_1,Circle Drill,34.00,,,0.00,0.00,Circle,A,34.00,34.00,Plated,
94,CLCC_LLB_PAD17_1,Circle Drill,34.00,,,0.00,0.00,Circle,A,34.00,34.00,Plated,
95,CLCC_LLB_PAD18_1,Circle Drill,34.00,,,0.00,0.00,Circle,A,34.00,34.00,Plated,
96,CLCC_LLB_PAD19,Circle Drill,34.00,,,0.00,0.00,Circle,A,34.00,34.00,Plated,
97,D0-50D1-00NPNPM295,Circle Drill,39.37,,,0.00,0.00,Cross,,78.74,78.74,Non-Plated,
98,D1-00D1-55NPNPM139,Circle Drill,61.02,,,0.00,0.00,Cross,,78.74,78.74,Non-Plated,
99,D1-00D1-95NPNPM278,Circle Drill,76.77,,,0.00,0.00,Cross,,78.74,78.74,Non-Plated,
100,D1-00D3-00NPNPM795,Circle Drill,118.11,,,0.00,0.00,Cross,,78.74,78.74,Non-Plated,
101,D1-00D3-20NPNPM918,Circle Drill,125.98,,,0.00,0.00,Cross,,78.74,78.74,Non-Plated,
102,DCON050T_LLB_HOLE1,Circle Drill,109.00,,,0.00,0.00,Circle,A,109.00,109.00,Plated,
103,DCON050T_LLB_PAD1,Circle Drill,34.00,,,0.00,0.00,Circle,A,34.00,34.00,Plated,
104,DCON050T_LLB_PAD2,Circle Drill,34.00,,,0.00,0.00,Circle,A,34.00,34.00,Plated,
105,DCON085T_LLB_HOLE1,Circle Drill,121.00,,,0.00,0.00,Circle,A,121.00,121.00,Plated,
106,DCON085T_LLB_PAD1,Circle Drill,42.00,,,0.00,0.00,Circle,A,42.00,42.00,Plated,
107,DCON085T_LLB_PAD2,Circle Drill,42.00,,,0.00,0.00,Circle,A,42.00,42.00,Plated,
108,DCON085T_LLB_PAD3,Circle Drill,42.00,,,0.00,0.00,Circle,A,42.00,42.00,Plated,
109,DCON085T_LLB_PAD4,Circle Drill,42.00,,,0.00,0.00,Circle,A,42.00,42.00,Plated,
110,DCON085T_LLB_PAD5,Circle Drill,34.00,,,0.00,0.00,Circle,A,34.00,34.00,Plated,
111,DCON085T_LLB_PAD6,Circle Drill,34.00,,,0.00,0.00,Circle,A,34.00,34.00,Plated,
112,DCON085T_LLB_PAD7_1,Circle Drill,34.00,,,0.00,0.00,Circle,A,34.00,34.00,Plated,
113,DCON085T_LLB_PAD8_1,Circle Drill,34.00,,,0.00,0.00,Circle,A,34.00,34.00,Plated,
114,DIMM050F_LLB_HOLE1,Circle Drill,125.00,,,0.00,0.00,Circle,A,125.00,125.00,Plated,
115,DIMM050F_LLB_HOLE2,Circle Drill,118.00,,,0.00,0.00,Circle,A,118.00,118.00,Plated,
116,DIMM050T_LLB_HOLE1,Circle Drill,94.00,,,0.00,0.00,Circle,A,94.00,94.00,Plated,
117,DIMM050T_LLB_HOLE2,Circle Drill,63.00,,,0.00,0.00,Circle,A,63.00,63.00,Plated,
118,DIMM050T_LLB_PAD1,Circle Drill,32.00,,,0.00,0.00,Circle,A,32.00,32.00,Plated,
119,DIMM050T_LLB_PAD2,Circle Drill,32.00,,,0.00,0.00,Circle,A,32.00,32.00,Plated,
120,DIN_LIB_PAD10,Circle Drill,60.00,,,0.00,0.00,Circle,A,60.00,60.00,Plated,
121,DIN_LLB_HOLE1,Circle Drill,116.00,,,0.00,0.00,Circle,A,116.00,116.00,Plated,
122,DIN_LLB_PAD1,Circle Drill,31.00,,,0.00,0.00,Circle,A,31.00,31.00,Plated,
123,DIN_LLB_PAD10,Circle Drill,60.00,,,0.00,0.00,Circle,A,60.00,60.00,Plated,
124,DIN_LLB_PAD11,Circle Drill,91.00,,,0.00,0.00,Circle,A,91.00,91.00,Plated,
125,DIN_LLB_PAD2,Circle Drill,34.00,,,0.00,0.00,Circle,A,34.00,34.00,Plated,
126,DIN_LLB_PAD3,Circle Drill,34.00,,,0.00,0.00,Circle,A,34.00,34.00,Plated,
127,DIN_LLB_PAD4,Circle Drill,31.00,,,0.00,0.00,Circle,A,31.00,31.00,Plated,
128,DIN_LLB_PAD5_1,Circle Drill,46.00,,,0.00,0.00,Circle,A,46.00,46.00,Plated,
129,DIN_LLB_PAD6_1,Circle Drill,46.00,,,0.00,0.00,Circle,A,46.00,46.00,Plated,
130,DIP100T_LLB_PAD1,Circle Drill,34.00,,,0.00,0.00,Circle,A,34.00,34.00,Plated,
131,DIP100T_LLB_PAD2,Circle Drill,34.00,,,0.00,0.00,Circle,A,34.00,34.00,Plated,
132,DIP100T_LLB_PAD3,Circle Drill,34.00,,,0.00,0.00,Circle,A,34.00,34.00,Plated,
133,DIP100T_LLB_PAD3_1,Circle Drill,34.00,,,0.00,0.00,Circle,A,34.00,34.00,Plated,
134,DIP100T_LLB_PAD4,Circle Drill,34.00,,,0.00,0.00,Circle,A,34.00,34.00,Plated,
135,DIP100T_LLB_PAD4_1,Circle Drill,34.00,,,0.00,0.00,Circle,A,34.00,34.00,Plated,
136,DIP100T_LLB_PAD5,Circle Drill,34.00,,,0.00,0.00,Circle,A,34.00,34.00,Plated,
137,DIP100T_LLB_PAD5_1,Circle Drill,34.00,,,0.00,0.00,Circle,A,34.00,34.00,Plated,
138,DNG_THERMAL,Circle Drill,12.00,,,0.00,0.00,Circle,,16.00,16.00,Plated,
139,DSUBT_HD_LLB_HOLE1,Circle Drill,120.00,,,0.00,0.00,Circle,A,120.00,120.00,Plated,
140,DSUBT_HD_LLB_PAD1_1,Circle Drill,42.00,,,0.00,0.00,Circle,A,42.00,42.00,Plated,
141,DSUBT_HD_LLB_PAD2_1,Circle Drill,42.00,,,0.00,0.00,Circle,A,42.00,42.00,Plated,
142,DSUBT_HD_LLB_PAD3,Circle Drill,42.00,,,0.00,0.00,Circle,A,42.00,42.00,Plated,
143,DSUBT_HD_LLB_PAD4,Circle Drill,42.00,,,0.00,0.00,Circle,A,42.00,42.00,Plated,
144,DSUBT_LIB_HOLE1,Circle Drill,120.00,,,0.00,0.00,Circle,A,120.00,120.00,Plated,
145,DSUBT_LIB_PAD3,Circle Drill,42.00,,,0.00,0.00,Circle,A,42.00,42.00,Plated,
146,DSUBT_LIB_PAD4,Circle Drill,42.00,,,0.00,0.00,Circle,A,42.00,42.00,Plated,
147,DSUBT_LLB_HOLE1,Circle Drill,120.00,,,0.00,0.00,Circle,A,120.00,120.00,Plated,
148,DSUBT_LLB_PAD1,Circle Drill,42.00,,,0.00,0.00,Circle,A,42.00,42.00,Plated,
149,DSUBT_LLB_PAD1_1,Circle Drill,42.00,,,0.00,0.00,Circle,A,42.00,42.00,Plated,
150,DSUBT_LLB_PAD2,Circle Drill,42.00,,,0.00,0.00,Circle,A,42.00,42.00,Plated,
151,DSUBT_LLB_PAD2_1,Circle Drill,42.00,,,0.00,0.00,Circle,A,42.00,42.00,Plated,
152,DSUBT_LLB_PAD3,Circle Drill,42.00,,,0.00,0.00,Circle,A,42.00,42.00,Plated,
153,DSUBT_LLB_PAD4,Circle Drill,42.00,,,0.00,0.00,Circle,A,42.00,42.00,Plated,
154,ECON100T_LLB_PAD1,Circle Drill,40.00,,,0.00,0.00,Circle,A,40.00,40.00,Plated,
155,ECON100T_LLB_PAD2,Circle Drill,40.00,,,0.00,0.00,Circle,A,40.00,40.00,Plated,
156,EUROA,Circle Drill,37.00,,,0.00,0.00,Square,,10.00,10.00,Plated,
157,EUROE,Circle Drill,125.00,,,0.00,0.00,Hexagon X,,125.00,125.00,Plated,
158,FBUS_LLB_HOLE1,Circle Drill,60.00,,,0.00,0.00,Circle,A,60.00,60.00,Plated,
159,FBUS_LLB_HOLE2,Circle Drill,81.00,,,0.00,0.00,Circle,A,81.00,81.00,Plated,
160,FBUS_LLB_PAD1,Circle Drill,28.00,,,0.00,0.00,Circle,A,28.00,28.00,Plated,
161,FBUS_LLB_PAD2,Circle Drill,28.00,,,0.00,0.00,Circle,A,28.00,28.00,Plated,
162,GNDC-SIG4,Circle Drill,10.00,,,0.00,0.00,Cross,v,12.00,12.00,Plated,
163,GNDC-VP12,Circle Drill,10.00,,,0.00,0.00,Cross,v,12.00,12.00,Plated,
164,GSSG,Circle Drill,12.00,,,0.00,12.00,Cross,D,30.00,30.00,Plated,
165,H50C50U,Circle Drill,50.00,,,0.00,0.00,Circle,H,20.00,20.00,Non-Plated,
166,H63C63U,Circle Drill,63.00,,,0.00,0.00,Triangle,F,20.00,20.00,Non-Plated,
167,H70N,Circle Drill,70.00,,,0.00,0.00,Diamond,,70.00,70.00,Non-Plated,
168,H72N,Circle Drill,70.00,,,0.00,0.00,Circle,H,20.00,20.00,Non-Plated,
169,HOBL210X90,Oval Slot,82.68,35.43,,0.00,0.00,Oblong X,OA,82.68,35.43,Plated,
170,HOBL270X90,Oval Slot,106.30,35.43,,0.00,0.00,Oblong X,OB,106.30,35.43,Plated,
171,HOLE106P,Circle Drill,105.00,,,0.00,0.00,Circle,,10.00,10.00,Plated,
172,HOLE109P,Circle Drill,108.00,,,0.00,0.00,Circle,,10.00,10.00,Plated,
174,HOLE109U,Circle Drill,109.00,,,0.00,0.00,,Y,75.00,75.00,Non-Plated,
175,HOLE120,Circle Drill,120.00,,,0.00,0.00,Circle,,123.00,123.00,Plated,
177,HOLE130D_160P,Circle Drill,130.00,,,0.00,0.00,Oblong Y,,75.00,90.00,Plated,
178,HOLE130P,Circle Drill,130.00,,,0.00,0.00,Oblong Y,,75.00,90.00,Plated,
179,HOLE135,Circle Drill,135.00,,,0.00,0.00,Cross,,135.00,135.00,Non-Plated,
181,HOLE145,Circle Drill,145.00,,,0.00,0.00,Cross,,145.00,145.00,Non-Plated,
182,HOLE150,Circle Drill,150.00,,,0.00,0.00,Circle,,153.00,153.00,Plated,
183,HOLE160,Circle Drill,160.00,,,0.00,0.00,Cross,,160.00,160.00,Non-Plated,
184,HOLE165,Circle Drill,165.00,,,0.00,0.00,Cross,,165.00,165.00,Non-Plated,
185,HOLE170,Circle Drill,170.00,,,0.00,0.00,Cross,,170.00,170.00,Plated,
186,HOLE180,Circle Drill,180.00,,,0.00,0.00,Cross,,180.00,180.00,Non-Plated,
187,HOLE190,Circle Drill,190.00,,,0.00,0.00,Cross,,190.00,190.00,Non-Plated,
188,HOLE210,Circle Drill,210.00,,,0.00,0.00,Cross,,210.00,210.00,Non-Plated,
189,HOLE230,Circle Drill,230.00,,,0.00,0.00,Cross,,230.00,230.00,Non-Plated,
190,HOLE265,Circle Drill,266.00,,,0.00,0.00,Cross,,266.00,266.00,Non-Plated,
191,HOLE280,Circle Drill,280.00,,,0.00,0.00,Cross,,280.00,280.00,Non-Plated,
192,HOLE285,Circle Drill,285.00,,,0.00,0.00,Cross,,285.00,285.00,Non-Plated,
193,HOLE30NPT,Circle Drill,30.00,,,0.00,0.00,Circle,C,40.00,40.00,Non-Plated,
194,HOLE38,Circle Drill,38.00,,,0.00,0.00,Octagon,K,30.00,30.00,Non-Plated,
195,HOLE50,Circle Drill,50.00,,,0.00,0.00,,,0.00,0.00,Non-Plated,
196,HOLE540,Circle Drill,540.00,,,0.00,0.00,Cross,,540.00,540.00,Non-Plated,
197,HOLE60,Circle Drill,60.00,,,0.00,0.00,Octagon,K,30.00,30.00,Plated,
198,HOLE70,Circle Drill,70.00,,,0.00,0.00,Octagon,K,30.00,30.00,Plated,
199,HOLE70_B,Circle Drill,70.00,,,0.00,0.00,Octagon,K,30.00,30.00,Plated,
200,HOLE800,Circle Drill,800.00,,,0.00,0.00,Cross,,800.00,800.00,Plated,
201,HOLE96,Circle Drill,96.00,,,0.00,0.00,Cross,,25.00,25.00,Non-Plated,
202,H_0110_NP_FR4,Circle Drill,43.31,,,0.00,0.00,Cross,,39.37,39.37,Non-Plated,
203,H_0120_NP_FR4,Circle Drill,47.24,,,0.00,0.00,Circle,,59.06,59.06,Non-Plated,
204,H_0160_NP_FR4,Circle Drill,63.00,,,0.00,0.00,Square,,78.74,78.74,Non-Plated,
205,H_C155,Circle Drill,61.02,,,0.00,0.00,Cross,,39.37,39.37,Non-Plated,
206,H_C333,Circle Drill,131.10,,,0.00,0.00,Cross,,39.37,39.37,Non-Plated,
207,ISA_LLB_PAD1,Circle Drill,40.00,,,0.00,0.00,Circle,A,40.00,40.00,Plated,
208,ISA_LLB_PAD2,Circle Drill,40.00,,,0.00,0.00,Circle,A,40.00,40.00,Plated,
209,J1,Circle Drill,38.00,,,0.00,0.00,Circle,A,38.00,38.00,Plated,
210,L2-55X1-65D1-00PNP,Oval Slot,74.80,39.37,,0.00,0.00,Oblong X,,74.80,39.37,Plated,
211,L2-70X1-50D0-90PNP,Oval Slot,82.68,35.43,,0.00,0.00,Oblong X,,82.68,35.43,Plated,
212,L3-00X1-95D0-95PNP,Oval Slot,78.74,37.40,,0.00,0.00,Oblong X,,78.74,37.40,Plated,
213,L3-20X1-60D0-80PNP,Oval Slot,94.49,31.50,,0.00,0.00,Oblong X,,94.49,31.50,Plated,
214,LCON100T_LLB_HOLE1,Circle Drill,116.00,,,0.00,0.00,Circle,A,116.00,116.00,Plated,
215,LCON100T_LLB_PAD1,Circle Drill,42.00,,,0.00,0.00,Circle,A,42.00,42.00,Plated,
216,LCON100T_LLB_PAD2,Circle Drill,42.00,,,0.00,0.00,Circle,A,42.00,42.00,Plated,
217,LCON100T_LLB_PAD3,Circle Drill,37.00,,,0.00,0.00,Circle,A,37.00,37.00,Plated,
218,LCON100T_LLB_PAD4,Circle Drill,37.00,,,0.00,0.00,Circle,A,37.00,37.00,Plated,
219,LR_V15H8_L18_16,Circle Drill,8.00,,,2.00,2.00,Circle,8,35.00,35.00,Plated,Laser
221,LR_V15H8_L1_3,Circle Drill,8.00,,,2.00,2.00,Circle,,8.00,8.00,Plated,Laser
223,LR_V18H8_L18_16,Circle Drill,8.00,,,2.00,2.00,Circle,8,35.00,35.00,Plated,Laser
225,LR_V18H8_L18_17,Circle Drill,8.00,,,2.00,2.00,Cross,8,30.00,30.00,Plated,
227,LR_V18H8_L1_2,Circle Drill,8.00,,,2.00,2.00,Cross,8,30.00,30.00,Plated,
229,LR_V18H8_L1_3,Circle Drill,8.00,,,2.00,2.00,Circle,,8.00,8.00,Plated,Laser
231,LR_V30H8_L18_16_TP,Circle Drill,8.00,,,2.00,2.00,Circle,8,35.00,35.00,Plated,Laser
233,M180,Circle Drill,72.00,,,0.00,0.00,Square,,80.00,80.00,Non-Plated,
234,MARS1,Circle Drill,82.68,,,0.00,0.00,Diamond,C,39.37,39.37,Plated,
235,MARS2,Circle Drill,106.30,,,0.00,0.00,Hexagon X,D,39.37,39.37,Plated,
236,MICROD_MTH_96_REC530_CIR240,Circle Drill,96.00,,,0.00,0.00,Octagon,K,30.00,30.00,Plated,
237,MICROD_MTH_96_REC580_CIR220,Circle Drill,96.00,,,0.00,0.00,Octagon,K,30.00,30.00,Plated,
238,MICROD_MTH_96_REC580_CIR250R,Circle Drill,96.00,,,0.00,0.00,Octagon,K,30.00,30.00,Plated,
239,MOUNTHOLE_60_REC,Circle Drill,70.00,,,0.00,0.00,Octagon,K,30.00,30.00,Plated,
240,MOUNTHOLE_70,Circle Drill,70.00,,,0.00,0.00,Square,x,70.00,70.00,Plated,
241,MOUNTHOLE_70SQ,Circle Drill,70.00,,,0.00,0.00,Octagon,K,30.00,30.00,Plated,
242,MOUNTHOLE_70_REC,Circle Drill,60.00,,,0.00,0.00,Octagon,K,30.00,30.00,Plated,
243,MOUNTHOLE_96_REC,Circle Drill,96.00,,,0.00,0.00,Octagon,K,30.00,30.00,Plated,
244,MTG180H295,Circle Drill,70.87,,,3.00,3.00,Diamond,M,32.00,32.00,Plated,
246,MTG180H295_PIN1,Circle Drill,70.87,,,3.00,3.00,Diamond,M,32.00,32.00,Plated,
248,MTG300,Circle Drill,118.10,,,2.00,2.00,Circle,Y,32.00,32.00,Non-Plated,
250,ND0-50D0-70NPNPM90,Circle Drill,27.56,,,0.00,0.00,Cross,,78.74,78.74,Non-Plated,
251,ND1-00D1-10NPNPM20,Circle Drill,43.31,,,0.00,0.00,Cross,,78.74,78.74,Non-Plated,
252,ND1-00D1-27NPNPM61,Circle Drill,50.00,,,0.00,0.00,Cross,,78.74,78.74,Non-Plated,
253,ND1-00D1-36NPNPM84,Circle Drill,53.54,,,0.00,0.00,Cross,,78.74,78.74,Non-Plated,
254,ND1-00D1-40NPNPM95,Circle Drill,55.12,,,0.00,0.00,Cross,,78.74,78.74,Non-Plated,
255,ND1-00D3-00NPNP,Circle Drill,118.11,,,0.00,0.00,Cross,,78.74,78.74,Non-Plated,
256,NP_MM_0_90D,Circle Drill,35.43,,,0.00,0.00,Cross,,78.74,78.74,Non-Plated,
257,NP_MM_3_00D,Circle Drill,118.11,,,0.00,0.00,Cross,,78.74,78.74,Non-Plated,
258,OB100X50H26-A,Oval Slot,33.00,26.00,,3.00,3.00,Oblong X,OA,33.00,26.00,Plated,
259,OB41X49H26,Oval Slot,26.00,33.00,,3.00,3.00,Oblong Y,K,26.00,33.00,Plated,
260,OB43X67H20,Oval Slot,43.00,20.00,,3.00,3.00,Oblong X,OB,43.00,20.00,Plated,
261,OB48X75H32,Oval Slot,32.00,59.00,,3.00,3.00,Oblong Y,N,32.00,59.00,Plated,
262,OBL3-30X1-50D0-90P,Oval Slot,106.30,35.43,,0.00,0.00,Oblong X,,106.30,35.43,Plated,
263,OBL90X130_NONPLATE,Oval Slot,90.00,130.00,,10.00,0.00,Oblong Y,,90.00,130.00,Non-Plated,
264,P30C18,Circle Drill,18.00,,,0.00,0.00,Square,I,18.00,18.00,Plated,
265,P30S18,Circle Drill,18.00,,,0.00,0.00,Square,I,18.00,18.00,Plated,
266,P34C22,Circle Drill,22.00,,,0.00,0.00,Square,I,18.00,18.00,Plated,
267,P34S22,Circle Drill,22.00,,,0.00,0.00,Square,I,18.00,18.00,Plated,
268,P35_38O22,Circle Drill,22.00,,,0.00,0.00,Square,I,18.00,18.00,Plated,
269,P35_38R22,Circle Drill,22.00,,,0.00,0.00,Square,I,18.00,18.00,Plated,
270,P38C22,Circle Drill,22.00,,,0.00,0.00,Square,I,18.00,18.00,Plated,
271,P38S22,Circle Drill,22.00,,,0.00,0.00,Square,I,18.00,18.00,Plated,
272,P40C25,Circle Drill,25.00,,,0.00,0.00,Square,I,20.00,20.00,Plated,
273,P40S25,Circle Drill,25.00,,,0.00,0.00,Square,I,20.00,20.00,Plated,
274,P50C32,Circle Drill,32.00,,,0.00,0.00,Oblong X,G,20.00,20.00,Plated,
275,P55C32,Circle Drill,32.00,,,0.00,0.00,Oblong X,G,20.00,20.00,Plated,
276,P60C37,Circle Drill,37.00,,,0.00,0.00,Square,A,20.00,20.00,Plated,
277,P60S37,Circle Drill,37.00,,,0.00,0.00,Square,A,20.00,20.00,Plated,
278,P80,Circle Drill,32.00,,,0.00,0.00,Octagon,,32.00,32.00,Plated,
279,P82C70,Circle Drill,70.00,,,0.00,0.00,Circle,H,20.00,20.00,Plated,
280,P85,Circle Drill,33.46,,,0.00,0.00,Triangle,,33.46,33.46,Plated,
281,P90,Circle Drill,36.00,,,0.00,0.00,Oblong Y,,27.00,36.00,Plated,
282,P95,Circle Drill,37.40,,,0.00,0.00,Rectangle,,37.40,28.05,Plated,
283,PAD10,Circle Drill,37.00,,,0.00,0.00,Square,A,20.00,20.00,Plated,
284,PAD100CIR62D,Circle Drill,62.00,,,0.00,0.00,Oblong X,,62.00,50.00,Plated,
285,PAD100CIR79D,Circle Drill,79.00,,,0.00,0.00,,C,60.00,60.00,Plated,
287,PAD100CIR84D,Circle Drill,84.00,,,0.00,0.00,Cross,,84.00,84.00,Plated,
288,PAD100SQ62D,Circle Drill,61.00,,,0.00,0.00,Oblong X,,100.00,50.00,Plated,
289,PAD11,Circle Drill,37.00,,,0.00,0.00,Square,A,20.00,20.00,Plated,
290,PAD116CIR96D,Circle Drill,96.00,,,0.00,0.00,Triangle,w,45.00,45.00,Non-Plated,
291,PAD12,Circle Drill,35.00,,,0.00,0.00,Oblong X,G,20.00,20.00,Plated,
292,PAD120CIR62D,Circle Drill,61.00,,,0.00,0.00,Oblong X,,100.00,50.00,Plated,
293,PAD125,Circle Drill,125.00,,,0.00,0.00,,X,75.00,75.00,Non-Plated,
294,PAD125CIR63D,Circle Drill,63.00,,,0.00,0.00,,D,60.00,60.00,Plated,
295,PAD13,Circle Drill,35.00,,,0.00,0.00,Oblong X,G,20.00,20.00,Plated,
296,PAD130CIR75D,Circle Drill,75.00,,,0.00,0.00,Circle,x,75.00,75.00,Plated,
297,PAD135CIR75D,Circle Drill,75.00,,,0.00,0.00,Circle,x,75.00,75.00,Plated,
298,PAD14,Circle Drill,50.00,,,0.00,0.00,Circle,H,20.00,20.00,Plated,
299,PAD15,Circle Drill,125.00,,,0.00,0.00,Square,I,20.00,20.00,Plated,
300,PAD150CIR63D,Circle Drill,63.00,,,0.00,0.00,,D,60.00,60.00,Plated,
301,PAD156,Circle Drill,156.00,,,0.00,0.00,,A,100.00,100.00,Non-Plated,
302,PAD157RD2-7D,Circle Drill,106.00,,,0.00,0.00,,B,106.00,106.00,Plated,
303,PAD16,Circle Drill,109.00,,,0.00,0.00,Hexagon X,J,20.00,20.00,Plated,
304,PAD160H140,Circle Drill,140.00,,,0.00,0.00,Square,m,40.00,40.00,Plated,
305,PAD170H,Circle Drill,170.00,,,0.00,0.00,Square,,170.00,170.00,Non-Plated,
306,PAD180CIR130D,Circle Drill,130.00,,,0.00,0.00,,K,130.00,130.00,Plated,
307,PAD250,Circle Drill,250.00,,,0.00,0.00,,B,100.00,100.00,Non-Plated,
309,PAD250H140,Circle Drill,140.00,,,0.00,0.00,Square,m,40.00,40.00,Plated,
310,PAD250H180,Circle Drill,180.00,,,0.00,0.00,Square,m,40.00,40.00,Plated,
311,PAD250H180_NO_THERMAL,Circle Drill,180.00,,,0.00,0.00,Square,m,40.00,40.00,Plated,
312,PAD262REC35,Circle Drill,35.00,,,0.00,0.00,Rectangle,,35.00,45.00,Non-Plated,
313,PAD26CIR16D,Circle Drill,16.00,,,0.00,0.00,Cross,,25.00,25.00,Plated,
314,PAD28H12,Circle Drill,12.00,,,0.00,0.00,Cross,,25.00,25.00,Plated,
315,PAD30CIR20D,Circle Drill,20.00,,,0.00,0.00,Cross,,20.00,20.00,Plated,
317,PAD30H14,Circle Drill,14.00,,,0.00,0.00,Cross,,25.00,25.00,Plated,
318,PAD31CIR21D,Circle Drill,21.00,,,0.00,0.00,Circle,,21.00,21.00,Plated,
319,PAD32H16,Circle Drill,16.00,,,0.00,0.00,Cross,,25.00,25.00,Plated,
320,PAD35CIR21D,Circle Drill,21.00,,,0.00,0.00,Circle,,21.00,21.00,Plated,
321,PAD35CIR25D,Circle Drill,25.00,,,0.00,0.00,Cross,,25.00,25.00,Plated,
323,PAD4,Circle Drill,40.00,,,0.00,0.00,Cross,D,20.00,20.00,Non-Plated,
324,PAD40CIR25D,Circle Drill,25.00,,,0.00,0.00,Cross,,25.00,25.00,Plated,
326,PAD40CIR28D,Circle Drill,28.00,,,0.00,0.00,Cross,,28.00,28.00,Plated,
327,PAD40CIR33D,Circle Drill,33.00,,,0.00,0.00,Cross,,33.00,33.00,Plated,
328,PAD424CIR170D,Circle Drill,170.00,,,0.00,0.00,Hexagon X,,497.00,497.00,Plated,
329,PAD43CIR33D,Circle Drill,33.00,,,0.00,0.00,Cross,,33.00,33.00,Plated,
330,PAD44CIR33,Circle Drill,33.00,,,0.00,0.00,Cross,,33.00,33.00,Plated,
331,PAD44CIR34D,Circle Drill,36.00,,,0.00,0.00,Hexagon X,,50.00,50.00,Plated,
332,PAD45CIR22D,Circle Drill,22.00,,,0.00,0.00,Hexagon X,,22.00,22.00,Plated,
333,PAD45CIR30D,Circle Drill,30.00,,,0.00,0.00,Hexagon X,,33.00,33.00,Plated,
335,PAD45CIR35,Circle Drill,35.00,,,0.00,0.00,Cross,,25.00,25.00,Plated,
336,PAD5,Circle Drill,16.00,,,0.00,0.00,Diamond,E,20.00,20.00,Plated,
337,PAD50CIR30D,Circle Drill,30.00,,,0.00,0.00,Hexagon X,,33.00,33.00,Plated,
339,PAD50CIR32D,Circle Drill,32.00,,,0.00,0.00,Rectangle,,45.00,25.00,Plated,
341,PAD50SQ30D,Circle Drill,30.00,,,0.00,0.00,Hexagon X,,33.00,33.00,Plated,
343,PAD50SQ32D,Circle Drill,32.00,,,0.00,0.00,Rectangle,,45.00,25.00,Plated,
345,PAD55CIR25,Circle Drill,25.00,,,0.00,0.00,Cross,,25.00,25.00,Plated,
346,PAD55CIR25D,Circle Drill,25.00,,,0.00,0.00,Cross,,25.00,25.00,Plated,
347,PAD55SCIR25D,Circle Drill,25.00,,,0.00,0.00,Cross,,25.00,25.00,Plated,
348,PAD55SQ25D,Circle Drill,25.00,,,0.00,0.00,Cross,,25.00,25.00,Plated,
349,PAD6,Circle Drill,70.00,,,0.00,0.00,Triangle,F,20.00,20.00,Plated,
350,PAD60CIR35,Circle Drill,40.00,,,0.00,0.00,Cross,,40.00,40.00,Plated,
352,PAD60CIR35D,Circle Drill,35.00,,,0.00,0.00,Circle,,50.00,50.00,Plated,
354,PAD60CIR36D,Circle Drill,36.00,,,0.00,0.00,Hexagon X,,50.00,50.00,Plated,
356,PAD60CIR38D,Circle Drill,40.00,,,0.00,0.00,Cross,,40.00,40.00,Plated,
358,PAD60CIR42D,Circle Drill,42.00,,,0.00,0.00,Oblong Y,,40.00,65.00,Plated,
360,PAD60R40,Circle Drill,40.00,,,3.00,3.00,Triangle,40,60.00,60.00,Plated,
361,PAD60RD0-8D,Circle Drill,32.00,,,0.00,0.00,Diamond,,32.00,32.00,Plated,
362,PAD60SQ36D,Circle Drill,36.00,,,0.00,0.00,Hexagon X,,50.00,50.00,Plated,
364,PAD60SQR40,Circle Drill,40.00,,,3.00,3.00,Triangle,40,60.00,60.00,Plated,
365,PAD62CIR32D,Circle Drill,32.00,,,0.00,0.00,Oblong Y,,40.00,65.00,Plated,
366,PAD62SQ32D,Circle Drill,32.00,,,0.00,0.00,Square,,10.00,10.00,Plated,
368,PAD62SQ37D,Circle Drill,37.00,,,0.00,0.00,Square,,10.00,10.00,Plated,
369,PAD65CIR32D,Circle Drill,32.00,,,0.00,0.00,Square,E,32.00,32.00,Plated,
370,PAD65CIR35D,Circle Drill,35.00,,,0.00,0.00,Oblong Y,,40.00,65.00,Plated,
371,PAD65CIR37D,Circle Drill,36.00,,,0.00,0.00,Hexagon X,,50.00,50.00,Plated,
372,PAD65CIR41D,Circle Drill,41.00,,,0.00,0.00,Cross,,41.00,41.00,Plated,
373,PAD65CIR42D,Circle Drill,42.00,,,0.00,0.00,Oblong Y,,40.00,65.00,Plated,
374,PAD65CIR43D,Circle Drill,43.00,,,0.00,0.00,Cross,,43.00,43.00,Plated,
375,PAD65SQ35D,Circle Drill,35.00,,,0.00,0.00,Square,,10.00,10.00,Plated,
376,PAD65SQ37D,Circle Drill,36.00,,,0.00,0.00,Hexagon X,,50.00,50.00,Plated,
377,PAD667CIR227D,Circle Drill,227.00,,,0.00,0.00,Hexagon X,,782.00,782.00,Plated,
378,PAD70CIR30D,Circle Drill,30.00,,,0.00,0.00,Circle,B,80.00,80.00,Plated,
379,PAD70CIR35D,Circle Drill,35.00,,,0.00,0.00,Circle,C,80.00,80.00,Plated,
380,PAD70CIR40D,Circle Drill,40.00,,,0.00,0.00,Circle,D,80.00,80.00,Plated,
381,PAD70CIR45D,Circle Drill,44.00,,,0.00,0.00,Hexagon X,,40.00,40.00,Plated,
382,PAD70CIR60D,Circle Drill,60.00,,,0.00,0.00,Cross,,60.00,60.00,Plated,
383,PAD70SQ40D,Circle Drill,40.00,,,0.00,0.00,Circle,D,80.00,80.00,Plated,
384,PAD70SQ45D,Circle Drill,44.00,,,0.00,0.00,Hexagon X,,40.00,40.00,Plated,
385,PAD75CIR38D,Circle Drill,38.00,,,0.00,0.00,Square,,50.00,50.00,Plated,
386,PAD75CIR45D,Circle Drill,45.00,,,0.00,0.00,Cross,,50.00,50.00,Plated,
387,PAD75CIR49D,Circle Drill,49.00,,,0.00,0.00,Square,,50.00,50.00,Plated,
388,PAD75CIR51D,Circle Drill,51.00,,,0.00,0.00,Diamond,,25.00,40.00,Plated,
389,PAD75SQ49D,Circle Drill,49.00,,,0.00,0.00,Square,,50.00,50.00,Plated,
390,PAD80CIR50D,Circle Drill,50.00,,,0.00,0.00,Rectangle,,75.00,50.00,Plated,
392,PAD80CIR55D,Circle Drill,55.00,,,0.00,0.00,Hexagon X,,65.00,65.00,Plated,
394,PAD80CIR65D,Circle Drill,66.00,,,0.00,0.00,Cross,,66.00,66.00,Plated,
396,PAD90CIR70D,Circle Drill,70.00,,,0.00,0.00,Cross,,70.00,70.00,Plated,
397,PAD93CIR51D,Circle Drill,51.00,,,0.00,0.00,Diamond,,25.00,40.00,Plated,
398,PAD93CIR52D,Circle Drill,52.00,,,0.00,0.00,Hexagon X,,52.00,52.00,Plated,
400,PAD93CIR53D,Circle Drill,53.00,,,0.00,0.00,Hexagon X,,53.00,53.00,Plated,
401,PAD93CIR56D,Circle Drill,56.00,,,0.00,0.00,Hexagon X,C,56.00,56.00,Plated,
402,PAD93CIR58D,Circle Drill,58.00,,,0.00,0.00,Triangle,C,25.00,35.00,Plated,
403,PAD_5P4MM_3P1MMH,Circle Drill,122.00,,,0.00,0.00,,,0.00,0.00,Plated,
404,PAD_8MM,Circle Drill,315.00,,,0.00,0.00,,,0.00,0.00,Non-Plated,
405,PAD_THERMAL,Circle Drill,32.00,,,0.00,0.00,Square,E,32.00,32.00,Plated,
406,PAD_THERMAL40SQ_358MASK,Circle Drill,12.00,,,0.00,0.00,Square,E,32.00,32.00,Plated,
407,PAD_THERMAL_CENTER,Circle Drill,12.00,,,0.00,0.00,,E,0.00,0.00,Non-Plated,
408,PAD_THERMAL_CENTER_358SQ,Circle Drill,12.00,,,0.00,0.00,Square,E,32.00,32.00,Plated,
409,PAD_THERMAL_V2,Circle Drill,12.00,,,0.00,0.00,Square,E,32.00,32.00,Plated,
410,PC104_LLB_PAD1,Circle Drill,37.00,,,0.00,0.00,Circle,A,37.00,37.00,Plated,
411,PC104_LLB_PAD2,Circle Drill,37.00,,,0.00,0.00,Circle,A,37.00,37.00,Plated,
412,PC104_LLB_PAD3,Circle Drill,37.00,,,0.00,0.00,Circle,A,37.00,37.00,Plated,
413,PC104_LLB_PAD4,Circle Drill,37.00,,,0.00,0.00,Circle,A,37.00,37.00,Plated,
414,PCI_LLB_HOLE1,Circle Drill,96.00,,,0.00,0.00,Circle,A,96.00,96.00,Plated,
415,PCI_LLB_PAD1,Circle Drill,31.00,,,0.00,0.00,Circle,A,31.00,31.00,Plated,
416,PCI_LLB_PAD2,Circle Drill,31.00,,,0.00,0.00,Circle,A,31.00,31.00,Plated,
417,PCON100T_LLB_PAD1,Circle Drill,42.00,,,0.00,0.00,Circle,A,42.00,42.00,Plated,
418,PCON100T_LLB_PAD2,Circle Drill,42.00,,,0.00,0.00,Circle,A,42.00,42.00,Plated,
419,PCON156T_LLB_PAD1,Circle Drill,70.00,,,0.00,0.00,Circle,A,70.00,70.00,Plated,
420,PCON156T_LLB_PAD2,Circle Drill,70.00,,,0.00,0.00,Circle,A,70.00,70.00,Plated,
421,PGA,Circle Drill,32.00,,,0.00,0.00,Rectangle,,45.00,25.00,Plated,
422,PGA_LLB_PAD1_1,Circle Drill,34.00,,,0.00,0.00,Circle,A,34.00,34.00,Plated,
423,PGA_LLB_PAD2_1,Circle Drill,34.00,,,0.00,0.00,Circle,A,34.00,34.00,Plated,
424,PGA_LLB_PAD3_1,Circle Drill,28.00,,,0.00,0.00,Circle,A,28.00,28.00,Plated,
425,PGA_LLB_PAD4_1,Circle Drill,28.00,,,0.00,0.00,Circle,A,28.00,28.00,Plated,
426,PGA_SQ,Circle Drill,32.00,,,0.00,0.00,Rectangle,,45.00,25.00,Plated,
427,PLCC_LLB_HOLE1,Circle Drill,67.00,,,0.00,0.00,Circle,A,67.00,67.00,Plated,
428,PLCC_LLB_PAD1,Circle Drill,34.00,,,0.00,0.00,Circle,A,34.00,34.00,Plated,
429,PLCC_LLB_PAD2,Circle Drill,34.00,,,0.00,0.00,Circle,A,34.00,34.00,Plated,
430,PLCC_LLB_PAD3_1,Circle Drill,34.00,,,0.00,0.00,Circle,A,34.00,34.00,Plated,
431,PLCC_LLB_PAD4_1,Circle Drill,34.00,,,0.00,0.00,Circle,A,34.00,34.00,Plated,
432,PLCC_LLB_PAD5_1,Circle Drill,34.00,,,0.00,0.00,Circle,A,34.00,34.00,Plated,
433,POWERVIA,Circle Drill,20.00,,,0.00,0.00,Octagon,C,20.00,20.00,Plated,
434,QUADB_LLB_PAD17_1,Circle Drill,27.00,,,0.00,0.00,Circle,A,27.00,27.00,Plated,
435,QUADB_LLB_PAD18_1,Circle Drill,27.00,,,0.00,0.00,Circle,A,27.00,27.00,Plated,
436,QUADB_LLB_PAD19_1,Circle Drill,27.00,,,0.00,0.00,Circle,A,27.00,27.00,Plated,
437,QUADB_LLB_PAD20,Circle Drill,27.00,,,0.00,0.00,Circle,A,27.00,27.00,Plated,
438,QUADB_LLB_PAD21_1,Circle Drill,27.00,,,0.00,0.00,Circle,A,27.00,27.00,Plated,
439,QUADB_LLB_PAD22_1,Circle Drill,27.00,,,0.00,0.00,Circle,A,27.00,27.00,Plated,
440,QUADB_LLB_PAD23,Circle Drill,27.00,,,0.00,0.00,Circle,A,27.00,27.00,Plated,
441,QUAD_LLB_PAD1_1,Circle Drill,27.00,,,0.00,0.00,Circle,A,27.00,27.00,Plated,
442,QUAD_LLB_PAD28_1,Circle Drill,24.00,,,0.00,0.00,Circle,A,24.00,24.00,Plated,
443,QUAD_LLB_PAD29_1,Circle Drill,24.00,,,0.00,0.00,Circle,A,24.00,24.00,Plated,
444,QUAD_LLB_PAD2_1,Circle Drill,27.00,,,0.00,0.00,Circle,A,27.00,27.00,Plated,
445,QUAD_LLB_PAD30_1,Circle Drill,24.00,,,0.00,0.00,Circle,A,24.00,24.00,Plated,
446,QUAD_LLB_PAD31_1,Circle Drill,24.00,,,0.00,0.00,Circle,A,24.00,24.00,Plated,
447,QUAD_LLB_PAD32,Circle Drill,24.00,,,0.00,0.00,Circle,A,24.00,24.00,Plated,
448,QUAD_LLB_PAD3_1,Circle Drill,27.00,,,0.00,0.00,Circle,A,27.00,27.00,Plated,
449,QUAD_LLB_PAD81,Circle Drill,27.00,,,0.00,0.00,Circle,A,27.00,27.00,Plated,
450,QUAD_LLB_PAD82,Circle Drill,27.00,,,0.00,0.00,Circle,A,27.00,27.00,Plated,
451,QUAD_LLB_PAD83_1,Circle Drill,27.00,,,0.00,0.00,Circle,A,27.00,27.00,Plated,
452,QUAD_LLB_PAD84_1,Circle Drill,27.00,,,0.00,0.00,Circle,A,27.00,27.00,Plated,
453,RD119H119-NP_2T4,Circle Drill,119.00,,,2.00,4.00,Diamond,E,119.00,119.00,Non-Plated,
454,RD125H62,Circle Drill,62.00,,,3.00,3.00,Hexagon X,R,125.00,125.00,Plated,
456,RD127H127-NP-2T4,Circle Drill,127.00,,,2.00,4.00,Diamond,M,127.00,127.00,Non-Plated,
458,RD33H33-NP_1T1,Circle Drill,33.00,,,1.00,1.00,Square,D,33.00,33.00,Non-Plated,
459,RD52H32,Circle Drill,32.00,,,3.00,3.00,Square,C,52.00,52.00,Plated,
460,RD60H36-2T4,Circle Drill,36.00,,,2.00,4.00,Square,G,60.00,60.00,Plated,
462,RD60H40,Circle Drill,40.00,,,3.00,3.00,Triangle,40,60.00,60.00,Plated,
463,RD60H40-1T3,Circle Drill,40.00,,,1.00,3.00,Square,K,60.00,60.00,Plated,
464,RD60H40-4T2,Circle Drill,40.00,,,4.00,2.00,Square,K,60.00,60.00,Plated,
466,RD63H63-NP-2T,Circle Drill,63.00,,,2.00,2.00,Hexagon Y,A,63.00,63.00,Non-Plated,
467,RD65H42-3T5,Circle Drill,42.00,,,3.00,5.00,Square,M,65.00,65.00,Plated,
468,RD65H42_L1-10,Circle Drill,42.00,,,3.00,3.00,Square,M,65.00,65.00,Plated,
469,RD72H48,Circle Drill,48.00,,,3.00,3.00,Hexagon X,D,72.00,72.00,Plated,
470,RD90H50,Circle Drill,50.00,,,3.00,3.00,Hexagon X,F,90.00,90.00,Plated,
471,RD90H50-3T5,Circle Drill,50.00,,,3.00,5.00,Hexagon X,F,90.00,90.00,Plated,
472,RELAY_LLB_PAD10_1,Circle Drill,42.00,,,0.00,0.00,Circle,A,42.00,42.00,Plated,
473,RELAY_LLB_PAD11_1,Circle Drill,31.00,,,0.00,0.00,Circle,A,31.00,31.00,Plated,
474,RELAY_LLB_PAD12_1,Circle Drill,42.00,,,0.00,0.00,Circle,A,42.00,42.00,Plated,
475,RELAY_LLB_PAD15_1,Circle Drill,58.00,,,0.00,0.00,Circle,A,58.00,58.00,Plated,
476,RELAY_LLB_PAD16_1,Circle Drill,58.00,,,0.00,0.00,Circle,A,58.00,58.00,Plated,
477,RELAY_LLB_PAD17_1,Circle Drill,58.00,,,0.00,0.00,Circle,A,58.00,58.00,Plated,
478,RELAY_LLB_PAD18_1,Circle Drill,54.00,,,0.00,0.00,Circle,A,54.00,54.00,Plated,
479,RELAY_LLB_PAD19_1,Circle Drill,50.00,,,0.00,0.00,Circle,A,50.00,50.00,Plated,
480,RELAY_LLB_PAD1_1,Circle Drill,31.00,,,0.00,0.00,Circle,A,31.00,31.00,Plated,
481,RELAY_LLB_PAD20_1,Circle Drill,46.00,,,0.00,0.00,Circle,A,46.00,46.00,Plated,
482,RELAY_LLB_PAD23_1,Circle Drill,37.00,,,0.00,0.00,Circle,A,37.00,37.00,Plated,
483,RELAY_LLB_PAD24_1,Circle Drill,71.00,,,0.00,0.00,Circle,A,71.00,71.00,Plated,
484,RELAY_LLB_PAD25_1,Circle Drill,71.00,,,0.00,0.00,Circle,A,71.00,71.00,Plated,
485,RELAY_LLB_PAD2_1,Circle Drill,46.00,,,0.00,0.00,Circle,A,46.00,46.00,Plated,
486,RELAY_LLB_PAD30_1,Circle Drill,50.00,,,0.00,0.00,Circle,A,50.00,50.00,Plated,
487,RELAY_LLB_PAD31_1,Circle Drill,50.00,,,0.00,0.00,Circle,A,50.00,50.00,Plated,
488,RELAY_LLB_PAD32_1,Circle Drill,40.00,,,0.00,0.00,Circle,A,40.00,40.00,Plated,
489,RELAY_LLB_PAD33_1,Circle Drill,40.00,,,0.00,0.00,Circle,A,40.00,40.00,Plated,
490,RELAY_LLB_PAD34_1,Circle Drill,40.00,,,0.00,0.00,Circle,A,40.00,40.00,Plated,
491,RELAY_LLB_PAD35_1,Circle Drill,40.00,,,0.00,0.00,Circle,A,40.00,40.00,Plated,
492,RELAY_LLB_PAD36_1,Circle Drill,50.00,,,0.00,0.00,Circle,A,50.00,50.00,Plated,
493,RELAY_LLB_PAD3_1,Circle Drill,46.00,,,0.00,0.00,Circle,A,46.00,46.00,Plated,
494,RELAY_LLB_PAD4_1,Circle Drill,34.00,,,0.00,0.00,Circle,A,34.00,34.00,Plated,
495,RELAY_LLB_PAD5_1,Circle Drill,34.00,,,0.00,0.00,Circle,A,34.00,34.00,Plated,
496,RELAY_LLB_PAD8_1,Circle Drill,42.00,,,0.00,0.00,Circle,A,42.00,42.00,Plated,
497,RELAY_LLB_PAD9_1,Circle Drill,42.00,,,0.00,0.00,Circle,A,42.00,42.00,Plated,
498,RF_LLB_HOLE1,Circle Drill,79.00,,,0.00,0.00,Circle,A,79.00,79.00,Plated,
499,RF_LLB_PAD1,Circle Drill,54.00,,,0.00,0.00,Circle,A,54.00,54.00,Plated,
500,RF_LLB_PAD2,Circle Drill,50.00,,,0.00,0.00,Circle,A,50.00,50.00,Plated,
501,RF_LLB_PAD3,Circle Drill,67.00,,,0.00,0.00,Circle,A,67.00,67.00,Plated,
502,RF_LLB_PAD4,Circle Drill,35.00,,,0.00,0.00,Circle,A,35.00,35.00,Plated,
503,RND1-00D1-27PNPM61,Circle Drill,50.00,,,0.00,0.00,Cross,,78.74,78.74,Plated,
504,S205H135T185_220_45,Circle Drill,53.15,,,0.00,0.00,Diamond,,55.00,55.00,Plated,
505,S55H35,Circle Drill,35.00,,,3.00,3.00,Square,35,50.00,50.00,Plated,
506,S60H40,Circle Drill,40.00,,,3.00,3.00,Triangle,40,60.00,60.00,Plated,
508,S72H48,Circle Drill,48.00,,,3.00,3.00,Hexagon X,D,72.00,72.00,Plated,
509,S75H40,Circle Drill,40.00,,,3.00,3.00,Hexagon X,40,60.00,60.00,Plated,
511,SBUS_LLB_HOLE1,Circle Drill,62.00,,,0.00,0.00,Circle,A,62.00,62.00,Plated,
512,SBUS_LLB_PAD1,Circle Drill,28.00,,,0.00,0.00,Circle,A,28.00,28.00,Plated,
513,SBUS_LLB_PAD2,Circle Drill,31.00,,,0.00,0.00,Circle,A,31.00,31.00,Plated,
514,SBUS_LLB_PAD3,Circle Drill,28.00,,,0.00,0.00,Circle,A,28.00,28.00,Plated,
515,SBUS_LLB_PAD4_1,Circle Drill,28.00,,,0.00,0.00,Circle,A,28.00,28.00,Plated,
516,SBUS_LLB_PAD5_1,Circle Drill,31.00,,,0.00,0.00,Circle,A,31.00,31.00,Plated,
517,SBUS_LLB_PAD6_1,Circle Drill,28.00,,,0.00,0.00,Circle,A,28.00,28.00,Plated,
518,SIG2-GNDB,Circle Drill,10.00,,,0.00,0.00,Circle,+,50.00,50.00,Plated,
519,SIG2-VM_LOW,Circle Drill,10.00,,,0.00,0.00,Cross,v,12.00,12.00,Plated,
520,SIG3-BOTTOM,Circle Drill,10.00,,,0.00,0.00,Cross,v,12.00,12.00,Plated,
521,SIG3-GNDC,Circle Drill,10.00,,,0.00,0.00,Cross,v,12.00,12.00,Plated,
522,SIG3-SIG4,Circle Drill,10.00,,,0.00,0.00,Cross,v,12.00,12.00,Plated,
523,SIG3-VP12,Circle Drill,10.00,,,0.00,0.00,Cross,v,12.00,12.00,Plated,
524,SIG3_BOT_60VIA20_NO_THERMAL,Circle Drill,20.00,,,0.00,0.00,Octagon,K,30.00,30.00,Plated,
525,SIG5-SIG6,Circle Drill,10.00,,,0.00,0.00,Cross,v,12.01,12.01,Plated,
526,SIG5_BOT_65VIA32,Circle Drill,32.00,,,0.00,0.00,Octagon,K,30.00,30.00,Plated,
527,SIMM050F_LLB_HOLE1,Circle Drill,125.00,,,0.00,0.00,Circle,A,125.00,125.00,Plated,
528,SIMM050T_LLB_HOLE1,Circle Drill,80.00,,,0.00,0.00,Circle,A,80.00,80.00,Plated,
529,SIMM050T_LLB_HOLE2,Circle Drill,96.00,,,0.00,0.00,Circle,A,96.00,96.00,Plated,
530,SIMM050T_LLB_HOLE3,Circle Drill,62.00,,,0.00,0.00,Circle,A,62.00,62.00,Plated,
531,SIMM050T_LLB_HOLE4,Circle Drill,95.00,,,0.00,0.00,Circle,A,95.00,95.00,Plated,
532,SIMM050T_LLB_PAD1,Circle Drill,40.00,,,0.00,0.00,Circle,A,40.00,40.00,Plated,
533,SIMM050T_LLB_PAD2,Circle Drill,40.00,,,0.00,0.00,Circle,A,40.00,40.00,Plated,
534,SIMM050T_LLB_PAD3,Circle Drill,40.00,,,0.00,0.00,Circle,A,40.00,40.00,Plated,
535,SIMM050T_LLB_PAD3_1,Circle Drill,40.00,,,0.00,0.00,Circle,A,40.00,40.00,Plated,
536,SIMM050T_LLB_PAD4,Circle Drill,40.00,,,0.00,0.00,Circle,A,40.00,40.00,Plated,
537,SIMM050T_LLB_PAD4_1,Circle Drill,40.00,,,0.00,0.00,Circle,A,40.00,40.00,Plated,
538,SIMM100F_LLB_HOLE1,Circle Drill,125.00,,,0.00,0.00,Circle,A,125.00,125.00,Plated,
539,SIMM100T_LLB_HOLE1,Circle Drill,62.00,,,0.00,0.00,Circle,A,62.00,62.00,Plated,
540,SIMM100T_LLB_HOLE2,Circle Drill,95.00,,,0.00,0.00,Circle,A,95.00,95.00,Plated,
541,SIMM100T_LLB_HOLE3,Circle Drill,64.00,,,0.00,0.00,Circle,A,64.00,64.00,Plated,
542,SIMM100T_LLB_HOLE4,Circle Drill,93.00,,,0.00,0.00,Circle,A,93.00,93.00,Plated,
543,SIMM100T_LLB_PAD1,Circle Drill,40.00,,,0.00,0.00,Circle,A,40.00,40.00,Plated,
544,SIMM100T_LLB_PAD2,Circle Drill,40.00,,,0.00,0.00,Circle,A,40.00,40.00,Plated,
545,SIP_LIB_PAD1,Circle Drill,34.00,,,0.00,0.00,Circle,A,34.00,34.00,Plated,
546,SIP_LIB_PAD2,Circle Drill,34.00,,,0.00,0.00,Circle,A,34.00,34.00,Plated,
547,SIP_LLB_PAD1,Circle Drill,34.00,,,0.00,0.00,Circle,A,34.00,34.00,Plated,
548,SIP_LLB_PAD2,Circle Drill,34.00,,,0.00,0.00,Circle,A,34.00,34.00,Plated,
549,SLOT_24X95,Oval Slot,24.00,95.00,,3.00,3.00,Oblong Y,R,24.00,95.00,Plated,
550,SLOT_95X24,Oval Slot,95.00,24.00,,3.00,3.00,Oblong X,R,95.00,24.00,Plated,
551,SMD138_138_THERM,Circle Drill,12.00,,,0.00,0.00,,,0.00,0.00,Plated,
552,SMD181_SQ,Circle Drill,14.00,,,0.00,0.00,Diamond,,0.00,0.00,Plated,
553,SMD55_55_THERM,Circle Drill,12.00,,,0.00,0.00,,,0.00,0.00,Plated,
554,SMD65SQ_10DRILL,Circle Drill,10.00,,,0.00,0.00,,,0.00,0.00,Plated,
555,SMD6P2X3,Circle Drill,20.00,,,0.00,0.00,,,0.00,0.00,Plated,
556,SMD6P3MM_SQ,Circle Drill,20.00,,,0.00,0.00,,,0.00,0.00,Plated,
557,SMDMM_1P75_SQ_DRILL,Circle Drill,14.00,,,0.00,0.00,Hexagon X,,0.00,0.00,Plated,
558,SMDMM_1P75_SQ_DRILL_B,Circle Drill,12.00,,,0.00,0.00,Hexagon X,,0.00,0.00,Plated,
559,SMDMM_1P75_SQ_DRILL_SINGLELAYER,Circle Drill,10.00,,,0.00,0.00,,,0.00,0.00,Plated,
560,SMDMM_2P10_SQ,Circle Drill,14.00,,,0.00,0.00,,,0.00,0.00,Plated,
561,SMDMM_2P6_2P6_THERM_H,Circle Drill,14.02,,,0.00,0.00,,,0.00,0.00,Plated,
562,SMDMM_2P7_2P7_THERM_H,Circle Drill,12.00,,,0.00,0.00,,,0.00,0.00,Plated,
563,SMDMM_2P7_2P7_THERM_H2,Circle Drill,12.00,,,0.00,0.00,Hexagon X,,0.00,0.00,Plated,
564,SMDMM_3P10_SQ,Circle Drill,14.00,,,0.00,0.00,,,0.00,0.00,Plated,
565,SMTPAD_THERMAL358SQ,Circle Drill,12.00,,,0.00,0.00,,E,0.00,0.00,Plated,
566,SOJ_LLB_HOLE1,Circle Drill,55.00,,,0.00,0.00,Circle,A,55.00,55.00,Plated,
567,SQ52H32,Circle Drill,32.00,,,3.00,3.00,Square,C,52.00,52.00,Plated,
568,SQ55,Circle Drill,36.00,,,0.00,0.00,Diamond,A,50.00,50.00,Plated,
569,SQ60,Circle Drill,36.00,,,0.00,0.00,Diamond,A,50.00,50.00,Plated,
570,SQ60H36-2T4,Circle Drill,36.00,,,2.00,4.00,Square,G,60.00,60.00,Plated,
572,SQ60H40,Circle Drill,40.00,,,3.00,3.00,Triangle,40,60.00,60.00,Plated,
573,SQ60H40-1T3,Circle Drill,40.00,,,1.00,3.00,Square,K,60.00,60.00,Plated,
574,SQ65H42-3T5,Circle Drill,42.00,,,3.00,5.00,Square,M,65.00,65.00,Plated,
575,SQ72H48,Circle Drill,48.00,,,3.00,3.00,Hexagon X,D,72.00,72.00,Plated,
576,SQ90H50,Circle Drill,50.00,,,3.00,3.00,Hexagon X,F,90.00,90.00,Plated,
577,SS098EL_MDRILL,Circle Drill,10.00,,,0.00,0.00,,,0.00,0.00,Plated,
578,SS098_MDRILL,Circle Drill,10.00,,,0.00,0.00,,,0.00,0.00,Plated,
579,SS124,Circle Drill,10.00,,,0.00,0.00,Diamond,,0.00,0.00,Plated,
580,STANDARDVIA,Circle Drill,12.00,,,0.00,0.00,Hexagon X,B,20.00,20.00,Plated,
581,SVIA-10,Circle Drill,10.00,,,0.00,0.00,Cross,,10.00,10.00,Plated,
582,T1_1,Circle Drill,38.00,,,0.00,0.00,Circle,A,38.00,38.00,Plated,
583,T3_1,Circle Drill,38.00,,,0.00,0.00,Circle,A,38.00,38.00,Plated,
584,T4_1,Circle Drill,38.00,,,0.00,0.00,Circle,A,38.00,38.00,Plated,
585,TELE_LLB_HOLE1,Circle Drill,128.00,,,0.00,0.00,Circle,A,128.00,128.00,Plated,
586,TELE_LLB_PAD1,Circle Drill,34.00,,,0.00,0.00,Circle,A,34.00,34.00,Plated,
587,TELE_LLB_PAD2,Circle Drill,34.00,,,0.00,0.00,Circle,A,34.00,34.00,Plated,
588,THERM_MM_1P7_2P44,Circle Drill,14.00,,,0.00,0.00,,,0.00,0.00,Plated,
589,THERM_MM_1P7_3P3,Circle Drill,14.00,,,0.00,0.00,,,0.00,0.00,Plated,
590,THERM_PAD5,Circle Drill,12.00,,,0.00,0.00,Circle,,16.00,16.00,Plated,
591,THIN-121P91D,Circle Drill,91.00,,,3.00,3.00,Hexagon Y,,91.00,91.00,Plated,
592,THIN-62P42D,Circle Drill,42.00,,,3.00,3.00,Hexagon Y,,42.00,42.00,Plated,
593,THIN-66P36D,Circle Drill,36.00,,,3.00,3.00,Hexagon Y,,36.00,36.00,Plated,
594,THIN-66P_SQ36D,Circle Drill,36.00,,,3.00,3.00,Hexagon Y,,36.00,36.00,Plated,
595,THIN118NP,Circle Drill,118.00,,,2.00,2.00,Triangle,,118.00,118.00,Non-Plated,
596,THIN85R55D,Circle Drill,55.00,,,3.00,3.00,Hexagon Y,,55.00,55.00,Plated,
597,THIN85SQ55D,Circle Drill,55.00,,,3.00,3.00,Hexagon Y,,55.00,55.00,Plated,
598,THMM-140P90D,Circle Drill,35.43,,,0.00,0.00,Cross,,78.74,78.74,Plated,
599,THMM-140P_SQ90D,Circle Drill,35.43,,,0.00,0.00,Cross,,78.74,78.74,Plated,
600,THMM_205P135D,Circle Drill,53.15,,,0.00,0.00,Diamond,,55.00,55.00,Plated,
601,THRU023,Circle Drill,23.00,,,2.00,2.00,,,0.00,0.00,Plated,
602,TH_1_00D_1_65P,Circle Drill,39.37,,,0.00,0.00,Cross,,78.74,78.74,Plated,
603,TH_MM_0_90D_1_28P,Circle Drill,35.43,,,0.00,0.00,Cross,,78.74,78.74,Plated,
604,TH_MM_0_90D_SQ1_28P,Circle Drill,35.43,,,0.00,0.00,Cross,,78.74,78.74,Plated,
605,TH_MM_1_07D_1_45P,Circle Drill,42.13,,,0.00,0.00,Cross,,78.74,78.74,Plated,
606,TH_MM_1_07D_SQ1_45P,Circle Drill,42.13,,,0.00,0.00,Cross,,78.74,78.74,Plated,
607,TH_MM_1_20D_2_00P,Circle Drill,47.24,,,0.00,0.00,Cross,,78.74,78.74,Plated,
608,TH_MM_1_20D_SQ2_00P,Circle Drill,47.24,,,0.00,0.00,Cross,,78.74,78.74,Plated,
609,TH_MM_1_40D_1_78P,Circle Drill,55.12,,,0.00,0.00,Cross,,78.74,78.74,Plated,
610,TH_MM_1_40D_SQ1_78P,Circle Drill,55.12,,,0.00,0.00,Cross,,78.74,78.74,Plated,
611,TM_035H_055P_RND,Circle Drill,34.00,,,0.00,0.00,Circle,A,34.00,34.00,Plated,
612,TM_035H_055P_SQ,Circle Drill,34.00,,,0.00,0.00,Circle,A,34.00,34.00,Plated,
613,TM_091H_112P_RND,Circle Drill,91.00,,,0.00,0.00,Circle,A,91.00,91.00,Plated,
614,TM_AXIAL_LLB_PAD1,Circle Drill,34.00,,,0.00,0.00,Circle,A,34.00,34.00,Plated,
615,TM_AXIAL_LLB_PAD2,Circle Drill,28.00,,,0.00,0.00,Circle,A,28.00,28.00,Plated,
616,TM_AXIAL_LLB_PAD3,Circle Drill,31.00,,,0.00,0.00,Circle,A,31.00,31.00,Plated,
617,TM_AXIAL_LLB_PAD5,Circle Drill,40.00,,,0.00,0.00,Circle,A,40.00,40.00,Plated,
618,TM_AXIAL_LLB_PAD6,Circle Drill,42.00,,,0.00,0.00,Circle,A,42.00,42.00,Plated,
619,TM_AXIAL_LLB_PAD7,Circle Drill,58.00,,,0.00,0.00,Circle,A,58.00,58.00,Plated,
620,TM_AXIAL_LLB_PAD8,Circle Drill,50.00,,,0.00,0.00,Circle,A,50.00,50.00,Plated,
621,TM_AXIAL_LLB_PAD9,Circle Drill,46.00,,,0.00,0.00,Circle,A,46.00,46.00,Plated,
622,TM_CAP_P_LLB_PAD1,Circle Drill,34.00,,,0.00,0.00,Circle,A,34.00,34.00,Plated,
623,TM_CAP_P_LLB_PAD10,Circle Drill,40.00,,,0.00,0.00,Circle,A,40.00,40.00,Plated,
624,TM_CAP_P_LLB_PAD2,Circle Drill,34.00,,,0.00,0.00,Circle,A,34.00,34.00,Plated,
625,TM_CAP_P_LLB_PAD2_1,Circle Drill,37.00,,,0.00,0.00,Circle,A,37.00,37.00,Plated,
626,TM_CAP_P_LLB_PAD3,Circle Drill,31.00,,,0.00,0.00,Circle,A,31.00,31.00,Plated,
627,TM_CAP_P_LLB_PAD4,Circle Drill,31.00,,,0.00,0.00,Circle,A,31.00,31.00,Plated,
628,TM_CAP_P_LLB_PAD5,Circle Drill,37.00,,,0.00,0.00,Circle,A,37.00,37.00,Plated,
629,TM_CAP_P_LLB_PAD7,Circle Drill,50.00,,,0.00,0.00,Circle,A,50.00,50.00,Plated,
630,TM_CAP_P_LLB_PAD8,Circle Drill,50.00,,,0.00,0.00,Circle,A,50.00,50.00,Plated,
631,TM_CAP_P_LLB_PAD9,Circle Drill,40.00,,,0.00,0.00,Circle,A,40.00,40.00,Plated,
632,TM_CYLND_LLB_PAD1,Circle Drill,34.00,,,0.00,0.00,Circle,A,34.00,34.00,Plated,
633,TM_CYLND_LLB_PAD2,Circle Drill,34.00,,,0.00,0.00,Circle,A,34.00,34.00,Plated,
634,TM_CYLND_LLB_PAD3,Circle Drill,31.00,,,0.00,0.00,Circle,A,31.00,31.00,Plated,
635,TM_CYLND_LLB_PAD4,Circle Drill,31.00,,,0.00,0.00,Circle,A,31.00,31.00,Plated,
636,TM_CYLND_LLB_PAD5,Circle Drill,37.00,,,0.00,0.00,Circle,A,37.00,37.00,Plated,
637,TM_CYLND_LLB_PAD7,Circle Drill,40.00,,,0.00,0.00,Circle,A,40.00,40.00,Plated,
638,TM_CYLND_LLB_PAD8,Circle Drill,40.00,,,0.00,0.00,Circle,A,40.00,40.00,Plated,
639,TM_DIODE_LLB_PAD1,Circle Drill,42.00,,,0.00,0.00,Circle,A,42.00,42.00,Plated,
640,TM_DIODE_LLB_PAD10,Circle Drill,28.00,,,0.00,0.00,Circle,A,28.00,28.00,Plated,
641,TM_DIODE_LLB_PAD11,Circle Drill,40.00,,,0.00,0.00,Circle,A,40.00,40.00,Plated,
642,TM_DIODE_LLB_PAD11_1,Circle Drill,40.00,,,0.00,0.00,Circle,A,40.00,40.00,Plated,
643,TM_DIODE_LLB_PAD12,Circle Drill,40.00,,,0.00,0.00,Circle,A,40.00,40.00,Plated,
644,TM_DIODE_LLB_PAD12_1,Circle Drill,40.00,,,0.00,0.00,Circle,A,40.00,40.00,Plated,
645,TM_DIODE_LLB_PAD13,Circle Drill,34.00,,,0.00,0.00,Circle,A,34.00,34.00,Plated,
646,TM_DIODE_LLB_PAD14,Circle Drill,34.00,,,0.00,0.00,Circle,A,34.00,34.00,Plated,
647,TM_DIODE_LLB_PAD15_1,Circle Drill,42.00,,,0.00,0.00,Circle,A,42.00,42.00,Plated,
648,TM_DIODE_LLB_PAD16_1,Circle Drill,42.00,,,0.00,0.00,Circle,A,42.00,42.00,Plated,
649,TM_DIODE_LLB_PAD17,Circle Drill,46.00,,,0.00,0.00,Circle,A,46.00,46.00,Plated,
650,TM_DIODE_LLB_PAD18,Circle Drill,46.00,,,0.00,0.00,Circle,A,46.00,46.00,Plated,
651,TM_DIODE_LLB_PAD19_1,Circle Drill,46.00,,,0.00,0.00,Circle,A,46.00,46.00,Plated,
652,TM_DIODE_LLB_PAD2,Circle Drill,42.00,,,0.00,0.00,Circle,A,42.00,42.00,Plated,
653,TM_DIODE_LLB_PAD20_1,Circle Drill,46.00,,,0.00,0.00,Circle,A,46.00,46.00,Plated,
654,TM_DIODE_LLB_PAD21,Circle Drill,50.00,,,0.00,0.00,Circle,A,50.00,50.00,Plated,
655,TM_DIODE_LLB_PAD22,Circle Drill,50.00,,,0.00,0.00,Circle,A,50.00,50.00,Plated,
656,TM_DIODE_LLB_PAD23,Circle Drill,62.00,,,0.00,0.00,Circle,A,62.00,62.00,Plated,
657,TM_DIODE_LLB_PAD24,Circle Drill,62.00,,,0.00,0.00,Circle,A,62.00,62.00,Plated,
658,TM_DIODE_LLB_PAD25,Circle Drill,67.00,,,0.00,0.00,Circle,A,67.00,67.00,Plated,
659,TM_DIODE_LLB_PAD26,Circle Drill,67.00,,,0.00,0.00,Circle,A,67.00,67.00,Plated,
660,TM_DIODE_LLB_PAD27_1,Circle Drill,50.00,,,0.00,0.00,Circle,A,50.00,50.00,Plated,
661,TM_DIODE_LLB_PAD28_1,Circle Drill,50.00,,,0.00,0.00,Circle,A,50.00,50.00,Plated,
662,TM_DIODE_LLB_PAD29,Circle Drill,28.00,,,0.00,0.00,Circle,A,28.00,28.00,Plated,
663,TM_DIODE_LLB_PAD29_1,Circle Drill,28.00,,,0.00,0.00,Circle,A,28.00,28.00,Plated,
664,TM_DIODE_LLB_PAD3,Circle Drill,31.00,,,0.00,0.00,Circle,A,31.00,31.00,Plated,
665,TM_DIODE_LLB_PAD30,Circle Drill,28.00,,,0.00,0.00,Circle,A,28.00,28.00,Plated,
666,TM_DIODE_LLB_PAD30_1,Circle Drill,28.00,,,0.00,0.00,Circle,A,28.00,28.00,Plated,
667,TM_DIODE_LLB_PAD31,Circle Drill,42.00,,,0.00,0.00,Circle,A,42.00,42.00,Plated,
668,TM_DIODE_LLB_PAD32,Circle Drill,42.00,,,0.00,0.00,Circle,A,42.00,42.00,Plated,
669,TM_DIODE_LLB_PAD33,Circle Drill,64.00,,,0.00,0.00,Circle,A,64.00,64.00,Plated,
670,TM_DIODE_LLB_PAD34,Circle Drill,64.00,,,0.00,0.00,Circle,A,64.00,64.00,Plated,
671,TM_DIODE_LLB_PAD35,Circle Drill,61.00,,,0.00,0.00,Circle,A,61.00,61.00,Plated,
672,TM_DIODE_LLB_PAD36,Circle Drill,61.00,,,0.00,0.00,Circle,A,61.00,61.00,Plated,
673,TM_DIODE_LLB_PAD39,Circle Drill,52.00,,,0.00,0.00,Circle,A,52.00,52.00,Plated,
674,TM_DIODE_LLB_PAD4,Circle Drill,31.00,,,0.00,0.00,Circle,A,31.00,31.00,Plated,
675,TM_DIODE_LLB_PAD40,Circle Drill,52.00,,,0.00,0.00,Circle,A,52.00,52.00,Plated,
676,TM_DIODE_LLB_PAD5_1,Circle Drill,31.00,,,0.00,0.00,Circle,A,31.00,31.00,Plated,
677,TM_DIODE_LLB_PAD6_1,Circle Drill,31.00,,,0.00,0.00,Circle,A,31.00,31.00,Plated,
678,TM_DIODE_LLB_PAD7_1,Circle Drill,34.00,,,0.00,0.00,Circle,A,34.00,34.00,Plated,
679,TM_DIODE_LLB_PAD8_1,Circle Drill,34.00,,,0.00,0.00,Circle,A,34.00,34.00,Plated,
680,TM_DIODE_LLB_PAD9,Circle Drill,28.00,,,0.00,0.00,Circle,A,28.00,28.00,Plated,
681,TM_DISC_LLB_PAD1,Circle Drill,34.00,,,0.00,0.00,Circle,A,34.00,34.00,Plated,
682,TM_DISC_LLB_PAD2,Circle Drill,42.00,,,0.00,0.00,Circle,A,42.00,42.00,Plated,
683,TM_DISC_LLB_PAD3,Circle Drill,31.00,,,0.00,0.00,Circle,A,31.00,31.00,Plated,
684,TM_DISC_LLB_PAD5,Circle Drill,40.00,,,0.00,0.00,Circle,A,40.00,40.00,Plated,
685,TM_RAD_LLB_PAD1,Circle Drill,34.00,,,0.00,0.00,Circle,A,34.00,34.00,Plated,
686,TM_RAD_LLB_PAD2,Circle Drill,31.00,,,0.00,0.00,Circle,A,31.00,31.00,Plated,
687,TM_RAD_LLB_PAD3,Circle Drill,40.00,,,0.00,0.00,Circle,A,40.00,40.00,Plated,
688,TOP-SIG2,Circle Drill,10.00,,,0.00,0.00,Cross,v,12.00,12.00,Plated,
689,TOP-SIG2_VIA26,Circle Drill,12.01,,,0.00,0.00,,,40.00,40.00,Plated,
690,TOP-VM_LOW,Circle Drill,10.00,,,0.00,0.00,Cross,v,12.00,12.00,Plated,
691,TOP-VM_LOW_30VIA14,Circle Drill,14.00,,,0.00,0.00,Cross,v,12.00,12.00,Plated,
692,TOP-VP12,Circle Drill,10.00,,,0.00,0.00,Cross,v,12.00,12.00,Plated,
693,TOP_SIG4_60VIA20_NO_THERMAL,Circle Drill,20.00,,,0.00,0.00,Octagon,K,30.00,30.00,Plated,
694,TOP_VMLOW_60VIA20_NO_THERMAL,Circle Drill,20.00,,,0.00,0.00,Octagon,K,30.00,30.00,Plated,
695,TOP_VMLOW_60VIA35_NO_THERMAL,Circle Drill,35.00,,,0.00,0.00,Octagon,K,30.00,30.00,Plated,
696,TO_LLB_HOLE1_1,Circle Drill,161.00,,,0.00,0.00,Circle,A,161.00,161.00,Plated,
697,TO_LLB_HOLE2_1,Circle Drill,130.00,,,0.00,0.00,Circle,A,130.00,130.00,Plated,
698,TO_LLB_HOLE3,Circle Drill,152.00,,,0.00,0.00,Circle,A,152.00,152.00,Plated,
699,TO_LLB_HOLE3_1,Circle Drill,152.00,,,0.00,0.00,Circle,A,152.00,152.00,Plated,
700,TO_LLB_HOLE4_1,Circle Drill,167.00,,,0.00,0.00,Circle,A,167.00,167.00,Plated,
701,TO_LLB_HOLE5_1,Circle Drill,147.00,,,0.00,0.00,Circle,A,147.00,147.00,Plated,
702,TO_LLB_PAD10_1,Circle Drill,45.00,,,0.00,0.00,Circle,A,45.00,45.00,Plated,
703,TO_LLB_PAD11_1,Circle Drill,31.00,,,0.00,0.00,Circle,A,31.00,31.00,Plated,
704,TO_LLB_PAD12_1,Circle Drill,31.00,,,0.00,0.00,Circle,A,31.00,31.00,Plated,
705,TO_LLB_PAD13_1,Circle Drill,31.00,,,0.00,0.00,Circle,A,31.00,31.00,Plated,
706,TO_LLB_PAD14_1,Circle Drill,31.00,,,0.00,0.00,Circle,A,31.00,31.00,Plated,
707,TO_LLB_PAD15_1,Circle Drill,31.00,,,0.00,0.00,Circle,A,31.00,31.00,Plated,
708,TO_LLB_PAD16_1,Circle Drill,31.00,,,0.00,0.00,Circle,A,31.00,31.00,Plated,
709,TO_LLB_PAD17_1,Circle Drill,31.00,,,0.00,0.00,Circle,A,31.00,31.00,Plated,
710,TO_LLB_PAD18_1,Circle Drill,31.00,,,0.00,0.00,Circle,A,31.00,31.00,Plated,
711,TO_LLB_PAD19_1,Circle Drill,31.00,,,0.00,0.00,Circle,A,31.00,31.00,Plated,
712,TO_LLB_PAD1_1,Circle Drill,54.00,,,0.00,0.00,Circle,A,54.00,54.00,Plated,
713,TO_LLB_PAD20_1,Circle Drill,31.00,,,0.00,0.00,Circle,A,31.00,31.00,Plated,
714,TO_LLB_PAD21_1,Circle Drill,31.00,,,0.00,0.00,Circle,A,31.00,31.00,Plated,
715,TO_LLB_PAD22_1,Circle Drill,31.00,,,0.00,0.00,Circle,A,31.00,31.00,Plated,
716,TO_LLB_PAD23_1,Circle Drill,31.00,,,0.00,0.00,Circle,A,31.00,31.00,Plated,
717,TO_LLB_PAD24_1,Circle Drill,31.00,,,0.00,0.00,Circle,A,31.00,31.00,Plated,
718,TO_LLB_PAD25_1,Circle Drill,31.00,,,0.00,0.00,Circle,A,31.00,31.00,Plated,
719,TO_LLB_PAD26,Circle Drill,31.00,,,0.00,0.00,Circle,A,31.00,31.00,Plated,
720,TO_LLB_PAD27_1,Circle Drill,31.00,,,0.00,0.00,Circle,A,31.00,31.00,Plated,
721,TO_LLB_PAD28_1,Circle Drill,31.00,,,0.00,0.00,Circle,A,31.00,31.00,Plated,
722,TO_LLB_PAD29_1,Circle Drill,31.00,,,0.00,0.00,Circle,A,31.00,31.00,Plated,
723,TO_LLB_PAD2_1,Circle Drill,54.00,,,0.00,0.00,Circle,A,54.00,54.00,Plated,
724,TO_LLB_PAD30_1,Circle Drill,31.00,,,0.00,0.00,Circle,A,31.00,31.00,Plated,
725,TO_LLB_PAD31_1,Circle Drill,31.00,,,0.00,0.00,Circle,A,31.00,31.00,Plated,
726,TO_LLB_PAD32_1,Circle Drill,31.00,,,0.00,0.00,Circle,A,31.00,31.00,Plated,
727,TO_LLB_PAD33_1,Circle Drill,31.00,,,0.00,0.00,Circle,A,31.00,31.00,Plated,
728,TO_LLB_PAD34_1,Circle Drill,31.00,,,0.00,0.00,Circle,A,31.00,31.00,Plated,
729,TO_LLB_PAD35_1,Circle Drill,31.00,,,0.00,0.00,Circle,A,31.00,31.00,Plated,
730,TO_LLB_PAD36_1,Circle Drill,31.00,,,0.00,0.00,Circle,A,31.00,31.00,Plated,
731,TO_LLB_PAD37_1,Circle Drill,31.00,,,0.00,0.00,Circle,A,31.00,31.00,Plated,
732,TO_LLB_PAD38_1,Circle Drill,31.00,,,0.00,0.00,Circle,A,31.00,31.00,Plated,
733,TO_LLB_PAD39_1,Circle Drill,31.00,,,0.00,0.00,Circle,A,31.00,31.00,Plated,
734,TO_LLB_PAD3_1,Circle Drill,31.00,,,0.00,0.00,Circle,A,31.00,31.00,Plated,
735,TO_LLB_PAD4,Circle Drill,31.00,,,0.00,0.00,Circle,A,31.00,31.00,Plated,
736,TO_LLB_PAD40_1,Circle Drill,31.00,,,0.00,0.00,Circle,A,31.00,31.00,Plated,
737,TO_LLB_PAD41_1,Circle Drill,31.00,,,0.00,0.00,Circle,A,31.00,31.00,Plated,
738,TO_LLB_PAD42_1,Circle Drill,31.00,,,0.00,0.00,Circle,A,31.00,31.00,Plated,
739,TO_LLB_PAD43_1,Circle Drill,31.00,,,0.00,0.00,Circle,A,31.00,31.00,Plated,
740,TO_LLB_PAD44,Circle Drill,31.00,,,0.00,0.00,Circle,A,31.00,31.00,Plated,
741,TO_LLB_PAD45_1,Circle Drill,31.00,,,0.00,0.00,Circle,A,31.00,31.00,Plated,
742,TO_LLB_PAD46_1,Circle Drill,31.00,,,0.00,0.00,Circle,A,31.00,31.00,Plated,
743,TO_LLB_PAD47_1,Circle Drill,31.00,,,0.00,0.00,Circle,A,31.00,31.00,Plated,
744,TO_LLB_PAD48,Circle Drill,54.00,,,0.00,0.00,Circle,A,54.00,54.00,Plated,
745,TO_LLB_PAD49,Circle Drill,54.00,,,0.00,0.00,Circle,A,54.00,54.00,Plated,
746,TO_LLB_PAD4_1,Circle Drill,31.00,,,0.00,0.00,Circle,A,31.00,31.00,Plated,
747,TO_LLB_PAD5,Circle Drill,31.00,,,0.00,0.00,Circle,A,31.00,31.00,Plated,
748,TO_LLB_PAD50_1,Circle Drill,50.00,,,0.00,0.00,Circle,A,50.00,50.00,Plated,
749,TO_LLB_PAD51_1,Circle Drill,50.00,,,0.00,0.00,Circle,A,50.00,50.00,Plated,
750,TO_LLB_PAD52_1,Circle Drill,67.00,,,0.00,0.00,Circle,A,67.00,67.00,Plated,
751,TO_LLB_PAD53_1,Circle Drill,67.00,,,0.00,0.00,Circle,A,67.00,67.00,Plated,
752,TO_LLB_PAD54,Circle Drill,45.00,,,0.00,0.00,Circle,A,45.00,45.00,Plated,
753,TO_LLB_PAD55,Circle Drill,45.00,,,0.00,0.00,Circle,A,45.00,45.00,Plated,
754,TO_LLB_PAD56_1,Circle Drill,71.00,,,0.00,0.00,Circle,A,71.00,71.00,Plated,
755,TO_LLB_PAD57_1,Circle Drill,71.00,,,0.00,0.00,Circle,A,71.00,71.00,Plated,
756,TO_LLB_PAD58,Circle Drill,79.00,,,0.00,0.00,Circle,A,79.00,79.00,Plated,
757,TO_LLB_PAD59,Circle Drill,79.00,,,0.00,0.00,Circle,A,79.00,79.00,Plated,
758,TO_LLB_PAD5_1,Circle Drill,31.00,,,0.00,0.00,Circle,A,31.00,31.00,Plated,
759,TO_LLB_PAD6,Circle Drill,31.00,,,0.00,0.00,Circle,A,31.00,31.00,Plated,
760,TO_LLB_PAD60,Circle Drill,67.00,,,0.00,0.00,Circle,A,67.00,67.00,Plated,
761,TO_LLB_PAD61,Circle Drill,67.00,,,0.00,0.00,Circle,A,67.00,67.00,Plated,
762,TO_LLB_PAD62_1,Circle Drill,67.00,,,0.00,0.00,Circle,A,67.00,67.00,Plated,
763,TO_LLB_PAD63_1,Circle Drill,67.00,,,0.00,0.00,Circle,A,67.00,67.00,Plated,
764,TO_LLB_PAD64,Circle Drill,50.00,,,0.00,0.00,Circle,A,50.00,50.00,Plated,
765,TO_LLB_PAD65,Circle Drill,50.00,,,0.00,0.00,Circle,A,50.00,50.00,Plated,
766,TO_LLB_PAD66_1,Circle Drill,54.00,,,0.00,0.00,Circle,A,54.00,54.00,Plated,
767,TO_LLB_PAD67_1,Circle Drill,54.00,,,0.00,0.00,Circle,A,54.00,54.00,Plated,
768,TO_LLB_PAD68,Circle Drill,71.00,,,0.00,0.00,Circle,A,71.00,71.00,Plated,
769,TO_LLB_PAD69,Circle Drill,71.00,,,0.00,0.00,Circle,A,71.00,71.00,Plated,
770,TO_LLB_PAD7,Circle Drill,31.00,,,0.00,0.00,Circle,A,31.00,31.00,Plated,
771,TO_LLB_PAD70,Circle Drill,37.00,,,0.00,0.00,Circle,A,37.00,37.00,Plated,
772,TO_LLB_PAD71,Circle Drill,37.00,,,0.00,0.00,Circle,A,37.00,37.00,Plated,
773,TO_LLB_PAD72_1,Circle Drill,37.00,,,0.00,0.00,Circle,A,37.00,37.00,Plated,
774,TO_LLB_PAD73_1,Circle Drill,37.00,,,0.00,0.00,Circle,A,37.00,37.00,Plated,
775,TO_LLB_PAD74_1,Circle Drill,37.00,,,0.00,0.00,Circle,A,37.00,37.00,Plated,
776,TO_LLB_PAD75,Circle Drill,31.00,,,0.00,0.00,Circle,A,31.00,31.00,Plated,
777,TO_LLB_PAD76,Circle Drill,31.00,,,0.00,0.00,Circle,A,31.00,31.00,Plated,
778,TO_LLB_PAD77,Circle Drill,75.00,,,0.00,0.00,Circle,A,75.00,75.00,Plated,
779,TO_LLB_PAD78,Circle Drill,75.00,,,0.00,0.00,Circle,A,75.00,75.00,Plated,
780,TO_LLB_PAD7_1,Circle Drill,31.00,,,0.00,0.00,Circle,A,31.00,31.00,Plated,
781,TO_LLB_PAD8_1,Circle Drill,31.00,,,0.00,0.00,Circle,A,31.00,31.00,Plated,
782,TO_LLB_PAD93_1,Circle Drill,54.00,,,0.00,0.00,Circle,A,54.00,54.00,Plated,
783,TO_LLB_PAD94_1,Circle Drill,54.00,,,0.00,0.00,Circle,A,54.00,54.00,Plated,
784,TO_LLB_PAD95_1,Circle Drill,54.00,,,0.00,0.00,Circle,A,54.00,54.00,Plated,
785,TO_LLB_PAD96_1,Circle Drill,54.00,,,0.00,0.00,Circle,A,54.00,54.00,Plated,
786,TO_LLB_PAD97_1,Circle Drill,54.00,,,0.00,0.00,Circle,A,54.00,54.00,Plated,
787,TO_LLB_PAD98_1,Circle Drill,54.00,,,0.00,0.00,Circle,A,54.00,54.00,Plated,
788,TO_LLB_PAD99_1,Circle Drill,54.00,,,0.00,0.00,Circle,A,54.00,54.00,Plated,
789,TO_LLB_PAD9_1,Circle Drill,45.00,,,0.00,0.00,Circle,A,45.00,45.00,Plated,
790,TP-30B-20R10,Circle Drill,10.00,,,0.00,10.00,Cross,C,20.00,20.00,Plated,
791,TP-32B-24R12,Circle Drill,12.00,,,0.00,12.00,Cross,D,24.00,24.00,Plated,
792,TRND0-50P220M220,Circle Drill,35.43,,,0.00,0.00,Cross,,78.74,78.74,Non-Plated,
793,TRND0-85D0-50PNP,Circle Drill,19.69,,,0.00,0.00,Cross,,78.74,78.74,Plated,
794,TRND1-10D0-65PNP,Circle Drill,25.59,,,0.00,0.00,Cross,,78.74,78.74,Plated,
795,TRND1-15D0-70PNP,Circle Drill,27.56,,,0.00,0.00,Cross,,78.74,78.74,Plated,
796,TRND1-30D0-60PNP,Circle Drill,23.62,,,0.00,0.00,Cross,,78.74,78.74,Plated,
797,TRND1-35D0-80PNP,Circle Drill,31.50,,,0.00,0.00,Cross,,78.74,78.74,Plated,
798,TRND1-40D0-85PNP,Circle Drill,33.46,,,0.00,0.00,Cross,,78.74,78.74,Plated,
799,TRND1-50D0-90PNP,Circle Drill,35.43,,,0.00,0.00,Cross,,78.74,78.74,Plated,
800,TRND1-60D0-95PNP,Circle Drill,37.40,,,0.00,0.00,Cross,,78.74,78.74,Plated,
801,TRND1-75D1-02NPNP,Circle Drill,40.16,,,0.00,0.00,Cross,,78.74,78.74,Non-Plated,
802,TRND1-75D1-02PNP,Circle Drill,40.16,,,0.00,0.00,Cross,,78.74,78.74,Plated,
803,TRND1-75D1-05PNP,Circle Drill,41.34,,,0.00,0.00,Cross,,78.74,78.74,Plated,
804,TRND1-85D1-10PNP,Circle Drill,43.31,,,0.00,0.00,Cross,,78.74,78.74,Plated,
805,TRND2-00D1-20PNP,Circle Drill,47.24,,,0.00,0.00,Cross,,78.74,78.74,Plated,
806,TRND2-15D1-30PNP,Circle Drill,51.18,,,0.00,0.00,Cross,,78.74,78.74,Plated,
807,TRND2-30D1-40PNP,Circle Drill,55.12,,,0.00,0.00,Cross,,78.74,78.74,Plated,
808,TRND2-75D1-65PNP,Circle Drill,64.96,,,0.00,0.00,Cross,,78.74,78.74,Plated,
809,TRND2-80D1-70PNP,Circle Drill,66.93,,,0.00,0.00,Cross,,78.74,78.74,Plated,
810,TRND3-00D1-80PNP,Circle Drill,70.87,,,0.00,0.00,Cross,,78.74,78.74,Plated,
811,TRND3-10D1-90PNP,Circle Drill,74.80,,,0.00,0.00,Cross,,78.74,78.74,Plated,
812,TRND3-20D1-95PNP,Circle Drill,76.77,,,0.00,0.00,Cross,,78.74,78.74,Plated,
813,TSQR0-85D0-50PNP,Circle Drill,19.69,,,0.00,0.00,Cross,,78.74,78.74,Plated,
814,TSQR1-15D0-70PNP,Circle Drill,27.56,,,0.00,0.00,Cross,,78.74,78.74,Plated,
815,TSQR1-40D0-85PNP,Circle Drill,33.46,,,0.00,0.00,Cross,,78.74,78.74,Plated,
816,TSQR1-50D0-90PNP,Circle Drill,35.43,,,0.00,0.00,Cross,,78.74,78.74,Plated,
817,TSQR1-60D0-95PNP,Circle Drill,37.40,,,0.00,0.00,Cross,,78.74,78.74,Plated,
818,TSQR1-65D1-00PNP,Circle Drill,39.37,,,0.00,0.00,Cross,,78.74,78.74,Plated,
819,TSQR1-75D1-02PNP,Circle Drill,40.16,,,0.00,0.00,Cross,,78.74,78.74,Plated,
820,TSQR1-75D1-05PNP,Circle Drill,41.34,,,0.00,0.00,Cross,,78.74,78.74,Plated,
821,TSQR1-85D1-10PNP,Circle Drill,43.31,,,0.00,0.00,Cross,,78.74,78.74,Plated,
822,TSQR2-00D1-20PNP,Circle Drill,47.24,,,0.00,0.00,Cross,,78.74,78.74,Plated,
823,TSQR2-15D1-30PNP,Circle Drill,51.18,,,0.00,0.00,Cross,,78.74,78.74,Plated,
824,TSQR2-30D1-40PNP,Circle Drill,55.12,,,0.00,0.00,Cross,,78.74,78.74,Plated,
825,TSQR2-80D1-70PNP,Circle Drill,66.93,,,0.00,0.00,Cross,,78.74,78.74,Plated,
826,TSQR3-00D1-80PNP,Circle Drill,70.87,,,0.00,0.00,Cross,,78.74,78.74,Plated,
827,TSQR3-10D1-90PNP,Circle Drill,74.80,,,0.00,0.00,Cross,,78.74,78.74,Plated,
828,T_L100_150_301_M301_150,Circle Drill,39.37,,,0.00,0.00,Cross,,39.37,39.37,Plated,
829,T_N128_192_M192,Circle Drill,50.39,,,0.00,0.00,Cross,,39.37,39.37,Plated,
830,T_N165_248_M248,Circle Drill,64.96,,,0.00,0.00,Cross,,39.37,39.37,Plated,
831,T_N168_252_M252,Circle Drill,66.14,,,0.00,0.00,Cross,,39.37,39.37,Plated,
832,T_N200_301_M301,Circle Drill,79.13,,,0.00,0.00,Cross,,39.37,39.37,Plated,
833,T_N85_135_M135,Circle Drill,33.46,,,0.00,0.00,Cross,,39.37,39.37,Plated,
834,T_N89_139_M139,Circle Drill,35.04,,,0.00,0.00,Cross,,39.37,39.37,Plated,
835,T_N95_145_M145,Circle Drill,37.40,,,0.00,0.00,Cross,,39.37,39.37,Plated,
836,T_N98_148_M148,Circle Drill,38.58,,,0.00,0.00,Cross,,39.37,39.37,Plated,
837,T_Q105_200_M200,Circle Drill,41.34,,,0.00,0.00,Cross,,39.37,39.37,Plated,
838,T_Q165_248_M248,Circle Drill,64.96,,,0.00,0.00,Cross,,39.37,39.37,Plated,
839,T_Q89_139_M139,Circle Drill,35.04,,,0.00,0.00,Cross,,39.37,39.37,Plated,
840,T_Q98_148_M148,Circle Drill,38.58,,,0.00,0.00,Cross,,39.37,39.37,Plated,
841,V16H8,Circle Drill,8.00,,,2.00,2.00,Cross,8,20.00,20.00,Plated,
843,V18H8,Circle Drill,8.00,,,2.00,2.00,Cross,8,30.00,30.00,Plated,
845,V18H8_BL18_16,Circle Drill,8.00,,,0.00,8.00,Circle,b,15.00,15.00,Plated,
847,V18H8_BL1_3,Circle Drill,8.00,,,0.00,8.00,Circle,A,15.00,15.00,Plated,
849,V19H10,Circle Drill,10.00,,,2.00,2.00,Cross,10,20.00,20.00,Plated,
851,V19H10-U-COM,Circle Drill,10.00,,,0.00,10.00,Circle,A,30.00,30.00,Plated,
852,V19H10-UC,Circle Drill,10.00,,,0.00,10.00,Circle,A,30.00,30.00,Plated,
853,V20C10BGA,Circle Drill,10.00,,,0.00,0.00,Cross,B,10.00,10.00,Plated,
854,V20H10,Circle Drill,10.00,,,2.00,2.00,Cross,10,20.00,20.00,Plated,
856,V20H10-UC,Circle Drill,10.00,,,0.00,10.00,Circle,A,30.00,30.00,Plated,
857,V20H10_NSM,Circle Drill,10.00,,,0.00,10.00,Circle,A,30.00,30.00,Plated,
858,V20H10_SM26,Circle Drill,10.00,,,2.00,2.00,Cross,10,20.00,20.00,Plated,
860,V20H10_T-L10,Circle Drill,10.00,,,0.00,10.00,Cross,W,20.00,20.00,Plated,
861,V20H10_THERMAL,Circle Drill,10.00,,,0.00,10.00,Circle,A,30.00,30.00,Plated,
862,V24C12BGA,Circle Drill,12.00,,,0.00,0.00,Cross,B,10.00,10.00,Plated,
863,V24H12,Circle Drill,12.00,,,2.00,2.00,Cross,12,24.00,24.00,Plated,
865,V24H12-CU,Circle Drill,12.00,,,0.00,12.00,Cross,D,30.00,30.00,Plated,
866,V24H12_SM30,Circle Drill,12.00,,,2.00,2.00,Cross,12,24.00,24.00,Plated,
868,V24H12_THERMAL,Circle Drill,12.00,,,0.00,12.00,Cross,D,30.00,30.00,Plated,
869,V30H10_B_TP,Circle Drill,10.00,,,2.00,2.00,Cross,10,35.00,35.00,Plated,
871,V30H10_T_TP,Circle Drill,10.00,,,2.00,2.00,Hexagon Y,,12.00,12.00,Plated,
873,V30H8_B_TP,Circle Drill,8.00,,,2.00,2.00,Cross,8,35.00,35.00,Plated,
875,V30H8_T_TP,Circle Drill,8.00,,,2.00,2.00,Cross,8,35.00,35.00,Plated,
877,VIA,Circle Drill,13.00,,,0.00,0.00,Circle,+,50.00,50.00,Plated,
880,VIA-20R11,Circle Drill,11.00,,,0.00,11.00,Cross,E,20.00,20.00,Plated,
881,VIA-24R12,Circle Drill,12.00,,,0.00,12.00,Cross,D,24.00,24.00,Plated,
882,VIA10_SIG5-BOTTOM,Circle Drill,10.00,,,0.00,0.00,Circle,+,50.00,50.00,Plated,
883,VIA10_TOP-SIG4,Circle Drill,10.00,,,0.00,0.00,Circle,+,50.00,50.00,Plated,
884,VIA10_TOP-VM_LOW,Circle Drill,10.00,,,0.00,0.00,Cross,v,12.00,12.00,Plated,
885,VIA10_TOP-VM_LOW_DBFIX1,Circle Drill,10.00,,,0.00,0.00,Cross,v,12.00,12.00,Plated,
886,VIA12_SIG5-BOTTOM,Circle Drill,12.00,,,0.00,0.00,,,40.00,40.00,Plated,
887,VIA12_STD-TH,Circle Drill,12.00,,,0.00,12.00,Cross,D,24.00,24.00,Plated,
888,VIA12_STD-TH-UCBF,Circle Drill,12.00,,,0.00,12.00,Cross,D,30.00,30.00,Plated,
889,VIA12_TOP-SIG4,Circle Drill,12.00,,,0.00,0.00,,,40.00,40.00,Plated,
890,VIA12_TOP-VM_LOW,Circle Drill,12.00,,,0.00,0.00,,,40.00,40.00,Plated,
891,VIA13,Circle Drill,13.00,,,0.00,0.00,Circle,,13.00,13.00,Plated,
892,VIA14_SIG5-BOTTOM,Circle Drill,14.00,,,0.00,0.00,Cross,v,12.00,12.00,Plated,
893,VIA14_TOP-SIG4,Circle Drill,14.00,,,0.00,0.00,Cross,v,12.00,12.00,Plated,
894,VIA14_TOP-VM_LOW,Circle Drill,14.00,,,0.00,0.00,Cross,v,12.00,12.00,Plated,
895,VIA22C_10D,Circle Drill,10.00,,,0.00,0.00,Circle,+,50.00,50.00,Plated,
896,VIA22RD0-3D,Circle Drill,11.81,,,0.00,0.00,Hexagon X,,19.69,19.69,Plated,
897,VIA23RD0-3D,Circle Drill,11.81,,,0.00,0.00,Cross,,11.81,11.81,Plated,
898,VIA24C10,Circle Drill,10.00,,,0.00,0.00,Circle,,13.00,13.00,Plated,
899,VIA24C8,Circle Drill,8.00,,,0.00,0.00,Circle,,13.00,13.00,Plated,
900,VIA26C_12D,Circle Drill,12.00,,,0.00,0.00,,,40.00,40.00,Plated,
901,VIA36RD0-4D,Circle Drill,16.00,,,0.00,0.00,Hexagon X,,16.00,16.00,Plated,
902,VIA8_SIG5-BOTTOM,Circle Drill,8.00,,,0.00,0.00,Circle,+,50.00,50.00,Plated,
903,VIA8_TOP-SIG4,Circle Drill,8.00,,,0.00,0.00,Circle,+,50.00,50.00,Plated,
904,VIA8_TOP-VMLOW,Circle Drill,8.00,,,0.00,0.00,Circle,+,50.00,50.00,Plated,
905,VIA_10,Circle Drill,10.00,,,0.00,0.00,Circle,+,50.00,50.00,Plated,
906,VIA_10_TEMP,Circle Drill,10.00,,,0.00,0.00,Circle,+,50.00,50.00,Plated,
907,VIA_5_TEMP,Circle Drill,5.00,,,0.00,0.00,Circle,+,50.00,50.00,Plated,
908,VIA_8,Circle Drill,8.00,,,0.00,0.00,Circle,+,50.00,50.00,Plated,
909,VIA_DRILL_68H45,Circle Drill,45.00,,,3.00,3.00,Diamond,W,45.00,45.00,Plated,
910,VIA_DRILL_68H45_L1-10,Circle Drill,45.00,,,3.00,3.00,Diamond,W,45.00,45.00,Plated,
911,VIA_FC,Circle Drill,3.94,,,0.00,0.00,Circle,+,8.66,8.66,Plated,
912,VIA_FCD,Circle Drill,3.94,,,0.00,0.00,Circle,+,8.66,8.66,Plated,
913,VIA_FCU,Circle Drill,3.94,,,0.00,0.00,Circle,+,8.66,8.66,Plated,
914,VIA_HEAT-PAD12,Circle Drill,12.00,,,0.00,12.00,Hexagon Y,,12.00,12.00,Plated,
915,VIA_SIG5_BOT_60VIA20_NO_THERMAL,Circle Drill,20.00,,,0.00,0.00,Octagon,K,30.00,30.00,Plated,
916,VIA_TOP_SIG4_60VIA20_NO_THERMAL,Circle Drill,20.00,,,0.00,0.00,Octagon,K,30.00,30.00,Plated,
917,VIA_WBD,Circle Drill,3.94,,,0.00,0.00,Circle,+,8.66,8.66,Plated,
918,VIA_WBU,Circle Drill,3.94,,,0.00,0.00,Circle,+,8.66,8.66,Plated,
919,VM_LOW-BOTTOM,Circle Drill,10.00,,,0.00,0.00,Cross,v,12.00,12.00,Plated,
920,VM_LOW-GNDC,Circle Drill,10.00,,,0.00,0.00,Cross,v,12.00,12.00,Plated,
921,VM_LOW-SIG3,Circle Drill,10.00,,,0.00,0.00,Cross,v,12.00,12.00,Plated,
922,VM_LOW-SIG4,Circle Drill,10.00,,,0.00,0.00,Cross,v,12.00,12.00,Plated,
923,VM_LOW-VP12,Circle Drill,10.00,,,0.00,0.00,Cross,v,12.00,12.00,Plated,
924,VP12-BOTTOM,Circle Drill,10.00,,,0.00,0.00,Cross,v,12.00,12.00,Plated,
925,VP12-BOTTOM_VIA26,Circle Drill,12.00,,,0.00,0.00,,,40.00,40.00,Plated,
926,VP12-SIG4,Circle Drill,10.00,,,0.00,0.00,Cross,v,12.00,12.00,Plated,
927,VPT-BVIA-18R8-08,Circle Drill,8.00,,,2.00,2.00,Cross,B,18.00,18.00,Plated,
929,VPT-V19H10,Circle Drill,10.00,,,2.00,2.00,Circle,A,20.00,20.00,Plated,
931,VPT-V20H10,Circle Drill,10.00,,,2.00,2.00,Circle,A,20.00,20.00,Plated,
933,VP_LOW-BOTTOM,Circle Drill,10.00,,,0.00,0.00,Cross,v,12.00,12.00,Plated,
934,VRES_LLB_PAD11,Circle Drill,31.00,,,0.00,0.00,Circle,A,31.00,31.00,Plated,
935,VRES_LLB_PAD11_1,Circle Drill,31.00,,,0.00,0.00,Circle,A,31.00,31.00,Plated,
936,VRES_LLB_PAD12,Circle Drill,31.00,,,0.00,0.00,Circle,A,31.00,31.00,Plated,
937,VRES_LLB_PAD12_1,Circle Drill,31.00,,,0.00,0.00,Circle,A,31.00,31.00,Plated,
938,VRES_LLB_PAD13_1,Circle Drill,31.00,,,0.00,0.00,Circle,A,31.00,31.00,Plated,
939,VRES_LLB_PAD14_1,Circle Drill,37.00,,,0.00,0.00,Circle,A,37.00,37.00,Plated,
940,VRES_LLB_PAD15_1,Circle Drill,37.00,,,0.00,0.00,Circle,A,37.00,37.00,Plated,
941,VRES_LLB_PAD16,Circle Drill,37.00,,,0.00,0.00,Circle,A,37.00,37.00,Plated,
942,VRES_LLB_PAD16_1,Circle Drill,37.00,,,0.00,0.00,Circle,A,37.00,37.00,Plated,
943,VRES_LLB_PAD17_1,Circle Drill,28.00,,,0.00,0.00,Circle,A,28.00,28.00,Plated,
944,VRES_LLB_PAD18,Circle Drill,28.00,,,0.00,0.00,Circle,A,28.00,28.00,Plated,
945,VRES_LLB_PAD19_1,Circle Drill,28.00,,,0.00,0.00,Circle,A,28.00,28.00,Plated,
946,VRES_LLB_PAD20,Circle Drill,37.00,,,0.00,0.00,Circle,A,37.00,37.00,Plated,
947,VRES_LLB_PAD20_1,Circle Drill,37.00,,,0.00,0.00,Circle,A,37.00,37.00,Plated,
948,VRES_LLB_PAD21_1,Circle Drill,37.00,,,0.00,0.00,Circle,A,37.00,37.00,Plated,
949,VRES_LLB_PAD22_1,Circle Drill,37.00,,,0.00,0.00,Circle,A,37.00,37.00,Plated,
950,VRES_LLB_PAD23_1,Circle Drill,31.00,,,0.00,0.00,Circle,A,31.00,31.00,Plated,
951,VRES_LLB_PAD24_1,Circle Drill,28.00,,,0.00,0.00,Circle,A,28.00,28.00,Plated,
952,VRES_LLB_PAD25_1,Circle Drill,28.00,,,0.00,0.00,Circle,A,28.00,28.00,Plated,
953,VRES_LLB_PAD26_1,Circle Drill,28.00,,,0.00,0.00,Circle,A,28.00,28.00,Plated,
954,VRES_LLB_PAD27_1,Circle Drill,28.00,,,0.00,0.00,Circle,A,28.00,28.00,Plated,
955,VRES_LLB_PAD28_1,Circle Drill,28.00,,,0.00,0.00,Circle,A,28.00,28.00,Plated,
956,VRES_LLB_PAD29_1,Circle Drill,31.00,,,0.00,0.00,Circle,A,31.00,31.00,Plated,
957,VRES_LLB_PAD30_1,Circle Drill,31.00,,,0.00,0.00,Circle,A,31.00,31.00,Plated,
958,VRES_LLB_PAD31,Circle Drill,31.00,,,0.00,0.00,Circle,A,31.00,31.00,Plated,
959,VRES_LLB_PAD32,Circle Drill,31.00,,,0.00,0.00,Circle,A,31.00,31.00,Plated,
960,VRES_LLB_PAD33_1,Circle Drill,31.00,,,0.00,0.00,Circle,A,31.00,31.00,Plated,
961,VRES_LLB_PAD36,Circle Drill,39.00,,,0.00,0.00,Circle,A,39.00,39.00,Plated,
962,VRES_LLB_PAD37,Circle Drill,39.00,,,0.00,0.00,Circle,A,39.00,39.00,Plated,
963,VRES_LLB_PAD38,Circle Drill,54.00,,,0.00,0.00,Circle,A,54.00,54.00,Plated,
964,VRES_LLB_PAD39,Circle Drill,54.00,,,0.00,0.00,Circle,A,54.00,54.00,Plated,
965,WCON100T_LLB_PAD1,Circle Drill,42.00,,,0.00,0.00,Circle,A,42.00,42.00,Plated,
966,WCON100T_LLB_PAD2,Circle Drill,42.00,,,0.00,0.00,Circle,A,42.00,42.00,Plated,
967,WCON100T_LLB_PAD3,Circle Drill,37.00,,,0.00,0.00,Circle,A,37.00,37.00,Plated,
968,WCON100T_LLB_PAD4,Circle Drill,37.00,,,0.00,0.00,Circle,A,37.00,37.00,Plated,
969,XT_LLB_PAD1,Circle Drill,40.00,,,0.00,0.00,Circle,A,40.00,40.00,Plated,
970,XT_LLB_PAD2,Circle Drill,40.00,,,0.00,0.00,Circle,A,40.00,40.00,Plated,
971,ZIGZAG_LLB_PAD1,Circle Drill,34.00,,,0.00,0.00,Circle,A,34.00,34.00,Plated,
972,ZIGZAG_LLB_PAD1_1,Circle Drill,34.00,,,0.00,0.00,Circle,A,34.00,34.00,Plated,
973,ZIGZAG_LLB_PAD2,Circle Drill,34.00,,,0.00,0.00,Circle,A,34.00,34.00,Plated,
974,ZIGZAG_LLB_PAD2_1,Circle Drill,34.00,,,0.00,0.00,Circle,A,34.00,34.00,Plated,
975,ZIGZAG_LLB_PAD3_1,Circle Drill,34.00,,,0.00,0.00,Circle,A,34.00,34.00,Plated,
976,ZIGZAG_LLB_PAD4,Circle Drill,34.00,,,0.00,0.00,Circle,A,34.00,34.00,Plated,
977,ZIGZAG_LLB_PAD5,Circle Drill,34.00,,,0.00,0.00,Circle,A,34.00,34.00,Plated,
978,bga21sq,Circle Drill,0.00,,,0.00,0.00,Diamond,Z,5.00,5.00,Plated,
980,bga21sq_10d,Circle Drill,10.00,,,0.00,0.00,Diamond,Z,5.00,5.00,Plated,
982,bga21sq_10drill,Circle Drill,10.00,,,0.00,0.00,Diamond,Z,5.00,5.00,Plated,
983,bga21sq_10drill_hg,Circle Drill,10.00,,,0.00,0.00,Diamond,Z,5.00,5.00,Plated,
984,bga21sq_8drill,Circle Drill,8.00,,,0.00,0.00,Diamond,Z,5.00,5.00,Plated,
986,bga21sq_hg,Circle Drill,0.00,,,0.00,0.00,Diamond,Z,5.00,5.00,Plated,
987,bga21sq_np,Circle Drill,0.00,,,0.00,0.00,Diamond,Z,5.00,5.00,Plated,
988,bga24_10,Circle Drill,10.00,,,0.00,0.00,,,0.00,0.00,Plated,
989,bga24cir_10d,Circle Drill,10.00,,,0.00,0.00,,,0.00,0.00,Plated,
990,bga522sq_10d,Circle Drill,0.00,,,0.00,0.00,,,0.00,0.00,Plated,
991,bga_30,Circle Drill,0.00,,,0.00,0.00,Cross,,25.00,25.00,Plated,
992,bga_35,Circle Drill,0.00,,,0.00,0.00,Cross,,25.00,25.00,Plated,
993,cir75cir38,Circle Drill,38.00,,,5.00,5.00,Cross,,40.00,40.00,Plated,
994,cir85cir10,Circle Drill,10.00,,,5.00,5.00,Cross,,40.00,40.00,Plated,
995,ebtf33cir20d,Circle Drill,20.00,,,0.00,0.00,Cross,v,12.00,12.00,Plated,
996,ebtf_28cir14d,Circle Drill,14.00,,,0.00,0.00,Cross,v,12.00,12.00,Plated,
997,fmc_pad30cir14d,Circle Drill,14.00,,,0.00,0.00,Cross,,25.00,25.00,Plated,
998,fmc_pad30cir18d,Circle Drill,10.00,,,0.00,0.00,Cross,,25.00,25.00,Plated,
999,hm_zd0p80mmcir0p57d,Circle Drill,18.11,,.57,0.00,0.00,Cross,,40.00,40.00,Plated,
1000,hm_zd0p92mmcir0p57d,Circle Drill,18.11,,.57,0.00,0.00,Cross,,40.00,40.00,Plated,
1001,mech115hole,Circle Drill,115.00,,,0.00,0.00,Square,Z,115.00,115.00,Plated,
1002,mech118hole,Circle Drill,118.00,,,0.00,0.00,Square,Z,115.00,115.00,Non-Plated,
1003,mech39hole,Circle Drill,39.37,,,0.03,0.03,Circle,h,9.00,9.00,Non-Plated,
1005,mech39p5hole,Circle Drill,39.50,,,0.03,0.03,Circle,h,9.00,9.00,Non-Plated,
1006,mech40hole,Circle Drill,39.50,,,0.03,0.03,Circle,h,9.00,9.00,Non-Plated,
1007,mech47hole,Circle Drill,47.00,,,0.00,0.00,Circle,h,9.00,9.00,Non-Plated,
1008,mech56hole,Circle Drill,55.20,,,0.03,0.03,Circle,h,9.00,9.00,Non-Plated,
1009,mech92hole,Circle Drill,91.70,,,0.03,0.03,Circle,h,9.00,9.00,Non-Plated,
1010,mech_40np,Circle Drill,40.00,,,3.00,3.00,Circle,,40.00,40.00,Non-Plated,
1011,mechhole12,Circle Drill,12.00,,,0.00,0.00,Diamond,,10.00,10.00,Non-Plated,
1012,mechhole24,Circle Drill,24.00,,,0.00,0.00,Diamond,,10.00,10.00,Non-Plated,
1013,mechhole25,Circle Drill,25.00,,,0.00,0.00,Diamond,,10.00,10.00,Non-Plated,
1014,mercury1,Circle Drill,125.98,,,0.00,0.00,Circle,,78.74,78.74,Plated,
1015,mounthole_pad180c_108d,Circle Drill,108.00,,,0.00,0.00,Circle,x,70.00,70.00,Plated,
1016,mounthole_pad200c_116d,Circle Drill,116.00,,,0.00,0.00,Circle,x,70.00,70.00,Plated,
1017,mounthole_pad200c_128d,Circle Drill,128.00,,,0.00,0.00,Circle,x,70.00,70.00,Plated,
1018,mounthole_pad315c_128d,Circle Drill,128.00,,,0.00,0.00,Square,x,70.00,70.00,Plated,
1019,np_mm_50d,Circle Drill,50.00,,,0.00,0.00,Cross,,78.74,78.74,Non-Plated,
1020,nph_105,Circle Drill,105.12,,,0.00,0.00,Circle,,153.00,153.00,Non-Plated,
1021,nph_106,Circle Drill,106.30,,,0.00,0.00,Circle,NPH,152.99,152.99,Non-Plated,
1022,nph_118,Circle Drill,118.11,,,0.00,0.00,Circle,,153.00,153.00,Non-Plated,
1023,nph_128,Circle Drill,127.95,,,0.00,0.00,Circle,NPH,152.99,152.99,Non-Plated,
1024,nph_158,Circle Drill,157.48,,,0.00,0.00,Circle,NPH,152.99,152.99,Non-Plated,
1025,nph_177,Circle Drill,177.17,,,0.00,0.00,Circle,NPH,177.00,177.00,Non-Plated,
1026,nph_180,Circle Drill,180.00,,,0.00,0.00,Circle,NPH,177.00,177.00,Non-Plated,
1027,nph_40,Circle Drill,40.00,,,0.00,0.00,Circle,,50.00,50.00,Non-Plated,
1028,nph_50,Circle Drill,50.00,,,0.00,0.00,Circle,,50.00,50.00,Non-Plated,
1029,nph_55,Circle Drill,55.12,,,0.00,0.00,Hexagon X,,70.87,70.87,Non-Plated,
1030,nph_60,Circle Drill,59.06,,,0.00,0.00,Hexagon X,,78.74,78.74,Non-Plated,
1032,nph_63,Circle Drill,62.99,,,0.00,0.00,Circle,,153.00,153.00,Non-Plated,
1033,nph_67,Circle Drill,66.93,,,0.00,0.00,Circle,,153.00,153.00,Non-Plated,
1034,nph_79,Circle Drill,78.74,,,2.00,2.00,Circle,,153.00,153.00,Non-Plated,
1036,nph_87,Circle Drill,86.61,,,0.00,0.00,Circle,,153.00,153.00,Non-Plated,
1037,nph_87sq,Circle Drill,86.61,,,0.00,0.00,Circle,,153.00,153.00,Non-Plated,
1038,pad0p80mmcir0p57d,Circle Drill,18.11,,.57,0.00,0.00,Cross,,40.00,40.00,Plated,
1039,pad0p90mmcir0p75mmd,Circle Drill,25.59,,0.75,0.00,0.00,Cross,,40.00,40.00,Plated,
1040,pad0p92mmcir0p57d,Circle Drill,18.11,,.57,0.00,0.00,Cross,,40.00,40.00,Plated,
1041,pad100cir40d,Circle Drill,40.00,,,0.00,0.00,Cross,,40.00,40.00,Plated,
1042,pad100cir50d,Circle Drill,50.00,,,0.00,0.00,Cross,,40.00,40.00,Plated,
1043,pad100cir70d,Circle Drill,70.00,,,0.00,0.00,Cross,,40.00,40.00,Plated,
1044,pad10cir1d,Circle Drill,30.00,,,0.00,0.00,Cross,,40.00,40.00,Plated,
1045,pad126cir63d,Circle Drill,63.00,,,0.00,0.00,Circle,,153.00,153.00,Non-Plated,
1046,pad150cir86d,Circle Drill,86.61,,,0.00,0.00,Circle,x,75.00,75.00,Plated,
1047,pad1mmcir_0p725mmd,Circle Drill,1.97,,,0.00,0.00,Cross,,40.00,40.00,Plated,
1048,pad28cir14d,Circle Drill,14.00,,,0.00,0.00,Cross,v,12.00,12.00,Plated,
1049,pad30cir10d,Circle Drill,10.00,,,0.00,0.00,Cross,,25.00,25.00,Plated,
1050,pad30cir22d,Circle Drill,22.00,,,0.00,0.00,Cross,v,12.00,12.00,Plated,
1051,pad32cir22d,Circle Drill,22.00,,,0.00,0.00,Cross,v,12.00,12.00,Plated,
1052,pad33cir20d,Circle Drill,20.00,,,0.00,0.00,Cross,v,12.00,12.00,Plated,
1053,pad35cir10d,Circle Drill,10.00,,,0.00,0.00,Cross,,25.00,25.00,Plated,
1054,pad35cir23d,Circle Drill,23.00,,,0.00,0.00,Cross,,25.00,25.00,Plated,
1055,pad36cir20d,Circle Drill,20.00,,,0.00,0.00,Cross,h,25.00,25.00,Plated,
1056,pad36cir26d,Circle Drill,26.00,,,0.00,0.00,Cross,h,25.00,25.00,Plated,
1057,pad36cir29d,Circle Drill,29.00,,,0.00,0.00,Cross,h,25.00,25.00,Plated,
1058,pad36sq26d,Circle Drill,26.00,,,0.00,0.00,Cross,h,25.00,25.00,Plated,
1059,pad36sq29d,Circle Drill,29.00,,,0.00,0.00,Cross,h,25.00,25.00,Plated,
1060,pad39cir25d,Circle Drill,25.00,,,0.00,0.00,Cross,h,25.00,25.00,Plated,
1061,pad39cir29d,Circle Drill,29.00,,,0.00,0.00,Cross,h,25.00,25.00,Plated,
1062,pad39sq25d,Circle Drill,25.00,,,0.00,0.00,Cross,h,25.00,25.00,Plated,
1063,pad39sq29d,Circle Drill,29.00,,,0.00,0.00,Cross,h,25.00,25.00,Plated,
1064,pad40cir29d,Circle Drill,29.00,,,0.00,0.00,Circle,h,9.00,9.00,Plated,
1065,pad40cir30d,Circle Drill,30.00,,,0.00,0.00,Circle,h,9.00,9.00,Plated,
1066,pad40cir35d,Circle Drill,35.00,,,0.00,0.00,Circle,h,9.00,9.00,Plated,
1067,pad49p21x35p43obl33p47x2165d,Oval Slot,21.65,33.46,,0.00,0.00,Oblong Y,v,21.65,33.46,Plated,
1068,pad60cir30d,Circle Drill,30.00,,,0.00,0.00,Cross,,40.00,40.00,Plated,
1069,pad60cir32d,Circle Drill,32.00,,,0.00,0.00,Cross,,40.00,40.00,Plated,
1070,pad60cir40,Circle Drill,40.00,,,0.00,0.00,Cross,,40.00,40.00,Plated,
1072,pad60cir40d,Circle Drill,40.00,,,0.00,0.00,Cross,j,100.00,100.00,Plated,
1073,pad60cir45p28,Circle Drill,45.28,,,3.54,2.36,Cross,,40.00,40.00,Plated,
1075,pad60sq35,Circle Drill,35.00,,,0.00,0.00,Cross,,40.00,40.00,Plated,
1076,pad60sq40d,Circle Drill,40.00,,,0.00,0.00,Cross,j,100.00,100.00,Plated,
1077,pad61p02x35p43obl19p69x45p276xd,Oval Slot,45.28,19.68,,0.00,0.00,Oblong X,v,45.28,19.68,Plated,
1078,pad68p50obl27p56d,Oval Slot,68.50,27.56,,0.00,0.00,Oblong X,v,68.50,27.56,Plated,
1079,pad6cir1d,Circle Drill,1.00,,,0.00,0.00,Cross,,40.00,40.00,Plated,
1080,pad70cir50,Circle Drill,50.00,,,0.00,0.00,Cross,,40.00,40.00,Plated,
1081,pad71x29obl,Oval Slot,71.00,29.00,,0.00,0.00,Oblong X,v,71.00,29.00,Plated,
1082,pad75cir38,Circle Drill,38.00,,,5.00,5.00,Cross,,40.00,40.00,Plated,
1083,pad75cir60,Circle Drill,60.00,,,5.00,5.00,Cross,,40.00,40.00,Plated,
1084,pad7cir2d,Circle Drill,1.97,,,0.00,0.00,Cross,,40.00,40.00,Plated,
1085,pad80cir38,Circle Drill,38.00,,,5.00,5.00,Cross,,40.00,40.00,Plated,
1086,pad80cir55,Circle Drill,55.12,,,118.11,118.11,Cross,,40.00,40.00,Plated,
1087,pad80cir60d,Circle Drill,60.00,,,3.00,3.00,Circle,,35.98,35.98,Plated,
1088,pad80cir65,Circle Drill,64.96,,,118.11,118.11,Cross,,40.00,40.00,Plated,
1089,pad85cir65,Circle Drill,64.96,,,118.11,118.11,Cross,,40.00,40.00,Plated,
1090,pad87x29obl,Oval Slot,87.00,29.00,,0.00,0.00,Oblong X,v,87.00,29.00,Plated,
1091,pad90cir50,Circle Drill,50.00,,,118.11,118.11,Cross,,40.00,40.00,Plated,
1092,pad90cir68p90,Circle Drill,62.99,,,3.54,2.36,Cross,,40.00,40.00,Plated,
1093,pad90cir70,Circle Drill,70.00,,,0.00,0.00,Cross,,60.00,60.00,Plated,
1094,pad92p52obl35p43d,Oval Slot,92.52,35.43,,0.00,0.00,Oblong X,v,92.52,35.43,Plated,
1095,smd20_51_10drill,Circle Drill,10.00,,,3.00,3.00,,,0.00,0.00,Plated,
1096,smd_1p7_3p3,Circle Drill,0.00,,,0.00,0.00,,,0.00,0.00,Plated,
1097,therm_mm_1p7_3p3_drill,Circle Drill,14.00,,,0.00,0.00,,,0.00,0.00,Plated,
1098,trnd1-65d1-00pnp,Circle Drill,39.37,,,0.00,0.00,Cross,,78.74,78.74,Plated,
1099,v19h10-ubga,Circle Drill,10.00,,,0.00,10.00,Circle,A,30.00,30.00,Plated,
1100,via17_8,Circle Drill,8.00,,,0.00,0.00,Circle,+,50.00,50.00,Plated,
1101,via20c10d,Circle Drill,10.00,,,0.00,0.00,Circle,+,50.00,50.00,Plated,
1102,via22c_10d_bkdrill,Circle Drill,10.00,,,3.00,3.00,Circle,B,50.00,50.00,Plated,
1103,via26,Circle Drill,12.00,,,0.00,0.00,,,40.00,40.00,Plated,
1105,via26_mech_hole,Circle Drill,25.00,,,0.00,0.00,Oblong X,,40.00,40.00,Non-Plated,
1106,voided_bga21sq_10drill,Circle Drill,0.00,,,0.00,0.00,Diamond,Z,5.00,5.00,Plated,
