(---------------------------------------------------------------------)
(                                                                     )
(    Cadence Artwork Import                                           )
(                                                                     )
(    Drawing          : GPS_INTERFACE_BOARDv1.brd                     )
(    Software Version : 17.2S064                                      )
(    Date/Time        : Tue Jun 09 11:57:23 2020                      )
(                                                                     )
(---------------------------------------------------------------------)


Tue Jun 09 11:57:23 2020				Page     1


Processing photoplot file C:/SPB_Data/GPS_INTERFACE_BOARD/allegro/Gerber/TOP.a~
rt ...
Adding the film data on ETCH/TOP.
DRC errors detected.
DRC errors detected.
DRC errors detected.
DRC errors detected.
DRC errors detected.
DRC errors detected.
DRC errors detected.
DRC errors detected.
DRC errors detected.
DRC errors detected.
DRC errors detected.
DRC errors detected.
DRC errors detected.
DRC errors detected.
DRC errors detected.
DRC errors detected.
DRC errors detected.
DRC errors detected.
DRC errors detected.
DRC errors detected.
DRC errors detected.
DRC errors detected.
DRC errors detected.
DRC errors detected.
DRC errors detected.
DRC errors detected.
DRC errors detected.
DRC errors detected.
DRC errors detected.
DRC errors detected.
DRC errors detected.
DRC errors detected.
DRC errors detected.
DRC errors detected.
DRC errors detected.
DRC errors detected.
DRC errors detected.
DRC errors detected.
DRC errors detected.
DRC errors detected.
DRC errors detected.
DRC errors detected.
DRC errors detected.
DRC errors detected.
DRC errors detected.
DRC errors detected.
DRC errors detected.
DRC errors detected.
DRC errors detected.
DRC errors detected.
DRC errors detected.
DRC errors detected.
Tue Jun 09 11:57:23 2020				Page     2


DRC errors detected.
DRC errors detected.
DRC errors detected.
DRC errors detected.
DRC errors detected.
DRC errors detected.
DRC errors detected.
DRC errors detected.
DRC errors detected.
DRC errors detected.
DRC errors detected.
DRC errors detected.
DRC errors detected.
DRC errors detected.
DRC errors detected.
DRC errors detected.
DRC errors detected.
DRC errors detected.
DRC errors detected.
DRC errors detected.
DRC errors detected.
DRC errors detected.
DRC errors detected.
DRC errors detected.
DRC errors detected.
DRC errors detected.
DRC errors detected.
DRC errors detected.
DRC errors detected.
DRC errors detected.
DRC errors detected.
DRC errors detected.
DRC errors detected.
DRC errors detected.
DRC errors detected.
DRC errors detected.
DRC errors detected.
DRC errors detected.
DRC errors detected.
DRC errors detected.
DRC errors detected.
DRC errors detected.
DRC errors detected.
DRC errors detected.
DRC errors detected.
DRC errors detected.
DRC errors detected.
DRC errors detected.
DRC errors detected.
DRC errors detected.
DRC errors detected.
DRC errors detected.
DRC errors detected.
DRC errors detected.
DRC errors detected.
Tue Jun 09 11:57:23 2020				Page     3


DRC errors detected.
DRC errors detected.
DRC errors detected.
DRC errors detected.
DRC errors detected.
DRC errors detected.
DRC errors detected.
DRC errors detected.
DRC errors detected.
DRC errors detected.
DRC errors detected.
DRC errors detected.
DRC errors detected.
DRC errors detected.
DRC errors detected.
DRC errors detected.
DRC errors detected.
DRC errors detected.
DRC errors detected.
DRC errors detected.
DRC errors detected.
DRC errors detected.
DRC errors detected.
DRC errors detected.
DRC errors detected.
DRC errors detected.
DRC errors detected.
DRC errors detected.
DRC errors detected.
DRC errors detected.
DRC errors detected.
DRC errors detected.
DRC errors detected.
DRC errors detected.
DRC errors detected.
DRC errors detected.
DRC errors detected.
DRC errors detected.
DRC errors detected.
DRC errors detected.
DRC errors detected.
DRC errors detected.
DRC errors detected.
DRC errors detected.
DRC errors detected.
DRC errors detected.
DRC errors detected.
DRC errors detected.
DRC errors detected.
DRC errors detected.
DRC errors detected.
DRC errors detected.
DRC errors detected.
DRC errors detected.
DRC errors detected.
Tue Jun 09 11:57:23 2020				Page     4


DRC errors detected.
DRC errors detected.
DRC errors detected.
DRC errors detected.
DRC errors detected.
DRC errors detected.
DRC errors detected.
DRC errors detected.
DRC errors detected.
DRC errors detected.
DRC errors detected.
DRC errors detected.
DRC errors detected.
DRC errors detected.
DRC errors detected.
DRC errors detected.
DRC errors detected.
DRC errors detected.
DRC errors detected.
DRC errors detected.
DRC errors detected.
DRC errors detected.
DRC errors detected.
DRC errors detected.
DRC errors detected.
DRC errors detected.
DRC errors detected.
DRC errors detected.
DRC errors detected.
DRC errors detected.
DRC errors detected.
DRC errors detected.
DRC errors detected.
DRC errors detected.
DRC errors detected.
DRC errors detected.
DRC errors detected.
DRC errors detected.
DRC errors detected.
DRC errors detected.
DRC errors detected.
DRC errors detected.
DRC errors detected.
DRC errors detected.
DRC errors detected.
DRC errors detected.
DRC errors detected.
DRC errors detected.
DRC errors detected.
DRC errors detected.
DRC errors detected.
DRC errors detected.
DRC errors detected.
DRC errors detected.
DRC errors detected.
Tue Jun 09 11:57:23 2020				Page     5


DRC errors detected.
DRC errors detected.
DRC errors detected.
DRC errors detected.
DRC errors detected.
DRC errors detected.
DRC errors detected.
DRC errors detected.
DRC errors detected.
DRC errors detected.
DRC errors detected.
DRC errors detected.
DRC errors detected.
DRC errors detected.
DRC errors detected.
DRC errors detected.
DRC errors detected.
DRC errors detected.
DRC errors detected.
DRC errors detected.
DRC errors detected.
DRC errors detected.
DRC errors detected.
DRC errors detected.
DRC errors detected.
DRC errors detected.
DRC errors detected.
DRC errors detected.
DRC errors detected.
DRC errors detected.
DRC errors detected.
DRC errors detected.
DRC errors detected.
DRC errors detected.
DRC errors detected.
DRC errors detected.
DRC errors detected.
DRC errors detected.
DRC errors detected.
DRC errors detected.
DRC errors detected.
DRC errors detected.
DRC errors detected.
DRC errors detected.
DRC errors detected.
DRC errors detected.
DRC errors detected.
DRC errors detected.
DRC errors detected.
DRC errors detected.
DRC errors detected.
DRC errors detected.
DRC errors detected.
DRC errors detected.
DRC errors detected.
Tue Jun 09 11:57:23 2020				Page     6


DRC errors detected.
DRC errors detected.
DRC errors detected.
DRC errors detected.
DRC errors detected.
DRC errors detected.
DRC errors detected.
DRC errors detected.
DRC errors detected.
DRC errors detected.
DRC errors detected.
DRC errors detected.
DRC errors detected.
DRC errors detected.
DRC errors detected.
DRC errors detected.
DRC errors detected.
DRC errors detected.
DRC errors detected.
DRC errors detected.
DRC errors detected.
DRC errors detected.
DRC errors detected.
DRC errors detected.
DRC errors detected.
DRC errors detected.
DRC errors detected.
DRC errors detected.
DRC errors detected.
DRC errors detected.
DRC errors detected.
DRC errors detected.
DRC errors detected.
DRC errors detected.
DRC errors detected.
DRC errors detected.
DRC errors detected.
DRC errors detected.
DRC errors detected.
DRC errors detected.
DRC errors detected.
DRC errors detected.
DRC errors detected.
DRC errors detected.
DRC errors detected.
DRC errors detected.
DRC errors detected.
DRC errors detected.
DRC errors detected.
DRC errors detected.
DRC errors detected.
DRC errors detected.
DRC errors detected.
DRC errors detected.
DRC errors detected.
Tue Jun 09 11:57:23 2020				Page     7


DRC errors detected.
DRC errors detected.
DRC errors detected.
DRC errors detected.
DRC errors detected.
DRC errors detected.
DRC errors detected.
DRC errors detected.
DRC errors detected.
DRC errors detected.
DRC errors detected.
DRC errors detected.
DRC errors detected.
DRC errors detected.
DRC errors detected.
DRC errors detected.
DRC errors detected.
DRC errors detected.
DRC errors detected.
DRC errors detected.
DRC errors detected.
DRC errors detected.
DRC errors detected.
DRC errors detected.
DRC errors detected.
DRC errors detected.
DRC errors detected.
DRC errors detected.
DRC errors detected.
DRC errors detected.
DRC errors detected.
DRC errors detected.
DRC errors detected.
DRC errors detected.
DRC errors detected.
DRC errors detected.
DRC errors detected.
DRC errors detected.
DRC errors detected.
DRC errors detected.
DRC errors detected.
DRC errors detected.
DRC errors detected.
DRC errors detected.
DRC errors detected.
DRC errors detected.
DRC errors detected.
DRC errors detected.
DRC errors detected.
DRC errors detected.
DRC errors detected.
DRC errors detected.
DRC errors detected.
DRC errors detected.
DRC errors detected.
Tue Jun 09 11:57:23 2020				Page     8


DRC errors detected.
DRC errors detected.
DRC errors detected.
DRC errors detected.
DRC errors detected.
DRC errors detected.
DRC errors detected.
DRC errors detected.
DRC errors detected.
DRC errors detected.
DRC errors detected.
DRC errors detected.
DRC errors detected.
DRC errors detected.
DRC errors detected.
DRC errors detected.
DRC errors detected.
DRC errors detected.
DRC errors detected.
DRC errors detected.
DRC errors detected.
DRC errors detected.
DRC errors detected.
DRC errors detected.
DRC errors detected.
DRC errors detected.
DRC errors detected.
DRC errors detected.
DRC errors detected.
DRC errors detected.
DRC errors detected.
DRC errors detected.
DRC errors detected.
DRC errors detected.
DRC errors detected.
DRC errors detected.
DRC errors detected.
DRC errors detected.
DRC errors detected.
DRC errors detected.
DRC errors detected.
DRC errors detected.
DRC errors detected.
DRC errors detected.
DRC errors detected.
DRC errors detected.
DRC errors detected.
DRC errors detected.
DRC errors detected.
DRC errors detected.
DRC errors detected.
DRC errors detected.
DRC errors detected.
DRC errors detected.
DRC errors detected.
Tue Jun 09 11:57:23 2020				Page     9


DRC errors detected.
DRC errors detected.
DRC errors detected.
DRC errors detected.
DRC errors detected.
DRC errors detected.
DRC errors detected.
DRC errors detected.
DRC errors detected.
DRC errors detected.
DRC errors detected.
DRC errors detected.
DRC errors detected.
DRC errors detected.
DRC errors detected.
DRC errors detected.
DRC errors detected.
DRC errors detected.
DRC errors detected.
DRC errors detected.
DRC errors detected.
DRC errors detected.
DRC errors detected.
DRC errors detected.
DRC errors detected.
DRC errors detected.
DRC errors detected.
DRC errors detected.
DRC errors detected.
DRC errors detected.
DRC errors detected.
DRC errors detected.
DRC errors detected.
DRC errors detected.
DRC errors detected.
DRC errors detected.
DRC errors detected.
DRC errors detected.
DRC errors detected.
DRC errors detected.
DRC errors detected.
DRC errors detected.
DRC errors detected.
DRC errors detected.
DRC errors detected.
DRC errors detected.
DRC errors detected.
DRC errors detected.
DRC errors detected.
DRC errors detected.
DRC errors detected.
DRC errors detected.
DRC errors detected.
DRC errors detected.
DRC errors detected.
Tue Jun 09 11:57:23 2020				Page    10


DRC errors detected.
DRC errors detected.
DRC errors detected.
DRC errors detected.
DRC errors detected.
DRC errors detected.
DRC errors detected.
DRC errors detected.
DRC errors detected.
DRC errors detected.
DRC errors detected.
DRC errors detected.
DRC errors detected.
DRC errors detected.
DRC errors detected.
DRC errors detected.
DRC errors detected.
DRC errors detected.
DRC errors detected.
DRC errors detected.
DRC errors detected.
DRC errors detected.
DRC errors detected.
DRC errors detected.
DRC errors detected.
DRC errors detected.
DRC errors detected.
DRC errors detected.
DRC errors detected.
DRC errors detected.
DRC errors detected.
DRC errors detected.
DRC errors detected.
DRC errors detected.
DRC errors detected.
DRC errors detected.
DRC errors detected.
DRC errors detected.
DRC errors detected.
DRC errors detected.
DRC errors detected.
DRC errors detected.
DRC errors detected.
DRC errors detected.
DRC errors detected.
DRC errors detected.
DRC errors detected.
DRC errors detected.
DRC errors detected.
DRC errors detected.
DRC errors detected.
DRC errors detected.
DRC errors detected.
DRC errors detected.
DRC errors detected.
Tue Jun 09 11:57:23 2020				Page    11


DRC errors detected.
DRC errors detected.
DRC errors detected.
DRC errors detected.
DRC errors detected.
DRC errors detected.
DRC errors detected.
DRC errors detected.
DRC errors detected.
DRC errors detected.
DRC errors detected.
DRC errors detected.
DRC errors detected.
DRC errors detected.
DRC errors detected.
DRC errors detected.
DRC errors detected.
DRC errors detected.
DRC errors detected.
DRC errors detected.
DRC errors detected.
DRC errors detected.
DRC errors detected.
DRC errors detected.
DRC errors detected.
DRC errors detected.
DRC errors detected.
DRC errors detected.
DRC errors detected.
DRC errors detected.
DRC errors detected.
DRC errors detected.
DRC errors detected.
DRC errors detected.
DRC errors detected.
DRC errors detected.
DRC errors detected.
DRC errors detected.
DRC errors detected.
DRC errors detected.
DRC errors detected.
DRC errors detected.
DRC errors detected.
DRC errors detected.
DRC errors detected.
DRC errors detected.
DRC errors detected.
DRC errors detected.
DRC errors detected.
DRC errors detected.
DRC errors detected.
DRC errors detected.
DRC errors detected.
DRC errors detected.
DRC errors detected.
Tue Jun 09 11:57:23 2020				Page    12


DRC errors detected.
DRC errors detected.
DRC errors detected.
DRC errors detected.
DRC errors detected.
DRC errors detected.
DRC errors detected.
DRC errors detected.
DRC errors detected.
DRC errors detected.
DRC errors detected.
DRC errors detected.
DRC errors detected.
DRC errors detected.
DRC errors detected.
DRC errors detected.
DRC errors detected.
DRC errors detected.
DRC errors detected.
DRC errors detected.
DRC errors detected.
DRC errors detected.
DRC errors detected.
DRC errors detected.
DRC errors detected.
DRC errors detected.
DRC errors detected.
DRC errors detected.
DRC errors detected.
DRC errors detected.
DRC errors detected.
DRC errors detected.
DRC errors detected.
DRC errors detected.
DRC errors detected.
DRC errors detected.
DRC errors detected.
DRC errors detected.
DRC errors detected.
DRC errors detected.
DRC errors detected.
DRC errors detected.
DRC errors detected.
DRC errors detected.
DRC errors detected.
DRC errors detected.
DRC errors detected.
DRC errors detected.
DRC errors detected.
DRC errors detected.
DRC errors detected.
DRC errors detected.
DRC errors detected.
DRC errors detected.
DRC errors detected.
Tue Jun 09 11:57:23 2020				Page    13


DRC errors detected.
DRC errors detected.
DRC errors detected.
DRC errors detected.
DRC errors detected.
DRC errors detected.
DRC errors detected.
DRC errors detected.
DRC errors detected.
DRC errors detected.
DRC errors detected.
DRC errors detected.
DRC errors detected.
DRC errors detected.
DRC errors detected.
DRC errors detected.
DRC errors detected.
DRC errors detected.
DRC errors detected.
DRC errors detected.
DRC errors detected.
DRC errors detected.
DRC errors detected.
DRC errors detected.
DRC errors detected.
DRC errors detected.
DRC errors detected.
DRC errors detected.
DRC errors detected.
DRC errors detected.
DRC errors detected.
DRC errors detected.
DRC errors detected.
DRC errors detected.
DRC errors detected.
DRC errors detected.
DRC errors detected.
DRC errors detected.
DRC errors detected.
DRC errors detected.
DRC errors detected.
DRC errors detected.
DRC errors detected.
DRC errors detected.
DRC errors detected.
DRC errors detected.
DRC errors detected.
DRC errors detected.
DRC errors detected.
DRC errors detected.
DRC errors detected.
DRC errors detected.
DRC errors detected.
DRC errors detected.
DRC errors detected.
Tue Jun 09 11:57:23 2020				Page    14


DRC errors detected.
DRC errors detected.
DRC errors detected.
DRC errors detected.
DRC errors detected.
DRC errors detected.
DRC errors detected.
DRC errors detected.
DRC errors detected.
DRC errors detected.
DRC errors detected.
DRC errors detected.
DRC errors detected.
DRC errors detected.
DRC errors detected.
DRC errors detected.
DRC errors detected.
DRC errors detected.
DRC errors detected.
DRC errors detected.
DRC errors detected.
DRC errors detected.
DRC errors detected.
DRC errors detected.
DRC errors detected.
DRC errors detected.
DRC errors detected.
DRC errors detected.
DRC errors detected.
DRC errors detected.
DRC errors detected.
DRC errors detected.
DRC errors detected.
DRC errors detected.
DRC errors detected.
DRC errors detected.
DRC errors detected.
DRC errors detected.
DRC errors detected.
DRC errors detected.
DRC errors detected.
DRC errors detected.
DRC errors detected.
DRC errors detected.
DRC errors detected.
DRC errors detected.
DRC errors detected.
DRC errors detected.
DRC errors detected.
DRC errors detected.
DRC errors detected.
DRC errors detected.
DRC errors detected.
DRC errors detected.
DRC errors detected.
Tue Jun 09 11:57:23 2020				Page    15


DRC errors detected.
DRC errors detected.
DRC errors detected.
DRC errors detected.
DRC errors detected.
DRC errors detected.
DRC errors detected.
DRC errors detected.
DRC errors detected.
DRC errors detected.
DRC errors detected.
DRC errors detected.
DRC errors detected.
DRC errors detected.
DRC errors detected.
DRC errors detected.
DRC errors detected.
DRC errors detected.
DRC errors detected.
DRC errors detected.
DRC errors detected.
DRC errors detected.
DRC errors detected.
DRC errors detected.
DRC errors detected.
DRC errors detected.
DRC errors detected.
DRC errors detected.
DRC errors detected.
DRC errors detected.
DRC errors detected.
DRC errors detected.
DRC errors detected.
DRC errors detected.
DRC errors detected.
DRC errors detected.
DRC errors detected.
DRC errors detected.
DRC errors detected.
DRC errors detected.
DRC errors detected.
DRC errors detected.
DRC errors detected.
DRC errors detected.
DRC errors detected.
DRC errors detected.
DRC errors detected.
DRC errors detected.
DRC errors detected.
DRC errors detected.
DRC errors detected.
DRC errors detected.
DRC errors detected.
DRC errors detected.
DRC errors detected.
Tue Jun 09 11:57:23 2020				Page    16


DRC errors detected.
DRC errors detected.
DRC errors detected.
DRC errors detected.
DRC errors detected.
DRC errors detected.
DRC errors detected.
DRC errors detected.
DRC errors detected.
DRC errors detected.
DRC errors detected.
DRC errors detected.
DRC errors detected.
DRC errors detected.
DRC errors detected.
DRC errors detected.
DRC errors detected.
DRC errors detected.
DRC errors detected.
DRC errors detected.
DRC errors detected.
DRC errors detected.
DRC errors detected.
DRC errors detected.
DRC errors detected.
DRC errors detected.
DRC errors detected.
DRC errors detected.
DRC errors detected.
DRC errors detected.
DRC errors detected.
DRC errors detected.
DRC errors detected.
DRC errors detected.
DRC errors detected.
DRC errors detected.
DRC errors detected.
DRC errors detected.
DRC errors detected.
DRC errors detected.
DRC errors detected.
DRC errors detected.
DRC errors detected.
DRC errors detected.
DRC errors detected.
DRC errors detected.
DRC errors detected.
DRC errors detected.
DRC errors detected.
DRC errors detected.
DRC errors detected.
DRC errors detected.
DRC errors detected.
DRC errors detected.
DRC errors detected.
Tue Jun 09 11:57:23 2020				Page    17


DRC errors detected.
DRC errors detected.
DRC errors detected.
DRC errors detected.
DRC errors detected.
DRC errors detected.
DRC errors detected.
DRC errors detected.
DRC errors detected.
DRC errors detected.
DRC errors detected.
DRC errors detected.
DRC errors detected.
DRC errors detected.
DRC errors detected.
DRC errors detected.
DRC errors detected.
DRC errors detected.
DRC errors detected.
DRC errors detected.
DRC errors detected.
DRC errors detected.
DRC errors detected.
DRC errors detected.
DRC errors detected.
DRC errors detected.
DRC errors detected.
DRC errors detected.
DRC errors detected.
DRC errors detected.
DRC errors detected.
DRC errors detected.
DRC errors detected.
DRC errors detected.
DRC errors detected.
DRC errors detected.
DRC errors detected.
DRC errors detected.
DRC errors detected.
DRC errors detected.
DRC errors detected.
DRC errors detected.
DRC errors detected.
DRC errors detected.
DRC errors detected.
DRC errors detected.
DRC errors detected.
DRC errors detected.
DRC errors detected.
DRC errors detected.
DRC errors detected.
DRC errors detected.
DRC errors detected.
DRC errors detected.
DRC errors detected.
Tue Jun 09 11:57:23 2020				Page    18


DRC errors detected.
DRC errors detected.
DRC errors detected.
DRC errors detected.
DRC errors detected.
DRC errors detected.
DRC errors detected.
DRC errors detected.
DRC errors detected.
DRC errors detected.
DRC errors detected.
DRC errors detected.
DRC errors detected.
DRC errors detected.
DRC errors detected.
DRC errors detected.
DRC errors detected.
DRC errors detected.
DRC errors detected.
DRC errors detected.
DRC errors detected.
DRC errors detected.
DRC errors detected.
DRC errors detected.
DRC errors detected.
DRC errors detected.
DRC errors detected.
DRC errors detected.
DRC errors detected.
DRC errors detected.
DRC errors detected.
DRC errors detected.
DRC errors detected.
DRC errors detected.
DRC errors detected.
DRC errors detected.
DRC errors detected.
DRC errors detected.
DRC errors detected.
DRC errors detected.
DRC errors detected.
DRC errors detected.
DRC errors detected.
DRC errors detected.
DRC errors detected.
DRC errors detected.
DRC errors detected.
DRC errors detected.
DRC errors detected.
DRC errors detected.
DRC errors detected.
DRC errors detected.
DRC errors detected.
DRC errors detected.
DRC errors detected.
Tue Jun 09 11:57:23 2020				Page    19


DRC errors detected.
DRC errors detected.
DRC errors detected.
DRC errors detected.
DRC errors detected.
DRC errors detected.
DRC errors detected.
DRC errors detected.
DRC errors detected.
DRC errors detected.
DRC errors detected.
DRC errors detected.
DRC errors detected.
DRC errors detected.
DRC errors detected.
DRC errors detected.
DRC errors detected.
DRC errors detected.
DRC errors detected.
DRC errors detected.
DRC errors detected.
DRC errors detected.
DRC errors detected.
DRC errors detected.
DRC errors detected.
DRC errors detected.
DRC errors detected.
DRC errors detected.
DRC errors detected.
DRC errors detected.
DRC errors detected.
DRC errors detected.
DRC errors detected.
DRC errors detected.
DRC errors detected.
DRC errors detected.
DRC errors detected.
DRC errors detected.
DRC errors detected.
DRC errors detected.
DRC errors detected.
DRC errors detected.
DRC errors detected.
DRC errors detected.
DRC errors detected.
DRC errors detected.
DRC errors detected.
DRC errors detected.
DRC errors detected.
DRC errors detected.
DRC errors detected.
DRC errors detected.
DRC errors detected.
DRC errors detected.
DRC errors detected.
Tue Jun 09 11:57:23 2020				Page    20


DRC errors detected.
DRC errors detected.
DRC errors detected.
DRC errors detected.
DRC errors detected.
DRC errors detected.
DRC errors detected.
DRC errors detected.
DRC errors detected.
DRC errors detected.
DRC errors detected.
DRC errors detected.
DRC errors detected.
DRC errors detected.
DRC errors detected.
DRC errors detected.
DRC errors detected.
DRC errors detected.
DRC errors detected.
DRC errors detected.
DRC errors detected.
DRC errors detected.
DRC errors detected.
DRC errors detected.
DRC errors detected.
DRC errors detected.
DRC errors detected.
DRC errors detected.
DRC errors detected.
DRC errors detected.
DRC errors detected.
DRC errors detected.
DRC errors detected.
DRC errors detected.
DRC errors detected.
DRC errors detected.
DRC errors detected.
DRC errors detected.
DRC errors detected.
DRC errors detected.
DRC errors detected.
DRC errors detected.
DRC errors detected.
DRC errors detected.
DRC errors detected.
DRC errors detected.
DRC errors detected.
DRC errors detected.
DRC errors detected.
DRC errors detected.
DRC errors detected.
DRC errors detected.
DRC errors detected.
DRC errors detected.
DRC errors detected.
Tue Jun 09 11:57:23 2020				Page    21


DRC errors detected.
DRC errors detected.
DRC errors detected.
DRC errors detected.
DRC errors detected.
DRC errors detected.
DRC errors detected.
DRC errors detected.
DRC errors detected.
DRC errors detected.
DRC errors detected.
DRC errors detected.
DRC errors detected.
DRC errors detected.
DRC errors detected.
DRC errors detected.
DRC errors detected.
DRC errors detected.
DRC errors detected.
DRC errors detected.
DRC errors detected.
DRC errors detected.
DRC errors detected.
DRC errors detected.
DRC errors detected.
DRC errors detected.
DRC errors detected.
DRC errors detected.
DRC errors detected.
DRC errors detected.
DRC errors detected.
DRC errors detected.
DRC errors detected.
DRC errors detected.
DRC errors detected.
DRC errors detected.
DRC errors detected.
DRC errors detected.
DRC errors detected.
DRC errors detected.
DRC errors detected.
DRC errors detected.
DRC errors detected.
DRC errors detected.
DRC errors detected.
DRC errors detected.
DRC errors detected.
DRC errors detected.
DRC errors detected.
DRC errors detected.
DRC errors detected.
DRC errors detected.
DRC errors detected.
DRC errors detected.
DRC errors detected.
Tue Jun 09 11:57:23 2020				Page    22


DRC errors detected.
DRC errors detected.
DRC errors detected.
DRC errors detected.
DRC errors detected.
DRC errors detected.
DRC errors detected.
DRC errors detected.
DRC errors detected.
DRC errors detected.
DRC errors detected.
DRC errors detected.
DRC errors detected.
DRC errors detected.
DRC errors detected.
DRC errors detected.
DRC errors detected.
DRC errors detected.
DRC errors detected.
DRC errors detected.
DRC errors detected.
DRC errors detected.
DRC errors detected.
DRC errors detected.
DRC errors detected.
DRC errors detected.
DRC errors detected.
DRC errors detected.
DRC errors detected.
DRC errors detected.
DRC errors detected.
DRC errors detected.
DRC errors detected.
DRC errors detected.
DRC errors detected.
DRC errors detected.
DRC errors detected.
DRC errors detected.
DRC errors detected.
DRC errors detected.
DRC errors detected.
DRC errors detected.
DRC errors detected.
DRC errors detected.
DRC errors detected.
DRC errors detected.
DRC errors detected.
DRC errors detected.
DRC errors detected.
DRC errors detected.
DRC errors detected.
DRC errors detected.
DRC errors detected.
DRC errors detected.
DRC errors detected.
Tue Jun 09 11:57:23 2020				Page    23


DRC errors detected.
DRC errors detected.
DRC errors detected.
DRC errors detected.
DRC errors detected.
DRC errors detected.
DRC errors detected.
DRC errors detected.
DRC errors detected.
DRC errors detected.
DRC errors detected.
DRC errors detected.
DRC errors detected.
DRC errors detected.
DRC errors detected.
DRC errors detected.
DRC errors detected.
DRC errors detected.
DRC errors detected.
DRC errors detected.
DRC errors detected.
DRC errors detected.
DRC errors detected.
DRC errors detected.
DRC errors detected.
DRC errors detected.
DRC errors detected.
DRC errors detected.
DRC errors detected.
DRC errors detected.
DRC errors detected.
DRC errors detected.
DRC errors detected.
DRC errors detected.
DRC errors detected.
DRC errors detected.
DRC errors detected.
DRC errors detected.
DRC errors detected.
DRC errors detected.
DRC errors detected.
DRC errors detected.
DRC errors detected.
DRC errors detected.
DRC errors detected.
DRC errors detected.
DRC errors detected.
DRC errors detected.
DRC errors detected.
DRC errors detected.
DRC errors detected.
DRC errors detected.
DRC errors detected.
DRC errors detected.
DRC errors detected.
Tue Jun 09 11:57:23 2020				Page    24


DRC errors detected.
DRC errors detected.
DRC errors detected.
DRC errors detected.
DRC errors detected.
DRC errors detected.
DRC errors detected.
DRC errors detected.
DRC errors detected.
DRC errors detected.
DRC errors detected.
DRC errors detected.
DRC errors detected.
DRC errors detected.
DRC errors detected.
DRC errors detected.
DRC errors detected.
DRC errors detected.
DRC errors detected.
DRC errors detected.
DRC errors detected.
DRC errors detected.
DRC errors detected.
DRC errors detected.
DRC errors detected.
DRC errors detected.
DRC errors detected.
DRC errors detected.
DRC errors detected.
DRC errors detected.
DRC errors detected.
DRC errors detected.
DRC errors detected.
DRC errors detected.
DRC errors detected.
DRC errors detected.
DRC errors detected.
DRC errors detected.
DRC errors detected.
DRC errors detected.
DRC errors detected.
DRC errors detected.
DRC errors detected.
DRC errors detected.
DRC errors detected.
DRC errors detected.
DRC errors detected.
DRC errors detected.
DRC errors detected.
DRC errors detected.
DRC errors detected.
DRC errors detected.
DRC errors detected.
DRC errors detected.
DRC errors detected.
Tue Jun 09 11:57:23 2020				Page    25


DRC errors detected.
DRC errors detected.
DRC errors detected.
DRC errors detected.
DRC errors detected.
DRC errors detected.
DRC errors detected.
DRC errors detected.
DRC errors detected.
DRC errors detected.
DRC errors detected.
DRC errors detected.
DRC errors detected.
DRC errors detected.
DRC errors detected.
DRC errors detected.
DRC errors detected.
DRC errors detected.
DRC errors detected.
DRC errors detected.
DRC errors detected.
DRC errors detected.
DRC errors detected.
DRC errors detected.
DRC errors detected.
DRC errors detected.
DRC errors detected.
DRC errors detected.
DRC errors detected.
DRC errors detected.
DRC errors detected.
DRC errors detected.
DRC errors detected.
DRC errors detected.
DRC errors detected.
DRC errors detected.
DRC errors detected.
DRC errors detected.
DRC errors detected.
DRC errors detected.
DRC errors detected.
DRC errors detected.
DRC errors detected.
DRC errors detected.
DRC errors detected.
DRC errors detected.
DRC errors detected.
DRC errors detected.
DRC errors detected.
DRC errors detected.
DRC errors detected.
DRC errors detected.
DRC errors detected.
DRC errors detected.
DRC errors detected.
Tue Jun 09 11:57:23 2020				Page    26


DRC errors detected.
DRC errors detected.
DRC errors detected.
DRC errors detected.
DRC errors detected.
DRC errors detected.
DRC errors detected.
DRC errors detected.
DRC errors detected.
DRC errors detected.
DRC errors detected.
DRC errors detected.
DRC errors detected.
DRC errors detected.
DRC errors detected.
DRC errors detected.
DRC errors detected.
DRC errors detected.
DRC errors detected.
DRC errors detected.
DRC errors detected.
DRC errors detected.
DRC errors detected.
DRC errors detected.
DRC errors detected.
DRC errors detected.
DRC errors detected.
DRC errors detected.
DRC errors detected.
DRC errors detected.
DRC errors detected.
DRC errors detected.
DRC errors detected.
DRC errors detected.
DRC errors detected.
DRC errors detected.
DRC errors detected.
DRC errors detected.
DRC errors detected.
DRC errors detected.
DRC errors detected.
DRC errors detected.
DRC errors detected.
DRC errors detected.
DRC errors detected.
DRC errors detected.
DRC errors detected.
DRC errors detected.
DRC errors detected.
DRC errors detected.
DRC errors detected.
DRC errors detected.
DRC errors detected.
DRC errors detected.
DRC errors detected.
Tue Jun 09 11:57:23 2020				Page    27


DRC errors detected.
DRC errors detected.
DRC errors detected.
DRC errors detected.
DRC errors detected.
DRC errors detected.
DRC errors detected.
DRC errors detected.
DRC errors detected.
DRC errors detected.
DRC errors detected.
DRC errors detected.
DRC errors detected.
DRC errors detected.
DRC errors detected.
DRC errors detected.
DRC errors detected.
DRC errors detected.
DRC errors detected.
DRC errors detected.
DRC errors detected.
DRC errors detected.
DRC errors detected.
DRC errors detected.
DRC errors detected.
DRC errors detected.
DRC errors detected.
DRC errors detected.
DRC errors detected.
DRC errors detected.
DRC errors detected.
DRC errors detected.
DRC errors detected.
DRC errors detected.
DRC errors detected.
DRC errors detected.
DRC errors detected.
DRC errors detected.
DRC errors detected.
DRC errors detected.
DRC errors detected.
DRC errors detected.
DRC errors detected.
DRC errors detected.
DRC errors detected.
DRC errors detected.
DRC errors detected.
DRC errors detected.
DRC errors detected.
DRC errors detected.
DRC errors detected.
DRC errors detected.
DRC errors detected.
DRC errors detected.
DRC errors detected.
Tue Jun 09 11:57:23 2020				Page    28


DRC errors detected.
DRC errors detected.
DRC errors detected.
DRC errors detected.
DRC errors detected.
DRC errors detected.
DRC errors detected.
DRC errors detected.
DRC errors detected.
DRC errors detected.
DRC errors detected.
DRC errors detected.
DRC errors detected.
DRC errors detected.
DRC errors detected.
DRC errors detected.
DRC errors detected.
DRC errors detected.
DRC errors detected.
DRC errors detected.
DRC errors detected.
DRC errors detected.
DRC errors detected.
DRC errors detected.
DRC errors detected.
DRC errors detected.
DRC errors detected.
DRC errors detected.
DRC errors detected.
DRC errors detected.
DRC errors detected.
DRC errors detected.
DRC errors detected.
DRC errors detected.
DRC errors detected.
DRC errors detected.
DRC errors detected.
DRC errors detected.
DRC errors detected.
DRC errors detected.
DRC errors detected.
DRC errors detected.
DRC errors detected.
DRC errors detected.
DRC errors detected.
DRC errors detected.
DRC errors detected.
DRC errors detected.
DRC errors detected.
DRC errors detected.
DRC errors detected.
DRC errors detected.
DRC errors detected.
DRC errors detected.
DRC errors detected.
Tue Jun 09 11:57:23 2020				Page    29


DRC errors detected.
DRC errors detected.
DRC errors detected.
DRC errors detected.
DRC errors detected.
DRC errors detected.
DRC errors detected.
DRC errors detected.
DRC errors detected.
DRC errors detected.
DRC errors detected.
DRC errors detected.
DRC errors detected.
DRC errors detected.
DRC errors detected.
DRC errors detected.
DRC errors detected.
DRC errors detected.
DRC errors detected.
DRC errors detected.
DRC errors detected.
DRC errors detected.
DRC errors detected.
DRC errors detected.
DRC errors detected.
DRC errors detected.
DRC errors detected.
DRC errors detected.
DRC errors detected.
DRC errors detected.
DRC errors detected.
DRC errors detected.
DRC errors detected.
DRC errors detected.
DRC errors detected.
DRC errors detected.
DRC errors detected.
DRC errors detected.
DRC errors detected.
DRC errors detected.
DRC errors detected.
DRC errors detected.
DRC errors detected.
DRC errors detected.
DRC errors detected.
DRC errors detected.
DRC errors detected.
DRC errors detected.
DRC errors detected.
DRC errors detected.
DRC errors detected.
DRC errors detected.
DRC errors detected.
DRC errors detected.
DRC errors detected.
Tue Jun 09 11:57:23 2020				Page    30


DRC errors detected.
DRC errors detected.
DRC errors detected.
DRC errors detected.
DRC errors detected.
DRC errors detected.
DRC errors detected.
DRC errors detected.
DRC errors detected.
DRC errors detected.
DRC errors detected.
DRC errors detected.
DRC errors detected.
DRC errors detected.
DRC errors detected.
DRC errors detected.
DRC errors detected.
DRC errors detected.
DRC errors detected.
DRC errors detected.
DRC errors detected.
DRC errors detected.
DRC errors detected.
DRC errors detected.
DRC errors detected.
DRC errors detected.
DRC errors detected.
DRC errors detected.
DRC errors detected.
DRC errors detected.
DRC errors detected.
DRC errors detected.
DRC errors detected.
DRC errors detected.
DRC errors detected.
DRC errors detected.
DRC errors detected.
DRC errors detected.
DRC errors detected.
DRC errors detected.
DRC errors detected.
DRC errors detected.
DRC errors detected.
DRC errors detected.
DRC errors detected.
DRC errors detected.
DRC errors detected.
DRC errors detected.
DRC errors detected.
DRC errors detected.
DRC errors detected.
DRC errors detected.
DRC errors detected.
DRC errors detected.
DRC errors detected.
Tue Jun 09 11:57:23 2020				Page    31


DRC errors detected.
DRC errors detected.
DRC errors detected.
DRC errors detected.
DRC errors detected.
DRC errors detected.
DRC errors detected.
DRC errors detected.
DRC errors detected.
DRC errors detected.
DRC errors detected.
DRC errors detected.
DRC errors detected.
DRC errors detected.
DRC errors detected.
DRC errors detected.
DRC errors detected.
DRC errors detected.
DRC errors detected.
DRC errors detected.
DRC errors detected.
DRC errors detected.
DRC errors detected.
DRC errors detected.
DRC errors detected.
DRC errors detected.
DRC errors detected.
DRC errors detected.
DRC errors detected.
DRC errors detected.
DRC errors detected.
DRC errors detected.
DRC errors detected.
DRC errors detected.
DRC errors detected.
DRC errors detected.
DRC errors detected.
DRC errors detected.
DRC errors detected.
DRC errors detected.
DRC errors detected.
DRC errors detected.
DRC errors detected.
DRC errors detected.
DRC errors detected.
DRC errors detected.
DRC errors detected.
DRC errors detected.
DRC errors detected.
DRC errors detected.
DRC errors detected.
DRC errors detected.
DRC errors detected.
DRC errors detected.
DRC errors detected.
Tue Jun 09 11:57:23 2020				Page    32


DRC errors detected.
DRC errors detected.
DRC errors detected.
DRC errors detected.
DRC errors detected.
DRC errors detected.
DRC errors detected.
DRC errors detected.
DRC errors detected.
DRC errors detected.
DRC errors detected.
DRC errors detected.
DRC errors detected.
DRC errors detected.
DRC errors detected.
DRC errors detected.
DRC errors detected.
DRC errors detected.
DRC errors detected.
DRC errors detected.
DRC errors detected.
DRC errors detected.
DRC errors detected.
DRC errors detected.
DRC errors detected.
DRC errors detected.
DRC errors detected.
DRC errors detected.
DRC errors detected.
DRC errors detected.
DRC errors detected.
DRC errors detected.
DRC errors detected.
DRC errors detected.
DRC errors detected.
DRC errors detected.
DRC errors detected.
DRC errors detected.
DRC errors detected.
DRC errors detected.
DRC errors detected.
DRC errors detected.
DRC errors detected.
DRC errors detected.
DRC errors detected.
DRC errors detected.
DRC errors detected.
DRC errors detected.
DRC errors detected.
DRC errors detected.
DRC errors detected.
DRC errors detected.
DRC errors detected.
DRC errors detected.
DRC errors detected.
Tue Jun 09 11:57:23 2020				Page    33


DRC errors detected.
DRC errors detected.
DRC errors detected.
DRC errors detected.
DRC errors detected.
DRC errors detected.
DRC errors detected.
DRC errors detected.
DRC errors detected.
DRC errors detected.
DRC errors detected.
DRC errors detected.
DRC errors detected.
DRC errors detected.
DRC errors detected.
DRC errors detected.
DRC errors detected.
DRC errors detected.
DRC errors detected.
DRC errors detected.
DRC errors detected.
DRC errors detected.
DRC errors detected.
DRC errors detected.
DRC errors detected.
DRC errors detected.
DRC errors detected.
DRC errors detected.
DRC errors detected.
DRC errors detected.
DRC errors detected.
DRC errors detected.
DRC errors detected.
DRC errors detected.
DRC errors detected.
DRC errors detected.
DRC errors detected.
DRC errors detected.
DRC errors detected.
DRC errors detected.
DRC errors detected.
DRC errors detected.
DRC errors detected.
DRC errors detected.
DRC errors detected.
DRC errors detected.
DRC errors detected.
DRC errors detected.
DRC errors detected.
DRC errors detected.
DRC errors detected.
DRC errors detected.
DRC errors detected.
DRC errors detected.
DRC errors detected.
Tue Jun 09 11:57:23 2020				Page    34


DRC errors detected.
DRC errors detected.
DRC errors detected.
DRC errors detected.
DRC errors detected.
DRC errors detected.
DRC errors detected.
DRC errors detected.
DRC errors detected.
DRC errors detected.
DRC errors detected.
DRC errors detected.
DRC errors detected.
DRC errors detected.
DRC errors detected.
DRC errors detected.
DRC errors detected.
DRC errors detected.
DRC errors detected.
DRC errors detected.
DRC errors detected.
DRC errors detected.
DRC errors detected.
DRC errors detected.
DRC errors detected.
DRC errors detected.
DRC errors detected.
DRC errors detected.
DRC errors detected.
DRC errors detected.
DRC errors detected.
DRC errors detected.
DRC errors detected.
DRC errors detected.
DRC errors detected.
DRC errors detected.
DRC errors detected.
DRC errors detected.
DRC errors detected.
DRC errors detected.
DRC errors detected.
DRC errors detected.
DRC errors detected.
DRC errors detected.
DRC errors detected.
DRC errors detected.
DRC errors detected.
DRC errors detected.
DRC errors detected.
DRC errors detected.
DRC errors detected.
DRC errors detected.
DRC errors detected.
DRC errors detected.
DRC errors detected.
Tue Jun 09 11:57:23 2020				Page    35


DRC errors detected.
DRC errors detected.
DRC errors detected.
DRC errors detected.
DRC errors detected.
DRC errors detected.
DRC errors detected.
DRC errors detected.
DRC errors detected.
DRC errors detected.
DRC errors detected.
DRC errors detected.
DRC errors detected.
DRC errors detected.
DRC errors detected.
DRC errors detected.
DRC errors detected.
DRC errors detected.
DRC errors detected.
DRC errors detected.
DRC errors detected.
DRC errors detected.
DRC errors detected.
DRC errors detected.
DRC errors detected.
DRC errors detected.
DRC errors detected.
DRC errors detected.
DRC errors detected.
DRC errors detected.
DRC errors detected.
DRC errors detected.
DRC errors detected.
DRC errors detected.
DRC errors detected.
DRC errors detected.
DRC errors detected.
DRC errors detected.
DRC errors detected.
DRC errors detected.
DRC errors detected.
DRC errors detected.
DRC errors detected.
DRC errors detected.
DRC errors detected.
DRC errors detected.
DRC errors detected.
DRC errors detected.
DRC errors detected.
DRC errors detected.
DRC errors detected.
DRC errors detected.
DRC errors detected.
DRC errors detected.
DRC errors detected.
Tue Jun 09 11:57:23 2020				Page    36


DRC errors detected.
DRC errors detected.
DRC errors detected.
DRC errors detected.
DRC errors detected.
DRC errors detected.
DRC errors detected.
DRC errors detected.
DRC errors detected.
DRC errors detected.
DRC errors detected.
DRC errors detected.
DRC errors detected.
DRC errors detected.
DRC errors detected.
DRC errors detected.
DRC errors detected.
DRC errors detected.
DRC errors detected.
DRC errors detected.
DRC errors detected.
DRC errors detected.
DRC errors detected.
DRC errors detected.
DRC errors detected.
DRC errors detected.
DRC errors detected.
DRC errors detected.
DRC errors detected.
DRC errors detected.
DRC errors detected.
DRC errors detected.
DRC errors detected.
DRC errors detected.
DRC errors detected.
DRC errors detected.
DRC errors detected.
DRC errors detected.
DRC errors detected.
DRC errors detected.
DRC errors detected.
DRC errors detected.
DRC errors detected.
DRC errors detected.
DRC errors detected.
DRC errors detected.
DRC errors detected.
DRC errors detected.
DRC errors detected.
DRC errors detected.
DRC errors detected.
DRC errors detected.
DRC errors detected.
DRC errors detected.
DRC errors detected.
Tue Jun 09 11:57:23 2020				Page    37


DRC errors detected.
DRC errors detected.
DRC errors detected.
DRC errors detected.
DRC errors detected.
DRC errors detected.
DRC errors detected.
DRC errors detected.
DRC errors detected.
DRC errors detected.
DRC errors detected.
DRC errors detected.
DRC errors detected.
DRC errors detected.
DRC errors detected.
DRC errors detected.
DRC errors detected.
DRC errors detected.
DRC errors detected.
DRC errors detected.
DRC errors detected.
DRC errors detected.
DRC errors detected.
DRC errors detected.
DRC errors detected.
DRC errors detected.
DRC errors detected.
DRC errors detected.
DRC errors detected.
DRC errors detected.
DRC errors detected.
DRC errors detected.
DRC errors detected.
DRC errors detected.
DRC errors detected.
DRC errors detected.
DRC errors detected.
DRC errors detected.
DRC errors detected.
DRC errors detected.
DRC errors detected.
DRC errors detected.
DRC errors detected.
DRC errors detected.
DRC errors detected.
DRC errors detected.
DRC errors detected.
DRC errors detected.
DRC errors detected.
DRC errors detected.
DRC errors detected.
DRC errors detected.
DRC errors detected.
DRC errors detected.
DRC errors detected.
Tue Jun 09 11:57:23 2020				Page    38


DRC errors detected.
DRC errors detected.
DRC errors detected.
DRC errors detected.
DRC errors detected.
DRC errors detected.
DRC errors detected.
DRC errors detected.
DRC errors detected.
DRC errors detected.
DRC errors detected.
DRC errors detected.
DRC errors detected.
DRC errors detected.
DRC errors detected.
DRC errors detected.
DRC errors detected.
DRC errors detected.
DRC errors detected.
DRC errors detected.
DRC errors detected.
DRC errors detected.
DRC errors detected.
DRC errors detected.
DRC errors detected.
DRC errors detected.
DRC errors detected.
DRC errors detected.
DRC errors detected.
DRC errors detected.
DRC errors detected.
DRC errors detected.
DRC errors detected.
DRC errors detected.
DRC errors detected.
DRC errors detected.
DRC errors detected.
DRC errors detected.
DRC errors detected.
DRC errors detected.
DRC errors detected.
DRC errors detected.
DRC errors detected.
DRC errors detected.
DRC errors detected.
DRC errors detected.
DRC errors detected.
DRC errors detected.
DRC errors detected.
DRC errors detected.
DRC errors detected.
DRC errors detected.
DRC errors detected.
DRC errors detected.
DRC errors detected.
Tue Jun 09 11:57:23 2020				Page    39


DRC errors detected.
DRC errors detected.
DRC errors detected.
DRC errors detected.
DRC errors detected.
DRC errors detected.
DRC errors detected.
DRC errors detected.
DRC errors detected.
DRC errors detected.
DRC errors detected.
DRC errors detected.
DRC errors detected.
DRC errors detected.
DRC errors detected.
DRC errors detected.
DRC errors detected.
DRC errors detected.
DRC errors detected.
DRC errors detected.
DRC errors detected.
DRC errors detected.
DRC errors detected.
DRC errors detected.
DRC errors detected.
DRC errors detected.
DRC errors detected.
DRC errors detected.
DRC errors detected.
DRC errors detected.
DRC errors detected.
DRC errors detected.
DRC errors detected.
DRC errors detected.
DRC errors detected.
DRC errors detected.
DRC errors detected.
DRC errors detected.
DRC errors detected.
DRC errors detected.
DRC errors detected.
DRC errors detected.
DRC errors detected.
DRC errors detected.
DRC errors detected.
DRC errors detected.
DRC errors detected.
DRC errors detected.
DRC errors detected.
DRC errors detected.
DRC errors detected.
DRC errors detected.
DRC errors detected.
DRC errors detected.
DRC errors detected.
Tue Jun 09 11:57:23 2020				Page    40


DRC errors detected.
DRC errors detected.
DRC errors detected.
DRC errors detected.
DRC errors detected.
DRC errors detected.
DRC errors detected.
DRC errors detected.
DRC errors detected.
DRC errors detected.
DRC errors detected.
DRC errors detected.
DRC errors detected.
DRC errors detected.
DRC errors detected.
DRC errors detected.
DRC errors detected.
DRC errors detected.
DRC errors detected.
DRC errors detected.
DRC errors detected.
DRC errors detected.
DRC errors detected.
DRC errors detected.
DRC errors detected.
DRC errors detected.
DRC errors detected.
DRC errors detected.
DRC errors detected.
DRC errors detected.
DRC errors detected.
DRC errors detected.
DRC errors detected.
DRC errors detected.
DRC errors detected.
DRC errors detected.
DRC errors detected.
DRC errors detected.
DRC errors detected.
DRC errors detected.
DRC errors detected.
DRC errors detected.
DRC errors detected.
DRC errors detected.
DRC errors detected.
DRC errors detected.
DRC errors detected.
DRC errors detected.
DRC errors detected.
DRC errors detected.
DRC errors detected.
DRC errors detected.
DRC errors detected.
DRC errors detected.
DRC errors detected.
Tue Jun 09 11:57:23 2020				Page    41


DRC errors detected.
DRC errors detected.
DRC errors detected.
DRC errors detected.
DRC errors detected.
DRC errors detected.
DRC errors detected.
DRC errors detected.
DRC errors detected.
DRC errors detected.
DRC errors detected.
DRC errors detected.
DRC errors detected.
DRC errors detected.
DRC errors detected.
DRC errors detected.
DRC errors detected.
DRC errors detected.
DRC errors detected.
DRC errors detected.
DRC errors detected.
DRC errors detected.
DRC errors detected.
DRC errors detected.
DRC errors detected.
DRC errors detected.
DRC errors detected.
DRC errors detected.
DRC errors detected.
DRC errors detected.
DRC errors detected.
DRC errors detected.
DRC errors detected.
DRC errors detected.
DRC errors detected.
DRC errors detected.
DRC errors detected.
DRC errors detected.
DRC errors detected.
DRC errors detected.
DRC errors detected.
DRC errors detected.
DRC errors detected.
DRC errors detected.
DRC errors detected.
DRC errors detected.
DRC errors detected.
DRC errors detected.
DRC errors detected.
DRC errors detected.
DRC errors detected.
DRC errors detected.
DRC errors detected.
DRC errors detected.
DRC errors detected.
Tue Jun 09 11:57:23 2020				Page    42


DRC errors detected.
DRC errors detected.
DRC errors detected.
DRC errors detected.
DRC errors detected.
DRC errors detected.
DRC errors detected.
DRC errors detected.
DRC errors detected.
DRC errors detected.
DRC errors detected.
DRC errors detected.
DRC errors detected.
DRC errors detected.
DRC errors detected.
DRC errors detected.
DRC errors detected.
DRC errors detected.
DRC errors detected.
DRC errors detected.
DRC errors detected.
DRC errors detected.
DRC errors detected.
DRC errors detected.
DRC errors detected.
DRC errors detected.
DRC errors detected.
DRC errors detected.
DRC errors detected.
DRC errors detected.
DRC errors detected.
DRC errors detected.
DRC errors detected.
DRC errors detected.
DRC errors detected.
DRC errors detected.
DRC errors detected.
DRC errors detected.
DRC errors detected.
DRC errors detected.
DRC errors detected.
DRC errors detected.
DRC errors detected.
DRC errors detected.
DRC errors detected.
DRC errors detected.
DRC errors detected.
DRC errors detected.
DRC errors detected.
DRC errors detected.
DRC errors detected.
DRC errors detected.
DRC errors detected.
DRC errors detected.
DRC errors detected.
Tue Jun 09 11:57:23 2020				Page    43


DRC errors detected.
DRC errors detected.
DRC errors detected.
DRC errors detected.
DRC errors detected.
DRC errors detected.
DRC errors detected.
DRC errors detected.
DRC errors detected.
DRC errors detected.
DRC errors detected.
DRC errors detected.
DRC errors detected.
DRC errors detected.
DRC errors detected.
DRC errors detected.
DRC errors detected.
DRC errors detected.
DRC errors detected.
DRC errors detected.
DRC errors detected.
DRC errors detected.
DRC errors detected.
DRC errors detected.
DRC errors detected.
DRC errors detected.
DRC errors detected.
DRC errors detected.
DRC errors detected.
DRC errors detected.
DRC errors detected.
DRC errors detected.
DRC errors detected.
DRC errors detected.
DRC errors detected.
DRC errors detected.
DRC errors detected.
DRC errors detected.
DRC errors detected.
DRC errors detected.
DRC errors detected.
DRC errors detected.
DRC errors detected.
DRC errors detected.
DRC errors detected.
DRC errors detected.
DRC errors detected.
DRC errors detected.
DRC errors detected.
DRC errors detected.
DRC errors detected.
DRC errors detected.
DRC errors detected.
DRC errors detected.
DRC errors detected.
Tue Jun 09 11:57:23 2020				Page    44


DRC errors detected.
DRC errors detected.
DRC errors detected.
DRC errors detected.
DRC errors detected.
DRC errors detected.
DRC errors detected.
DRC errors detected.
DRC errors detected.
DRC errors detected.
DRC errors detected.
DRC errors detected.
DRC errors detected.
DRC errors detected.
DRC errors detected.
DRC errors detected.
DRC errors detected.
DRC errors detected.
DRC errors detected.
DRC errors detected.
DRC errors detected.
DRC errors detected.
DRC errors detected.
DRC errors detected.
DRC errors detected.
DRC errors detected.
DRC errors detected.
DRC errors detected.
DRC errors detected.
DRC errors detected.
DRC errors detected.
DRC errors detected.
DRC errors detected.
DRC errors detected.
DRC errors detected.
DRC errors detected.
DRC errors detected.
DRC errors detected.
DRC errors detected.
DRC errors detected.
DRC errors detected.
DRC errors detected.
DRC errors detected.
DRC errors detected.
DRC errors detected.
DRC errors detected.
DRC errors detected.
DRC errors detected.
DRC errors detected.
DRC errors detected.
DRC errors detected.
DRC errors detected.
DRC errors detected.
DRC errors detected.
DRC errors detected.
Tue Jun 09 11:57:23 2020				Page    45


DRC errors detected.
DRC errors detected.
DRC errors detected.
DRC errors detected.
DRC errors detected.
DRC errors detected.
DRC errors detected.
DRC errors detected.
DRC errors detected.
DRC errors detected.
DRC errors detected.
DRC errors detected.
DRC errors detected.
DRC errors detected.
DRC errors detected.
DRC errors detected.
DRC errors detected.
DRC errors detected.
DRC errors detected.
DRC errors detected.
DRC errors detected.
DRC errors detected.
DRC errors detected.
DRC errors detected.
DRC errors detected.
DRC errors detected.
DRC errors detected.
DRC errors detected.
DRC errors detected.
DRC errors detected.
DRC errors detected.
DRC errors detected.
DRC errors detected.
DRC errors detected.
DRC errors detected.
DRC errors detected.
DRC errors detected.
DRC errors detected.
DRC errors detected.
DRC errors detected.
DRC errors detected.
DRC errors detected.
DRC errors detected.
DRC errors detected.
DRC errors detected.
DRC errors detected.
DRC errors detected.
DRC errors detected.
DRC errors detected.
DRC errors detected.
DRC errors detected.
DRC errors detected.
DRC errors detected.
DRC errors detected.
DRC errors detected.
Tue Jun 09 11:57:23 2020				Page    46


DRC errors detected.
DRC errors detected.
DRC errors detected.
DRC errors detected.
DRC errors detected.
DRC errors detected.
DRC errors detected.
DRC errors detected.
DRC errors detected.
DRC errors detected.
DRC errors detected.
DRC errors detected.
DRC errors detected.
DRC errors detected.
DRC errors detected.
DRC errors detected.
DRC errors detected.
DRC errors detected.
DRC errors detected.
DRC errors detected.
DRC errors detected.
DRC errors detected.
DRC errors detected.
DRC errors detected.
DRC errors detected.
DRC errors detected.
DRC errors detected.
DRC errors detected.
DRC errors detected.
DRC errors detected.
DRC errors detected.
DRC errors detected.
DRC errors detected.
DRC errors detected.
DRC errors detected.
DRC errors detected.
DRC errors detected.
DRC errors detected.
DRC errors detected.
DRC errors detected.
DRC errors detected.
DRC errors detected.
DRC errors detected.
DRC errors detected.
DRC errors detected.
DRC errors detected.
DRC errors detected.
DRC errors detected.
DRC errors detected.
DRC errors detected.
DRC errors detected.
DRC errors detected.
DRC errors detected.
DRC errors detected.
DRC errors detected.
Tue Jun 09 11:57:23 2020				Page    47


DRC errors detected.
DRC errors detected.
DRC errors detected.
DRC errors detected.
DRC errors detected.
DRC errors detected.
DRC errors detected.
DRC errors detected.
DRC errors detected.
DRC errors detected.
DRC errors detected.
DRC errors detected.
DRC errors detected.
DRC errors detected.
DRC errors detected.
DRC errors detected.
DRC errors detected.
DRC errors detected.
DRC errors detected.
DRC errors detected.
DRC errors detected.
DRC errors detected.
DRC errors detected.
DRC errors detected.
DRC errors detected.
DRC errors detected.
DRC errors detected.
DRC errors detected.
DRC errors detected.
DRC errors detected.
DRC errors detected.
DRC errors detected.
DRC errors detected.
DRC errors detected.
DRC errors detected.
DRC errors detected.
DRC errors detected.
DRC errors detected.
DRC errors detected.
DRC errors detected.
DRC errors detected.
DRC errors detected.
DRC errors detected.
DRC errors detected.
DRC errors detected.
DRC errors detected.
DRC errors detected.
DRC errors detected.
DRC errors detected.
DRC errors detected.
DRC errors detected.
DRC errors detected.
DRC errors detected.
DRC errors detected.
DRC errors detected.
Tue Jun 09 11:57:23 2020				Page    48


DRC errors detected.
DRC errors detected.
DRC errors detected.
DRC errors detected.
DRC errors detected.
DRC errors detected.
DRC errors detected.
DRC errors detected.
DRC errors detected.
DRC errors detected.
DRC errors detected.
DRC errors detected.
DRC errors detected.
DRC errors detected.
DRC errors detected.
DRC errors detected.
DRC errors detected.
DRC errors detected.
DRC errors detected.
DRC errors detected.
DRC errors detected.
DRC errors detected.
DRC errors detected.
DRC errors detected.
DRC errors detected.
DRC errors detected.
DRC errors detected.
DRC errors detected.
DRC errors detected.
DRC errors detected.
DRC errors detected.
DRC errors detected.
DRC errors detected.
DRC errors detected.
DRC errors detected.
DRC errors detected.
DRC errors detected.
DRC errors detected.
DRC errors detected.
DRC errors detected.
DRC errors detected.
DRC errors detected.
DRC errors detected.
DRC errors detected.
DRC errors detected.
DRC errors detected.
DRC errors detected.
DRC errors detected.
DRC errors detected.
DRC errors detected.
DRC errors detected.
DRC errors detected.
DRC errors detected.
DRC errors detected.
DRC errors detected.
Tue Jun 09 11:57:23 2020				Page    49


DRC errors detected.
DRC errors detected.
DRC errors detected.
DRC errors detected.
DRC errors detected.
DRC errors detected.
DRC errors detected.
DRC errors detected.
DRC errors detected.
DRC errors detected.
DRC errors detected.
DRC errors detected.
DRC errors detected.
DRC errors detected.
DRC errors detected.
DRC errors detected.
DRC errors detected.
DRC errors detected.
DRC errors detected.
DRC errors detected.
DRC errors detected.
DRC errors detected.
DRC errors detected.
DRC errors detected.
DRC errors detected.
DRC errors detected.
DRC errors detected.
DRC errors detected.
DRC errors detected.
DRC errors detected.
DRC errors detected.
DRC errors detected.
DRC errors detected.
DRC errors detected.
DRC errors detected.
DRC errors detected.
DRC errors detected.
DRC errors detected.
DRC errors detected.
DRC errors detected.
DRC errors detected.
DRC errors detected.
DRC errors detected.
DRC errors detected.
DRC errors detected.
DRC errors detected.
DRC errors detected.
DRC errors detected.
DRC errors detected.
DRC errors detected.
DRC errors detected.
DRC errors detected.
DRC errors detected.
DRC errors detected.
DRC errors detected.
Tue Jun 09 11:57:23 2020				Page    50


DRC errors detected.
DRC errors detected.
DRC errors detected.
DRC errors detected.
DRC errors detected.
DRC errors detected.
DRC errors detected.
DRC errors detected.
DRC errors detected.
DRC errors detected.
DRC errors detected.
DRC errors detected.
DRC errors detected.
DRC errors detected.
DRC errors detected.
DRC errors detected.
DRC errors detected.
DRC errors detected.
DRC errors detected.
DRC errors detected.
DRC errors detected.
DRC errors detected.
DRC errors detected.
DRC errors detected.
DRC errors detected.
DRC errors detected.
DRC errors detected.
DRC errors detected.
DRC errors detected.
DRC errors detected.
DRC errors detected.
DRC errors detected.
DRC errors detected.
DRC errors detected.
DRC errors detected.
DRC errors detected.
DRC errors detected.
DRC errors detected.
DRC errors detected.
DRC errors detected.
DRC errors detected.
DRC errors detected.
DRC errors detected.
DRC errors detected.
DRC errors detected.
DRC errors detected.
DRC errors detected.
DRC errors detected.
DRC errors detected.
DRC errors detected.
DRC errors detected.
DRC errors detected.
DRC errors detected.
DRC errors detected.
DRC errors detected.
Tue Jun 09 11:57:23 2020				Page    51


DRC errors detected.
DRC errors detected.
DRC errors detected.
DRC errors detected.
DRC errors detected.
DRC errors detected.
DRC errors detected.
Load Photoplot complete.
