(---------------------------------------------------------------------)
(                                                                     )
(    NC DRILL Log                                                     )
(                                                                     )
(    Drawing          : GPS_INTERFACE_BOARDv38.brd                    )
(    Software Version : 17.2S064                                      )
(    Date/Time        : Mon Jul 13 13:13:06 2020                      )
(                                                                     )
(---------------------------------------------------------------------)



 Processing NC Parameters file 'nc_param.txt' ...

 NC PARAMETERS
 -------------

 FORMAT   		2.5
 MACHINE-OFFSET		x:0.00000	y:0.00000   (inch)
 FEEDRATE		1
 COORDINATES		ABSOLUTE
 OUTPUT-UNITS		ENGLISH
 TOOL-ORDER		INCREASING
 REPEAT-CODES		YES
 SUPPRESS-LEAD-ZEROES	NO
 SUPPRESS-TRAIL-ZEROES	NO
 SUPPRESS-EQUAL		NO
 TOOL-SELECT		NO
 HEADER			none
 LEADER			12
 CODE			ASCII
 SEPARATE		NO
 SEPARATE-ROUTING	NO
 OPTIMIZE_DRILLING	NO
 ENHANCED_EXCELLON	NO
 SCALE			1.000000

 WARNING(SPMHMF-358): Design precision is the same as that of the drill output file data.
 WARNING(SPMHMF-359): Data rounding errors may still be possible.
 WARNING(SPMHMF-365): This design contains 2 slot holes that cannot be drilled.
 WARNING(SPMHMF-366): They can be processed by NC routing instead.


 Drill files being output to directory 'C:/SPB_Data/GPS_INTERFACE_BOARD/allegro/Gerber' ...



     'GPS_INTERFACE_BOARDv38-1-8.drl' created for holes connecting TOP and BOTTOM
     ----------------------------------------------------------------------------

           Num     Size      +/- Tolerance     Plating   Quantity

            1.  10.0000    0.0000/  0.0000      PLATED       1771
            2.  10.0000    2.0000/  2.0000      PLATED         30
            3.  11.8100    0.0000/  0.0000      PLATED        297
            4.  33.4600    0.0000/  0.0000      PLATED          6
            5.  35.0400    0.0000/  0.0000      PLATED          8
            6.  37.4000    0.0000/  0.0000      PLATED         54
            7.  38.5800    0.0000/  0.0000      PLATED         10
            8.  39.3700    0.0000/  0.0000      PLATED         85
            9.  40.0000    3.0000/  3.0000      PLATED         28
           10.  41.3400    0.0000/  0.0000      PLATED         60
           11.  50.3900    0.0000/  0.0000      PLATED          4
           12.  64.9600    0.0000/  0.0000      PLATED          2
           13.  66.1400    0.0000/  0.0000      PLATED          2
           14.  79.1300    0.0000/  0.0000      PLATED          8
           15. 106.0000    0.0000/  0.0000      PLATED         11
           16.  51.2000    0.0000/  0.0000  NON_PLATED          2
           17.  61.0200    0.0000/  0.0000  NON_PLATED         12
           18. 131.1000    0.0000/  0.0000  NON_PLATED          2

     ---- Total holes:                                       2392

     ---- Total head travel:              220.87 feet (67.32 meters)




     'GPS_INTERFACE_BOARDv38-1-1.drl' created for holes connecting TOP and TOP
     -------------------------------------------------------------------------

           Num     Size      +/- Tolerance     Plating   Quantity

            1.  10.0000    5.0000/  5.0000      PLATED          2

     ---- Total holes:                                          2

     ---- Total head travel:              0.06 feet (0.02 meters)

