{ Using PSTWRITER 17.4.0 d001Sep-21-2023 at 12:34:09 }

#1 WARNING(ORCAP-36006): Part Name "490-11112-1-ND_FIL_DLW5BTM501SQ2L_120 OHM@100MHZ" is renamed to "490-11112-1-ND_FIL_DLW5BTM501SQ".
#2 WARNING(ORCAP-36006): Part Name "BNC_TE_1-1634612-0_TE_1-1634612-0_BNC/R" is renamed to "BNC_TE_1-1634612-0_TE_1-1634612".
#3 WARNING(ORCAP-36006): Part Name "CON20P_SFP-1367073-1_TE_2227023-1_0744410010" is renamed to "CON20P_SFP-1367073-1_TE_2227023".
#4 WARNING(ORCAP-36006): Part Name "6-2301994-2_TE_6-2301994-2_6-2301994-2" is renamed to "6-2301994-2_TE_6-2301994-2_6-23".
#5 WARNING(ORCAP-36006): Part Name "3PIN-22-23-2031_22-23-2031_0022232031" is renamed to "3PIN-22-23-2031_22-23-2031_0022".
#6 WARNING(ORCAP-36006): Part Name "CON160P_11_SAMTEC_ASP-134606-01_ASP-134606-01" is renamed to "CON160P_11_SAMTEC_ASP-134606-01".
#7 WARNING(ORCAP-36006): Part Name "BS250FTA_0_SOT95P230X110-3N_NDS332P" is renamed to "BS250FTA_0_SOT95P230X110-3N_NDS".
#8 WARNING(ORCAP-36006): Part Name "OSC_6P_EN_DIFFOUT_3_OSCSC254P500X700X150-6N_TXC_BF_50.0MHZ" is renamed to "OSC_6P_EN_DIFFOUT_3_OSCSC254P50".
#9 WARNING(ORCAP-36006): Part Name "L101011MS02Q_SW_L101011MS02Q_L101011MS02Q" is renamed to "L101011MS02Q_SW_L101011MS02Q_L1".
#10 WARNING(ORCAP-36006): Part Name "TESTPOINT_TP_KEYSTONE_5000A_5002 WHITE" is renamed to "TESTPOINT_TP_KEYSTONE_5000A_500".
#11 WARNING(ORCAP-36006): Part Name "LTC6957-2_3_DFN_12_LTC6957IDD-2#PBF" is renamed to "LTC6957-2_3_DFN_12_LTC6957IDD-2".
#12 WARNING(ORCAP-36006): Part Name "LTM8029IY_PBF_BGA35C127P5X8_625X1125X362_LTM8029IYPBF" is renamed to "LTM8029IY_PBF_BGA35C127P5X8_625".
#13 WARNING(ORCAP-36006): Part Name "TPS7A8500RGRT_QFN20_3P65MMSQ_TPS7A8500RGRT" is renamed to "TPS7A8500RGRT_QFN20_3P65MMSQ_TP".
#14 WARNING(ORCAP-36006): Part Name "TPS74618PQWDRBRQ1_SON65P300X300X100-9N-D_TPS74618PQWDRBRQ1" is renamed to "TPS74618PQWDRBRQ1_SON65P300X300".
#15 WARNING(ORCAP-36006): Part Name "ADN2814ACPZ_1_QFN50P500X500X100-33N-S325_ADN2814ACPZ " is renamed to "ADN2814ACPZ_1_QFN50P500X500X100".
#16 WARNING(ORCAP-36006): Part Name "SN74LVC1G32_4_SOT23-5_SN74LVC1G32" is renamed to "SN74LVC1G32_4_SOT23-5_SN74LVC1G".
#17 WARNING(ORCAP-36006): Part Name "SY58608UMG_QFN50P300X300X90-17N_SY58608UMG" is renamed to "SY58608UMG_QFN50P300X300X90-17N".
#18 WARNING(ORCAP-36006): Part Name "GIB_MOUNT_HOLES_0_FXG_M2-7_GIB_MOUNT_HOLES" is renamed to "GIB_MOUNT_HOLES_0_FXG_M2-7_GIB_".
#19 WARNING(ORCAP-36006): Part Name "TXB0104QPWRQ1_SOP65P640X120-14N_TXB0104QPWRQ1" is renamed to "TXB0104QPWRQ1_SOP65P640X120-14N".
#20 WARNING(ORCAP-36006): Part Name "TXB0106IPWRQ1_SOP65P640X120-16N_TXB0106IPWRQ1" is renamed to "TXB0106IPWRQ1_SOP65P640X120-16N".
#21 WARNING(ORCAP-36006): Part Name "TCA9548APWR_TSSOP_24_TCA9548APWR" is renamed to "TCA9548APWR_TSSOP_24_TCA9548APW".
#22 WARNING(ORCAP-36006): Part Name "NB7V52M_2_PQFN50P300X300X100-17N-S145_NB7V52MMNG" is renamed to "NB7V52M_2_PQFN50P300X300X100-17".
#23 WARNING(ORCAP-36006): Part Name "74AVC2T45_DCT_2_SOP50P310X90-8N_SN74AVC2T45DCTR" is renamed to "74AVC2T45_DCT_2_SOP50P310X90-8N".
#24 WARNING(ORCAP-36006): Part Name "SI5395_QFN_1_QFN50P900X900X90-65N-S530_SI5395A-A-GM" is renamed to "SI5395_QFN_1_QFN50P900X900X90-6".
#25 WARNING(ORCAP-36006): Part Name "24AA025E48_SOIC_1_SOIC127P600X175-8N_ 24AA025E48T-I/SN" is renamed to "24AA025E48_SOIC_1_SOIC127P600X1".
#26 WARNING(ORCAP-36006): Part Name "PCA9539_TSSOP_2_SOP65P640X110-24N_TCA9539PWR" is renamed to "PCA9539_TSSOP_2_SOP65P640X110-2".
#27 WARNING(ORCAP-36006): Part Name "LT8645_CONV_T8645SIV_LT8645SJV-2" is renamed to "LT8645_CONV_T8645SIV_LT8645SJV-".
#28 WARNING(ORCAP-36006): Part Name "SIT5021AI-2DE-25E-50_000000_QFN_7050_6PINS_SIT5021AI-2DE-25E-50_000000" is renamed to "SIT5021AI-2DE-25E-50_000000_QFN".
INFO(ORCAP-36080): Scanning netlist files ...

Loading... C:\SPB_DATA\GPS_INTERFACE_BOARD\allegro\pstchip.dat

Loading... C:\SPB_DATA\GPS_INTERFACE_BOARD\allegro\pstchip.dat

Loading... C:\SPB_DATA\GPS_INTERFACE_BOARD\allegro\pstxprt.dat

Loading... C:\SPB_DATA\GPS_INTERFACE_BOARD\allegro\pstxnet.dat
packaging the design view...