(---------------------------------------------------------------------)
(                                                                     )
(    Allegro Netrev Import Logic                                      )
(                                                                     )
(    Drawing          : gps_interface_boardv41ph.brd                  )
(    Software Version : 17.4S011                                      )
(    Date/Time        : Thu Sep  5 10:11:31 2024                      )
(                                                                     )
(---------------------------------------------------------------------)


------ Directives ------------

Ripup etch:                  No
Ripup delete first segment:  No
Ripup retain bondwire:       No
Ripup symbols:               Always
Missing symbol has error:    No
DRC update:                  Yes
Schematic directory:         '.'
Design Directory:            '//ppfs6.physics.ox.ac.uk/ceg/central electronics/projects/hastingsp/dune/upenn-dune-gib/allegro'
Old design name:             '//ppfs6.physics.ox.ac.uk/ceg/central electronics/projects/hastingsp/dune/upenn-dune-gib/allegro/gps_interface_boardv41ph.brd'
New design name:             '//ppfs6.physics.ox.ac.uk/ceg/central electronics/projects/hastingsp/dune/upenn-dune-gib/allegro/gps_interface_boardv41ph.brd'

CmdLine: netrev -$ -i . -y 1 -h -q netrev_constraint_report.xml //ppfs6.physics.ox.ac.uk/ceg/central electronics/projects/hastingsp/dune/upenn-dune-gib/allegro/#Taaaawo16344.tmp

------ Preparing to read pst files ------

Starting to read ./pstchip.dat 
   Finished reading ./pstchip.dat (00:00:00.12)
Starting to read ./pstxprt.dat 
   Finished reading ./pstxprt.dat (00:00:00.03)
Starting to read ./pstxnet.dat 
   Finished reading ./pstxnet.dat (00:00:00.02)

------ Oversights/Warnings/Errors ------


#1   WARNING(SPMHNI-192): Device/Symbol check warning detected. [help]

ERROR(SPMHNI-196): Symbol 'TE_6-2301994-2' for device '6-2301994-2_TE_6-2301994-2_6-23' has extra pin 'MH3'.

ERROR(SPMHNI-196): Symbol 'TE_6-2301994-2' for device '6-2301994-2_TE_6-2301994-2_6-23' has extra pin 'MH4'.

ERROR(SPMHNI-195): Symbol 'TE_6-2301994-2' for device '6-2301994-2_TE_6-2301994-2_6-23' is missing pin 'S1'.

ERROR(SPMHNI-195): Symbol 'TE_6-2301994-2' for device '6-2301994-2_TE_6-2301994-2_6-23' is missing pin 'S2'.

------ Library Paths ------
MODULEPATH =  Y:/Users/CEG/Central Electronics/Projects/Hastingsp/PaMIR/001x/worklib/switcherpsu/physical/ 
           . 
           C:/Cadence/SPB_16.5/share/local/pcb/modules 

PSMPATH =  //ppfs6.physics.ox.ac.uk/CEG/Central Electronics/Projects/Hastingsp/mu3e/dev/worklib/top/physical 
           . 
           .. 
           Y:/Users/CEG/Central Electronics/Projects/Hastingsp/SLHC/Potting Wirebond Tests/footprints/ 
           Y:/Users/CEG/Central Electronics/Projects/Hastingsp/SLHC/130nm Double Sided Tape Designs Jan 2018/footprints/ 
           //ppfs6.physics.ox.ac.uk/ceg/central electronics/projects/hastingsp/dune/upenn-dune-gib/allegro/exp_sym 
           Y:/users/CEG/CEG_Software/Cadence/Shared_Libraries/V16_5/symbols/ 
           Y:/users/CEG/CEG_Software/Cadence/Shared_Libraries/V16_5/formats/ 

PADPATH =  . 
           .. 
           //ppfs6.physics.ox.ac.uk/ceg/central electronics/projects/hastingsp/dune/upenn-dune-gib/allegro/exp_sym 
           //ppfs6.physics.ox.ac.uk/CEG/Central Electronics/Projects/Hastingsp/mu3e/dev/worklib/top/physical 
           //ppfs6.physics.ox.ac.uk/CEG/CEG_Software/Cadence/Shared_Libraries/V16_5/pads 
           Y:/Users/CEG/Central Electronics/Projects/Hastingsp/SLHC/130nm Double Sided Tape Designs Jan 2018/footprints/ 
           Y:/users/CEG/CEG_Software/Cadence/Shared_Libraries/V16_5/pads/ 
           //ppfs6.physics.ox.ac.uk/ceg/central electronics/projects/hastingsp/dune/upenn-dune-gib/allegro/exp_sym 


------ Summary Statistics ------


netrev run on Sep 5 10:11:31 2024
   DESIGN NAME : 'GPS_INTERFACE_BOARD'
   PACKAGING ON Sep 18 2020 01:37:34

   COMPILE 'logic'
   CHECK_PIN_NAMES OFF
   CROSS_REFERENCE OFF
   FEEDBACK OFF
   INCREMENTAL OFF
   INTERFACE_TYPE PHYSICAL
   MAX_ERRORS 500
   MERGE_MINIMUM 5
   NET_NAME_CHARS '#%&()*+-./:=>?@[]^_`|'
   NET_NAME_LENGTH 24
   OVERSIGHTS ON
   REPLACE_CHECK OFF
   SINGLE_NODE_NETS ON
   SPLIT_MINIMUM 0
   SUPPRESS   20
   WARNINGS ON

 No error detected
 No oversight detected
  1 warnings detected

cpu time      0:03:31
elapsed time  0:00:01

