Thu Sep  5 10:21:41 2024				Page     1


 
Update Symbols/Modules Logfile
	Thu Sep  5 10:21:41 2024

------ Module Refresh Messages ------

SUMMARY:    Updated 0 out of 0 modules

------ End Module Messages     ------



(---------------------------------------------------------------------)
(                                                                     )
(    Refresh Symbol                                                   )
(                                                                     )
(    Drawing          : gps_interface_boardv41ph.brd                  )
(    Software Version : 17.4S011                                      )
(    Date/Time        : Thu Sep  5 10:21:42 2024                      )
(                                                                     )
(---------------------------------------------------------------------)


Thu Sep  5 10:21:42 2024				Page     1


------ Symbol Refresh Directives ------

Input design  = '//ppfs6.physics.ox.ac.uk/ceg/central electronics/projects/hastingsp/dune/upenn-dune-gib/allegro/gps_interface_boa~
rdv41ph.brd'
Output design = ''

Update mechanical symbols              = 'NO'
Update format symbols                  = 'NO'
Update package symbols                 = 'NO'
Update shape/flash symbols             = 'NO'
Update symbol padstacks                = 'YES'
Preserve padstacks replaced on pins    = 'NO'
Reset symbol text and size locations   = 'NO'
Reset Pin Escapes (fanouts)            = 'NO'
Ripup Etch                             = 'NO'
Reset custom drill data                = 'NO'
Symbol list file                       = 'C:/Users/HASTIN~1/AppData/Local/Temp/#Taaaabc05580.tmp'


------ Library Paths ------
PSMPATH =  //ppfs6.physics.ox.ac.uk/CEG/Central Electronics/Projects/Hastingsp/mu3e/dev/worklib/top/physical 
           . 
           .. 
           Y:/Users/CEG/Central Electronics/Projects/Hastingsp/SLHC/Potting Wirebond Tests/footprints/ 
           Y:/Users/CEG/Central Electronics/Projects/Hastingsp/SLHC/130nm Double Sided Tape Designs Jan 2018/footprints/ 
           //ppfs6.physics.ox.ac.uk/ceg/central electronics/projects/hastingsp/dune/upenn-dune-gib/allegro/exp_sym 
           Y:/users/CEG/CEG_Software/Cadence/Shared_Libraries/V16_5/symbols/ 
           Y:/users/CEG/CEG_Software/Cadence/Shared_Libraries/V16_5/formats/ 

PADPATH =  . 
           .. 
           //ppfs6.physics.ox.ac.uk/ceg/central electronics/projects/hastingsp/dune/upenn-dune-gib/allegro/exp_sym 
           //ppfs6.physics.ox.ac.uk/CEG/Central Electronics/Projects/Hastingsp/mu3e/dev/worklib/top/physical 
           //ppfs6.physics.ox.ac.uk/CEG/CEG_Software/Cadence/Shared_Libraries/V16_5/pads 
           Y:/Users/CEG/Central Electronics/Projects/Hastingsp/SLHC/130nm Double Sided Tape Designs Jan 2018/footprints/ 
           Y:/users/CEG/CEG_Software/Cadence/Shared_Libraries/V16_5/pads/ 
           //ppfs6.physics.ox.ac.uk/ceg/central electronics/projects/hastingsp/dune/upenn-dune-gib/allegro/exp_sym 


------ Symbol Refresh Messages ------

'TE_6-2301994-2'  symbol refreshed successfully.


------ Pad Stack Refresh Messages ------

'S140_H90'  pad stack refreshed successfully.
'C180_H120'  pad stack refreshed successfully.
'C240_H160'  pad stack refreshed successfully.
'C162_5_H325'  pad stack refreshed successfully.
'C140_H90'  pad stack refreshed successfully.


----- Symbol Update Summary ----

Updated symbols: 1 out 1
    Design updated.

