(---------------------------------------------------------------------)
(                                                                     )
(    RENAME REFDES                                                    )
(                                                                     )
(    Drawing          : GPS_INTERFACE_BOARDv38.brd                    )
(    Software Version : 17.2S064                                      )
(    Date/Time        : Mon Jul 13 12:13:45 2020                      )
(                                                                     )
(---------------------------------------------------------------------)


Renaming components on BOTH_SIDES on entire BOARD
    Extents: (-19685.04,-19685.04) (19685.04,19685.04)

Sequencing the reference designators SEQUENTIALLY
Row processing direction : to the RIGHT, from the bottom up.

OLD R75    NEW R1
OLD R78    NEW R2
OLD R79    NEW R3
OLD U15    NEW U1
OLD TP75    NEW TP1
OLD R71    NEW R4
OLD C101    NEW C1
OLD C100    NEW C2
OLD U16    NEW U2
OLD U20    NEW U3
OLD U55    NEW U4
OLD U56    NEW U5
OLD Q10    NEW Q1
OLD J29    NEW J1
OLD R76    NEW R5
OLD J7    NEW J2
OLD S1    NEW S1
OLD TP14    NEW TP2
OLD P1    NEW P1
OLD R72    NEW R6
OLD U49    NEW U6
OLD Q8    NEW Q2
OLD Q11    NEW Q3
OLD Q12    NEW Q4
OLD J17    NEW J3
OLD R77    NEW R7
OLD R43    NEW R8
OLD U21    NEW U7
OLD U54    NEW U8
OLD R73    NEW R9
OLD TP81    NEW TP3
OLD TP78    NEW TP4
OLD TP76    NEW TP5
OLD R250    NEW R10
OLD R249    NEW R11
OLD TP28    NEW TP6
OLD R247    NEW R12
OLD R248    NEW R13
OLD Q14    NEW Q5
OLD F1    NEW F1
OLD D15    NEW D1
OLD D9    NEW D2
OLD D14    NEW D3
OLD TP86    NEW TP7
OLD TP79    NEW TP8
OLD TP77    NEW TP9
OLD U52    NEW U9
OLD U53    NEW U10
OLD TP27    NEW TP10
OLD R105    NEW R14
OLD R104    NEW R15
OLD R109    NEW R16
OLD R108    NEW R17
OLD R39    NEW R18
OLD J28    NEW J4
OLD C105    NEW C3
OLD J11    NEW J5
OLD J15    NEW J6
OLD C107    NEW C4
OLD C41    NEW C5
OLD TP10    NEW TP11
OLD U51    NEW U11
OLD U50    NEW U12
OLD J12    NEW J7
OLD J16    NEW J8
OLD C106    NEW C6
OLD FL1    NEW FL1
OLD TP13    NEW TP12
OLD TP9    NEW TP13
OLD J9    NEW J9
OLD J25    NEW J10
OLD TP85    NEW TP14
OLD TP84    NEW TP15
OLD U18    NEW U13
OLD U17    NEW U14
OLD C40    NEW C7
OLD D4    NEW D4
OLD TP87    NEW TP16
OLD TP83    NEW TP17
OLD TP82    NEW TP18
OLD TP11    NEW TP19
OLD TP12    NEW TP20
OLD J10    NEW J11
OLD J24    NEW J12
OLD C42    NEW C8
OLD C50    NEW C9
OLD TP80    NEW TP21
OLD C44    NEW C10
OLD R60    NEW R19
OLD U13    NEW U15
OLD R59    NEW R20
OLD TP20    NEW TP22
OLD L6    NEW L1
OLD U6    NEW U16
OLD C77    NEW C11
OLD C79    NEW C12
OLD C78    NEW C13
OLD C80    NEW C14
OLD TP19    NEW TP23
OLD C43    NEW C15
OLD R42    NEW R21
OLD C83    NEW C16
OLD C49    NEW C17
OLD U12    NEW U17
OLD R58    NEW R22
OLD C81    NEW C18
OLD C82    NEW C19
OLD C85    NEW C20
OLD D7    NEW D5
OLD R49    NEW R23
OLD U8    NEW U18
OLD R48    NEW R24
OLD TP16    NEW TP24
OLD TP18    NEW TP25
OLD R55    NEW R25
OLD C52    NEW C21
OLD C54    NEW C22
OLD C53    NEW C23
OLD C55    NEW C24
OLD C61    NEW C25
OLD C62    NEW C26
OLD C60    NEW C27
OLD C63    NEW C28
OLD TP15    NEW TP26
OLD TP17    NEW TP27
OLD U10    NEW U19
OLD D1    NEW D6
OLD C56    NEW C29
OLD C64    NEW C30
OLD R52    NEW R26
OLD U7    NEW U20
OLD R45    NEW R27
OLD U9    NEW U21
OLD D2    NEW D7
OLD C66    NEW C31
OLD C57    NEW C32
OLD C65    NEW C33
OLD R25    NEW R28
OLD R26    NEW R29
OLD R21    NEW R30
OLD R23    NEW R31
OLD R53    NEW R32
OLD D5    NEW D8
OLD D18    NEW D9
OLD D16    NEW D10
OLD D38    NEW D11
OLD D34    NEW D12
OLD D30    NEW D13
OLD D26    NEW D14
OLD D22    NEW D15
OLD D36    NEW D16
OLD D32    NEW D17
OLD D28    NEW D18
OLD D24    NEW D19
OLD D20    NEW D20
OLD C33    NEW C34
OLD C32    NEW C35
OLD U14    NEW U22
OLD R24    NEW R33
OLD U48    NEW U23
OLD C70    NEW C36
OLD C72    NEW C37
OLD C71    NEW C38
OLD C73    NEW C39
OLD C67    NEW C40
OLD R126    NEW R34
OLD R122    NEW R35
OLD R231    NEW R36
OLD R227    NEW R37
OLD R210    NEW R38
OLD R206    NEW R39
OLD R189    NEW R40
OLD R185    NEW R41
OLD R168    NEW R42
OLD R164    NEW R43
OLD R147    NEW R44
OLD R143    NEW R45
OLD R120    NEW R46
OLD R225    NEW R47
OLD R204    NEW R48
OLD R183    NEW R49
OLD R162    NEW R50
OLD R141    NEW R51
OLD R54    NEW R52
OLD C31    NEW C41
OLD C141    NEW C42
OLD C256    NEW C43
OLD C233    NEW C44
OLD C210    NEW C45
OLD C187    NEW C46
OLD C164    NEW C47
OLD R19    NEW R53
OLD U22    NEW U24
OLD U42    NEW U25
OLD U38    NEW U26
OLD U34    NEW U27
OLD U30    NEW U28
OLD U26    NEW U29
OLD C30    NEW C48
OLD C140    NEW C49
OLD C255    NEW C50
OLD C232    NEW C51
OLD C209    NEW C52
OLD C186    NEW C53
OLD C163    NEW C54
OLD C75    NEW C55
OLD U11    NEW U30
OLD R119    NEW R54
OLD R224    NEW R55
OLD R203    NEW R56
OLD R182    NEW R57
OLD R161    NEW R58
OLD R140    NEW R59
OLD R123    NEW R60
OLD R121    NEW R61
OLD R228    NEW R62
OLD R226    NEW R63
OLD R207    NEW R64
OLD R205    NEW R65
OLD R186    NEW R66
OLD R184    NEW R67
OLD R165    NEW R68
OLD R163    NEW R69
OLD R144    NEW R70
OLD R142    NEW R71
OLD R35    NEW R72
OLD R31    NEW R73
OLD C34    NEW C56
OLD C35    NEW C57
OLD R253    NEW R74
OLD C76    NEW C58
OLD R130    NEW R75
OLD R128    NEW R76
OLD R235    NEW R77
OLD R233    NEW R78
OLD R214    NEW R79
OLD R212    NEW R80
OLD R193    NEW R81
OLD R191    NEW R82
OLD R172    NEW R83
OLD R170    NEW R84
OLD R151    NEW R85
OLD R149    NEW R86
OLD C39    NEW C59
OLD C38    NEW C60
OLD C37    NEW C61
OLD C36    NEW C62
OLD TP8    NEW TP28
OLD TP5    NEW TP29
OLD U46    NEW U31
OLD R27    NEW R87
OLD R28    NEW R88
OLD U4    NEW U32
OLD R29    NEW R89
OLD R30    NEW R90
OLD C21    NEW C63
OLD C275    NEW C64
OLD D6    NEW D21
OLD TP72    NEW TP30
OLD TP70    NEW TP31
OLD TP68    NEW TP32
OLD TP66    NEW TP33
OLD TP64    NEW TP34
OLD TP62    NEW TP35
OLD C154    NEW C65
OLD TP7    NEW TP36
OLD TP6    NEW TP37
OLD C269    NEW C66
OLD C246    NEW C67
OLD C223    NEW C68
OLD C200    NEW C69
OLD C177    NEW C70
OLD TP88    NEW TP38
OLD C274    NEW C71
OLD U23    NEW U33
OLD U43    NEW U34
OLD U39    NEW U35
OLD U35    NEW U36
OLD U31    NEW U37
OLD U27    NEW U38
OLD R136    NEW R91
OLD R199    NEW R92
OLD R178    NEW R93
OLD R241    NEW R94
OLD R157    NEW R95
OLD TP61    NEW TP39
OLD TP60    NEW TP40
OLD TP59    NEW TP41
OLD TP58    NEW TP42
OLD TP57    NEW TP43
OLD TP56    NEW TP44
OLD TP89    NEW TP45
OLD R220    NEW R96
OLD D8    NEW D22
OLD TP55    NEW TP46
OLD TP54    NEW TP47
OLD TP53    NEW TP48
OLD TP52    NEW TP49
OLD TP51    NEW TP50
OLD TP50    NEW TP51
OLD C175    NEW C72
OLD C152    NEW C73
OLD C267    NEW C74
OLD C244    NEW C75
OLD C221    NEW C76
OLD C198    NEW C77
OLD TP4    NEW TP52
OLD TP3    NEW TP53
OLD R197    NEW R97
OLD R176    NEW R98
OLD R155    NEW R99
OLD R134    NEW R100
OLD R218    NEW R101
OLD R239    NEW R102
OLD C245    NEW C78
OLD C222    NEW C79
OLD C199    NEW C80
OLD C176    NEW C81
OLD C153    NEW C82
OLD C268    NEW C83
OLD TP1    NEW TP54
OLD TP2    NEW TP55
OLD L7    NEW L2
OLD L17    NEW L3
OLD L15    NEW L4
OLD L13    NEW L5
OLD L11    NEW L6
OLD L9    NEW L7
OLD L8    NEW L8
OLD L18    NEW L9
OLD L16    NEW L10
OLD L14    NEW L11
OLD L12    NEW L12
OLD L10    NEW L13
OLD TP39    NEW TP56
OLD TP38    NEW TP57
OLD R7    NEW R103
OLD R8    NEW R104
OLD TP33    NEW TP58
OLD TP32    NEW TP59
OLD R3    NEW R105
OLD R6    NEW R106
OLD D37    NEW D23
OLD D39    NEW D24
OLD D33    NEW D25
OLD D35    NEW D26
OLD D29    NEW D27
OLD D31    NEW D28
OLD D25    NEW D29
OLD D27    NEW D30
OLD D21    NEW D31
OLD D23    NEW D32
OLD D17    NEW D33
OLD D19    NEW D34
OLD TP41    NEW TP60
OLD TP40    NEW TP61
OLD TP31    NEW TP62
OLD C2    NEW C84
OLD C4    NEW C85
OLD TP30    NEW TP63
OLD U19    NEW U39
OLD TP23    NEW TP64
OLD TP21    NEW TP65
OLD TP43    NEW TP66
OLD TP42    NEW TP67
OLD R5    NEW R107
OLD TP34    NEW TP68
OLD TP35    NEW TP69
OLD J2    NEW J13
OLD J3    NEW J14
OLD TP45    NEW TP70
OLD TP44    NEW TP71
OLD TP25    NEW TP72
OLD TP26    NEW TP73
OLD R14    NEW R108
OLD R13    NEW R109
OLD R18    NEW R110
OLD R17    NEW R111
OLD R16    NEW R112
OLD R15    NEW R113
OLD R12    NEW R114
OLD R11    NEW R115
OLD J27    NEW J15
OLD R10    NEW R116
OLD R9    NEW R117
OLD U1    NEW U40
OLD U3    NEW U41
OLD U2    NEW U42
OLD U47    NEW U43
OLD R266    NEW R118
OLD J21    NEW J16
OLD J20    NEW J17
OLD J19    NEW J18
OLD J18    NEW J19
OLD J14    NEW J20
OLD J13    NEW J21
OLD R265    NEW R119
OLD R268    NEW R120
OLD R267    NEW R121
OLD R264    NEW R122
OLD U61    NEW U44
OLD U60    NEW U45
OLD U59    NEW U46
OLD U58    NEW U47
OLD U57    NEW U48
OLD J6    NEW J22
OLD J5    NEW J23
OLD J4    NEW J24
OLD J1    NEW J25
Sequencing the reference designators SEQUENTIALLY
Row processing direction : to the LEFT, from the bottom up.

Reference designator C1 already exists ... skipping to C2.
Reference designator C2 already exists ... skipping to C3.
Reference designator C3 already exists ... skipping to C4.
Reference designator C4 already exists ... skipping to C5.
Reference designator C5 already exists ... skipping to C6.
Reference designator C6 already exists ... skipping to C7.
Reference designator C7 already exists ... skipping to C8.
Reference designator C8 already exists ... skipping to C9.
Reference designator C9 already exists ... skipping to C10.
Reference designator C10 already exists ... skipping to C11.
Reference designator C11 already exists ... skipping to C12.
Reference designator C12 already exists ... skipping to C13.
Reference designator C13 already exists ... skipping to C14.
Reference designator C14 already exists ... skipping to C15.
Reference designator C15 already exists ... skipping to C16.
Reference designator C16 already exists ... skipping to C17.
Reference designator C17 already exists ... skipping to C18.
Reference designator C18 already exists ... skipping to C19.
Reference designator C19 already exists ... skipping to C20.
Reference designator C20 already exists ... skipping to C21.
Reference designator C21 already exists ... skipping to C22.
Reference designator C22 already exists ... skipping to C23.
Reference designator C23 already exists ... skipping to C24.
Reference designator C24 already exists ... skipping to C25.
Reference designator C25 already exists ... skipping to C26.
Reference designator C26 already exists ... skipping to C27.
Reference designator C27 already exists ... skipping to C28.
Reference designator C28 already exists ... skipping to C29.
Reference designator C29 already exists ... skipping to C30.
Reference designator C30 already exists ... skipping to C31.
Reference designator C31 already exists ... skipping to C32.
Reference designator C32 already exists ... skipping to C33.
Reference designator C33 already exists ... skipping to C34.
Reference designator C34 already exists ... skipping to C35.
Reference designator C35 already exists ... skipping to C36.
Reference designator C36 already exists ... skipping to C37.
Reference designator C37 already exists ... skipping to C38.
Reference designator C38 already exists ... skipping to C39.
Reference designator C39 already exists ... skipping to C40.
Reference designator C40 already exists ... skipping to C41.
Reference designator C41 already exists ... skipping to C42.
Reference designator C42 already exists ... skipping to C43.
Reference designator C43 already exists ... skipping to C44.
Reference designator C44 already exists ... skipping to C45.
Reference designator C45 already exists ... skipping to C46.
Reference designator C46 already exists ... skipping to C47.
Reference designator C47 already exists ... skipping to C48.
Reference designator C48 already exists ... skipping to C49.
Reference designator C49 already exists ... skipping to C50.
Reference designator C50 already exists ... skipping to C51.
Reference designator C51 already exists ... skipping to C52.
Reference designator C52 already exists ... skipping to C53.
Reference designator C53 already exists ... skipping to C54.
Reference designator C54 already exists ... skipping to C55.
Reference designator C55 already exists ... skipping to C56.
Reference designator C56 already exists ... skipping to C57.
Reference designator C57 already exists ... skipping to C58.
Reference designator C58 already exists ... skipping to C59.
Reference designator C59 already exists ... skipping to C60.
Reference designator C60 already exists ... skipping to C61.
Reference designator C61 already exists ... skipping to C62.
Reference designator C62 already exists ... skipping to C63.
Reference designator C63 already exists ... skipping to C64.
Reference designator C64 already exists ... skipping to C65.
Reference designator C65 already exists ... skipping to C66.
Reference designator C66 already exists ... skipping to C67.
Reference designator C67 already exists ... skipping to C68.
Reference designator C68 already exists ... skipping to C69.
Reference designator C69 already exists ... skipping to C70.
Reference designator C70 already exists ... skipping to C71.
Reference designator C71 already exists ... skipping to C72.
Reference designator C72 already exists ... skipping to C73.
Reference designator C73 already exists ... skipping to C74.
Reference designator C74 already exists ... skipping to C75.
Reference designator C75 already exists ... skipping to C76.
Reference designator C76 already exists ... skipping to C77.
Reference designator C77 already exists ... skipping to C78.
Reference designator C78 already exists ... skipping to C79.
Reference designator C79 already exists ... skipping to C80.
Reference designator C80 already exists ... skipping to C81.
Reference designator C81 already exists ... skipping to C82.
Reference designator C82 already exists ... skipping to C83.
Reference designator C83 already exists ... skipping to C84.
Reference designator C84 already exists ... skipping to C85.
Reference designator C85 already exists ... skipping to C86.
OLD C103    NEW C86
Reference designator R1 already exists ... skipping to R2.
Reference designator R2 already exists ... skipping to R3.
Reference designator R3 already exists ... skipping to R4.
Reference designator R4 already exists ... skipping to R5.
Reference designator R5 already exists ... skipping to R6.
Reference designator R6 already exists ... skipping to R7.
Reference designator R7 already exists ... skipping to R8.
Reference designator R8 already exists ... skipping to R9.
Reference designator R9 already exists ... skipping to R10.
Reference designator R10 already exists ... skipping to R11.
Reference designator R11 already exists ... skipping to R12.
Reference designator R12 already exists ... skipping to R13.
Reference designator R13 already exists ... skipping to R14.
Reference designator R14 already exists ... skipping to R15.
Reference designator R15 already exists ... skipping to R16.
Reference designator R16 already exists ... skipping to R17.
Reference designator R17 already exists ... skipping to R18.
Reference designator R18 already exists ... skipping to R19.
Reference designator R19 already exists ... skipping to R20.
Reference designator R20 already exists ... skipping to R21.
Reference designator R21 already exists ... skipping to R22.
Reference designator R22 already exists ... skipping to R23.
Reference designator R23 already exists ... skipping to R24.
Reference designator R24 already exists ... skipping to R25.
Reference designator R25 already exists ... skipping to R26.
Reference designator R26 already exists ... skipping to R27.
Reference designator R27 already exists ... skipping to R28.
Reference designator R28 already exists ... skipping to R29.
Reference designator R29 already exists ... skipping to R30.
Reference designator R30 already exists ... skipping to R31.
Reference designator R31 already exists ... skipping to R32.
Reference designator R32 already exists ... skipping to R33.
Reference designator R33 already exists ... skipping to R34.
Reference designator R34 already exists ... skipping to R35.
Reference designator R35 already exists ... skipping to R36.
Reference designator R36 already exists ... skipping to R37.
Reference designator R37 already exists ... skipping to R38.
Reference designator R38 already exists ... skipping to R39.
Reference designator R39 already exists ... skipping to R40.
Reference designator R40 already exists ... skipping to R41.
Reference designator R41 already exists ... skipping to R42.
Reference designator R42 already exists ... skipping to R43.
Reference designator R43 already exists ... skipping to R44.
Reference designator R44 already exists ... skipping to R45.
Reference designator R45 already exists ... skipping to R46.
Reference designator R46 already exists ... skipping to R47.
Reference designator R47 already exists ... skipping to R48.
Reference designator R48 already exists ... skipping to R49.
Reference designator R49 already exists ... skipping to R50.
Reference designator R50 already exists ... skipping to R51.
Reference designator R51 already exists ... skipping to R52.
Reference designator R52 already exists ... skipping to R53.
Reference designator R53 already exists ... skipping to R54.
Reference designator R54 already exists ... skipping to R55.
Reference designator R55 already exists ... skipping to R56.
Reference designator R56 already exists ... skipping to R57.
Reference designator R57 already exists ... skipping to R58.
Reference designator R58 already exists ... skipping to R59.
Reference designator R59 already exists ... skipping to R60.
Reference designator R60 already exists ... skipping to R61.
Reference designator R61 already exists ... skipping to R62.
Reference designator R62 already exists ... skipping to R63.
Reference designator R63 already exists ... skipping to R64.
Reference designator R64 already exists ... skipping to R65.
Reference designator R65 already exists ... skipping to R66.
Reference designator R66 already exists ... skipping to R67.
Reference designator R67 already exists ... skipping to R68.
Reference designator R68 already exists ... skipping to R69.
Reference designator R69 already exists ... skipping to R70.
Reference designator R70 already exists ... skipping to R71.
Reference designator R71 already exists ... skipping to R72.
Reference designator R72 already exists ... skipping to R73.
Reference designator R73 already exists ... skipping to R74.
Reference designator R74 already exists ... skipping to R75.
Reference designator R75 already exists ... skipping to R76.
Reference designator R76 already exists ... skipping to R77.
Reference designator R77 already exists ... skipping to R78.
Reference designator R78 already exists ... skipping to R79.
Reference designator R79 already exists ... skipping to R80.
Reference designator R80 already exists ... skipping to R81.
Reference designator R81 already exists ... skipping to R82.
Reference designator R82 already exists ... skipping to R83.
Reference designator R83 already exists ... skipping to R84.
Reference designator R84 already exists ... skipping to R85.
Reference designator R85 already exists ... skipping to R86.
Reference designator R86 already exists ... skipping to R87.
Reference designator R87 already exists ... skipping to R88.
Reference designator R88 already exists ... skipping to R89.
Reference designator R89 already exists ... skipping to R90.
Reference designator R90 already exists ... skipping to R91.
Reference designator R91 already exists ... skipping to R92.
Reference designator R92 already exists ... skipping to R93.
Reference designator R93 already exists ... skipping to R94.
Reference designator R94 already exists ... skipping to R95.
Reference designator R95 already exists ... skipping to R96.
Reference designator R96 already exists ... skipping to R97.
Reference designator R97 already exists ... skipping to R98.
Reference designator R98 already exists ... skipping to R99.
Reference designator R99 already exists ... skipping to R100.
Reference designator R100 already exists ... skipping to R101.
Reference designator R101 already exists ... skipping to R102.
Reference designator R102 already exists ... skipping to R103.
Reference designator R103 already exists ... skipping to R104.
Reference designator R104 already exists ... skipping to R105.
Reference designator R105 already exists ... skipping to R106.
Reference designator R106 already exists ... skipping to R107.
Reference designator R107 already exists ... skipping to R108.
Reference designator R108 already exists ... skipping to R109.
Reference designator R109 already exists ... skipping to R110.
Reference designator R110 already exists ... skipping to R111.
Reference designator R111 already exists ... skipping to R112.
Reference designator R112 already exists ... skipping to R113.
Reference designator R113 already exists ... skipping to R114.
Reference designator R114 already exists ... skipping to R115.
Reference designator R115 already exists ... skipping to R116.
Reference designator R116 already exists ... skipping to R117.
Reference designator R117 already exists ... skipping to R118.
Reference designator R118 already exists ... skipping to R119.
Reference designator R119 already exists ... skipping to R120.
Reference designator R120 already exists ... skipping to R121.
Reference designator R121 already exists ... skipping to R122.
Reference designator R122 already exists ... skipping to R123.
OLD R251    NEW R123
OLD R245    NEW R124
OLD R246    NEW R125
OLD R252    NEW R126
OLD C104    NEW C87
OLD C108    NEW C88
Reference designator J1 already exists ... skipping to J2.
Reference designator J2 already exists ... skipping to J3.
Reference designator J3 already exists ... skipping to J4.
Reference designator J4 already exists ... skipping to J5.
Reference designator J5 already exists ... skipping to J6.
Reference designator J6 already exists ... skipping to J7.
Reference designator J7 already exists ... skipping to J8.
Reference designator J8 already exists ... skipping to J9.
Reference designator J9 already exists ... skipping to J10.
Reference designator J10 already exists ... skipping to J11.
Reference designator J11 already exists ... skipping to J12.
Reference designator J12 already exists ... skipping to J13.
Reference designator J13 already exists ... skipping to J14.
Reference designator J14 already exists ... skipping to J15.
Reference designator J15 already exists ... skipping to J16.
Reference designator J16 already exists ... skipping to J17.
Reference designator J17 already exists ... skipping to J18.
Reference designator J18 already exists ... skipping to J19.
Reference designator J19 already exists ... skipping to J20.
Reference designator J20 already exists ... skipping to J21.
Reference designator J21 already exists ... skipping to J22.
Reference designator J22 already exists ... skipping to J23.
Reference designator J23 already exists ... skipping to J24.
Reference designator J24 already exists ... skipping to J25.
Reference designator J25 already exists ... skipping to J26.
OLD J8    NEW J26
OLD C102    NEW C89
OLD C271    NEW C90
OLD C270    NEW C91
OLD C117    NEW C92
OLD C116    NEW C93
OLD R80    NEW R127
OLD R74    NEW R128
OLD R66    NEW R129
OLD C98    NEW C94
OLD R254    NEW R130
OLD C123    NEW C95
OLD C127    NEW C96
OLD C129    NEW C97
OLD C128    NEW C98
OLD R110    NEW R131
OLD R106    NEW R132
OLD R117    NEW R133
OLD R116    NEW R134
OLD C97    NEW C99
OLD C99    NEW C100
OLD C45    NEW C101
OLD C114    NEW C102
OLD R111    NEW R135
OLD R107    NEW R136
OLD C115    NEW C103
OLD C119    NEW C104
Reference designator U1 already exists ... skipping to U2.
Reference designator U2 already exists ... skipping to U3.
Reference designator U3 already exists ... skipping to U4.
Reference designator U4 already exists ... skipping to U5.
Reference designator U5 already exists ... skipping to U6.
Reference designator U6 already exists ... skipping to U7.
Reference designator U7 already exists ... skipping to U8.
Reference designator U8 already exists ... skipping to U9.
Reference designator U9 already exists ... skipping to U10.
Reference designator U10 already exists ... skipping to U11.
Reference designator U11 already exists ... skipping to U12.
Reference designator U12 already exists ... skipping to U13.
Reference designator U13 already exists ... skipping to U14.
Reference designator U14 already exists ... skipping to U15.
Reference designator U15 already exists ... skipping to U16.
Reference designator U16 already exists ... skipping to U17.
Reference designator U17 already exists ... skipping to U18.
Reference designator U18 already exists ... skipping to U19.
Reference designator U19 already exists ... skipping to U20.
Reference designator U20 already exists ... skipping to U21.
Reference designator U21 already exists ... skipping to U22.
Reference designator U22 already exists ... skipping to U23.
Reference designator U23 already exists ... skipping to U24.
Reference designator U24 already exists ... skipping to U25.
Reference designator U25 already exists ... skipping to U26.
Reference designator U26 already exists ... skipping to U27.
Reference designator U27 already exists ... skipping to U28.
Reference designator U28 already exists ... skipping to U29.
Reference designator U29 already exists ... skipping to U30.
Reference designator U30 already exists ... skipping to U31.
Reference designator U31 already exists ... skipping to U32.
Reference designator U32 already exists ... skipping to U33.
Reference designator U33 already exists ... skipping to U34.
Reference designator U34 already exists ... skipping to U35.
Reference designator U35 already exists ... skipping to U36.
Reference designator U36 already exists ... skipping to U37.
Reference designator U37 already exists ... skipping to U38.
Reference designator U38 already exists ... skipping to U39.
Reference designator U39 already exists ... skipping to U40.
Reference designator U40 already exists ... skipping to U41.
Reference designator U41 already exists ... skipping to U42.
Reference designator U42 already exists ... skipping to U43.
Reference designator U43 already exists ... skipping to U44.
Reference designator U44 already exists ... skipping to U45.
Reference designator U45 already exists ... skipping to U46.
Reference designator U46 already exists ... skipping to U47.
Reference designator U47 already exists ... skipping to U48.
Reference designator U48 already exists ... skipping to U49.
OLD U5    NEW U49
OLD R44    NEW R137
Reference designator Q1 already exists ... skipping to Q2.
Reference designator Q2 already exists ... skipping to Q3.
Reference designator Q3 already exists ... skipping to Q4.
Reference designator Q4 already exists ... skipping to Q5.
Reference designator Q5 already exists ... skipping to Q6.
OLD Q3    NEW Q6
OLD C110    NEW C105
OLD R82    NEW R138
OLD C111    NEW C106
OLD R81    NEW R139
OLD Q13    NEW Q7
OLD Q2    NEW Q8
OLD R40    NEW R140
OLD C112    NEW C107
OLD C109    NEW C108
OLD C17    NEW C109
OLD C86    NEW C110
OLD R41    NEW R141
OLD C51    NEW C111
OLD C84    NEW C112
OLD R36    NEW R142
OLD R258    NEW R143
OLD R263    NEW R144
OLD R61    NEW R145
OLD R259    NEW R146
OLD R260    NEW R147
OLD R261    NEW R148
OLD R262    NEW R149
OLD Q6    NEW Q9
OLD R62    NEW R150
OLD C59    NEW C113
OLD Q1    NEW Q10
OLD C58    NEW C114
OLD C69    NEW C115
OLD C74    NEW C116
OLD C16    NEW C117
OLD R32    NEW R151
OLD R33    NEW R152
Reference designator L1 already exists ... skipping to L2.
Reference designator L2 already exists ... skipping to L3.
Reference designator L3 already exists ... skipping to L4.
Reference designator L4 already exists ... skipping to L5.
Reference designator L5 already exists ... skipping to L6.
Reference designator L6 already exists ... skipping to L7.
Reference designator L7 already exists ... skipping to L8.
Reference designator L8 already exists ... skipping to L9.
Reference designator L9 already exists ... skipping to L10.
Reference designator L10 already exists ... skipping to L11.
Reference designator L11 already exists ... skipping to L12.
Reference designator L12 already exists ... skipping to L13.
Reference designator L13 already exists ... skipping to L14.
OLD L3    NEW L14
OLD C13    NEW C118
OLD R34    NEW R153
OLD R70    NEW R154
OLD R65    NEW R155
OLD R50    NEW R156
OLD C19    NEW C119
OLD C25    NEW C120
OLD C27    NEW C121
OLD R46    NEW R157
OLD R63    NEW R158
OLD R112    NEW R159
OLD R113    NEW R160
OLD R64    NEW R161
OLD C29    NEW C122
OLD R47    NEW R162
OLD Q4    NEW Q11
OLD L5    NEW L15
OLD C24    NEW C123
OLD R139    NEW R163
OLD R133    NEW R164
OLD R160    NEW R165
OLD R181    NEW R166
OLD R202    NEW R167
OLD R223    NEW R168
OLD R244    NEW R169
OLD R154    NEW R170
OLD R175    NEW R171
OLD R196    NEW R172
OLD R217    NEW R173
OLD R238    NEW R174
OLD C14    NEW C124
OLD C15    NEW C125
OLD R137    NEW R175
OLD R131    NEW R176
OLD R158    NEW R177
OLD R179    NEW R178
OLD R200    NEW R179
OLD R221    NEW R180
OLD R242    NEW R181
OLD R152    NEW R182
OLD R173    NEW R183
OLD R194    NEW R184
OLD R215    NEW R185
OLD R236    NEW R186
OLD C22    NEW C126
OLD R51    NEW R187
OLD C26    NEW C127
OLD U25    NEW U50
OLD U24    NEW U51
OLD U29    NEW U52
OLD U28    NEW U53
OLD U33    NEW U54
OLD U32    NEW U55
OLD U37    NEW U56
OLD U36    NEW U57
OLD U41    NEW U58
OLD U40    NEW U59
OLD U45    NEW U60
OLD U44    NEW U61
OLD R20    NEW R188
OLD C18    NEW C128
OLD R22    NEW R189
OLD R257    NEW R190
OLD R114    NEW R191
OLD C23    NEW C129
OLD C28    NEW C130
OLD C20    NEW C131
OLD R56    NEW R192
OLD C139    NEW C132
OLD C138    NEW C133
OLD C148    NEW C134
OLD C142    NEW C135
OLD C162    NEW C136
OLD C161    NEW C137
OLD C185    NEW C138
OLD C184    NEW C139
OLD C208    NEW C140
OLD C207    NEW C141
OLD C231    NEW C142
OLD C230    NEW C143
OLD C254    NEW C144
OLD C253    NEW C145
OLD C173    NEW C146
OLD C165    NEW C147
OLD C196    NEW C148
OLD C191    NEW C149
OLD C217    NEW C150
OLD C211    NEW C151
OLD C240    NEW C152
OLD C237    NEW C153
OLD C264    NEW C154
OLD C258    NEW C155
OLD R115    NEW R193
OLD R118    NEW R194
OLD R255    NEW R195
OLD R256    NEW R196
OLD R135    NEW R197
OLD Q5    NEW Q12
OLD R156    NEW R198
OLD R177    NEW R199
OLD R198    NEW R200
OLD R219    NEW R201
OLD R240    NEW R202
OLD C143    NEW C156
OLD C167    NEW C157
OLD C192    NEW C158
OLD C215    NEW C159
OLD C236    NEW C160
OLD C259    NEW C161
OLD C150    NEW C162
OLD C171    NEW C163
OLD C195    NEW C164
OLD C216    NEW C165
OLD C239    NEW C166
OLD C265    NEW C167
OLD C272    NEW C168
OLD C151    NEW C169
OLD C172    NEW C170
OLD C197    NEW C171
OLD C220    NEW C172
OLD C241    NEW C173
OLD C263    NEW C174
OLD C146    NEW C175
OLD C168    NEW C176
OLD C190    NEW C177
OLD C212    NEW C178
OLD C238    NEW C179
OLD C260    NEW C180
OLD R57    NEW R203
OLD C147    NEW C181
OLD C174    NEW C182
OLD C194    NEW C183
OLD C219    NEW C184
OLD C243    NEW C185
OLD C262    NEW C186
OLD C144    NEW C187
OLD C169    NEW C188
OLD C189    NEW C189
OLD C213    NEW C190
OLD C234    NEW C191
OLD C257    NEW C192
OLD Q7    NEW Q13
OLD R37    NEW R204
OLD C145    NEW C193
OLD C149    NEW C194
OLD C166    NEW C195
OLD C170    NEW C196
OLD C188    NEW C197
OLD C193    NEW C198
OLD C214    NEW C199
OLD C218    NEW C200
OLD C235    NEW C201
OLD C242    NEW C202
OLD C261    NEW C203
OLD C266    NEW C204
OLD C133    NEW C205
OLD C155    NEW C206
OLD C178    NEW C207
OLD C202    NEW C208
OLD C224    NEW C209
OLD C247    NEW C210
OLD C132    NEW C211
OLD C156    NEW C212
OLD C179    NEW C213
OLD C201    NEW C214
OLD C225    NEW C215
OLD C248    NEW C216
OLD R38    NEW R205
OLD C134    NEW C217
OLD C157    NEW C218
OLD C180    NEW C219
OLD C203    NEW C220
OLD C226    NEW C221
OLD C249    NEW C222
OLD C137    NEW C223
OLD C160    NEW C224
OLD C183    NEW C225
OLD C206    NEW C226
OLD C229    NEW C227
OLD C252    NEW C228
OLD R96    NEW R206
OLD R98    NEW R207
OLD R100    NEW R208
OLD R138    NEW R209
OLD R132    NEW R210
OLD R159    NEW R211
OLD R153    NEW R212
OLD R180    NEW R213
OLD R174    NEW R214
OLD R201    NEW R215
OLD R195    NEW R216
OLD R222    NEW R217
OLD R216    NEW R218
OLD R243    NEW R219
OLD R237    NEW R220
OLD R103    NEW R221
OLD R95    NEW R222
OLD R102    NEW R223
OLD R94    NEW R224
OLD C113    NEW C229
OLD R93    NEW R225
OLD C135    NEW C230
OLD C158    NEW C231
OLD C181    NEW C232
OLD C204    NEW C233
OLD C228    NEW C234
OLD C227    NEW C235
OLD C250    NEW C236
OLD C136    NEW C237
OLD C159    NEW C238
OLD C182    NEW C239
OLD C205    NEW C240
OLD C251    NEW C241
OLD R97    NEW R226
OLD R99    NEW R227
OLD R101    NEW R228
OLD R91    NEW R229
OLD R92    NEW R230
OLD R83    NEW R231
OLD R85    NEW R232
OLD R87    NEW R233
OLD R89    NEW R234
OLD R90    NEW R235
OLD R88    NEW R236
OLD R86    NEW R237
OLD R84    NEW R238
OLD R124    NEW R239
OLD R127    NEW R240
OLD R129    NEW R241
OLD R125    NEW R242
OLD R145    NEW R243
OLD R148    NEW R244
OLD R150    NEW R245
OLD R146    NEW R246
OLD R166    NEW R247
OLD R169    NEW R248
OLD R171    NEW R249
OLD R167    NEW R250
OLD R187    NEW R251
OLD R190    NEW R252
OLD R192    NEW R253
OLD R188    NEW R254
OLD R208    NEW R255
OLD R211    NEW R256
OLD R213    NEW R257
OLD R209    NEW R258
OLD R229    NEW R259
OLD R232    NEW R260
OLD R234    NEW R261
OLD R230    NEW R262
OLD R1    NEW R263
OLD L1    NEW L16
OLD C7    NEW C242
OLD R67    NEW R264
OLD R69    NEW R265
OLD R68    NEW R266
OLD Q9    NEW Q14
OLD C6    NEW C243
OLD C8    NEW C244
OLD C9    NEW C245
OLD C12    NEW C246
OLD C5    NEW C247
OLD C11    NEW C248
OLD C1    NEW C249
Reference designator D1 already exists ... skipping to D2.
Reference designator D2 already exists ... skipping to D3.
Reference designator D3 already exists ... skipping to D4.
Reference designator D4 already exists ... skipping to D5.
Reference designator D5 already exists ... skipping to D6.
Reference designator D6 already exists ... skipping to D7.
Reference designator D7 already exists ... skipping to D8.
Reference designator D8 already exists ... skipping to D9.
Reference designator D9 already exists ... skipping to D10.
Reference designator D10 already exists ... skipping to D11.
Reference designator D11 already exists ... skipping to D12.
Reference designator D12 already exists ... skipping to D13.
Reference designator D13 already exists ... skipping to D14.
Reference designator D14 already exists ... skipping to D15.
Reference designator D15 already exists ... skipping to D16.
Reference designator D16 already exists ... skipping to D17.
Reference designator D17 already exists ... skipping to D18.
Reference designator D18 already exists ... skipping to D19.
Reference designator D19 already exists ... skipping to D20.
Reference designator D20 already exists ... skipping to D21.
Reference designator D21 already exists ... skipping to D22.
Reference designator D22 already exists ... skipping to D23.
Reference designator D23 already exists ... skipping to D24.
Reference designator D24 already exists ... skipping to D25.
Reference designator D25 already exists ... skipping to D26.
Reference designator D26 already exists ... skipping to D27.
Reference designator D27 already exists ... skipping to D28.
Reference designator D28 already exists ... skipping to D29.
Reference designator D29 already exists ... skipping to D30.
Reference designator D30 already exists ... skipping to D31.
Reference designator D31 already exists ... skipping to D32.
Reference designator D32 already exists ... skipping to D33.
Reference designator D33 already exists ... skipping to D34.
Reference designator D34 already exists ... skipping to D35.
OLD D11    NEW D35
OLD D10    NEW D36
OLD D12    NEW D37
OLD C3    NEW C250
OLD L2    NEW L17
OLD C10    NEW C251
OLD R4    NEW R267
OLD R2    NEW R268
